Build started 8/17/2024 8:59:53 PM.
     1>Project "D:\Development\pf2c-src\src\game\server\server_pf2beta.vcxproj" on node 2 (Build target(s)).
     1>PreBuildEvent:
         if EXIST ..\..\..\game\pf2beta\bin\.\server.dll for /f "delims=" %%A in ('attrib "..\..\..\game\pf2beta\bin\.\server.dll"') do set valveTmpIsReadOnly="%%A"
         set valveTmpIsReadOnlyLetter=%valveTmpIsReadOnly:~6,1%
         if "%valveTmpIsReadOnlyLetter%"=="R" del /q "D:\Development\pf2c-src\src\game\server\Release_pf2beta\"server.dll
         if exist "..\..\devtools\bin\vpc.exe" "..\..\devtools\bin\vpc.exe" -crc2 "server_pf2beta.vcxproj"
         if ERRORLEVEL 1 exit /b 1
         
         :VCEnd
       CustomBuild:
         Running VPC CRC Check - server_pf2beta.vpc
       ClCompile:
         C:\Program Files (x86)\Microsoft Visual Studio 12.0\VC\bin\CL.exe /c /I..\..\common /I..\..\public /I..\..\public\tier0 /I..\..\public\tier1 /I..\..\game\server\generated_proto_pf2beta /I"..\..\thirdparty\protobuf-2.3.0\src" /I.\ /I..\..\game\shared /I..\..\utils\common /I..\..\game\shared\econ /I..\..\game\server\NextBot /I..\..\game\shared\hl2 /I.\tf /I.\tf\vgui /I..\..\game\shared\Multiplayer /I..\..\game\shared\tf /I..\..\game\shared\pf /Zi /nologo /W4 /WX /MP /O2 /Ob2 /Oi /Ot /Oy- /D VPC /D RAD_TELEMETRY_DISABLED /D WIN32 /D _WIN32 /D NDEBUG /D _WINDOWS /D _USRDLL /D _CRT_SECURE_NO_DEPRECATE /D _CRT_NONSTDC_NO_DEPRECATE /D _ALLOW_RUNTIME_LIBRARY_MISMATCH /D _ALLOW_ITERATOR_DEBUG_LEVEL_MISMATCH /D _ALLOW_MSC_VER_MISMATCH /D _USING_V110_SDK71_ /D _WINDLL /D _MBCS /D COMPILER_MSVC32 /D COMPILER_MSVC32 /D COMPILER_MSVC /D _DLL_EXT=.dll /D DLLNAME=server /D BINK_VIDEO /D AVI_VIDEO /D WMV_VIDEO /D DEV_BUILD /D FRAME_POINTER_OMISSION_DISABLED /D GAME_DLL /D VECTOR /D VERSION_SAFE_STEAM_API_INTERFACES /D PROTECTED_THINGS_ENABLE /D sprintf=use_Q_snprintf_instead_of_sprintf /D strncpy=use_Q_strncpy_instead /D _snprintf=use_Q_snprintf_instead /D fopen=dont_use_fopen /D PF2 /D PF2_DLL /D GLOWS_ENABLE /D _EXTERNAL_DLL_EXT=.dll /D VPCGAMECAPS=PF2BETA /D "PROJECTDIR=D:\Development\pf2c-src\src\game\server" /D _DLL_EXT=.dll /D VPCGAME=pf2beta /D SOURCE1=1 /GF /Gm- /MT /GS /Gy /arch:SSE /fp:fast /Zc:wchar_t /Zc:forScope /GR /Yc"cbase.h" /Fp".\Release_pf2beta\server.pch" /Fo".\Release_pf2beta\/" /Fd".\Release_pf2beta\/vc120.pdb" /Gd /TP /wd4316 /analyze- /FC /errorReport:prompt /Zm200 /Zo /Gw /Zc:inline stdafx.cpp
         stdafx.cpp
         C:\Program Files (x86)\Microsoft Visual Studio 12.0\VC\bin\CL.exe /c /I..\..\common /I..\..\public /I..\..\public\tier0 /I..\..\public\tier1 /I..\..\game\server\generated_proto_pf2beta /I"..\..\thirdparty\protobuf-2.3.0\src" /I.\ /I..\..\game\shared /I..\..\utils\common /I..\..\game\shared\econ /I..\..\game\server\NextBot /I..\..\game\shared\hl2 /I.\tf /I.\tf\vgui /I..\..\game\shared\Multiplayer /I..\..\game\shared\tf /I..\..\game\shared\pf /Zi /nologo /W4 /WX /MP /O2 /Ob2 /Oi /Ot /Oy- /D VPC /D RAD_TELEMETRY_DISABLED /D WIN32 /D _WIN32 /D NDEBUG /D _WINDOWS /D _USRDLL /D _CRT_SECURE_NO_DEPRECATE /D _CRT_NONSTDC_NO_DEPRECATE /D _ALLOW_RUNTIME_LIBRARY_MISMATCH /D _ALLOW_ITERATOR_DEBUG_LEVEL_MISMATCH /D _ALLOW_MSC_VER_MISMATCH /D _USING_V110_SDK71_ /D _WINDLL /D _MBCS /D COMPILER_MSVC32 /D COMPILER_MSVC32 /D COMPILER_MSVC /D _DLL_EXT=.dll /D DLLNAME=server /D BINK_VIDEO /D AVI_VIDEO /D WMV_VIDEO /D DEV_BUILD /D FRAME_POINTER_OMISSION_DISABLED /D GAME_DLL /D VECTOR /D VERSION_SAFE_STEAM_API_INTERFACES /D PROTECTED_THINGS_ENABLE /D sprintf=use_Q_snprintf_instead_of_sprintf /D strncpy=use_Q_strncpy_instead /D _snprintf=use_Q_snprintf_instead /D fopen=dont_use_fopen /D PF2 /D PF2_DLL /D GLOWS_ENABLE /D _EXTERNAL_DLL_EXT=.dll /D VPCGAMECAPS=PF2BETA /D "PROJECTDIR=D:\Development\pf2c-src\src\game\server" /D _DLL_EXT=.dll /D VPCGAME=pf2beta /D SOURCE1=1 /GF /Gm- /MT /GS /Gy /arch:SSE /fp:fast /Zc:wchar_t /Zc:forScope /GR /Yu"cbase.h" /Fp".\Release_pf2beta\server.pch" /Fo".\Release_pf2beta\/" /Fd".\Release_pf2beta\/vc120.pdb" /Gd /TP /wd4316 /analyze- /FC /errorReport:prompt /Zm200 /Zo /Gw /Zc:inline gamedll_replay.cpp ..\..\game\shared\achievement_saverestore.cpp ..\..\game\shared\achievementmgr.cpp ..\..\game\shared\achievements_hlx.cpp ..\..\game\shared\activitylist.cpp ai_activity.cpp ai_baseactor.cpp ai_basehumanoid.cpp ai_basenpc.cpp ai_basenpc_flyer.cpp ai_basenpc_flyer_new.cpp ai_basenpc_movement.cpp ai_basenpc_physicsflyer.cpp ai_basenpc_schedule.cpp ai_basenpc_squad.cpp ai_behavior.cpp ai_behavior_assault.cpp ai_behavior_fear.cpp ai_behavior_follow.cpp ai_behavior_lead.cpp ai_behavior_rappel.cpp ai_behavior_standoff.cpp ai_blended_movement.cpp ai_concommands.cpp ai_condition.cpp AI_Criteria.cpp ai_default.cpp ai_dynamiclink.cpp ai_event.cpp ai_goalentity.cpp ai_hint.cpp ai_hull.cpp ai_initutils.cpp AI_Interest_Target.cpp ai_link.cpp ai_localnavigator.cpp ai_looktarget.cpp ai_memory.cpp ai_motor.cpp ai_moveprobe.cpp ai_moveshoot.cpp ai_movesolver.cpp ai_namespaces.cpp ai_navigator.cpp ai_network.cpp ai_networkmanager.cpp ai_node.cpp ai_pathfinder.cpp ai_planesolver.cpp ai_playerally.cpp ai_relationship.cpp AI_ResponseSystem.cpp ai_route.cpp ai_saverestore.cpp ai_schedule.cpp ai_scriptconditions.cpp ai_senses.cpp ai_sentence.cpp ai_speech.cpp ai_speechfilter.cpp ai_squad.cpp ai_squadslot.cpp ai_tacticalservices.cpp ai_task.cpp ai_trackpather.cpp ai_utils.cpp ai_waypoint.cpp ..\..\game\shared\ammodef.cpp ..\..\game\shared\animation.cpp ..\..\game\shared\base_playeranimstate.cpp base_transmit_proxy.cpp ..\..\game\shared\baseachievement.cpp baseanimating.cpp BaseAnimatingOverlay.cpp basecombatcharacter.cpp ..\..\game\shared\basecombatcharacter_shared.cpp basecombatweapon.cpp ..\..\game\shared\basecombatweapon_shared.cpp baseentity.cpp ..\..\game\shared\baseentity_shared.cpp baseflex.cpp basegrenade_concussion.cpp basegrenade_contact.cpp ..\..\game\shared\basegrenade_shared.cpp basegrenade_timed.cpp basemultiplayerplayer.cpp ..\..\game\shared\baseparticleentity.cpp ..\..\game\shared\baseplayer_shared.cpp ..\..\game\shared\baseprojectile.cpp baseviewmodel.cpp ..\..\game\shared\baseviewmodel_shared.cpp ..\..\game\shared\beam_shared.cpp bitstring.cpp bmodels.cpp buttons.cpp cbase.cpp client.cpp ..\..\game\shared\collisionproperty.cpp colorcorrection.cpp colorcorrectionvolume.cpp CommentarySystem.cpp controlentities.cpp cplane.cpp CRagdollMagnet.cpp damagemodifier.cpp ..\..\game\shared\death_pose.cpp ..\..\game\shared\debugoverlay_shared.cpp ..\..\game\shared\decals.cpp doors.cpp dynamiclight.cpp ..\..\game\shared\effect_dispatch_data.cpp effects.cpp EffectsServer.cpp ..\..\game\shared\ehandle.cpp entityblocker.cpp EntityDissolve.cpp EntityFlame.cpp entitylist.cpp ..\..\game\shared\entitylist_base.cpp EntityParticleTrail.cpp ..\..\game\shared\EntityParticleTrail_Shared.cpp env_debughistory.cpp ..\..\game\shared\env_detail_controller.cpp env_effectsscript.cpp env_entity_maker.cpp env_particlescript.cpp env_player_surface_trigger.cpp env_projectedtexture.cpp env_screenoverlay.cpp env_texturetoggle.cpp env_tonemap_controller.cpp ..\..\game\shared\env_wind_shared.cpp env_zoom.cpp EnvBeam.cpp EnvFade.cpp EnvHudHint.cpp EnvLaser.cpp EnvMessage.cpp envmicrophone.cpp EnvShake.cpp EnvSpark.cpp ..\..\game\shared\eventlist.cpp EventLog.cpp explode.cpp filters.cpp fire.cpp fire_smoke.cpp fish.cpp fogcontroller.cpp fourwheelvehiclephysics.cpp func_areaportal.cpp func_areaportalbase.cpp func_areaportalwindow.cpp func_break.cpp func_breakablesurf.cpp func_dust.cpp ..\..\game\shared\func_ladder.cpp func_ladder_endpoint.cpp func_lod.cpp hl2\Func_Monitor.cpp func_movelinear.cpp func_occluder.cpp func_reflective_glass.cpp func_smokevolume.cpp game.cpp game_ui.cpp gameinterface.cpp ..\..\game\shared\gamemovement.cpp ..\..\game\shared\gamerules.cpp ..\..\game\shared\gamerules_register.cpp ..\..\game\shared\GameStats.cpp ..\..\game\shared\gamestringpool.cpp gametrace_dll.cpp ..\..\game\shared\gamevars_shared.cpp gameweaponmanager.cpp genericactor.cpp genericmonster.cpp gib.cpp globals.cpp globalstate.cpp GrenadeThrown.cpp guntarget.cpp h_ai.cpp ..\..\public\haptics\haptic_msgs.cpp ..\..\public\haptics\haptic_utils.cpp hierarchy.cpp ..\..\game\shared\hintmessage.cpp ..\..\game\shared\hintsystem.cpp hltvdirector.cpp ..\..\game\shared\igamesystem.cpp info_camera_link.cpp info_overlay_accessor.cpp intermission.cpp item_world.cpp lightglow.cpp lights.cpp logic_measure_movement.cpp logic_navigation.cpp logicauto.cpp logicentities.cpp logicrelay.cpp mapentities.cpp ..\..\game\shared\mapentities_shared.cpp maprules.cpp MaterialModifyControl.cpp message_entity.cpp modelentities.cpp ..\..\game\shared\ModelSoundsCache.cpp monstermaker.cpp movehelper_server.cpp movement.cpp ..\..\game\shared\movevars_shared.cpp ..\..\game\shared\mp_shareddefs.cpp ..\..\game\shared\multiplay_gamerules.cpp ndebugoverlay.cpp npc_vehicledriver.cpp ..\..\game\shared\obstacle_pushaway.cpp particle_light.cpp ..\..\game\shared\particle_parse.cpp particle_system.cpp ..\..\game\shared\particlesystemquery.cpp pathcorner.cpp pathtrack.cpp phys_controller.cpp physconstraint.cpp physics.cpp physics_bone_follower.cpp physics_cannister.cpp physics_fx.cpp physics_impact_damage.cpp physics_main.cpp ..\..\game\shared\physics_main_shared.cpp physics_npc_solver.cpp physics_prop_ragdoll.cpp ..\..\game\shared\physics_saverestore.cpp ..\..\game\shared\physics_shared.cpp physobj.cpp player.cpp player_command.cpp player_lagcompensation.cpp player_pickup.cpp player_resource.cpp ..\..\game\shared\playerclass_info_parse.cpp playerinfomanager.cpp playerlocaldata.cpp plugin_check.cpp ..\..\game\shared\point_bonusmaps_accessor.cpp point_camera.cpp point_devshot_camera.cpp point_playermoveconstraint.cpp ..\..\game\shared\point_posecontroller.cpp point_spotlight.cpp point_template.cpp pointanglesensor.cpp PointAngularVelocitySensor.cpp pointhurt.cpp pointteleport.cpp ..\..\game\shared\precache_register.cpp ..\..\game\shared\predictableid.cpp props.cpp ..\..\game\shared\props_shared.cpp ..\..\game\shared\querycache.cpp ragdoll_manager.cpp ..\..\game\shared\ragdoll_shared.cpp RagdollBoogie.cpp recipientfilter.cpp rope.cpp ..\..\game\shared\rope_helpers.cpp ..\..\game\shared\saverestore.cpp saverestore_gamedll.cpp ..\..\game\shared\SceneCache.cpp sceneentity.cpp ..\..\game\shared\sceneentity_shared.cpp scratchpad_gamedll_helpers.cpp scripted.cpp scriptedtarget.cpp sendproxy.cpp ..\..\game\shared\sequence_Transitioner.cpp ..\..\game\server\serverbenchmark_base.cpp ServerNetworkProperty.cpp shadowcontrol.cpp ..\..\game\shared\simtimer.cpp ..\..\game\shared\singleplay_gamerules.cpp SkyCamera.cpp slideshow_display.cpp sound.cpp ..\..\game\shared\SoundEmitterSystem.cpp soundent.cpp ..\..\game\shared\soundenvelope.cpp ..\..\public\SoundParametersInternal.cpp soundscape.cpp soundscape_system.cpp spotlightend.cpp ..\..\game\shared\Sprite.cpp sprite_perfmonitor.cpp ..\..\game\shared\studio_shared.cpp subs.cpp sun.cpp ..\..\game\shared\hl2\survival_gamerules.cpp tactical_mission.cpp ..\..\game\shared\takedamageinfo.cpp tanktrain.cpp team.cpp team_control_point.cpp team_control_point_master.cpp team_control_point_round.cpp team_objectiveresource.cpp team_train_watcher.cpp ..\..\game\shared\teamplay_gamerules.cpp ..\..\game\shared\teamplay_round_timer.cpp ..\..\game\shared\teamplayroundbased_gamerules.cpp TemplateEntities.cpp tempmonster.cpp tesla.cpp ..\..\game\shared\test_ehandle.cpp test_proxytoggle.cpp test_stressentities.cpp testfunctions.cpp testtraceline.cpp textstatsmgr.cpp timedeventmgr.cpp trains.cpp trigger_area_capture.cpp triggers.cpp ..\..\game\shared\usercmd.cpp util.cpp ..\..\game\shared\util_shared.cpp variant_t.cpp vehicle_base.cpp vehicle_baseserver.cpp ..\..\game\shared\vehicle_viewblend_shared.cpp vguiscreen.cpp ..\..\game\shared\voice_gamemgr.cpp ..\..\game\server\vote_controller.cpp waterbullet.cpp WaterLODControl.cpp wcedit.cpp ..\..\game\shared\weapon_parse.cpp ..\..\game\shared\weapon_proficiency.cpp weight_button.cpp world.cpp ..\..\game\shared\weapon_ifmbase.cpp ..\..\game\shared\weapon_ifmbasecamera.cpp ..\..\game\shared\weapon_ifmsteadycam.cpp ..\..\game\shared\pf\pf_convar_setup.cpp ..\..\game\shared\pf\pf_cvars.cpp basetempentity.cpp event_tempentity_tester.cpp movie_explosion.cpp particle_fire.cpp particle_smokegrenade.cpp plasma.cpp smoke_trail.cpp smokestack.cpp ..\..\game\shared\SpriteTrail.cpp steamjet.cpp te.cpp te_armorricochet.cpp te_basebeam.cpp te_beamentpoint.cpp te_beaments.cpp te_beamfollow.cpp te_beamlaser.cpp te_beampoints.cpp te_beamring.cpp te_beamringpoint.cpp te_beamspline.cpp te_bloodsprite.cpp te_bloodstream.cpp te_breakmodel.cpp te_bspdecal.cpp te_bubbles.cpp te_bubbletrail.cpp te_clientprojectile.cpp te_decal.cpp te_dynamiclight.cpp te_effect_dispatch.cpp te_energysplash.cpp te_explosion.cpp te_fizz.cpp te_footprintdecal.cpp hl2\te_gaussexplosion.cpp te_glassshatter.cpp te_glowsprite.cpp te_impact.cpp te_killplayerattachments.cpp te_largefunnel.cpp te_muzzleflash.cpp te_particlesystem.cpp te_physicsprop.cpp te_playerdecal.cpp te_projecteddecal.cpp te_showline.cpp te_smoke.cpp te_sparks.cpp te_sprite.cpp te_spritespray.cpp te_worlddecal.cpp ..\..\game\shared\usermessages.cpp ..\..\game\shared\pf\achievements_pf.cpp ..\..\game\shared\tf\baseobject_shared.cpp tf\entity_ammopack.cpp tf\entity_armor.cpp ..\..\game\shared\tf\entity_capture_flag.cpp tf\entity_forcerespawn.cpp tf\entity_game_text_tf.cpp tf\entity_healthkit.cpp tf\entity_intermission.cpp tf\entity_roundwin.cpp tf\entity_tfstart.cpp tf\func_capture_zone.cpp tf\func_changeclass.cpp tf\func_no_build.cpp tf\func_nogrenades.cpp tf\func_regenerate.cpp tf\func_respawnflag.cpp tf\func_respawnroom.cpp ..\..\game\shared\Multiplayer\multiplayer_animstate.cpp tf\tf_ammo_pack.cpp tf\tf_bot_temp.cpp tf\tf_client.cpp tf\tf_eventlog.cpp tf\tf_filters.cpp tf\tf_fx.cpp ..\..\game\shared\tf\tf_fx_shared.cpp tf\tf_gameinterface.cpp ..\..\game\shared\tf\tf_gamemovement.cpp ..\..\game\shared\tf\tf_gamerules.cpp tf\tf_gamestats.cpp tf\tf_hltvdirector.cpp ..\..\game\shared\tf\tf_item.cpp ..\..\game\server\tf\tf_logic_hybrid_ctf_cp.cpp tf\tf_obj.cpp ..\..\game\shared\tf\tf_obj_baseupgrade_shared.cpp tf\tf_obj_detpack.cpp tf\tf_obj_dispenser.cpp tf\tf_obj_sapper.cpp tf\tf_obj_sentrygun.cpp tf\tf_obj_spawnroomturret.cpp tf\tf_obj_teleporter.cpp tf\tf_objective_resource.cpp tf\tf_player.cpp tf\tf_player_resource.cpp ..\..\game\shared\tf\tf_player_shared.cpp ..\..\game\shared\tf\tf_playeranimstate.cpp tf\tf_playerclass.cpp ..\..\game\shared\tf\tf_playerclass_info_parse.cpp ..\..\game\shared\tf\tf_playerclass_shared.cpp tf\tf_playermove.cpp tf\tf_powerup.cpp ..\..\game\shared\tf\tf_shareddefs.cpp tf\tf_team.cpp tf\tf_turret.cpp ..\..\game\shared\tf\tf_usermessages.cpp ..\..\game\shared\tf\tf_viewmodel.cpp tf\tf_voteissues.cpp ..\..\game\shared\tf\tf_projectile_base.cpp ..\..\game\shared\tf\tf_projectile_nail.cpp tf\tf_projectile_rocket.cpp ..\..\game\shared\tf\tf_weaponbase.cpp ..\..\game\shared\tf\tf_weaponbase_grenade.cpp ..\..\game\shared\tf\tf_weaponbase_grenadeproj.cpp ..\..\game\shared\tf\tf_weaponbase_gun.cpp ..\..\game\shared\tf\tf_weaponbase_melee.cpp ..\..\game\shared\tf\tf_weaponbase_rocket.cpp ..\..\game\shared\tf\tf_weapon_grenade_caltrop.cpp ..\..\game\shared\tf\tf_weapon_grenade_concussion.cpp ..\..\game\shared\tf\tf_weapon_grenade_emp.cpp ..\..\game\shared\tf\tf_weapon_grenade_gas.cpp ..\..\game\shared\tf\tf_weapon_grenade_heal.cpp ..\..\game\shared\tf\tf_weapon_grenade_mirv.cpp ..\..\game\shared\tf\tf_weapon_grenade_nail.cpp ..\..\game\shared\tf\tf_weapon_grenade_napalm.cpp ..\..\game\shared\tf\tf_weapon_grenade_normal.cpp ..\..\game\shared\tf\tf_weapon_grenade_pipebomb.cpp ..\..\game\shared\tf\tf_weapon_bat.cpp ..\..\game\shared\tf\tf_weapon_blowtorch.cpp ..\..\game\shared\tf\tf_weapon_bonesaw.cpp ..\..\game\shared\tf\tf_weapon_bottle.cpp ..\..\game\shared\tf\tf_weapon_brandingiron.cpp tf\tf_weapon_builder.cpp ..\..\game\shared\tf\tf_weapon_club.cpp ..\..\game\shared\tf\tf_weapon_fireaxe.cpp ..\..\game\shared\tf\tf_weapon_fists.cpp ..\..\game\shared\tf\tf_weapon_flamethrower.cpp ..\..\game\shared\tf\tf_weapon_grenadelauncher.cpp ..\..\game\shared\tf\tf_weapon_invis.cpp ..\..\game\shared\tf\tf_weapon_knife.cpp ..\..\game\shared\tf\tf_weapon_machete.cpp ..\..\game\shared\tf\tf_weapon_medigun.cpp ..\..\game\shared\tf\tf_weapon_minigun.cpp ..\..\game\shared\tf\tf_weapon_nailgun.cpp ..\..\game\shared\tf\tf_weapon_parse.cpp ..\..\game\shared\tf\tf_weapon_pda.cpp ..\..\game\shared\tf\tf_weapon_pipe.cpp ..\..\game\shared\tf\tf_weapon_pipebomblauncher.cpp ..\..\game\shared\tf\tf_weapon_pistol.cpp ..\..\game\shared\tf\tf_weapon_revolver.cpp ..\..\game\shared\tf\tf_weapon_rocketlauncher.cpp ..\..\game\shared\tf\tf_weapon_shotgun.cpp ..\..\game\shared\tf\tf_weapon_shovel.cpp ..\..\game\shared\tf\tf_weapon_smg.cpp ..\..\game\shared\tf\tf_weapon_sniperrifle.cpp ..\..\game\shared\tf\tf_weapon_syringe.cpp ..\..\game\shared\tf\tf_weapon_syringegun.cpp ..\..\game\shared\tf\tf_weapon_tranq.cpp ..\..\game\shared\tf\tf_weapon_wrench.cpp entity_tools_server.cpp toolframework_server.cpp
         gamedll_replay.cpp
         achievement_saverestore.cpp
         achievementmgr.cpp
         achievements_hlx.cpp
         activitylist.cpp
         ai_activity.cpp
         ai_baseactor.cpp
         ai_basehumanoid.cpp
         ai_basenpc.cpp
         ai_basenpc_flyer.cpp
         ai_basenpc_flyer_new.cpp
         ai_basenpc_movement.cpp
         ai_basenpc_physicsflyer.cpp
         ai_basenpc_schedule.cpp
         ai_basenpc_squad.cpp
         ai_behavior.cpp
         ai_behavior_assault.cpp
         ai_behavior_fear.cpp
         ai_behavior_follow.cpp
         ai_behavior_lead.cpp
         ai_behavior_rappel.cpp
         ai_behavior_standoff.cpp
         ai_blended_movement.cpp
         ai_concommands.cpp
         ai_condition.cpp
         AI_Criteria.cpp
         ai_default.cpp
         ai_dynamiclink.cpp
         ai_event.cpp
         ai_goalentity.cpp
         ai_hint.cpp
         ai_hull.cpp
         ai_initutils.cpp
         AI_Interest_Target.cpp
         ai_link.cpp
         ai_localnavigator.cpp
         ai_looktarget.cpp
         ai_memory.cpp
         ai_motor.cpp
         ai_moveprobe.cpp
         ai_moveshoot.cpp
         ai_movesolver.cpp
         ai_namespaces.cpp
         ai_navigator.cpp
         ai_network.cpp
         ai_networkmanager.cpp
         ai_node.cpp
         ai_pathfinder.cpp
         ai_planesolver.cpp
         ai_playerally.cpp
         ai_relationship.cpp
         AI_ResponseSystem.cpp
         ai_route.cpp
         ai_saverestore.cpp
         ai_schedule.cpp
         ai_scriptconditions.cpp
         ai_senses.cpp
         ai_sentence.cpp
         ai_speech.cpp
         ai_speechfilter.cpp
         ai_squad.cpp
         ai_squadslot.cpp
         ai_tacticalservices.cpp
         ai_task.cpp
         ai_trackpather.cpp
         ai_utils.cpp
         ai_waypoint.cpp
         ammodef.cpp
         animation.cpp
         base_playeranimstate.cpp
         base_transmit_proxy.cpp
         baseachievement.cpp
         baseanimating.cpp
         BaseAnimatingOverlay.cpp
         basecombatcharacter.cpp
         basecombatcharacter_shared.cpp
         basecombatweapon.cpp
         basecombatweapon_shared.cpp
         baseentity.cpp
         baseentity_shared.cpp
         baseflex.cpp
         basegrenade_concussion.cpp
         basegrenade_contact.cpp
         basegrenade_shared.cpp
         basegrenade_timed.cpp
         basemultiplayerplayer.cpp
         baseparticleentity.cpp
         baseplayer_shared.cpp
         baseprojectile.cpp
         baseviewmodel.cpp
         baseviewmodel_shared.cpp
         beam_shared.cpp
         bitstring.cpp
         bmodels.cpp
         buttons.cpp
         cbase.cpp
         client.cpp
         collisionproperty.cpp
         colorcorrection.cpp
         colorcorrectionvolume.cpp
         CommentarySystem.cpp
         controlentities.cpp
         cplane.cpp
         CRagdollMagnet.cpp
         damagemodifier.cpp
         death_pose.cpp
         debugoverlay_shared.cpp
         decals.cpp
         doors.cpp
         dynamiclight.cpp
         effect_dispatch_data.cpp
         effects.cpp
         EffectsServer.cpp
         ehandle.cpp
         entityblocker.cpp
         EntityDissolve.cpp
         EntityFlame.cpp
         entitylist.cpp
         entitylist_base.cpp
         EntityParticleTrail.cpp
         EntityParticleTrail_Shared.cpp
         env_debughistory.cpp
         env_detail_controller.cpp
         env_effectsscript.cpp
         env_entity_maker.cpp
         env_particlescript.cpp
         env_player_surface_trigger.cpp
         env_projectedtexture.cpp
         env_screenoverlay.cpp
         env_texturetoggle.cpp
         env_tonemap_controller.cpp
         env_wind_shared.cpp
         env_zoom.cpp
         EnvBeam.cpp
         EnvFade.cpp
         EnvHudHint.cpp
         EnvLaser.cpp
         EnvMessage.cpp
         envmicrophone.cpp
         EnvShake.cpp
         EnvSpark.cpp
         eventlist.cpp
         EventLog.cpp
         explode.cpp
         filters.cpp
         fire.cpp
         fire_smoke.cpp
         fish.cpp
         fogcontroller.cpp
         fourwheelvehiclephysics.cpp
         func_areaportal.cpp
         func_areaportalbase.cpp
         func_areaportalwindow.cpp
         func_break.cpp
         func_breakablesurf.cpp
         func_dust.cpp
         func_ladder.cpp
         func_ladder_endpoint.cpp
         func_lod.cpp
         Func_Monitor.cpp
         func_movelinear.cpp
         func_occluder.cpp
         func_reflective_glass.cpp
         func_smokevolume.cpp
         game.cpp
         game_ui.cpp
         gameinterface.cpp
         gamemovement.cpp
         gamerules.cpp
         gamerules_register.cpp
         GameStats.cpp
         gamestringpool.cpp
         gametrace_dll.cpp
         gamevars_shared.cpp
         gameweaponmanager.cpp
         genericactor.cpp
         genericmonster.cpp
         gib.cpp
         globals.cpp
         globalstate.cpp
         GrenadeThrown.cpp
         guntarget.cpp
         h_ai.cpp
         haptic_msgs.cpp
         haptic_utils.cpp
         hierarchy.cpp
         hintmessage.cpp
         hintsystem.cpp
         hltvdirector.cpp
         igamesystem.cpp
         info_camera_link.cpp
         info_overlay_accessor.cpp
         intermission.cpp
         item_world.cpp
         lightglow.cpp
         lights.cpp
         logic_measure_movement.cpp
         logic_navigation.cpp
         logicauto.cpp
         logicentities.cpp
         logicrelay.cpp
         mapentities.cpp
         mapentities_shared.cpp
         maprules.cpp
         MaterialModifyControl.cpp
         message_entity.cpp
         modelentities.cpp
         ModelSoundsCache.cpp
         monstermaker.cpp
         movehelper_server.cpp
         movement.cpp
         movevars_shared.cpp
         mp_shareddefs.cpp
         multiplay_gamerules.cpp
         ndebugoverlay.cpp
         npc_vehicledriver.cpp
         obstacle_pushaway.cpp
         particle_light.cpp
         particle_parse.cpp
         particle_system.cpp
         particlesystemquery.cpp
         pathcorner.cpp
         pathtrack.cpp
         phys_controller.cpp
         physconstraint.cpp
         physics.cpp
         physics_bone_follower.cpp
         physics_cannister.cpp
         physics_fx.cpp
         physics_impact_damage.cpp
         physics_main.cpp
         physics_main_shared.cpp
         physics_npc_solver.cpp
         physics_prop_ragdoll.cpp
         physics_saverestore.cpp
         physics_shared.cpp
         physobj.cpp
         player.cpp
         player_command.cpp
         player_lagcompensation.cpp
         player_pickup.cpp
         player_resource.cpp
         playerclass_info_parse.cpp
         playerinfomanager.cpp
         playerlocaldata.cpp
         plugin_check.cpp
         point_bonusmaps_accessor.cpp
         point_camera.cpp
         point_devshot_camera.cpp
         point_playermoveconstraint.cpp
         point_posecontroller.cpp
         point_spotlight.cpp
         point_template.cpp
         pointanglesensor.cpp
         PointAngularVelocitySensor.cpp
         pointhurt.cpp
         pointteleport.cpp
         precache_register.cpp
         predictableid.cpp
         props.cpp
         props_shared.cpp
         querycache.cpp
         ragdoll_manager.cpp
         ragdoll_shared.cpp
         RagdollBoogie.cpp
         recipientfilter.cpp
         rope.cpp
         rope_helpers.cpp
         saverestore.cpp
         saverestore_gamedll.cpp
         SceneCache.cpp
         sceneentity.cpp
         sceneentity_shared.cpp
         scratchpad_gamedll_helpers.cpp
         scripted.cpp
         scriptedtarget.cpp
         sendproxy.cpp
         sequence_Transitioner.cpp
         serverbenchmark_base.cpp
         ServerNetworkProperty.cpp
         shadowcontrol.cpp
         simtimer.cpp
         singleplay_gamerules.cpp
         SkyCamera.cpp
         slideshow_display.cpp
         sound.cpp
         SoundEmitterSystem.cpp
         soundent.cpp
         soundenvelope.cpp
         SoundParametersInternal.cpp
         soundscape.cpp
         soundscape_system.cpp
         spotlightend.cpp
         Sprite.cpp
         sprite_perfmonitor.cpp
         studio_shared.cpp
         subs.cpp
         sun.cpp
         survival_gamerules.cpp
         tactical_mission.cpp
         takedamageinfo.cpp
         tanktrain.cpp
         team.cpp
         team_control_point.cpp
         team_control_point_master.cpp
         team_control_point_round.cpp
         team_objectiveresource.cpp
         team_train_watcher.cpp
         teamplay_gamerules.cpp
         teamplay_round_timer.cpp
         teamplayroundbased_gamerules.cpp
         TemplateEntities.cpp
         tempmonster.cpp
         tesla.cpp
         test_ehandle.cpp
         test_proxytoggle.cpp
         test_stressentities.cpp
         testfunctions.cpp
         testtraceline.cpp
         textstatsmgr.cpp
         timedeventmgr.cpp
         trains.cpp
         trigger_area_capture.cpp
         triggers.cpp
         usercmd.cpp
         util.cpp
         util_shared.cpp
         variant_t.cpp
         vehicle_base.cpp
         vehicle_baseserver.cpp
         vehicle_viewblend_shared.cpp
         vguiscreen.cpp
         voice_gamemgr.cpp
         vote_controller.cpp
         waterbullet.cpp
         WaterLODControl.cpp
         wcedit.cpp
         weapon_parse.cpp
         weapon_proficiency.cpp
         weight_button.cpp
         world.cpp
         weapon_ifmbase.cpp
         weapon_ifmbasecamera.cpp
         weapon_ifmsteadycam.cpp
         pf_convar_setup.cpp
         pf_cvars.cpp
         basetempentity.cpp
         event_tempentity_tester.cpp
         movie_explosion.cpp
         particle_fire.cpp
         particle_smokegrenade.cpp
         plasma.cpp
         smoke_trail.cpp
         smokestack.cpp
         SpriteTrail.cpp
         steamjet.cpp
         te.cpp
         te_armorricochet.cpp
         te_basebeam.cpp
         te_beamentpoint.cpp
         te_beaments.cpp
         te_beamfollow.cpp
         te_beamlaser.cpp
         te_beampoints.cpp
         te_beamring.cpp
         te_beamringpoint.cpp
         te_beamspline.cpp
         te_bloodsprite.cpp
         te_bloodstream.cpp
         te_breakmodel.cpp
         te_bspdecal.cpp
         te_bubbles.cpp
         te_bubbletrail.cpp
         te_clientprojectile.cpp
         te_decal.cpp
         te_dynamiclight.cpp
         te_effect_dispatch.cpp
         te_energysplash.cpp
         te_explosion.cpp
         te_fizz.cpp
         te_footprintdecal.cpp
         te_gaussexplosion.cpp
         te_glassshatter.cpp
         te_glowsprite.cpp
         te_impact.cpp
         te_killplayerattachments.cpp
         te_largefunnel.cpp
         te_muzzleflash.cpp
         te_particlesystem.cpp
         te_physicsprop.cpp
         te_playerdecal.cpp
         te_projecteddecal.cpp
         te_showline.cpp
         te_smoke.cpp
         te_sparks.cpp
         te_sprite.cpp
         te_spritespray.cpp
         te_worlddecal.cpp
         usermessages.cpp
         achievements_pf.cpp
         baseobject_shared.cpp
         entity_ammopack.cpp
         entity_armor.cpp
         entity_capture_flag.cpp
         entity_forcerespawn.cpp
         entity_game_text_tf.cpp
         entity_healthkit.cpp
         entity_intermission.cpp
         entity_roundwin.cpp
         entity_tfstart.cpp
         func_capture_zone.cpp
         func_changeclass.cpp
         func_no_build.cpp
         func_nogrenades.cpp
         func_regenerate.cpp
         func_respawnflag.cpp
         func_respawnroom.cpp
         multiplayer_animstate.cpp
         tf_ammo_pack.cpp
         tf_bot_temp.cpp
         tf_client.cpp
         tf_eventlog.cpp
         tf_filters.cpp
         tf_fx.cpp
         tf_fx_shared.cpp
         tf_gameinterface.cpp
         tf_gamemovement.cpp
         tf_gamerules.cpp
         tf_gamestats.cpp
         tf_hltvdirector.cpp
         tf_item.cpp
         tf_logic_hybrid_ctf_cp.cpp
         tf_obj.cpp
         tf_obj_baseupgrade_shared.cpp
         tf_obj_detpack.cpp
         tf_obj_dispenser.cpp
         tf_obj_sapper.cpp
         tf_obj_sentrygun.cpp
         tf_obj_spawnroomturret.cpp
         tf_obj_teleporter.cpp
         tf_objective_resource.cpp
         tf_player.cpp
         tf_player_resource.cpp
         tf_player_shared.cpp
         tf_playeranimstate.cpp
         tf_playerclass.cpp
         tf_playerclass_info_parse.cpp
         tf_playerclass_shared.cpp
         tf_playermove.cpp
         tf_powerup.cpp
         tf_shareddefs.cpp
         tf_team.cpp
         tf_turret.cpp
         tf_usermessages.cpp
         tf_viewmodel.cpp
         tf_voteissues.cpp
         tf_projectile_base.cpp
         tf_projectile_nail.cpp
         tf_projectile_rocket.cpp
         tf_weaponbase.cpp
         tf_weaponbase_grenade.cpp
         tf_weaponbase_grenadeproj.cpp
         tf_weaponbase_gun.cpp
         tf_weaponbase_melee.cpp
         tf_weaponbase_rocket.cpp
         tf_weapon_grenade_caltrop.cpp
         tf_weapon_grenade_concussion.cpp
         tf_weapon_grenade_emp.cpp
         tf_weapon_grenade_gas.cpp
         tf_weapon_grenade_heal.cpp
         tf_weapon_grenade_mirv.cpp
         tf_weapon_grenade_nail.cpp
         tf_weapon_grenade_napalm.cpp
         tf_weapon_grenade_normal.cpp
         tf_weapon_grenade_pipebomb.cpp
         tf_weapon_bat.cpp
         tf_weapon_blowtorch.cpp
         tf_weapon_bonesaw.cpp
         tf_weapon_bottle.cpp
         tf_weapon_brandingiron.cpp
         tf_weapon_builder.cpp
         tf_weapon_club.cpp
         tf_weapon_fireaxe.cpp
         tf_weapon_fists.cpp
         tf_weapon_flamethrower.cpp
         tf_weapon_grenadelauncher.cpp
         tf_weapon_invis.cpp
         tf_weapon_knife.cpp
         tf_weapon_machete.cpp
         tf_weapon_medigun.cpp
         tf_weapon_minigun.cpp
         tf_weapon_nailgun.cpp
         tf_weapon_parse.cpp
         tf_weapon_pda.cpp
         tf_weapon_pipe.cpp
         tf_weapon_pipebomblauncher.cpp
         tf_weapon_pistol.cpp
         tf_weapon_revolver.cpp
         tf_weapon_rocketlauncher.cpp
         tf_weapon_shotgun.cpp
         tf_weapon_shovel.cpp
         tf_weapon_smg.cpp
         tf_weapon_sniperrifle.cpp
         tf_weapon_syringe.cpp
         tf_weapon_syringegun.cpp
         tf_weapon_tranq.cpp
         tf_weapon_wrench.cpp
         entity_tools_server.cpp
         toolframework_server.cpp
         C:\Program Files (x86)\Microsoft Visual Studio 12.0\VC\bin\CL.exe /c /I..\..\common /I..\..\public /I..\..\public\tier0 /I..\..\public\tier1 /I..\..\game\server\generated_proto_pf2beta /I"..\..\thirdparty\protobuf-2.3.0\src" /I.\ /I..\..\game\shared /I..\..\utils\common /I..\..\game\shared\econ /I..\..\game\server\NextBot /I..\..\game\shared\hl2 /I.\tf /I.\tf\vgui /I..\..\game\shared\Multiplayer /I..\..\game\shared\tf /I..\..\game\shared\pf /Zi /nologo /W4 /WX /MP /O2 /Ob2 /Oi /Ot /Oy- /D VPC /D RAD_TELEMETRY_DISABLED /D WIN32 /D _WIN32 /D NDEBUG /D _WINDOWS /D _USRDLL /D _CRT_SECURE_NO_DEPRECATE /D _CRT_NONSTDC_NO_DEPRECATE /D _ALLOW_RUNTIME_LIBRARY_MISMATCH /D _ALLOW_ITERATOR_DEBUG_LEVEL_MISMATCH /D _ALLOW_MSC_VER_MISMATCH /D _USING_V110_SDK71_ /D _WINDLL /D _MBCS /D COMPILER_MSVC32 /D COMPILER_MSVC32 /D COMPILER_MSVC /D _DLL_EXT=.dll /D DLLNAME=server /D BINK_VIDEO /D AVI_VIDEO /D WMV_VIDEO /D DEV_BUILD /D FRAME_POINTER_OMISSION_DISABLED /D GAME_DLL /D VECTOR /D VERSION_SAFE_STEAM_API_INTERFACES /D PROTECTED_THINGS_ENABLE /D sprintf=use_Q_snprintf_instead_of_sprintf /D strncpy=use_Q_strncpy_instead /D _snprintf=use_Q_snprintf_instead /D fopen=dont_use_fopen /D PF2 /D PF2_DLL /D GLOWS_ENABLE /D _EXTERNAL_DLL_EXT=.dll /D VPCGAMECAPS=PF2BETA /D "PROJECTDIR=D:\Development\pf2c-src\src\game\server" /D _DLL_EXT=.dll /D VPCGAME=pf2beta /D SOURCE1=1 /GF /Gm- /MT /GS /Gy /arch:SSE /fp:fast /Zc:wchar_t /Zc:forScope /GR /Fo".\Release_pf2beta\/" /Fd".\Release_pf2beta\/vc120.pdb" /Gd /TP /wd4316 /analyze- /FC /errorReport:prompt /Zm200 /Zo /Gw /Zc:inline ..\..\public\bone_setup.cpp ..\..\public\collisionutils.cpp ..\..\public\dt_send.cpp ..\..\public\dt_utlvector_common.cpp ..\..\public\dt_utlvector_send.cpp ..\..\public\editor_sendcommand.cpp ..\..\public\filesystem_helpers.cpp gamehandle.cpp GameStats_BasicStatsFunctions.cpp h_export.cpp init_factory.cpp ..\..\public\interpolatortypes.cpp ..\..\game\shared\interval.cpp ..\..\public\keyframe\keyframe.cpp ..\..\common\language.cpp ..\..\public\map_utils.cpp ..\..\public\tier0\memoverride.cpp ..\..\public\networkvar.cpp ..\..\common\randoverride.cpp ..\..\public\registry.cpp ..\..\public\rope_physics.cpp ..\..\public\scratchpad3d.cpp ..\..\public\ScratchPadUtils.cpp ..\..\public\server_class.cpp ..\..\game\shared\sheetsimulator.cpp ..\..\public\simple_physics.cpp ..\..\public\stringregistry.cpp ..\..\public\studio.cpp ..\..\game\shared\pf\engine_patch.cpp ..\..\game\shared\pf\util\os_utils.cpp ..\..\game\shared\tf\tf_gamestats_shared.cpp
         bone_setup.cpp
         collisionutils.cpp
         dt_send.cpp
         dt_utlvector_common.cpp
         dt_utlvector_send.cpp
         editor_sendcommand.cpp
         filesystem_helpers.cpp
         gamehandle.cpp
         GameStats_BasicStatsFunctions.cpp
         h_export.cpp
         init_factory.cpp
         interpolatortypes.cpp
         interval.cpp
         keyframe.cpp
         language.cpp
         map_utils.cpp
         memoverride.cpp
         networkvar.cpp
         randoverride.cpp
         registry.cpp
         rope_physics.cpp
         scratchpad3d.cpp
         ScratchPadUtils.cpp
         server_class.cpp
         sheetsimulator.cpp
         simple_physics.cpp
         stringregistry.cpp
         studio.cpp
         engine_patch.cpp
         os_utils.cpp
         tf_gamestats_shared.cpp
       Link:
         C:\Program Files (x86)\Microsoft Visual Studio 12.0\VC\bin\link.exe /ERRORREPORT:PROMPT /OUT:".\Release_pf2beta\\server.dll" /INCREMENTAL:NO /NOLOGO /LIBPATH:..\..\lib\common\. /LIBPATH:..\..\lib\public\. shell32.lib user32.lib advapi32.lib gdi32.lib comdlg32.lib ole32.lib winmm.lib /NODEFAULTLIB:libc /NODEFAULTLIB:libcd /NODEFAULTLIB:libcmtd /NODEFAULTLIB:libcpmtd /NODEFAULTLIB:libcpmtd0 /NODEFAULTLIB:libcpmtd1 /MANIFEST:NO /DEBUG /PDB:".\Release_pf2beta\/server.pdb" /SUBSYSTEM:WINDOWS,"5.01" /OPT:REF /OPT:NOICF /TLBID:1 /DYNAMICBASE:NO /NXCOMPAT /IMPLIB:".\Release_pf2beta\server.lib" /MACHINE:X86 /SAFESEH:NO  /ignore:4221 /DLL .\Release_pf2beta\\pointeroverride.obj
         .\Release_pf2beta\/gamedll_replay.obj
         .\Release_pf2beta\/achievement_saverestore.obj
         .\Release_pf2beta\/achievementmgr.obj
         .\Release_pf2beta\/achievements_hlx.obj
         .\Release_pf2beta\/activitylist.obj
         .\Release_pf2beta\/ai_activity.obj
         .\Release_pf2beta\/ai_baseactor.obj
         .\Release_pf2beta\/ai_basehumanoid.obj
         .\Release_pf2beta\/ai_basenpc.obj
         .\Release_pf2beta\/ai_basenpc_flyer.obj
         .\Release_pf2beta\/ai_basenpc_flyer_new.obj
         .\Release_pf2beta\/ai_basenpc_movement.obj
         .\Release_pf2beta\/ai_basenpc_physicsflyer.obj
         .\Release_pf2beta\/ai_basenpc_schedule.obj
         .\Release_pf2beta\/ai_basenpc_squad.obj
         .\Release_pf2beta\/ai_behavior.obj
         .\Release_pf2beta\/ai_behavior_assault.obj
         .\Release_pf2beta\/ai_behavior_fear.obj
         .\Release_pf2beta\/ai_behavior_follow.obj
         .\Release_pf2beta\/ai_behavior_lead.obj
         .\Release_pf2beta\/ai_behavior_rappel.obj
         .\Release_pf2beta\/ai_behavior_standoff.obj
         .\Release_pf2beta\/ai_blended_movement.obj
         .\Release_pf2beta\/ai_concommands.obj
         .\Release_pf2beta\/ai_condition.obj
         .\Release_pf2beta\/AI_Criteria.obj
         .\Release_pf2beta\/ai_default.obj
         .\Release_pf2beta\/ai_dynamiclink.obj
         .\Release_pf2beta\/ai_event.obj
         .\Release_pf2beta\/ai_goalentity.obj
         .\Release_pf2beta\/ai_hint.obj
         .\Release_pf2beta\/ai_hull.obj
         .\Release_pf2beta\/ai_initutils.obj
         .\Release_pf2beta\/AI_Interest_Target.obj
         .\Release_pf2beta\/ai_link.obj
         .\Release_pf2beta\/ai_localnavigator.obj
         .\Release_pf2beta\/ai_looktarget.obj
         .\Release_pf2beta\/ai_memory.obj
         .\Release_pf2beta\/ai_motor.obj
         .\Release_pf2beta\/ai_moveprobe.obj
         .\Release_pf2beta\/ai_moveshoot.obj
         .\Release_pf2beta\/ai_movesolver.obj
         .\Release_pf2beta\/ai_namespaces.obj
         .\Release_pf2beta\/ai_navigator.obj
         .\Release_pf2beta\/ai_network.obj
         .\Release_pf2beta\/ai_networkmanager.obj
         .\Release_pf2beta\/ai_node.obj
         .\Release_pf2beta\/ai_pathfinder.obj
         .\Release_pf2beta\/ai_planesolver.obj
         .\Release_pf2beta\/ai_playerally.obj
         .\Release_pf2beta\/ai_relationship.obj
         .\Release_pf2beta\/AI_ResponseSystem.obj
         .\Release_pf2beta\/ai_route.obj
         .\Release_pf2beta\/ai_saverestore.obj
         .\Release_pf2beta\/ai_schedule.obj
         .\Release_pf2beta\/ai_scriptconditions.obj
         .\Release_pf2beta\/ai_senses.obj
         .\Release_pf2beta\/ai_sentence.obj
         .\Release_pf2beta\/ai_speech.obj
         .\Release_pf2beta\/ai_speechfilter.obj
         .\Release_pf2beta\/ai_squad.obj
         .\Release_pf2beta\/ai_squadslot.obj
         .\Release_pf2beta\/ai_tacticalservices.obj
         .\Release_pf2beta\/ai_task.obj
         .\Release_pf2beta\/ai_trackpather.obj
         .\Release_pf2beta\/ai_utils.obj
         .\Release_pf2beta\/ai_waypoint.obj
         .\Release_pf2beta\/ammodef.obj
         .\Release_pf2beta\/animation.obj
         .\Release_pf2beta\/base_playeranimstate.obj
         .\Release_pf2beta\/base_transmit_proxy.obj
         .\Release_pf2beta\/baseachievement.obj
         .\Release_pf2beta\/baseanimating.obj
         .\Release_pf2beta\/BaseAnimatingOverlay.obj
         .\Release_pf2beta\/basecombatcharacter.obj
         .\Release_pf2beta\/basecombatcharacter_shared.obj
         .\Release_pf2beta\/basecombatweapon.obj
         .\Release_pf2beta\/basecombatweapon_shared.obj
         .\Release_pf2beta\/baseentity.obj
         .\Release_pf2beta\/baseentity_shared.obj
         .\Release_pf2beta\/baseflex.obj
         .\Release_pf2beta\/basegrenade_concussion.obj
         .\Release_pf2beta\/basegrenade_contact.obj
         .\Release_pf2beta\/basegrenade_shared.obj
         .\Release_pf2beta\/basegrenade_timed.obj
         .\Release_pf2beta\/basemultiplayerplayer.obj
         .\Release_pf2beta\/baseparticleentity.obj
         .\Release_pf2beta\/baseplayer_shared.obj
         .\Release_pf2beta\/baseprojectile.obj
         .\Release_pf2beta\/baseviewmodel.obj
         .\Release_pf2beta\/baseviewmodel_shared.obj
         .\Release_pf2beta\/beam_shared.obj
         .\Release_pf2beta\/bitstring.obj
         .\Release_pf2beta\/bmodels.obj
         .\Release_pf2beta\/bone_setup.obj
         .\Release_pf2beta\/buttons.obj
         .\Release_pf2beta\/cbase.obj
         .\Release_pf2beta\/client.obj
         .\Release_pf2beta\/collisionproperty.obj
         .\Release_pf2beta\/collisionutils.obj
         .\Release_pf2beta\/colorcorrection.obj
         .\Release_pf2beta\/colorcorrectionvolume.obj
         .\Release_pf2beta\/CommentarySystem.obj
         .\Release_pf2beta\/controlentities.obj
         .\Release_pf2beta\/cplane.obj
         .\Release_pf2beta\/CRagdollMagnet.obj
         .\Release_pf2beta\/damagemodifier.obj
         .\Release_pf2beta\/death_pose.obj
         .\Release_pf2beta\/debugoverlay_shared.obj
         .\Release_pf2beta\/decals.obj
         .\Release_pf2beta\/doors.obj
         .\Release_pf2beta\/dt_send.obj
         .\Release_pf2beta\/dt_utlvector_common.obj
         .\Release_pf2beta\/dt_utlvector_send.obj
         .\Release_pf2beta\/dynamiclight.obj
         .\Release_pf2beta\/editor_sendcommand.obj
         .\Release_pf2beta\/effect_dispatch_data.obj
         .\Release_pf2beta\/effects.obj
         .\Release_pf2beta\/EffectsServer.obj
         .\Release_pf2beta\/ehandle.obj
         .\Release_pf2beta\/entityblocker.obj
         .\Release_pf2beta\/EntityDissolve.obj
         .\Release_pf2beta\/EntityFlame.obj
         .\Release_pf2beta\/entitylist.obj
         .\Release_pf2beta\/entitylist_base.obj
         .\Release_pf2beta\/EntityParticleTrail.obj
         .\Release_pf2beta\/EntityParticleTrail_Shared.obj
         .\Release_pf2beta\/env_debughistory.obj
         .\Release_pf2beta\/env_detail_controller.obj
         .\Release_pf2beta\/env_effectsscript.obj
         .\Release_pf2beta\/env_entity_maker.obj
         .\Release_pf2beta\/env_particlescript.obj
         .\Release_pf2beta\/env_player_surface_trigger.obj
         .\Release_pf2beta\/env_projectedtexture.obj
         .\Release_pf2beta\/env_screenoverlay.obj
         .\Release_pf2beta\/env_texturetoggle.obj
         .\Release_pf2beta\/env_tonemap_controller.obj
         .\Release_pf2beta\/env_wind_shared.obj
         .\Release_pf2beta\/env_zoom.obj
         .\Release_pf2beta\/EnvBeam.obj
         .\Release_pf2beta\/EnvFade.obj
         .\Release_pf2beta\/EnvHudHint.obj
         .\Release_pf2beta\/EnvLaser.obj
         .\Release_pf2beta\/EnvMessage.obj
         .\Release_pf2beta\/envmicrophone.obj
         .\Release_pf2beta\/EnvShake.obj
         .\Release_pf2beta\/EnvSpark.obj
         .\Release_pf2beta\/eventlist.obj
         .\Release_pf2beta\/EventLog.obj
         .\Release_pf2beta\/explode.obj
         .\Release_pf2beta\/filesystem_helpers.obj
         .\Release_pf2beta\/filters.obj
         .\Release_pf2beta\/fire.obj
         .\Release_pf2beta\/fire_smoke.obj
         .\Release_pf2beta\/fish.obj
         .\Release_pf2beta\/fogcontroller.obj
         .\Release_pf2beta\/fourwheelvehiclephysics.obj
         .\Release_pf2beta\/func_areaportal.obj
         .\Release_pf2beta\/func_areaportalbase.obj
         .\Release_pf2beta\/func_areaportalwindow.obj
         .\Release_pf2beta\/func_break.obj
         .\Release_pf2beta\/func_breakablesurf.obj
         .\Release_pf2beta\/func_dust.obj
         .\Release_pf2beta\/func_ladder.obj
         .\Release_pf2beta\/func_ladder_endpoint.obj
         .\Release_pf2beta\/func_lod.obj
         .\Release_pf2beta\/Func_Monitor.obj
         .\Release_pf2beta\/func_movelinear.obj
         .\Release_pf2beta\/func_occluder.obj
         .\Release_pf2beta\/func_reflective_glass.obj
         .\Release_pf2beta\/func_smokevolume.obj
         .\Release_pf2beta\/game.obj
         .\Release_pf2beta\/game_ui.obj
         .\Release_pf2beta\/gamehandle.obj
         .\Release_pf2beta\/gameinterface.obj
         .\Release_pf2beta\/gamemovement.obj
         .\Release_pf2beta\/gamerules.obj
         .\Release_pf2beta\/gamerules_register.obj
         .\Release_pf2beta\/GameStats.obj
         .\Release_pf2beta\/GameStats_BasicStatsFunctions.obj
         .\Release_pf2beta\/gamestringpool.obj
         .\Release_pf2beta\/gametrace_dll.obj
         .\Release_pf2beta\/gamevars_shared.obj
         .\Release_pf2beta\/gameweaponmanager.obj
         .\Release_pf2beta\/genericactor.obj
         .\Release_pf2beta\/genericmonster.obj
         .\Release_pf2beta\/gib.obj
         .\Release_pf2beta\/globals.obj
         .\Release_pf2beta\/globalstate.obj
         .\Release_pf2beta\/GrenadeThrown.obj
         .\Release_pf2beta\/guntarget.obj
         .\Release_pf2beta\/h_ai.obj
         .\Release_pf2beta\/h_export.obj
         .\Release_pf2beta\/haptic_msgs.obj
         .\Release_pf2beta\/haptic_utils.obj
         .\Release_pf2beta\/hierarchy.obj
         .\Release_pf2beta\/hintmessage.obj
         .\Release_pf2beta\/hintsystem.obj
         .\Release_pf2beta\/hltvdirector.obj
         .\Release_pf2beta\/igamesystem.obj
         .\Release_pf2beta\/info_camera_link.obj
         .\Release_pf2beta\/info_overlay_accessor.obj
         .\Release_pf2beta\/init_factory.obj
         .\Release_pf2beta\/intermission.obj
         .\Release_pf2beta\/interpolatortypes.obj
         .\Release_pf2beta\/interval.obj
         .\Release_pf2beta\/item_world.obj
         .\Release_pf2beta\/keyframe.obj
         .\Release_pf2beta\/language.obj
         .\Release_pf2beta\/lightglow.obj
         .\Release_pf2beta\/lights.obj
         .\Release_pf2beta\/logic_measure_movement.obj
         .\Release_pf2beta\/logic_navigation.obj
         .\Release_pf2beta\/logicauto.obj
         .\Release_pf2beta\/logicentities.obj
         .\Release_pf2beta\/logicrelay.obj
         .\Release_pf2beta\/map_utils.obj
         .\Release_pf2beta\/mapentities.obj
         .\Release_pf2beta\/mapentities_shared.obj
         .\Release_pf2beta\/maprules.obj
         .\Release_pf2beta\/MaterialModifyControl.obj
         .\Release_pf2beta\/memoverride.obj
         .\Release_pf2beta\/message_entity.obj
         .\Release_pf2beta\/modelentities.obj
         .\Release_pf2beta\/ModelSoundsCache.obj
         .\Release_pf2beta\/monstermaker.obj
         .\Release_pf2beta\/movehelper_server.obj
         .\Release_pf2beta\/movement.obj
         .\Release_pf2beta\/movevars_shared.obj
         .\Release_pf2beta\/mp_shareddefs.obj
         .\Release_pf2beta\/multiplay_gamerules.obj
         .\Release_pf2beta\/ndebugoverlay.obj
         .\Release_pf2beta\/networkvar.obj
         .\Release_pf2beta\/npc_vehicledriver.obj
         .\Release_pf2beta\/obstacle_pushaway.obj
         .\Release_pf2beta\/particle_light.obj
         .\Release_pf2beta\/particle_parse.obj
         .\Release_pf2beta\/particle_system.obj
         .\Release_pf2beta\/particlesystemquery.obj
         .\Release_pf2beta\/pathcorner.obj
         .\Release_pf2beta\/pathtrack.obj
         .\Release_pf2beta\/phys_controller.obj
         .\Release_pf2beta\/physconstraint.obj
         .\Release_pf2beta\/physics.obj
         .\Release_pf2beta\/physics_bone_follower.obj
         .\Release_pf2beta\/physics_cannister.obj
         .\Release_pf2beta\/physics_fx.obj
         .\Release_pf2beta\/physics_impact_damage.obj
         .\Release_pf2beta\/physics_main.obj
         .\Release_pf2beta\/physics_main_shared.obj
         .\Release_pf2beta\/physics_npc_solver.obj
         .\Release_pf2beta\/physics_prop_ragdoll.obj
         .\Release_pf2beta\/physics_saverestore.obj
         .\Release_pf2beta\/physics_shared.obj
         .\Release_pf2beta\/physobj.obj
         .\Release_pf2beta\/player.obj
         .\Release_pf2beta\/player_command.obj
         .\Release_pf2beta\/player_lagcompensation.obj
         .\Release_pf2beta\/player_pickup.obj
         .\Release_pf2beta\/player_resource.obj
         .\Release_pf2beta\/playerclass_info_parse.obj
         .\Release_pf2beta\/playerinfomanager.obj
         .\Release_pf2beta\/playerlocaldata.obj
         .\Release_pf2beta\/plugin_check.obj
         .\Release_pf2beta\/point_bonusmaps_accessor.obj
         .\Release_pf2beta\/point_camera.obj
         .\Release_pf2beta\/point_devshot_camera.obj
         .\Release_pf2beta\/point_playermoveconstraint.obj
         .\Release_pf2beta\/point_posecontroller.obj
         .\Release_pf2beta\/point_spotlight.obj
         .\Release_pf2beta\/point_template.obj
         .\Release_pf2beta\/pointanglesensor.obj
         .\Release_pf2beta\/PointAngularVelocitySensor.obj
         .\Release_pf2beta\/pointhurt.obj
         .\Release_pf2beta\/pointteleport.obj
         .\Release_pf2beta\/precache_register.obj
         .\Release_pf2beta\/predictableid.obj
         .\Release_pf2beta\/props.obj
         .\Release_pf2beta\/props_shared.obj
         .\Release_pf2beta\/querycache.obj
         .\Release_pf2beta\/ragdoll_manager.obj
         .\Release_pf2beta\/ragdoll_shared.obj
         .\Release_pf2beta\/RagdollBoogie.obj
         .\Release_pf2beta\/randoverride.obj
         .\Release_pf2beta\/recipientfilter.obj
         .\Release_pf2beta\/registry.obj
         .\Release_pf2beta\/rope.obj
         .\Release_pf2beta\/rope_helpers.obj
         .\Release_pf2beta\/rope_physics.obj
         .\Release_pf2beta\/saverestore.obj
         .\Release_pf2beta\/saverestore_gamedll.obj
         .\Release_pf2beta\/SceneCache.obj
         .\Release_pf2beta\/sceneentity.obj
         .\Release_pf2beta\/sceneentity_shared.obj
         .\Release_pf2beta\/scratchpad3d.obj
         .\Release_pf2beta\/scratchpad_gamedll_helpers.obj
         .\Release_pf2beta\/ScratchPadUtils.obj
         .\Release_pf2beta\/scripted.obj
         .\Release_pf2beta\/scriptedtarget.obj
         .\Release_pf2beta\/sendproxy.obj
         .\Release_pf2beta\/sequence_Transitioner.obj
         .\Release_pf2beta\/server_class.obj
         .\Release_pf2beta\/serverbenchmark_base.obj
         .\Release_pf2beta\/ServerNetworkProperty.obj
         .\Release_pf2beta\/shadowcontrol.obj
         .\Release_pf2beta\/sheetsimulator.obj
         .\Release_pf2beta\/simple_physics.obj
         .\Release_pf2beta\/simtimer.obj
         .\Release_pf2beta\/singleplay_gamerules.obj
         .\Release_pf2beta\/SkyCamera.obj
         .\Release_pf2beta\/slideshow_display.obj
         .\Release_pf2beta\/sound.obj
         .\Release_pf2beta\/SoundEmitterSystem.obj
         .\Release_pf2beta\/soundent.obj
         .\Release_pf2beta\/soundenvelope.obj
         .\Release_pf2beta\/SoundParametersInternal.obj
         .\Release_pf2beta\/soundscape.obj
         .\Release_pf2beta\/soundscape_system.obj
         .\Release_pf2beta\/spotlightend.obj
         .\Release_pf2beta\/Sprite.obj
         .\Release_pf2beta\/sprite_perfmonitor.obj
         .\Release_pf2beta\/stringregistry.obj
         .\Release_pf2beta\/studio.obj
         .\Release_pf2beta\/studio_shared.obj
         .\Release_pf2beta\/subs.obj
         .\Release_pf2beta\/sun.obj
         .\Release_pf2beta\/survival_gamerules.obj
         .\Release_pf2beta\/tactical_mission.obj
         .\Release_pf2beta\/takedamageinfo.obj
         .\Release_pf2beta\/tanktrain.obj
         .\Release_pf2beta\/team.obj
         .\Release_pf2beta\/team_control_point.obj
         .\Release_pf2beta\/team_control_point_master.obj
         .\Release_pf2beta\/team_control_point_round.obj
         .\Release_pf2beta\/team_objectiveresource.obj
         .\Release_pf2beta\/team_train_watcher.obj
         .\Release_pf2beta\/teamplay_gamerules.obj
         .\Release_pf2beta\/teamplay_round_timer.obj
         .\Release_pf2beta\/teamplayroundbased_gamerules.obj
         .\Release_pf2beta\/TemplateEntities.obj
         .\Release_pf2beta\/tempmonster.obj
         .\Release_pf2beta\/tesla.obj
         .\Release_pf2beta\/test_ehandle.obj
         .\Release_pf2beta\/test_proxytoggle.obj
         .\Release_pf2beta\/test_stressentities.obj
         .\Release_pf2beta\/testfunctions.obj
         .\Release_pf2beta\/testtraceline.obj
         .\Release_pf2beta\/textstatsmgr.obj
         .\Release_pf2beta\/timedeventmgr.obj
         .\Release_pf2beta\/trains.obj
         .\Release_pf2beta\/trigger_area_capture.obj
         .\Release_pf2beta\/triggers.obj
         .\Release_pf2beta\/usercmd.obj
         .\Release_pf2beta\/util.obj
         .\Release_pf2beta\/util_shared.obj
         .\Release_pf2beta\/variant_t.obj
         .\Release_pf2beta\/vehicle_base.obj
         .\Release_pf2beta\/vehicle_baseserver.obj
         .\Release_pf2beta\/vehicle_viewblend_shared.obj
         .\Release_pf2beta\/vguiscreen.obj
         .\Release_pf2beta\/voice_gamemgr.obj
         .\Release_pf2beta\/vote_controller.obj
         .\Release_pf2beta\/waterbullet.obj
         .\Release_pf2beta\/WaterLODControl.obj
         .\Release_pf2beta\/wcedit.obj
         .\Release_pf2beta\/weapon_parse.obj
         .\Release_pf2beta\/weapon_proficiency.obj
         .\Release_pf2beta\/weight_button.obj
         .\Release_pf2beta\/world.obj
         .\Release_pf2beta\/weapon_ifmbase.obj
         .\Release_pf2beta\/weapon_ifmbasecamera.obj
         .\Release_pf2beta\/weapon_ifmsteadycam.obj
         .\Release_pf2beta\/engine_patch.obj
         .\Release_pf2beta\/os_utils.obj
         .\Release_pf2beta\/pf_convar_setup.obj
         .\Release_pf2beta\/pf_cvars.obj
         .\Release_pf2beta\/stdafx.obj
         .\Release_pf2beta\/basetempentity.obj
         .\Release_pf2beta\/event_tempentity_tester.obj
         .\Release_pf2beta\/movie_explosion.obj
         .\Release_pf2beta\/particle_fire.obj
         .\Release_pf2beta\/particle_smokegrenade.obj
         .\Release_pf2beta\/plasma.obj
         .\Release_pf2beta\/smoke_trail.obj
         .\Release_pf2beta\/smokestack.obj
         .\Release_pf2beta\/SpriteTrail.obj
         .\Release_pf2beta\/steamjet.obj
         .\Release_pf2beta\/te.obj
         .\Release_pf2beta\/te_armorricochet.obj
         .\Release_pf2beta\/te_basebeam.obj
         .\Release_pf2beta\/te_beamentpoint.obj
         .\Release_pf2beta\/te_beaments.obj
         .\Release_pf2beta\/te_beamfollow.obj
         .\Release_pf2beta\/te_beamlaser.obj
         .\Release_pf2beta\/te_beampoints.obj
         .\Release_pf2beta\/te_beamring.obj
         .\Release_pf2beta\/te_beamringpoint.obj
         .\Release_pf2beta\/te_beamspline.obj
         .\Release_pf2beta\/te_bloodsprite.obj
         .\Release_pf2beta\/te_bloodstream.obj
         .\Release_pf2beta\/te_breakmodel.obj
         .\Release_pf2beta\/te_bspdecal.obj
         .\Release_pf2beta\/te_bubbles.obj
         .\Release_pf2beta\/te_bubbletrail.obj
         .\Release_pf2beta\/te_clientprojectile.obj
         .\Release_pf2beta\/te_decal.obj
         .\Release_pf2beta\/te_dynamiclight.obj
         .\Release_pf2beta\/te_effect_dispatch.obj
         .\Release_pf2beta\/te_energysplash.obj
         .\Release_pf2beta\/te_explosion.obj
         .\Release_pf2beta\/te_fizz.obj
         .\Release_pf2beta\/te_footprintdecal.obj
         .\Release_pf2beta\/te_gaussexplosion.obj
         .\Release_pf2beta\/te_glassshatter.obj
         .\Release_pf2beta\/te_glowsprite.obj
         .\Release_pf2beta\/te_impact.obj
         .\Release_pf2beta\/te_killplayerattachments.obj
         .\Release_pf2beta\/te_largefunnel.obj
         .\Release_pf2beta\/te_muzzleflash.obj
         .\Release_pf2beta\/te_particlesystem.obj
         .\Release_pf2beta\/te_physicsprop.obj
         .\Release_pf2beta\/te_playerdecal.obj
         .\Release_pf2beta\/te_projecteddecal.obj
         .\Release_pf2beta\/te_showline.obj
         .\Release_pf2beta\/te_smoke.obj
         .\Release_pf2beta\/te_sparks.obj
         .\Release_pf2beta\/te_sprite.obj
         .\Release_pf2beta\/te_spritespray.obj
         .\Release_pf2beta\/te_worlddecal.obj
         .\Release_pf2beta\/usermessages.obj
         .\Release_pf2beta\/achievements_pf.obj
         .\Release_pf2beta\/baseobject_shared.obj
         .\Release_pf2beta\/entity_ammopack.obj
         .\Release_pf2beta\/entity_armor.obj
         .\Release_pf2beta\/entity_capture_flag.obj
         .\Release_pf2beta\/entity_forcerespawn.obj
         .\Release_pf2beta\/entity_game_text_tf.obj
         .\Release_pf2beta\/entity_healthkit.obj
         .\Release_pf2beta\/entity_intermission.obj
         .\Release_pf2beta\/entity_roundwin.obj
         .\Release_pf2beta\/entity_tfstart.obj
         .\Release_pf2beta\/func_capture_zone.obj
         .\Release_pf2beta\/func_changeclass.obj
         .\Release_pf2beta\/func_no_build.obj
         .\Release_pf2beta\/func_nogrenades.obj
         .\Release_pf2beta\/func_regenerate.obj
         .\Release_pf2beta\/func_respawnflag.obj
         .\Release_pf2beta\/func_respawnroom.obj
         .\Release_pf2beta\/multiplayer_animstate.obj
         .\Release_pf2beta\/tf_ammo_pack.obj
         .\Release_pf2beta\/tf_bot_temp.obj
         .\Release_pf2beta\/tf_client.obj
         .\Release_pf2beta\/tf_eventlog.obj
         .\Release_pf2beta\/tf_filters.obj
         .\Release_pf2beta\/tf_fx.obj
         .\Release_pf2beta\/tf_fx_shared.obj
         .\Release_pf2beta\/tf_gameinterface.obj
         .\Release_pf2beta\/tf_gamemovement.obj
         .\Release_pf2beta\/tf_gamerules.obj
         .\Release_pf2beta\/tf_gamestats.obj
         .\Release_pf2beta\/tf_gamestats_shared.obj
         .\Release_pf2beta\/tf_hltvdirector.obj
         .\Release_pf2beta\/tf_item.obj
         .\Release_pf2beta\/tf_logic_hybrid_ctf_cp.obj
         .\Release_pf2beta\/tf_obj.obj
         .\Release_pf2beta\/tf_obj_baseupgrade_shared.obj
         .\Release_pf2beta\/tf_obj_detpack.obj
         .\Release_pf2beta\/tf_obj_dispenser.obj
         .\Release_pf2beta\/tf_obj_sapper.obj
         .\Release_pf2beta\/tf_obj_sentrygun.obj
         .\Release_pf2beta\/tf_obj_spawnroomturret.obj
         .\Release_pf2beta\/tf_obj_teleporter.obj
         .\Release_pf2beta\/tf_objective_resource.obj
         .\Release_pf2beta\/tf_player.obj
         .\Release_pf2beta\/tf_player_resource.obj
         .\Release_pf2beta\/tf_player_shared.obj
         .\Release_pf2beta\/tf_playeranimstate.obj
         .\Release_pf2beta\/tf_playerclass.obj
         .\Release_pf2beta\/tf_playerclass_info_parse.obj
         .\Release_pf2beta\/tf_playerclass_shared.obj
         .\Release_pf2beta\/tf_playermove.obj
         .\Release_pf2beta\/tf_powerup.obj
         .\Release_pf2beta\/tf_shareddefs.obj
         .\Release_pf2beta\/tf_team.obj
         .\Release_pf2beta\/tf_turret.obj
         .\Release_pf2beta\/tf_usermessages.obj
         .\Release_pf2beta\/tf_viewmodel.obj
         .\Release_pf2beta\/tf_voteissues.obj
         .\Release_pf2beta\/tf_projectile_base.obj
         .\Release_pf2beta\/tf_projectile_nail.obj
         .\Release_pf2beta\/tf_projectile_rocket.obj
         .\Release_pf2beta\/tf_weaponbase.obj
         .\Release_pf2beta\/tf_weaponbase_grenade.obj
         .\Release_pf2beta\/tf_weaponbase_grenadeproj.obj
         .\Release_pf2beta\/tf_weaponbase_gun.obj
         .\Release_pf2beta\/tf_weaponbase_melee.obj
         .\Release_pf2beta\/tf_weaponbase_rocket.obj
         .\Release_pf2beta\/tf_weapon_grenade_caltrop.obj
         .\Release_pf2beta\/tf_weapon_grenade_concussion.obj
         .\Release_pf2beta\/tf_weapon_grenade_emp.obj
         .\Release_pf2beta\/tf_weapon_grenade_gas.obj
         .\Release_pf2beta\/tf_weapon_grenade_heal.obj
         .\Release_pf2beta\/tf_weapon_grenade_mirv.obj
         .\Release_pf2beta\/tf_weapon_grenade_nail.obj
         .\Release_pf2beta\/tf_weapon_grenade_napalm.obj
         .\Release_pf2beta\/tf_weapon_grenade_normal.obj
         .\Release_pf2beta\/tf_weapon_grenade_pipebomb.obj
         .\Release_pf2beta\/tf_weapon_bat.obj
         .\Release_pf2beta\/tf_weapon_blowtorch.obj
         .\Release_pf2beta\/tf_weapon_bonesaw.obj
         .\Release_pf2beta\/tf_weapon_bottle.obj
         .\Release_pf2beta\/tf_weapon_brandingiron.obj
         .\Release_pf2beta\/tf_weapon_builder.obj
         .\Release_pf2beta\/tf_weapon_club.obj
         .\Release_pf2beta\/tf_weapon_fireaxe.obj
         .\Release_pf2beta\/tf_weapon_fists.obj
         .\Release_pf2beta\/tf_weapon_flamethrower.obj
         .\Release_pf2beta\/tf_weapon_grenadelauncher.obj
         .\Release_pf2beta\/tf_weapon_invis.obj
         .\Release_pf2beta\/tf_weapon_knife.obj
         .\Release_pf2beta\/tf_weapon_machete.obj
         .\Release_pf2beta\/tf_weapon_medigun.obj
         .\Release_pf2beta\/tf_weapon_minigun.obj
         .\Release_pf2beta\/tf_weapon_nailgun.obj
         .\Release_pf2beta\/tf_weapon_parse.obj
         .\Release_pf2beta\/tf_weapon_pda.obj
         .\Release_pf2beta\/tf_weapon_pipe.obj
         .\Release_pf2beta\/tf_weapon_pipebomblauncher.obj
         .\Release_pf2beta\/tf_weapon_pistol.obj
         .\Release_pf2beta\/tf_weapon_revolver.obj
         .\Release_pf2beta\/tf_weapon_rocketlauncher.obj
         .\Release_pf2beta\/tf_weapon_shotgun.obj
         .\Release_pf2beta\/tf_weapon_shovel.obj
         .\Release_pf2beta\/tf_weapon_smg.obj
         .\Release_pf2beta\/tf_weapon_sniperrifle.obj
         .\Release_pf2beta\/tf_weapon_syringe.obj
         .\Release_pf2beta\/tf_weapon_syringegun.obj
         .\Release_pf2beta\/tf_weapon_tranq.obj
         .\Release_pf2beta\/tf_weapon_wrench.obj
         .\Release_pf2beta\/entity_tools_server.obj
         .\Release_pf2beta\/toolframework_server.obj
         ..\..\lib\public\choreoobjects.lib
         "..\..\lib\public\discord-rpc.lib"
         ..\..\lib\public\dmxloader.lib
         ..\..\lib\public\libprotobuf.lib
         ..\..\lib\public\mathlib.lib
         ..\..\lib\public\particles.lib
         ..\..\lib\public\steam_api.lib
         ..\..\lib\public\tier0.lib
         ..\..\lib\public\tier1.lib
         ..\..\lib\public\tier2.lib
         ..\..\lib\public\tier3.lib
         ..\..\lib\public\vstdlib.lib
            Creating library .\Release_pf2beta\server.lib and object .\Release_pf2beta\server.exp
         server_pf2beta.vcxproj -> D:\Development\pf2c-src\src\game\server\.\Release_pf2beta\server.dll
       PostBuildEvent:
         if not exist "..\..\..\game\pf2beta\bin\." mkdir "..\..\..\game\pf2beta\bin\."
         copy "D:\Development\pf2c-src\src\game\server\Release_pf2beta\server.dll" "..\..\..\game\pf2beta\bin\.\server.dll"
         if ERRORLEVEL 1 goto BuildEventFailed
         if exist "D:\Development\pf2c-src\src\game\server\Release_pf2beta\server.map" copy "D:\Development\pf2c-src\src\game\server\Release_pf2beta\server.map" ..\..\..\game\pf2beta\bin\.\server.map
         copy "D:\Development\pf2c-src\src\game\server\Release_pf2beta\server.pdb" ..\..\..\game\pf2beta\bin\.\server.pdb
         if ERRORLEVEL 1 goto BuildEventFailed
         goto BuildEventOK
         :BuildEventFailed
         echo *** ERROR! PostBuildStep FAILED for Server (TF)! EXE or DLL is probably running. ***
         del /q "D:\Development\pf2c-src\src\game\server\Release_pf2beta\server.dll"
         exit 1
         :BuildEventOK
         
         :VCEnd
                 1 file(s) copied.
                 1 file(s) copied.
     1>Done Building Project "D:\Development\pf2c-src\src\game\server\server_pf2beta.vcxproj" (Build target(s)).

Build succeeded.

Time Elapsed 00:00:50.15
