d:\development\pf2-src\src\game\server\debug_pf2beta\server.pch
d:\development\pf2-src\src\game\server\debug_pf2beta\vc120.pdb
d:\development\pf2-src\src\game\server\debug_pf2beta\vc120.idb
d:\development\pf2-src\src\game\server\debug_pf2beta\stdafx.obj
d:\development\pf2-src\src\game\server\debug_pf2beta\gamedll_replay.obj
d:\development\pf2-src\src\game\server\debug_pf2beta\ai_basenpc_physicsflyer.obj
d:\development\pf2-src\src\game\server\debug_pf2beta\ai_behavior_lead.obj
d:\development\pf2-src\src\game\server\debug_pf2beta\ai_schedule.obj
d:\development\pf2-src\src\game\server\debug_pf2beta\ai_task.obj
d:\development\pf2-src\src\game\server\debug_pf2beta\baseanimating.obj
d:\development\pf2-src\src\game\server\debug_pf2beta\commentarysystem.obj
d:\development\pf2-src\src\game\server\debug_pf2beta\env_wind_shared.obj
d:\development\pf2-src\src\game\server\debug_pf2beta\envspark.obj
d:\development\pf2-src\src\game\server\debug_pf2beta\fogcontroller.obj
d:\development\pf2-src\src\game\server\debug_pf2beta\func_lod.obj
d:\development\pf2-src\src\game\server\debug_pf2beta\func_smokevolume.obj
d:\development\pf2-src\src\game\server\debug_pf2beta\gamestringpool.obj
d:\development\pf2-src\src\game\server\debug_pf2beta\grenadethrown.obj
d:\development\pf2-src\src\game\server\debug_pf2beta\hintmessage.obj
d:\development\pf2-src\src\game\server\debug_pf2beta\intermission.obj
d:\development\pf2-src\src\game\server\debug_pf2beta\logicauto.obj
d:\development\pf2-src\src\game\server\debug_pf2beta\modelentities.obj
d:\development\pf2-src\src\game\server\debug_pf2beta\movevars_shared.obj
d:\development\pf2-src\src\game\server\debug_pf2beta\particle_light.obj
d:\development\pf2-src\src\game\server\debug_pf2beta\phys_controller.obj
d:\development\pf2-src\src\game\server\debug_pf2beta\physics_cannister.obj
d:\development\pf2-src\src\game\server\debug_pf2beta\player_lagcompensation.obj
d:\development\pf2-src\src\game\server\debug_pf2beta\playerclass_info_parse.obj
d:\development\pf2-src\src\game\server\debug_pf2beta\point_posecontroller.obj
d:\development\pf2-src\src\game\server\debug_pf2beta\rope.obj
d:\development\pf2-src\src\game\server\debug_pf2beta\scriptedtarget.obj
d:\development\pf2-src\src\game\server\debug_pf2beta\sprite_perfmonitor.obj
d:\development\pf2-src\src\game\server\debug_pf2beta\team.obj
d:\development\pf2-src\src\game\server\debug_pf2beta\teamplayroundbased_gamerules.obj
d:\development\pf2-src\src\game\server\debug_pf2beta\particle_fire.obj
d:\development\pf2-src\src\game\server\debug_pf2beta\te.obj
d:\development\pf2-src\src\game\server\debug_pf2beta\te_beamentpoint.obj
d:\development\pf2-src\src\game\server\debug_pf2beta\te_bspdecal.obj
d:\development\pf2-src\src\game\server\debug_pf2beta\te_explosion.obj
d:\development\pf2-src\src\game\server\debug_pf2beta\te_playerdecal.obj
d:\development\pf2-src\src\game\server\debug_pf2beta\entity_capture_flag.obj
d:\development\pf2-src\src\game\server\debug_pf2beta\tf_item.obj
d:\development\pf2-src\src\game\server\debug_pf2beta\tf_objective_resource.obj
d:\development\pf2-src\src\game\server\debug_pf2beta\tf_player_resource.obj
d:\development\pf2-src\src\game\server\debug_pf2beta\tf_usermessages.obj
d:\development\pf2-src\src\game\server\debug_pf2beta\tf_projectile_base.obj
d:\development\pf2-src\src\game\server\debug_pf2beta\tf_weapon_grenade_concussion.obj
d:\development\pf2-src\src\game\server\debug_pf2beta\tf_weapon_bottle.obj
d:\development\pf2-src\src\game\server\debug_pf2beta\tf_weapon_medigun.obj
d:\development\pf2-src\src\game\server\debug_pf2beta\toolframework_server.obj
d:\development\pf2-src\src\game\server\debug_pf2beta\ai_activity.obj
d:\development\pf2-src\src\game\server\debug_pf2beta\ai_behavior_assault.obj
d:\development\pf2-src\src\game\server\debug_pf2beta\ai_goalentity.obj
d:\development\pf2-src\src\game\server\debug_pf2beta\ai_node.obj
d:\development\pf2-src\src\game\server\debug_pf2beta\ai_senses.obj
d:\development\pf2-src\src\game\server\debug_pf2beta\ammodef.obj
d:\development\pf2-src\src\game\server\debug_pf2beta\baseachievement.obj
d:\development\pf2-src\src\game\server\debug_pf2beta\basegrenade_contact.obj
d:\development\pf2-src\src\game\server\debug_pf2beta\baseparticleentity.obj
d:\development\pf2-src\src\game\server\debug_pf2beta\baseprojectile.obj
d:\development\pf2-src\src\game\server\debug_pf2beta\cbase.obj
d:\development\pf2-src\src\game\server\debug_pf2beta\damagemodifier.obj
d:\development\pf2-src\src\game\server\debug_pf2beta\effect_dispatch_data.obj
d:\development\pf2-src\src\game\server\debug_pf2beta\entitydissolve.obj
d:\development\pf2-src\src\game\server\debug_pf2beta\envbeam.obj
d:\development\pf2-src\src\game\server\debug_pf2beta\fish.obj
d:\development\pf2-src\src\game\server\debug_pf2beta\func_occluder.obj
d:\development\pf2-src\src\game\server\debug_pf2beta\gamerules.obj
d:\development\pf2-src\src\game\server\debug_pf2beta\movehelper_server.obj
d:\development\pf2-src\src\game\server\debug_pf2beta\obstacle_pushaway.obj
d:\development\pf2-src\src\game\server\debug_pf2beta\physics_bone_follower.obj
d:\development\pf2-src\src\game\server\debug_pf2beta\player_command.obj
d:\development\pf2-src\src\game\server\debug_pf2beta\player_pickup.obj
d:\development\pf2-src\src\game\server\debug_pf2beta\playerinfomanager.obj
d:\development\pf2-src\src\game\server\debug_pf2beta\playerlocaldata.obj
d:\development\pf2-src\src\game\server\debug_pf2beta\point_spotlight.obj
d:\development\pf2-src\src\game\server\debug_pf2beta\rope_helpers.obj
d:\development\pf2-src\src\game\server\debug_pf2beta\sceneentity.obj
d:\development\pf2-src\src\game\server\debug_pf2beta\trigger_area_capture.obj
d:\development\pf2-src\src\game\server\debug_pf2beta\te_beamring.obj
d:\development\pf2-src\src\game\server\debug_pf2beta\te_dynamiclight.obj
d:\development\pf2-src\src\game\server\debug_pf2beta\te_muzzleflash.obj
d:\development\pf2-src\src\game\server\debug_pf2beta\te_spritespray.obj
d:\development\pf2-src\src\game\server\debug_pf2beta\entity_tfstart.obj
d:\development\pf2-src\src\game\server\debug_pf2beta\func_respawnflag.obj
d:\development\pf2-src\src\game\server\debug_pf2beta\tf_gameinterface.obj
d:\development\pf2-src\src\game\server\debug_pf2beta\tf_gamestats.obj
d:\development\pf2-src\src\game\server\debug_pf2beta\tf_playeranimstate.obj
d:\development\pf2-src\src\game\server\debug_pf2beta\tf_playermove.obj
d:\development\pf2-src\src\game\server\debug_pf2beta\tf_weaponbase.obj
d:\development\pf2-src\src\game\server\debug_pf2beta\tf_weapon_grenade_napalm.obj
d:\development\pf2-src\src\game\server\debug_pf2beta\tf_weapon_minigun.obj
d:\development\pf2-src\src\game\server\debug_pf2beta\tf_weapon_shovel.obj
d:\development\pf2-src\src\game\server\debug_pf2beta\achievement_saverestore.obj
d:\development\pf2-src\src\game\server\debug_pf2beta\ai_behavior.obj
d:\development\pf2-src\src\game\server\debug_pf2beta\ai_default.obj
d:\development\pf2-src\src\game\server\debug_pf2beta\ai_movesolver.obj
d:\development\pf2-src\src\game\server\debug_pf2beta\ai_navigator.obj
d:\development\pf2-src\src\game\server\debug_pf2beta\ai_squadslot.obj
d:\development\pf2-src\src\game\server\debug_pf2beta\base_transmit_proxy.obj
d:\development\pf2-src\src\game\server\debug_pf2beta\baseanimatingoverlay.obj
d:\development\pf2-src\src\game\server\debug_pf2beta\baseplayer_shared.obj
d:\development\pf2-src\src\game\server\debug_pf2beta\eventlog.obj
d:\development\pf2-src\src\game\server\debug_pf2beta\func_areaportalbase.obj
d:\development\pf2-src\src\game\server\debug_pf2beta\func_ladder_endpoint.obj
d:\development\pf2-src\src\game\server\debug_pf2beta\game.obj
d:\development\pf2-src\src\game\server\debug_pf2beta\gamerules_register.obj
d:\development\pf2-src\src\game\server\debug_pf2beta\genericactor.obj
d:\development\pf2-src\src\game\server\debug_pf2beta\movement.obj
d:\development\pf2-src\src\game\server\debug_pf2beta\particle_system.obj
d:\development\pf2-src\src\game\server\debug_pf2beta\physics_shared.obj
d:\development\pf2-src\src\game\server\debug_pf2beta\player_resource.obj
d:\development\pf2-src\src\game\server\debug_pf2beta\point_bonusmaps_accessor.obj
d:\development\pf2-src\src\game\server\debug_pf2beta\pointangularvelocitysensor.obj
d:\development\pf2-src\src\game\server\debug_pf2beta\ragdollboogie.obj
d:\development\pf2-src\src\game\server\debug_pf2beta\sceneentity_shared.obj
d:\development\pf2-src\src\game\server\debug_pf2beta\sequence_transitioner.obj
d:\development\pf2-src\src\game\server\debug_pf2beta\servernetworkproperty.obj
d:\development\pf2-src\src\game\server\debug_pf2beta\slideshow_display.obj
d:\development\pf2-src\src\game\server\debug_pf2beta\studio_shared.obj
d:\development\pf2-src\src\game\server\debug_pf2beta\survival_gamerules.obj
d:\development\pf2-src\src\game\server\debug_pf2beta\tanktrain.obj
d:\development\pf2-src\src\game\server\debug_pf2beta\teamplay_round_timer.obj
d:\development\pf2-src\src\game\server\debug_pf2beta\variant_t.obj
d:\development\pf2-src\src\game\server\debug_pf2beta\vehicle_base.obj
d:\development\pf2-src\src\game\server\debug_pf2beta\smoke_trail.obj
d:\development\pf2-src\src\game\server\debug_pf2beta\te_clientprojectile.obj
d:\development\pf2-src\src\game\server\debug_pf2beta\te_impact.obj
d:\development\pf2-src\src\game\server\debug_pf2beta\te_smoke.obj
d:\development\pf2-src\src\game\server\debug_pf2beta\entity_healthkit.obj
d:\development\pf2-src\src\game\server\debug_pf2beta\tf_filters.obj
d:\development\pf2-src\src\game\server\debug_pf2beta\tf_obj_baseupgrade_shared.obj
d:\development\pf2-src\src\game\server\debug_pf2beta\tf_obj_spawnroomturret.obj
d:\development\pf2-src\src\game\server\debug_pf2beta\tf_powerup.obj
d:\development\pf2-src\src\game\server\debug_pf2beta\tf_weapon_grenade_caltrop.obj
d:\development\pf2-src\src\game\server\debug_pf2beta\tf_weapon_bonesaw.obj
d:\development\pf2-src\src\game\server\debug_pf2beta\tf_weapon_builder.obj
d:\development\pf2-src\src\game\server\debug_pf2beta\tf_weapon_smg.obj
d:\development\pf2-src\src\game\server\debug_pf2beta\tf_weapon_tranq.obj
d:\development\pf2-src\src\game\server\debug_pf2beta\ai_basenpc_flyer_new.obj
d:\development\pf2-src\src\game\server\debug_pf2beta\ai_behavior_follow.obj
d:\development\pf2-src\src\game\server\debug_pf2beta\ai_memory.obj
d:\development\pf2-src\src\game\server\debug_pf2beta\ai_playerally.obj
d:\development\pf2-src\src\game\server\debug_pf2beta\basegrenade_shared.obj
d:\development\pf2-src\src\game\server\debug_pf2beta\bmodels.obj
d:\development\pf2-src\src\game\server\debug_pf2beta\controlentities.obj
d:\development\pf2-src\src\game\server\debug_pf2beta\effects.obj
d:\development\pf2-src\src\game\server\debug_pf2beta\explode.obj
d:\development\pf2-src\src\game\server\debug_pf2beta\gametrace_dll.obj
d:\development\pf2-src\src\game\server\debug_pf2beta\globals.obj
d:\development\pf2-src\src\game\server\debug_pf2beta\haptic_msgs.obj
d:\development\pf2-src\src\game\server\debug_pf2beta\hintsystem.obj
d:\development\pf2-src\src\game\server\debug_pf2beta\item_world.obj
d:\development\pf2-src\src\game\server\debug_pf2beta\message_entity.obj
d:\development\pf2-src\src\game\server\debug_pf2beta\ndebugoverlay.obj
d:\development\pf2-src\src\game\server\debug_pf2beta\pathcorner.obj
d:\development\pf2-src\src\game\server\debug_pf2beta\physics.obj
d:\development\pf2-src\src\game\server\debug_pf2beta\point_devshot_camera.obj
d:\development\pf2-src\src\game\server\debug_pf2beta\props.obj
d:\development\pf2-src\src\game\server\debug_pf2beta\textstatsmgr.obj
d:\development\pf2-src\src\game\server\debug_pf2beta\util.obj
d:\development\pf2-src\src\game\server\debug_pf2beta\waterlodcontrol.obj
d:\development\pf2-src\src\game\server\debug_pf2beta\weapon_ifmbase.obj
d:\development\pf2-src\src\game\server\debug_pf2beta\pf_cvars.obj
d:\development\pf2-src\src\game\server\debug_pf2beta\movie_explosion.obj
d:\development\pf2-src\src\game\server\debug_pf2beta\steamjet.obj
d:\development\pf2-src\src\game\server\debug_pf2beta\te_beamfollow.obj
d:\development\pf2-src\src\game\server\debug_pf2beta\te_bloodsprite.obj
d:\development\pf2-src\src\game\server\debug_pf2beta\te_energysplash.obj
d:\development\pf2-src\src\game\server\debug_pf2beta\te_projecteddecal.obj
d:\development\pf2-src\src\game\server\debug_pf2beta\entity_ammopack.obj
d:\development\pf2-src\src\game\server\debug_pf2beta\tf_client.obj
d:\development\pf2-src\src\game\server\debug_pf2beta\tf_obj_sentrygun.obj
d:\development\pf2-src\src\game\server\debug_pf2beta\tf_turret.obj
d:\development\pf2-src\src\game\server\debug_pf2beta\tf_weaponbase_gun.obj
d:\development\pf2-src\src\game\server\debug_pf2beta\tf_weapon_grenade_pipebomb.obj
d:\development\pf2-src\src\game\server\debug_pf2beta\tf_weapon_pistol.obj
d:\development\pf2-src\src\game\server\debug_pf2beta\tf_weapon_wrench.obj
d:\development\pf2-src\src\game\server\debug_pf2beta\ai_baseactor.obj
d:\development\pf2-src\src\game\server\debug_pf2beta\ai_condition.obj
d:\development\pf2-src\src\game\server\debug_pf2beta\ai_interest_target.obj
d:\development\pf2-src\src\game\server\debug_pf2beta\ai_motor.obj
d:\development\pf2-src\src\game\server\debug_pf2beta\ai_relationship.obj
d:\development\pf2-src\src\game\server\debug_pf2beta\ai_sentence.obj
d:\development\pf2-src\src\game\server\debug_pf2beta\animation.obj
d:\development\pf2-src\src\game\server\debug_pf2beta\basecombatcharacter_shared.obj
d:\development\pf2-src\src\game\server\debug_pf2beta\basegrenade_concussion.obj
d:\development\pf2-src\src\game\server\debug_pf2beta\basegrenade_timed.obj
d:\development\pf2-src\src\game\server\debug_pf2beta\baseviewmodel_shared.obj
d:\development\pf2-src\src\game\server\debug_pf2beta\client.obj
d:\development\pf2-src\src\game\server\debug_pf2beta\fourwheelvehiclephysics.obj
d:\development\pf2-src\src\game\server\debug_pf2beta\gib.obj
d:\development\pf2-src\src\game\server\debug_pf2beta\logic_measure_movement.obj
d:\development\pf2-src\src\game\server\debug_pf2beta\mapentities.obj
d:\development\pf2-src\src\game\server\debug_pf2beta\physics_fx.obj
d:\development\pf2-src\src\game\server\debug_pf2beta\physics_main.obj
d:\development\pf2-src\src\game\server\debug_pf2beta\point_template.obj
d:\development\pf2-src\src\game\server\debug_pf2beta\saverestore.obj
d:\development\pf2-src\src\game\server\debug_pf2beta\soundent.obj
d:\development\pf2-src\src\game\server\debug_pf2beta\spotlightend.obj
d:\development\pf2-src\src\game\server\debug_pf2beta\subs.obj
d:\development\pf2-src\src\game\server\debug_pf2beta\team_control_point_master.obj
d:\development\pf2-src\src\game\server\debug_pf2beta\weapon_parse.obj
d:\development\pf2-src\src\game\server\debug_pf2beta\pf_convar_setup.obj
d:\development\pf2-src\src\game\server\debug_pf2beta\basetempentity.obj
d:\development\pf2-src\src\game\server\debug_pf2beta\particle_smokegrenade.obj
d:\development\pf2-src\src\game\server\debug_pf2beta\te_basebeam.obj
d:\development\pf2-src\src\game\server\debug_pf2beta\te_beamringpoint.obj
d:\development\pf2-src\src\game\server\debug_pf2beta\te_effect_dispatch.obj
d:\development\pf2-src\src\game\server\debug_pf2beta\te_killplayerattachments.obj
d:\development\pf2-src\src\game\server\debug_pf2beta\te_sparks.obj
d:\development\pf2-src\src\game\server\debug_pf2beta\entity_intermission.obj
d:\development\pf2-src\src\game\server\debug_pf2beta\tf_ammo_pack.obj
d:\development\pf2-src\src\game\server\debug_pf2beta\tf_obj.obj
d:\development\pf2-src\src\game\server\debug_pf2beta\tf_viewmodel.obj
d:\development\pf2-src\src\game\server\debug_pf2beta\tf_weaponbase_grenade.obj
d:\development\pf2-src\src\game\server\debug_pf2beta\tf_weapon_grenade_normal.obj
d:\development\pf2-src\src\game\server\debug_pf2beta\tf_weapon_nailgun.obj
d:\development\pf2-src\src\game\server\debug_pf2beta\tf_weapon_pda.obj
d:\development\pf2-src\src\game\server\debug_pf2beta\tf_weapon_syringegun.obj
d:\development\pf2-src\src\game\server\debug_pf2beta\ai_basehumanoid.obj
d:\development\pf2-src\src\game\server\debug_pf2beta\ai_blended_movement.obj
d:\development\pf2-src\src\game\server\debug_pf2beta\ai_hull.obj
d:\development\pf2-src\src\game\server\debug_pf2beta\ai_link.obj
d:\development\pf2-src\src\game\server\debug_pf2beta\ai_localnavigator.obj
d:\development\pf2-src\src\game\server\debug_pf2beta\ai_pathfinder.obj
d:\development\pf2-src\src\game\server\debug_pf2beta\ai_speech.obj
d:\development\pf2-src\src\game\server\debug_pf2beta\basecombatcharacter.obj
d:\development\pf2-src\src\game\server\debug_pf2beta\entityblocker.obj
d:\development\pf2-src\src\game\server\debug_pf2beta\entityparticletrail.obj
d:\development\pf2-src\src\game\server\debug_pf2beta\env_effectsscript.obj
d:\development\pf2-src\src\game\server\debug_pf2beta\env_texturetoggle.obj
d:\development\pf2-src\src\game\server\debug_pf2beta\envhudhint.obj
d:\development\pf2-src\src\game\server\debug_pf2beta\filters.obj
d:\development\pf2-src\src\game\server\debug_pf2beta\globalstate.obj
d:\development\pf2-src\src\game\server\debug_pf2beta\info_overlay_accessor.obj
d:\development\pf2-src\src\game\server\debug_pf2beta\lights.obj
d:\development\pf2-src\src\game\server\debug_pf2beta\maprules.obj
d:\development\pf2-src\src\game\server\debug_pf2beta\mp_shareddefs.obj
d:\development\pf2-src\src\game\server\debug_pf2beta\particle_parse.obj
d:\development\pf2-src\src\game\server\debug_pf2beta\physobj.obj
d:\development\pf2-src\src\game\server\debug_pf2beta\pointteleport.obj
d:\development\pf2-src\src\game\server\debug_pf2beta\querycache.obj
d:\development\pf2-src\src\game\server\debug_pf2beta\scratchpad_gamedll_helpers.obj
d:\development\pf2-src\src\game\server\debug_pf2beta\serverbenchmark_base.obj
d:\development\pf2-src\src\game\server\debug_pf2beta\soundscape_system.obj
d:\development\pf2-src\src\game\server\debug_pf2beta\team_train_watcher.obj
d:\development\pf2-src\src\game\server\debug_pf2beta\vguiscreen.obj
d:\development\pf2-src\src\game\server\debug_pf2beta\world.obj
d:\development\pf2-src\src\game\server\debug_pf2beta\spritetrail.obj
d:\development\pf2-src\src\game\server\debug_pf2beta\te_beampoints.obj
d:\development\pf2-src\src\game\server\debug_pf2beta\te_decal.obj
d:\development\pf2-src\src\game\server\debug_pf2beta\te_largefunnel.obj
d:\development\pf2-src\src\game\server\debug_pf2beta\te_worlddecal.obj
d:\development\pf2-src\src\game\server\debug_pf2beta\func_capture_zone.obj
d:\development\pf2-src\src\game\server\debug_pf2beta\tf_fx_shared.obj
d:\development\pf2-src\src\game\server\debug_pf2beta\tf_hltvdirector.obj
d:\development\pf2-src\src\game\server\debug_pf2beta\tf_obj_sapper.obj
d:\development\pf2-src\src\game\server\debug_pf2beta\tf_shareddefs.obj
d:\development\pf2-src\src\game\server\debug_pf2beta\tf_weapon_grenade_emp.obj
d:\development\pf2-src\src\game\server\debug_pf2beta\tf_weapon_club.obj
d:\development\pf2-src\src\game\server\debug_pf2beta\tf_weapon_parse.obj
d:\development\pf2-src\src\game\server\debug_pf2beta\tf_weapon_pipe.obj
d:\development\pf2-src\src\game\server\debug_pf2beta\tf_weapon_syringe.obj
d:\development\pf2-src\src\game\server\debug_pf2beta\ai_basenpc_flyer.obj
d:\development\pf2-src\src\game\server\debug_pf2beta\ai_behavior_rappel.obj
d:\development\pf2-src\src\game\server\debug_pf2beta\ai_hint.obj
d:\development\pf2-src\src\game\server\debug_pf2beta\ai_responsesystem.obj
d:\development\pf2-src\src\game\server\debug_pf2beta\ai_utils.obj
d:\development\pf2-src\src\game\server\debug_pf2beta\baseflex.obj
d:\development\pf2-src\src\game\server\debug_pf2beta\doors.obj
d:\development\pf2-src\src\game\server\debug_pf2beta\fire.obj
d:\development\pf2-src\src\game\server\debug_pf2beta\func_movelinear.obj
d:\development\pf2-src\src\game\server\debug_pf2beta\gameinterface.obj
d:\development\pf2-src\src\game\server\debug_pf2beta\player.obj
d:\development\pf2-src\src\game\server\debug_pf2beta\vehicle_viewblend_shared.obj
d:\development\pf2-src\src\game\server\debug_pf2beta\weapon_proficiency.obj
d:\development\pf2-src\src\game\server\debug_pf2beta\weapon_ifmbasecamera.obj
d:\development\pf2-src\src\game\server\debug_pf2beta\event_tempentity_tester.obj
d:\development\pf2-src\src\game\server\debug_pf2beta\smokestack.obj
d:\development\pf2-src\src\game\server\debug_pf2beta\te_bloodstream.obj
d:\development\pf2-src\src\game\server\debug_pf2beta\te_fizz.obj
d:\development\pf2-src\src\game\server\debug_pf2beta\te_physicsprop.obj
d:\development\pf2-src\src\game\server\debug_pf2beta\entity_forcerespawn.obj
d:\development\pf2-src\src\game\server\debug_pf2beta\func_nogrenades.obj
d:\development\pf2-src\src\game\server\debug_pf2beta\tf_gamemovement.obj
d:\development\pf2-src\src\game\server\debug_pf2beta\tf_player.obj
d:\development\pf2-src\src\game\server\debug_pf2beta\tf_weapon_grenade_nail.obj
d:\development\pf2-src\src\game\server\debug_pf2beta\tf_weapon_invis.obj
d:\development\pf2-src\src\game\server\debug_pf2beta\tf_weapon_pipebomblauncher.obj
d:\development\pf2-src\src\game\server\debug_pf2beta\ai_basenpc.obj
d:\development\pf2-src\src\game\server\debug_pf2beta\ai_networkmanager.obj
d:\development\pf2-src\src\game\server\debug_pf2beta\ai_trackpather.obj
d:\development\pf2-src\src\game\server\debug_pf2beta\baseentity.obj
d:\development\pf2-src\src\game\server\debug_pf2beta\env_entity_maker.obj
d:\development\pf2-src\src\game\server\debug_pf2beta\env_tonemap_controller.obj
d:\development\pf2-src\src\game\server\debug_pf2beta\envmicrophone.obj
d:\development\pf2-src\src\game\server\debug_pf2beta\func_break.obj
d:\development\pf2-src\src\game\server\debug_pf2beta\gamevars_shared.obj
d:\development\pf2-src\src\game\server\debug_pf2beta\genericmonster.obj
d:\development\pf2-src\src\game\server\debug_pf2beta\npc_vehicledriver.obj
d:\development\pf2-src\src\game\server\debug_pf2beta\plugin_check.obj
d:\development\pf2-src\src\game\server\debug_pf2beta\point_playermoveconstraint.obj
d:\development\pf2-src\src\game\server\debug_pf2beta\predictableid.obj
d:\development\pf2-src\src\game\server\debug_pf2beta\recipientfilter.obj
d:\development\pf2-src\src\game\server\debug_pf2beta\saverestore_gamedll.obj
d:\development\pf2-src\src\game\server\debug_pf2beta\scripted.obj
d:\development\pf2-src\src\game\server\debug_pf2beta\takedamageinfo.obj
d:\development\pf2-src\src\game\server\debug_pf2beta\team_control_point.obj
d:\development\pf2-src\src\game\server\debug_pf2beta\vote_controller.obj
d:\development\pf2-src\src\game\server\debug_pf2beta\achievements_pf.obj
d:\development\pf2-src\src\game\server\debug_pf2beta\entity_game_text_tf.obj
d:\development\pf2-src\src\game\server\debug_pf2beta\tf_bot_temp.obj
d:\development\pf2-src\src\game\server\debug_pf2beta\tf_logic_hybrid_ctf_cp.obj
d:\development\pf2-src\src\game\server\debug_pf2beta\tf_player_shared.obj
d:\development\pf2-src\src\game\server\debug_pf2beta\tf_weaponbase_rocket.obj
d:\development\pf2-src\src\game\server\debug_pf2beta\tf_weapon_grenade_heal.obj
d:\development\pf2-src\src\game\server\debug_pf2beta\tf_weapon_flamethrower.obj
d:\development\pf2-src\src\game\server\debug_pf2beta\achievementmgr.obj
d:\development\pf2-src\src\game\server\debug_pf2beta\ai_behavior_standoff.obj
d:\development\pf2-src\src\game\server\debug_pf2beta\ai_looktarget.obj
d:\development\pf2-src\src\game\server\debug_pf2beta\ai_moveshoot.obj
d:\development\pf2-src\src\game\server\debug_pf2beta\ai_route.obj
d:\development\pf2-src\src\game\server\debug_pf2beta\ai_squad.obj
d:\development\pf2-src\src\game\server\debug_pf2beta\basecombatweapon.obj
d:\development\pf2-src\src\game\server\debug_pf2beta\bitstring.obj
d:\development\pf2-src\src\game\server\debug_pf2beta\collisionproperty.obj
d:\development\pf2-src\src\game\server\debug_pf2beta\death_pose.obj
d:\development\pf2-src\src\game\server\debug_pf2beta\effectsserver.obj
d:\development\pf2-src\src\game\server\debug_pf2beta\entitylist.obj
d:\development\pf2-src\src\game\server\debug_pf2beta\envmessage.obj
d:\development\pf2-src\src\game\server\debug_pf2beta\func_ladder.obj
d:\development\pf2-src\src\game\server\debug_pf2beta\gamemovement.obj
d:\development\pf2-src\src\game\server\debug_pf2beta\h_ai.obj
d:\development\pf2-src\src\game\server\debug_pf2beta\hierarchy.obj
d:\development\pf2-src\src\game\server\debug_pf2beta\info_camera_link.obj
d:\development\pf2-src\src\game\server\debug_pf2beta\logicentities.obj
d:\development\pf2-src\src\game\server\debug_pf2beta\pathtrack.obj
d:\development\pf2-src\src\game\server\debug_pf2beta\physconstraint.obj
d:\development\pf2-src\src\game\server\debug_pf2beta\physics_main_shared.obj
d:\development\pf2-src\src\game\server\debug_pf2beta\precache_register.obj
d:\development\pf2-src\src\game\server\debug_pf2beta\ragdoll_shared.obj
d:\development\pf2-src\src\game\server\debug_pf2beta\sendproxy.obj
d:\development\pf2-src\src\game\server\debug_pf2beta\simtimer.obj
d:\development\pf2-src\src\game\server\debug_pf2beta\singleplay_gamerules.obj
d:\development\pf2-src\src\game\server\debug_pf2beta\soundenvelope.obj
d:\development\pf2-src\src\game\server\debug_pf2beta\tactical_mission.obj
d:\development\pf2-src\src\game\server\debug_pf2beta\templateentities.obj
d:\development\pf2-src\src\game\server\debug_pf2beta\test_proxytoggle.obj
d:\development\pf2-src\src\game\server\debug_pf2beta\testtraceline.obj
d:\development\pf2-src\src\game\server\debug_pf2beta\triggers.obj
d:\development\pf2-src\src\game\server\debug_pf2beta\te_beamspline.obj
d:\development\pf2-src\src\game\server\debug_pf2beta\te_bubbletrail.obj
d:\development\pf2-src\src\game\server\debug_pf2beta\te_glowsprite.obj
d:\development\pf2-src\src\game\server\debug_pf2beta\te_sprite.obj
d:\development\pf2-src\src\game\server\debug_pf2beta\entity_roundwin.obj
d:\development\pf2-src\src\game\server\debug_pf2beta\func_no_build.obj
d:\development\pf2-src\src\game\server\debug_pf2beta\multiplayer_animstate.obj
d:\development\pf2-src\src\game\server\debug_pf2beta\tf_fx.obj
d:\development\pf2-src\src\game\server\debug_pf2beta\tf_gamerules.obj
d:\development\pf2-src\src\game\server\debug_pf2beta\tf_voteissues.obj
d:\development\pf2-src\src\game\server\debug_pf2beta\tf_weapon_grenade_mirv.obj
d:\development\pf2-src\src\game\server\debug_pf2beta\tf_weapon_fireaxe.obj
d:\development\pf2-src\src\game\server\debug_pf2beta\tf_weapon_machete.obj
d:\development\pf2-src\src\game\server\debug_pf2beta\tf_weapon_revolver.obj
d:\development\pf2-src\src\game\server\debug_pf2beta\entity_tools_server.obj
d:\development\pf2-src\src\game\server\debug_pf2beta\achievements_hlx.obj
d:\development\pf2-src\src\game\server\debug_pf2beta\ai_basenpc_schedule.obj
d:\development\pf2-src\src\game\server\debug_pf2beta\ai_concommands.obj
d:\development\pf2-src\src\game\server\debug_pf2beta\ai_initutils.obj
d:\development\pf2-src\src\game\server\debug_pf2beta\ai_planesolver.obj
d:\development\pf2-src\src\game\server\debug_pf2beta\ai_speechfilter.obj
d:\development\pf2-src\src\game\server\debug_pf2beta\beam_shared.obj
d:\development\pf2-src\src\game\server\debug_pf2beta\colorcorrectionvolume.obj
d:\development\pf2-src\src\game\server\debug_pf2beta\decals.obj
d:\development\pf2-src\src\game\server\debug_pf2beta\entityparticletrail_shared.obj
d:\development\pf2-src\src\game\server\debug_pf2beta\env_detail_controller.obj
d:\development\pf2-src\src\game\server\debug_pf2beta\env_particlescript.obj
d:\development\pf2-src\src\game\server\debug_pf2beta\env_projectedtexture.obj
d:\development\pf2-src\src\game\server\debug_pf2beta\envlaser.obj
d:\development\pf2-src\src\game\server\debug_pf2beta\func_areaportalwindow.obj
d:\development\pf2-src\src\game\server\debug_pf2beta\func_monitor.obj
d:\development\pf2-src\src\game\server\debug_pf2beta\game_ui.obj
d:\development\pf2-src\src\game\server\debug_pf2beta\gameweaponmanager.obj
d:\development\pf2-src\src\game\server\debug_pf2beta\haptic_utils.obj
d:\development\pf2-src\src\game\server\debug_pf2beta\igamesystem.obj
d:\development\pf2-src\src\game\server\debug_pf2beta\logic_navigation.obj
d:\development\pf2-src\src\game\server\debug_pf2beta\mapentities_shared.obj
d:\development\pf2-src\src\game\server\debug_pf2beta\modelsoundscache.obj
d:\development\pf2-src\src\game\server\debug_pf2beta\particlesystemquery.obj
d:\development\pf2-src\src\game\server\debug_pf2beta\physics_saverestore.obj
d:\development\pf2-src\src\game\server\debug_pf2beta\point_camera.obj
d:\development\pf2-src\src\game\server\debug_pf2beta\pointhurt.obj
d:\development\pf2-src\src\game\server\debug_pf2beta\ragdoll_manager.obj
d:\development\pf2-src\src\game\server\debug_pf2beta\skycamera.obj
d:\development\pf2-src\src\game\server\debug_pf2beta\soundparametersinternal.obj
d:\development\pf2-src\src\game\server\debug_pf2beta\soundscape.obj
d:\development\pf2-src\src\game\server\debug_pf2beta\teamplay_gamerules.obj
d:\development\pf2-src\src\game\server\debug_pf2beta\tesla.obj
d:\development\pf2-src\src\game\server\debug_pf2beta\testfunctions.obj
d:\development\pf2-src\src\game\server\debug_pf2beta\timedeventmgr.obj
d:\development\pf2-src\src\game\server\debug_pf2beta\usercmd.obj
d:\development\pf2-src\src\game\server\debug_pf2beta\util_shared.obj
d:\development\pf2-src\src\game\server\debug_pf2beta\vehicle_baseserver.obj
d:\development\pf2-src\src\game\server\debug_pf2beta\te_beaments.obj
d:\development\pf2-src\src\game\server\debug_pf2beta\te_breakmodel.obj
d:\development\pf2-src\src\game\server\debug_pf2beta\te_gaussexplosion.obj
d:\development\pf2-src\src\game\server\debug_pf2beta\te_showline.obj
d:\development\pf2-src\src\game\server\debug_pf2beta\entity_armor.obj
d:\development\pf2-src\src\game\server\debug_pf2beta\tf_eventlog.obj
d:\development\pf2-src\src\game\server\debug_pf2beta\tf_obj_teleporter.obj
d:\development\pf2-src\src\game\server\debug_pf2beta\tf_projectile_nail.obj
d:\development\pf2-src\src\game\server\debug_pf2beta\tf_weapon_grenade_gas.obj
d:\development\pf2-src\src\game\server\debug_pf2beta\tf_weapon_brandingiron.obj
d:\development\pf2-src\src\game\server\debug_pf2beta\tf_weapon_fists.obj
d:\development\pf2-src\src\game\server\debug_pf2beta\tf_weapon_rocketlauncher.obj
d:\development\pf2-src\src\game\server\debug_pf2beta\activitylist.obj
d:\development\pf2-src\src\game\server\debug_pf2beta\ai_basenpc_squad.obj
d:\development\pf2-src\src\game\server\debug_pf2beta\ai_criteria.obj
d:\development\pf2-src\src\game\server\debug_pf2beta\ai_dynamiclink.obj
d:\development\pf2-src\src\game\server\debug_pf2beta\ai_moveprobe.obj
d:\development\pf2-src\src\game\server\debug_pf2beta\ai_saverestore.obj
d:\development\pf2-src\src\game\server\debug_pf2beta\ai_tacticalservices.obj
d:\development\pf2-src\src\game\server\debug_pf2beta\basecombatweapon_shared.obj
d:\development\pf2-src\src\game\server\debug_pf2beta\basemultiplayerplayer.obj
d:\development\pf2-src\src\game\server\debug_pf2beta\buttons.obj
d:\development\pf2-src\src\game\server\debug_pf2beta\cragdollmagnet.obj
d:\development\pf2-src\src\game\server\debug_pf2beta\dynamiclight.obj
d:\development\pf2-src\src\game\server\debug_pf2beta\entitylist_base.obj
d:\development\pf2-src\src\game\server\debug_pf2beta\env_debughistory.obj
d:\development\pf2-src\src\game\server\debug_pf2beta\env_player_surface_trigger.obj
d:\development\pf2-src\src\game\server\debug_pf2beta\env_screenoverlay.obj
d:\development\pf2-src\src\game\server\debug_pf2beta\envfade.obj
d:\development\pf2-src\src\game\server\debug_pf2beta\eventlist.obj
d:\development\pf2-src\src\game\server\debug_pf2beta\fire_smoke.obj
d:\development\pf2-src\src\game\server\debug_pf2beta\func_breakablesurf.obj
d:\development\pf2-src\src\game\server\debug_pf2beta\guntarget.obj
d:\development\pf2-src\src\game\server\debug_pf2beta\hltvdirector.obj
d:\development\pf2-src\src\game\server\debug_pf2beta\lightglow.obj
d:\development\pf2-src\src\game\server\debug_pf2beta\logicrelay.obj
d:\development\pf2-src\src\game\server\debug_pf2beta\monstermaker.obj
d:\development\pf2-src\src\game\server\debug_pf2beta\physics_impact_damage.obj
d:\development\pf2-src\src\game\server\debug_pf2beta\physics_prop_ragdoll.obj
d:\development\pf2-src\src\game\server\debug_pf2beta\scenecache.obj
d:\development\pf2-src\src\game\server\debug_pf2beta\soundemittersystem.obj
d:\development\pf2-src\src\game\server\debug_pf2beta\sprite.obj
d:\development\pf2-src\src\game\server\debug_pf2beta\team_objectiveresource.obj
d:\development\pf2-src\src\game\server\debug_pf2beta\tempmonster.obj
d:\development\pf2-src\src\game\server\debug_pf2beta\test_ehandle.obj
d:\development\pf2-src\src\game\server\debug_pf2beta\test_stressentities.obj
d:\development\pf2-src\src\game\server\debug_pf2beta\trains.obj
d:\development\pf2-src\src\game\server\debug_pf2beta\voice_gamemgr.obj
d:\development\pf2-src\src\game\server\debug_pf2beta\wcedit.obj
d:\development\pf2-src\src\game\server\debug_pf2beta\te_footprintdecal.obj
d:\development\pf2-src\src\game\server\debug_pf2beta\te_particlesystem.obj
d:\development\pf2-src\src\game\server\debug_pf2beta\baseobject_shared.obj
d:\development\pf2-src\src\game\server\debug_pf2beta\func_regenerate.obj
d:\development\pf2-src\src\game\server\debug_pf2beta\tf_obj_detpack.obj
d:\development\pf2-src\src\game\server\debug_pf2beta\tf_playerclass.obj
d:\development\pf2-src\src\game\server\debug_pf2beta\tf_team.obj
d:\development\pf2-src\src\game\server\debug_pf2beta\tf_projectile_rocket.obj
d:\development\pf2-src\src\game\server\debug_pf2beta\tf_weaponbase_melee.obj
d:\development\pf2-src\src\game\server\debug_pf2beta\tf_weapon_bat.obj
d:\development\pf2-src\src\game\server\debug_pf2beta\tf_weapon_grenadelauncher.obj
d:\development\pf2-src\src\game\server\debug_pf2beta\tf_weapon_shotgun.obj
d:\development\pf2-src\src\game\server\debug_pf2beta\ai_basenpc_movement.obj
d:\development\pf2-src\src\game\server\debug_pf2beta\ai_behavior_fear.obj
d:\development\pf2-src\src\game\server\debug_pf2beta\ai_event.obj
d:\development\pf2-src\src\game\server\debug_pf2beta\ai_namespaces.obj
d:\development\pf2-src\src\game\server\debug_pf2beta\ai_network.obj
d:\development\pf2-src\src\game\server\debug_pf2beta\ai_scriptconditions.obj
d:\development\pf2-src\src\game\server\debug_pf2beta\ai_waypoint.obj
d:\development\pf2-src\src\game\server\debug_pf2beta\base_playeranimstate.obj
d:\development\pf2-src\src\game\server\debug_pf2beta\baseentity_shared.obj
d:\development\pf2-src\src\game\server\debug_pf2beta\baseviewmodel.obj
d:\development\pf2-src\src\game\server\debug_pf2beta\colorcorrection.obj
d:\development\pf2-src\src\game\server\debug_pf2beta\cplane.obj
d:\development\pf2-src\src\game\server\debug_pf2beta\debugoverlay_shared.obj
d:\development\pf2-src\src\game\server\debug_pf2beta\ehandle.obj
d:\development\pf2-src\src\game\server\debug_pf2beta\entityflame.obj
d:\development\pf2-src\src\game\server\debug_pf2beta\env_zoom.obj
d:\development\pf2-src\src\game\server\debug_pf2beta\envshake.obj
d:\development\pf2-src\src\game\server\debug_pf2beta\func_areaportal.obj
d:\development\pf2-src\src\game\server\debug_pf2beta\func_dust.obj
d:\development\pf2-src\src\game\server\debug_pf2beta\func_reflective_glass.obj
d:\development\pf2-src\src\game\server\debug_pf2beta\gamestats.obj
d:\development\pf2-src\src\game\server\debug_pf2beta\materialmodifycontrol.obj
d:\development\pf2-src\src\game\server\debug_pf2beta\multiplay_gamerules.obj
d:\development\pf2-src\src\game\server\debug_pf2beta\physics_npc_solver.obj
d:\development\pf2-src\src\game\server\debug_pf2beta\pointanglesensor.obj
d:\development\pf2-src\src\game\server\debug_pf2beta\props_shared.obj
d:\development\pf2-src\src\game\server\debug_pf2beta\shadowcontrol.obj
d:\development\pf2-src\src\game\server\debug_pf2beta\sound.obj
d:\development\pf2-src\src\game\server\debug_pf2beta\sun.obj
d:\development\pf2-src\src\game\server\debug_pf2beta\team_control_point_round.obj
d:\development\pf2-src\src\game\server\debug_pf2beta\waterbullet.obj
d:\development\pf2-src\src\game\server\debug_pf2beta\weight_button.obj
d:\development\pf2-src\src\game\server\debug_pf2beta\weapon_ifmsteadycam.obj
d:\development\pf2-src\src\game\server\debug_pf2beta\plasma.obj
d:\development\pf2-src\src\game\server\debug_pf2beta\te_armorricochet.obj
d:\development\pf2-src\src\game\server\debug_pf2beta\te_beamlaser.obj
d:\development\pf2-src\src\game\server\debug_pf2beta\te_bubbles.obj
d:\development\pf2-src\src\game\server\debug_pf2beta\te_glassshatter.obj
d:\development\pf2-src\src\game\server\debug_pf2beta\usermessages.obj
d:\development\pf2-src\src\game\server\debug_pf2beta\func_changeclass.obj
d:\development\pf2-src\src\game\server\debug_pf2beta\func_respawnroom.obj
d:\development\pf2-src\src\game\server\debug_pf2beta\tf_obj_dispenser.obj
d:\development\pf2-src\src\game\server\debug_pf2beta\tf_playerclass_info_parse.obj
d:\development\pf2-src\src\game\server\debug_pf2beta\tf_playerclass_shared.obj
d:\development\pf2-src\src\game\server\debug_pf2beta\tf_weaponbase_grenadeproj.obj
d:\development\pf2-src\src\game\server\debug_pf2beta\tf_weapon_blowtorch.obj
d:\development\pf2-src\src\game\server\debug_pf2beta\tf_weapon_knife.obj
d:\development\pf2-src\src\game\server\debug_pf2beta\tf_weapon_sniperrifle.obj
d:\development\pf2-src\src\game\server\debug_pf2beta\collisionutils.obj
d:\development\pf2-src\src\game\server\debug_pf2beta\rope_physics.obj
d:\development\pf2-src\src\game\server\debug_pf2beta\dt_utlvector_send.obj
d:\development\pf2-src\src\game\server\debug_pf2beta\networkvar.obj
d:\development\pf2-src\src\game\server\debug_pf2beta\scratchpad3d.obj
d:\development\pf2-src\src\game\server\debug_pf2beta\init_factory.obj
d:\development\pf2-src\src\game\server\debug_pf2beta\interval.obj
d:\development\pf2-src\src\game\server\debug_pf2beta\map_utils.obj
d:\development\pf2-src\src\game\server\debug_pf2beta\engine_patch.obj
d:\development\pf2-src\src\game\server\debug_pf2beta\interpolatortypes.obj
d:\development\pf2-src\src\game\server\debug_pf2beta\language.obj
d:\development\pf2-src\src\game\server\debug_pf2beta\sheetsimulator.obj
d:\development\pf2-src\src\game\server\debug_pf2beta\h_export.obj
d:\development\pf2-src\src\game\server\debug_pf2beta\registry.obj
d:\development\pf2-src\src\game\server\debug_pf2beta\tf_gamestats_shared.obj
d:\development\pf2-src\src\game\server\debug_pf2beta\filesystem_helpers.obj
d:\development\pf2-src\src\game\server\debug_pf2beta\scratchpadutils.obj
d:\development\pf2-src\src\game\server\debug_pf2beta\editor_sendcommand.obj
d:\development\pf2-src\src\game\server\debug_pf2beta\server_class.obj
d:\development\pf2-src\src\game\server\debug_pf2beta\studio.obj
d:\development\pf2-src\src\game\server\debug_pf2beta\dt_utlvector_common.obj
d:\development\pf2-src\src\game\server\debug_pf2beta\randoverride.obj
d:\development\pf2-src\src\game\server\debug_pf2beta\stringregistry.obj
d:\development\pf2-src\src\game\server\debug_pf2beta\gamestats_basicstatsfunctions.obj
d:\development\pf2-src\src\game\server\debug_pf2beta\gamehandle.obj
d:\development\pf2-src\src\game\server\debug_pf2beta\keyframe.obj
d:\development\pf2-src\src\game\server\debug_pf2beta\simple_physics.obj
d:\development\pf2-src\src\game\server\debug_pf2beta\bone_setup.obj
d:\development\pf2-src\src\game\server\debug_pf2beta\dt_send.obj
d:\development\pf2-src\src\game\server\debug_pf2beta\memoverride.obj
d:\development\pf2-src\src\game\server\debug_pf2beta\os_utils.obj
d:\development\pf2-src\src\game\server\debug_pf2beta\pointeroverride.obj
d:\development\pf2-src\src\game\server\server_pf2beta.vpc.sentinel
d:\development\pf2-src\src\game\server\debug_pf2beta\server.ilk
d:\development\pf2-src\src\game\server\debug_pf2beta\server.dll
d:\development\pf2-src\src\game\server\debug_pf2beta\server.pdb
d:\development\pf2-src\src\game\server\debug_pf2beta\server.lib
d:\development\pf2-src\src\game\server\debug_pf2beta\server.exp
d:\development\pf2c-src\src\game\server\debug_pf2beta\achievementmgr.obj
d:\development\pf2c-src\src\game\server\debug_pf2beta\achievements_hlx.obj
d:\development\pf2c-src\src\game\server\debug_pf2beta\achievements_pf.obj
d:\development\pf2c-src\src\game\server\debug_pf2beta\achievement_saverestore.obj
d:\development\pf2c-src\src\game\server\debug_pf2beta\activitylist.obj
d:\development\pf2c-src\src\game\server\debug_pf2beta\ai_activity.obj
d:\development\pf2c-src\src\game\server\debug_pf2beta\ai_baseactor.obj
d:\development\pf2c-src\src\game\server\debug_pf2beta\ai_basehumanoid.obj
d:\development\pf2c-src\src\game\server\debug_pf2beta\ai_basenpc.obj
d:\development\pf2c-src\src\game\server\debug_pf2beta\ai_basenpc_flyer.obj
d:\development\pf2c-src\src\game\server\debug_pf2beta\ai_basenpc_flyer_new.obj
d:\development\pf2c-src\src\game\server\debug_pf2beta\ai_basenpc_movement.obj
d:\development\pf2c-src\src\game\server\debug_pf2beta\ai_basenpc_physicsflyer.obj
d:\development\pf2c-src\src\game\server\debug_pf2beta\ai_basenpc_schedule.obj
d:\development\pf2c-src\src\game\server\debug_pf2beta\ai_basenpc_squad.obj
d:\development\pf2c-src\src\game\server\debug_pf2beta\ai_behavior.obj
d:\development\pf2c-src\src\game\server\debug_pf2beta\ai_behavior_assault.obj
d:\development\pf2c-src\src\game\server\debug_pf2beta\ai_behavior_fear.obj
d:\development\pf2c-src\src\game\server\debug_pf2beta\ai_behavior_follow.obj
d:\development\pf2c-src\src\game\server\debug_pf2beta\ai_behavior_lead.obj
d:\development\pf2c-src\src\game\server\debug_pf2beta\ai_behavior_rappel.obj
d:\development\pf2c-src\src\game\server\debug_pf2beta\ai_behavior_standoff.obj
d:\development\pf2c-src\src\game\server\debug_pf2beta\ai_blended_movement.obj
d:\development\pf2c-src\src\game\server\debug_pf2beta\ai_concommands.obj
d:\development\pf2c-src\src\game\server\debug_pf2beta\ai_condition.obj
d:\development\pf2c-src\src\game\server\debug_pf2beta\ai_criteria.obj
d:\development\pf2c-src\src\game\server\debug_pf2beta\ai_default.obj
d:\development\pf2c-src\src\game\server\debug_pf2beta\ai_dynamiclink.obj
d:\development\pf2c-src\src\game\server\debug_pf2beta\ai_event.obj
d:\development\pf2c-src\src\game\server\debug_pf2beta\ai_goalentity.obj
d:\development\pf2c-src\src\game\server\debug_pf2beta\ai_hint.obj
d:\development\pf2c-src\src\game\server\debug_pf2beta\ai_hull.obj
d:\development\pf2c-src\src\game\server\debug_pf2beta\ai_initutils.obj
d:\development\pf2c-src\src\game\server\debug_pf2beta\ai_interest_target.obj
d:\development\pf2c-src\src\game\server\debug_pf2beta\ai_link.obj
d:\development\pf2c-src\src\game\server\debug_pf2beta\ai_localnavigator.obj
d:\development\pf2c-src\src\game\server\debug_pf2beta\ai_looktarget.obj
d:\development\pf2c-src\src\game\server\debug_pf2beta\ai_memory.obj
d:\development\pf2c-src\src\game\server\debug_pf2beta\ai_motor.obj
d:\development\pf2c-src\src\game\server\debug_pf2beta\ai_moveprobe.obj
d:\development\pf2c-src\src\game\server\debug_pf2beta\ai_moveshoot.obj
d:\development\pf2c-src\src\game\server\debug_pf2beta\ai_movesolver.obj
d:\development\pf2c-src\src\game\server\debug_pf2beta\ai_namespaces.obj
d:\development\pf2c-src\src\game\server\debug_pf2beta\ai_navigator.obj
d:\development\pf2c-src\src\game\server\debug_pf2beta\ai_network.obj
d:\development\pf2c-src\src\game\server\debug_pf2beta\ai_networkmanager.obj
d:\development\pf2c-src\src\game\server\debug_pf2beta\ai_node.obj
d:\development\pf2c-src\src\game\server\debug_pf2beta\ai_pathfinder.obj
d:\development\pf2c-src\src\game\server\debug_pf2beta\ai_planesolver.obj
d:\development\pf2c-src\src\game\server\debug_pf2beta\ai_playerally.obj
d:\development\pf2c-src\src\game\server\debug_pf2beta\ai_relationship.obj
d:\development\pf2c-src\src\game\server\debug_pf2beta\ai_responsesystem.obj
d:\development\pf2c-src\src\game\server\debug_pf2beta\ai_route.obj
d:\development\pf2c-src\src\game\server\debug_pf2beta\ai_saverestore.obj
d:\development\pf2c-src\src\game\server\debug_pf2beta\ai_schedule.obj
d:\development\pf2c-src\src\game\server\debug_pf2beta\ai_scriptconditions.obj
d:\development\pf2c-src\src\game\server\debug_pf2beta\ai_senses.obj
d:\development\pf2c-src\src\game\server\debug_pf2beta\ai_sentence.obj
d:\development\pf2c-src\src\game\server\debug_pf2beta\ai_speech.obj
d:\development\pf2c-src\src\game\server\debug_pf2beta\ai_speechfilter.obj
d:\development\pf2c-src\src\game\server\debug_pf2beta\ai_squad.obj
d:\development\pf2c-src\src\game\server\debug_pf2beta\ai_squadslot.obj
d:\development\pf2c-src\src\game\server\debug_pf2beta\ai_tacticalservices.obj
d:\development\pf2c-src\src\game\server\debug_pf2beta\ai_task.obj
d:\development\pf2c-src\src\game\server\debug_pf2beta\ai_trackpather.obj
d:\development\pf2c-src\src\game\server\debug_pf2beta\ai_utils.obj
d:\development\pf2c-src\src\game\server\debug_pf2beta\ai_waypoint.obj
d:\development\pf2c-src\src\game\server\debug_pf2beta\ammodef.obj
d:\development\pf2c-src\src\game\server\debug_pf2beta\animation.obj
d:\development\pf2c-src\src\game\server\debug_pf2beta\baseachievement.obj
d:\development\pf2c-src\src\game\server\debug_pf2beta\baseanimating.obj
d:\development\pf2c-src\src\game\server\debug_pf2beta\baseanimatingoverlay.obj
d:\development\pf2c-src\src\game\server\debug_pf2beta\basecombatcharacter.obj
d:\development\pf2c-src\src\game\server\debug_pf2beta\basecombatcharacter_shared.obj
d:\development\pf2c-src\src\game\server\debug_pf2beta\basecombatweapon.obj
d:\development\pf2c-src\src\game\server\debug_pf2beta\basecombatweapon_shared.obj
d:\development\pf2c-src\src\game\server\debug_pf2beta\baseentity.obj
d:\development\pf2c-src\src\game\server\debug_pf2beta\baseentity_shared.obj
d:\development\pf2c-src\src\game\server\debug_pf2beta\baseflex.obj
d:\development\pf2c-src\src\game\server\debug_pf2beta\basegrenade_concussion.obj
d:\development\pf2c-src\src\game\server\debug_pf2beta\basegrenade_contact.obj
d:\development\pf2c-src\src\game\server\debug_pf2beta\basegrenade_shared.obj
d:\development\pf2c-src\src\game\server\debug_pf2beta\basegrenade_timed.obj
d:\development\pf2c-src\src\game\server\debug_pf2beta\basemultiplayerplayer.obj
d:\development\pf2c-src\src\game\server\debug_pf2beta\baseobject_shared.obj
d:\development\pf2c-src\src\game\server\debug_pf2beta\baseparticleentity.obj
d:\development\pf2c-src\src\game\server\debug_pf2beta\baseplayer_shared.obj
d:\development\pf2c-src\src\game\server\debug_pf2beta\baseprojectile.obj
d:\development\pf2c-src\src\game\server\debug_pf2beta\basetempentity.obj
d:\development\pf2c-src\src\game\server\debug_pf2beta\baseviewmodel.obj
d:\development\pf2c-src\src\game\server\debug_pf2beta\baseviewmodel_shared.obj
d:\development\pf2c-src\src\game\server\debug_pf2beta\base_playeranimstate.obj
d:\development\pf2c-src\src\game\server\debug_pf2beta\base_transmit_proxy.obj
d:\development\pf2c-src\src\game\server\debug_pf2beta\beam_shared.obj
d:\development\pf2c-src\src\game\server\debug_pf2beta\bitstring.obj
d:\development\pf2c-src\src\game\server\debug_pf2beta\bmodels.obj
d:\development\pf2c-src\src\game\server\debug_pf2beta\bone_setup.obj
d:\development\pf2c-src\src\game\server\debug_pf2beta\buttons.obj
d:\development\pf2c-src\src\game\server\debug_pf2beta\cbase.obj
d:\development\pf2c-src\src\game\server\debug_pf2beta\client.obj
d:\development\pf2c-src\src\game\server\debug_pf2beta\collisionproperty.obj
d:\development\pf2c-src\src\game\server\debug_pf2beta\collisionutils.obj
d:\development\pf2c-src\src\game\server\debug_pf2beta\colorcorrection.obj
d:\development\pf2c-src\src\game\server\debug_pf2beta\colorcorrectionvolume.obj
d:\development\pf2c-src\src\game\server\debug_pf2beta\commentarysystem.obj
d:\development\pf2c-src\src\game\server\debug_pf2beta\controlentities.obj
d:\development\pf2c-src\src\game\server\debug_pf2beta\cplane.obj
d:\development\pf2c-src\src\game\server\debug_pf2beta\cragdollmagnet.obj
d:\development\pf2c-src\src\game\server\debug_pf2beta\damagemodifier.obj
d:\development\pf2c-src\src\game\server\debug_pf2beta\death_pose.obj
d:\development\pf2c-src\src\game\server\debug_pf2beta\debugoverlay_shared.obj
d:\development\pf2c-src\src\game\server\debug_pf2beta\decals.obj
d:\development\pf2c-src\src\game\server\debug_pf2beta\doors.obj
d:\development\pf2c-src\src\game\server\debug_pf2beta\dt_send.obj
d:\development\pf2c-src\src\game\server\debug_pf2beta\dt_utlvector_common.obj
d:\development\pf2c-src\src\game\server\debug_pf2beta\dt_utlvector_send.obj
d:\development\pf2c-src\src\game\server\debug_pf2beta\dynamiclight.obj
d:\development\pf2c-src\src\game\server\debug_pf2beta\editor_sendcommand.obj
d:\development\pf2c-src\src\game\server\debug_pf2beta\effects.obj
d:\development\pf2c-src\src\game\server\debug_pf2beta\effectsserver.obj
d:\development\pf2c-src\src\game\server\debug_pf2beta\effect_dispatch_data.obj
d:\development\pf2c-src\src\game\server\debug_pf2beta\ehandle.obj
d:\development\pf2c-src\src\game\server\debug_pf2beta\engine_patch.obj
d:\development\pf2c-src\src\game\server\debug_pf2beta\entityblocker.obj
d:\development\pf2c-src\src\game\server\debug_pf2beta\entitydissolve.obj
d:\development\pf2c-src\src\game\server\debug_pf2beta\entityflame.obj
d:\development\pf2c-src\src\game\server\debug_pf2beta\entitylist.obj
d:\development\pf2c-src\src\game\server\debug_pf2beta\entitylist_base.obj
d:\development\pf2c-src\src\game\server\debug_pf2beta\entityparticletrail.obj
d:\development\pf2c-src\src\game\server\debug_pf2beta\entityparticletrail_shared.obj
d:\development\pf2c-src\src\game\server\debug_pf2beta\entity_ammopack.obj
d:\development\pf2c-src\src\game\server\debug_pf2beta\entity_armor.obj
d:\development\pf2c-src\src\game\server\debug_pf2beta\entity_capture_flag.obj
d:\development\pf2c-src\src\game\server\debug_pf2beta\entity_forcerespawn.obj
d:\development\pf2c-src\src\game\server\debug_pf2beta\entity_game_text_tf.obj
d:\development\pf2c-src\src\game\server\debug_pf2beta\entity_healthkit.obj
d:\development\pf2c-src\src\game\server\debug_pf2beta\entity_intermission.obj
d:\development\pf2c-src\src\game\server\debug_pf2beta\entity_roundwin.obj
d:\development\pf2c-src\src\game\server\debug_pf2beta\entity_tfstart.obj
d:\development\pf2c-src\src\game\server\debug_pf2beta\entity_tools_server.obj
d:\development\pf2c-src\src\game\server\debug_pf2beta\envbeam.obj
d:\development\pf2c-src\src\game\server\debug_pf2beta\envfade.obj
d:\development\pf2c-src\src\game\server\debug_pf2beta\envhudhint.obj
d:\development\pf2c-src\src\game\server\debug_pf2beta\envlaser.obj
d:\development\pf2c-src\src\game\server\debug_pf2beta\envmessage.obj
d:\development\pf2c-src\src\game\server\debug_pf2beta\envmicrophone.obj
d:\development\pf2c-src\src\game\server\debug_pf2beta\envshake.obj
d:\development\pf2c-src\src\game\server\debug_pf2beta\envspark.obj
d:\development\pf2c-src\src\game\server\debug_pf2beta\env_debughistory.obj
d:\development\pf2c-src\src\game\server\debug_pf2beta\env_detail_controller.obj
d:\development\pf2c-src\src\game\server\debug_pf2beta\env_effectsscript.obj
d:\development\pf2c-src\src\game\server\debug_pf2beta\env_entity_maker.obj
d:\development\pf2c-src\src\game\server\debug_pf2beta\env_particlescript.obj
d:\development\pf2c-src\src\game\server\debug_pf2beta\env_player_surface_trigger.obj
d:\development\pf2c-src\src\game\server\debug_pf2beta\env_projectedtexture.obj
d:\development\pf2c-src\src\game\server\debug_pf2beta\env_screenoverlay.obj
d:\development\pf2c-src\src\game\server\debug_pf2beta\env_texturetoggle.obj
d:\development\pf2c-src\src\game\server\debug_pf2beta\env_tonemap_controller.obj
d:\development\pf2c-src\src\game\server\debug_pf2beta\env_wind_shared.obj
d:\development\pf2c-src\src\game\server\debug_pf2beta\env_zoom.obj
d:\development\pf2c-src\src\game\server\debug_pf2beta\eventlist.obj
d:\development\pf2c-src\src\game\server\debug_pf2beta\eventlog.obj
d:\development\pf2c-src\src\game\server\debug_pf2beta\event_tempentity_tester.obj
d:\development\pf2c-src\src\game\server\debug_pf2beta\explode.obj
d:\development\pf2c-src\src\game\server\debug_pf2beta\filesystem_helpers.obj
d:\development\pf2c-src\src\game\server\debug_pf2beta\filters.obj
d:\development\pf2c-src\src\game\server\debug_pf2beta\fire.obj
d:\development\pf2c-src\src\game\server\debug_pf2beta\fire_smoke.obj
d:\development\pf2c-src\src\game\server\debug_pf2beta\fish.obj
d:\development\pf2c-src\src\game\server\debug_pf2beta\fogcontroller.obj
d:\development\pf2c-src\src\game\server\debug_pf2beta\fourwheelvehiclephysics.obj
d:\development\pf2c-src\src\game\server\debug_pf2beta\func_areaportal.obj
d:\development\pf2c-src\src\game\server\debug_pf2beta\func_areaportalbase.obj
d:\development\pf2c-src\src\game\server\debug_pf2beta\func_areaportalwindow.obj
d:\development\pf2c-src\src\game\server\debug_pf2beta\func_break.obj
d:\development\pf2c-src\src\game\server\debug_pf2beta\func_breakablesurf.obj
d:\development\pf2c-src\src\game\server\debug_pf2beta\func_capture_zone.obj
d:\development\pf2c-src\src\game\server\debug_pf2beta\func_changeclass.obj
d:\development\pf2c-src\src\game\server\debug_pf2beta\func_dust.obj
d:\development\pf2c-src\src\game\server\debug_pf2beta\func_ladder.obj
d:\development\pf2c-src\src\game\server\debug_pf2beta\func_ladder_endpoint.obj
d:\development\pf2c-src\src\game\server\debug_pf2beta\func_lod.obj
d:\development\pf2c-src\src\game\server\debug_pf2beta\func_monitor.obj
d:\development\pf2c-src\src\game\server\debug_pf2beta\func_movelinear.obj
d:\development\pf2c-src\src\game\server\debug_pf2beta\func_nogrenades.obj
d:\development\pf2c-src\src\game\server\debug_pf2beta\func_no_build.obj
d:\development\pf2c-src\src\game\server\debug_pf2beta\func_occluder.obj
d:\development\pf2c-src\src\game\server\debug_pf2beta\func_reflective_glass.obj
d:\development\pf2c-src\src\game\server\debug_pf2beta\func_regenerate.obj
d:\development\pf2c-src\src\game\server\debug_pf2beta\func_respawnflag.obj
d:\development\pf2c-src\src\game\server\debug_pf2beta\func_respawnroom.obj
d:\development\pf2c-src\src\game\server\debug_pf2beta\func_smokevolume.obj
d:\development\pf2c-src\src\game\server\debug_pf2beta\game.obj
d:\development\pf2c-src\src\game\server\debug_pf2beta\gamedll_replay.obj
d:\development\pf2c-src\src\game\server\debug_pf2beta\gamehandle.obj
d:\development\pf2c-src\src\game\server\debug_pf2beta\gameinterface.obj
d:\development\pf2c-src\src\game\server\debug_pf2beta\gamemovement.obj
d:\development\pf2c-src\src\game\server\debug_pf2beta\gamerules.obj
d:\development\pf2c-src\src\game\server\debug_pf2beta\gamerules_register.obj
d:\development\pf2c-src\src\game\server\debug_pf2beta\gamestats.obj
d:\development\pf2c-src\src\game\server\debug_pf2beta\gamestats_basicstatsfunctions.obj
d:\development\pf2c-src\src\game\server\debug_pf2beta\gamestringpool.obj
d:\development\pf2c-src\src\game\server\debug_pf2beta\gametrace_dll.obj
d:\development\pf2c-src\src\game\server\debug_pf2beta\gamevars_shared.obj
d:\development\pf2c-src\src\game\server\debug_pf2beta\gameweaponmanager.obj
d:\development\pf2c-src\src\game\server\debug_pf2beta\game_ui.obj
d:\development\pf2c-src\src\game\server\debug_pf2beta\genericactor.obj
d:\development\pf2c-src\src\game\server\debug_pf2beta\genericmonster.obj
d:\development\pf2c-src\src\game\server\debug_pf2beta\gib.obj
d:\development\pf2c-src\src\game\server\debug_pf2beta\globals.obj
d:\development\pf2c-src\src\game\server\debug_pf2beta\globalstate.obj
d:\development\pf2c-src\src\game\server\debug_pf2beta\grenadethrown.obj
d:\development\pf2c-src\src\game\server\debug_pf2beta\guntarget.obj
d:\development\pf2c-src\src\game\server\debug_pf2beta\haptic_msgs.obj
d:\development\pf2c-src\src\game\server\debug_pf2beta\haptic_utils.obj
d:\development\pf2c-src\src\game\server\debug_pf2beta\hierarchy.obj
d:\development\pf2c-src\src\game\server\debug_pf2beta\hintmessage.obj
d:\development\pf2c-src\src\game\server\debug_pf2beta\hintsystem.obj
d:\development\pf2c-src\src\game\server\debug_pf2beta\hltvdirector.obj
d:\development\pf2c-src\src\game\server\debug_pf2beta\h_ai.obj
d:\development\pf2c-src\src\game\server\debug_pf2beta\h_export.obj
d:\development\pf2c-src\src\game\server\debug_pf2beta\igamesystem.obj
d:\development\pf2c-src\src\game\server\debug_pf2beta\info_camera_link.obj
d:\development\pf2c-src\src\game\server\debug_pf2beta\info_overlay_accessor.obj
d:\development\pf2c-src\src\game\server\debug_pf2beta\init_factory.obj
d:\development\pf2c-src\src\game\server\debug_pf2beta\intermission.obj
d:\development\pf2c-src\src\game\server\debug_pf2beta\interpolatortypes.obj
d:\development\pf2c-src\src\game\server\debug_pf2beta\interval.obj
d:\development\pf2c-src\src\game\server\debug_pf2beta\item_world.obj
d:\development\pf2c-src\src\game\server\debug_pf2beta\keyframe.obj
d:\development\pf2c-src\src\game\server\debug_pf2beta\language.obj
d:\development\pf2c-src\src\game\server\debug_pf2beta\lightglow.obj
d:\development\pf2c-src\src\game\server\debug_pf2beta\lights.obj
d:\development\pf2c-src\src\game\server\debug_pf2beta\logicauto.obj
d:\development\pf2c-src\src\game\server\debug_pf2beta\logicentities.obj
d:\development\pf2c-src\src\game\server\debug_pf2beta\logicrelay.obj
d:\development\pf2c-src\src\game\server\debug_pf2beta\logic_measure_movement.obj
d:\development\pf2c-src\src\game\server\debug_pf2beta\logic_navigation.obj
d:\development\pf2c-src\src\game\server\debug_pf2beta\mapentities.obj
d:\development\pf2c-src\src\game\server\debug_pf2beta\mapentities_shared.obj
d:\development\pf2c-src\src\game\server\debug_pf2beta\maprules.obj
d:\development\pf2c-src\src\game\server\debug_pf2beta\map_utils.obj
d:\development\pf2c-src\src\game\server\debug_pf2beta\materialmodifycontrol.obj
d:\development\pf2c-src\src\game\server\debug_pf2beta\memoverride.obj
d:\development\pf2c-src\src\game\server\debug_pf2beta\message_entity.obj
d:\development\pf2c-src\src\game\server\debug_pf2beta\modelentities.obj
d:\development\pf2c-src\src\game\server\debug_pf2beta\modelsoundscache.obj
d:\development\pf2c-src\src\game\server\debug_pf2beta\monstermaker.obj
d:\development\pf2c-src\src\game\server\debug_pf2beta\movehelper_server.obj
d:\development\pf2c-src\src\game\server\debug_pf2beta\movement.obj
d:\development\pf2c-src\src\game\server\debug_pf2beta\movevars_shared.obj
d:\development\pf2c-src\src\game\server\debug_pf2beta\movie_explosion.obj
d:\development\pf2c-src\src\game\server\debug_pf2beta\mp_shareddefs.obj
d:\development\pf2c-src\src\game\server\debug_pf2beta\multiplayer_animstate.obj
d:\development\pf2c-src\src\game\server\debug_pf2beta\multiplay_gamerules.obj
d:\development\pf2c-src\src\game\server\debug_pf2beta\ndebugoverlay.obj
d:\development\pf2c-src\src\game\server\debug_pf2beta\networkvar.obj
d:\development\pf2c-src\src\game\server\debug_pf2beta\npc_vehicledriver.obj
d:\development\pf2c-src\src\game\server\debug_pf2beta\obstacle_pushaway.obj
d:\development\pf2c-src\src\game\server\debug_pf2beta\os_utils.obj
d:\development\pf2c-src\src\game\server\debug_pf2beta\particlesystemquery.obj
d:\development\pf2c-src\src\game\server\debug_pf2beta\particle_fire.obj
d:\development\pf2c-src\src\game\server\debug_pf2beta\particle_light.obj
d:\development\pf2c-src\src\game\server\debug_pf2beta\particle_parse.obj
d:\development\pf2c-src\src\game\server\debug_pf2beta\particle_smokegrenade.obj
d:\development\pf2c-src\src\game\server\debug_pf2beta\particle_system.obj
d:\development\pf2c-src\src\game\server\debug_pf2beta\pathcorner.obj
d:\development\pf2c-src\src\game\server\debug_pf2beta\pathtrack.obj
d:\development\pf2c-src\src\game\server\debug_pf2beta\pf_convar_setup.obj
d:\development\pf2c-src\src\game\server\debug_pf2beta\pf_cvars.obj
d:\development\pf2c-src\src\game\server\debug_pf2beta\physconstraint.obj
d:\development\pf2c-src\src\game\server\debug_pf2beta\physics.obj
d:\development\pf2c-src\src\game\server\debug_pf2beta\physics_bone_follower.obj
d:\development\pf2c-src\src\game\server\debug_pf2beta\physics_cannister.obj
d:\development\pf2c-src\src\game\server\debug_pf2beta\physics_fx.obj
d:\development\pf2c-src\src\game\server\debug_pf2beta\physics_impact_damage.obj
d:\development\pf2c-src\src\game\server\debug_pf2beta\physics_main.obj
d:\development\pf2c-src\src\game\server\debug_pf2beta\physics_main_shared.obj
d:\development\pf2c-src\src\game\server\debug_pf2beta\physics_npc_solver.obj
d:\development\pf2c-src\src\game\server\debug_pf2beta\physics_prop_ragdoll.obj
d:\development\pf2c-src\src\game\server\debug_pf2beta\physics_saverestore.obj
d:\development\pf2c-src\src\game\server\debug_pf2beta\physics_shared.obj
d:\development\pf2c-src\src\game\server\debug_pf2beta\physobj.obj
d:\development\pf2c-src\src\game\server\debug_pf2beta\phys_controller.obj
d:\development\pf2c-src\src\game\server\debug_pf2beta\plasma.obj
d:\development\pf2c-src\src\game\server\debug_pf2beta\player.obj
d:\development\pf2c-src\src\game\server\debug_pf2beta\playerclass_info_parse.obj
d:\development\pf2c-src\src\game\server\debug_pf2beta\playerinfomanager.obj
d:\development\pf2c-src\src\game\server\debug_pf2beta\playerlocaldata.obj
d:\development\pf2c-src\src\game\server\debug_pf2beta\player_command.obj
d:\development\pf2c-src\src\game\server\debug_pf2beta\player_lagcompensation.obj
d:\development\pf2c-src\src\game\server\debug_pf2beta\player_pickup.obj
d:\development\pf2c-src\src\game\server\debug_pf2beta\player_resource.obj
d:\development\pf2c-src\src\game\server\debug_pf2beta\plugin_check.obj
d:\development\pf2c-src\src\game\server\debug_pf2beta\pointanglesensor.obj
d:\development\pf2c-src\src\game\server\debug_pf2beta\pointangularvelocitysensor.obj
d:\development\pf2c-src\src\game\server\debug_pf2beta\pointeroverride.obj
d:\development\pf2c-src\src\game\server\debug_pf2beta\pointhurt.obj
d:\development\pf2c-src\src\game\server\debug_pf2beta\pointteleport.obj
d:\development\pf2c-src\src\game\server\debug_pf2beta\point_bonusmaps_accessor.obj
d:\development\pf2c-src\src\game\server\debug_pf2beta\point_camera.obj
d:\development\pf2c-src\src\game\server\debug_pf2beta\point_devshot_camera.obj
d:\development\pf2c-src\src\game\server\debug_pf2beta\point_playermoveconstraint.obj
d:\development\pf2c-src\src\game\server\debug_pf2beta\point_posecontroller.obj
d:\development\pf2c-src\src\game\server\debug_pf2beta\point_spotlight.obj
d:\development\pf2c-src\src\game\server\debug_pf2beta\point_template.obj
d:\development\pf2c-src\src\game\server\debug_pf2beta\precache_register.obj
d:\development\pf2c-src\src\game\server\debug_pf2beta\predictableid.obj
d:\development\pf2c-src\src\game\server\debug_pf2beta\props.obj
d:\development\pf2c-src\src\game\server\debug_pf2beta\props_shared.obj
d:\development\pf2c-src\src\game\server\debug_pf2beta\querycache.obj
d:\development\pf2c-src\src\game\server\debug_pf2beta\ragdollboogie.obj
d:\development\pf2c-src\src\game\server\debug_pf2beta\ragdoll_manager.obj
d:\development\pf2c-src\src\game\server\debug_pf2beta\ragdoll_shared.obj
d:\development\pf2c-src\src\game\server\debug_pf2beta\randoverride.obj
d:\development\pf2c-src\src\game\server\debug_pf2beta\recipientfilter.obj
d:\development\pf2c-src\src\game\server\debug_pf2beta\registry.obj
d:\development\pf2c-src\src\game\server\debug_pf2beta\rope.obj
d:\development\pf2c-src\src\game\server\debug_pf2beta\rope_helpers.obj
d:\development\pf2c-src\src\game\server\debug_pf2beta\rope_physics.obj
d:\development\pf2c-src\src\game\server\debug_pf2beta\saverestore.obj
d:\development\pf2c-src\src\game\server\debug_pf2beta\saverestore_gamedll.obj
d:\development\pf2c-src\src\game\server\debug_pf2beta\scenecache.obj
d:\development\pf2c-src\src\game\server\debug_pf2beta\sceneentity.obj
d:\development\pf2c-src\src\game\server\debug_pf2beta\sceneentity_shared.obj
d:\development\pf2c-src\src\game\server\debug_pf2beta\scratchpad3d.obj
d:\development\pf2c-src\src\game\server\debug_pf2beta\scratchpadutils.obj
d:\development\pf2c-src\src\game\server\debug_pf2beta\scratchpad_gamedll_helpers.obj
d:\development\pf2c-src\src\game\server\debug_pf2beta\scripted.obj
d:\development\pf2c-src\src\game\server\debug_pf2beta\scriptedtarget.obj
d:\development\pf2c-src\src\game\server\debug_pf2beta\sendproxy.obj
d:\development\pf2c-src\src\game\server\debug_pf2beta\sequence_transitioner.obj
d:\development\pf2c-src\src\game\server\debug_pf2beta\serverbenchmark_base.obj
d:\development\pf2c-src\src\game\server\debug_pf2beta\servernetworkproperty.obj
d:\development\pf2c-src\src\game\server\debug_pf2beta\server_class.obj
d:\development\pf2c-src\src\game\server\debug_pf2beta\shadowcontrol.obj
d:\development\pf2c-src\src\game\server\debug_pf2beta\sheetsimulator.obj
d:\development\pf2c-src\src\game\server\debug_pf2beta\simple_physics.obj
d:\development\pf2c-src\src\game\server\debug_pf2beta\simtimer.obj
d:\development\pf2c-src\src\game\server\debug_pf2beta\singleplay_gamerules.obj
d:\development\pf2c-src\src\game\server\debug_pf2beta\skycamera.obj
d:\development\pf2c-src\src\game\server\debug_pf2beta\slideshow_display.obj
d:\development\pf2c-src\src\game\server\debug_pf2beta\smokestack.obj
d:\development\pf2c-src\src\game\server\debug_pf2beta\smoke_trail.obj
d:\development\pf2c-src\src\game\server\debug_pf2beta\sound.obj
d:\development\pf2c-src\src\game\server\debug_pf2beta\soundemittersystem.obj
d:\development\pf2c-src\src\game\server\debug_pf2beta\soundent.obj
d:\development\pf2c-src\src\game\server\debug_pf2beta\soundenvelope.obj
d:\development\pf2c-src\src\game\server\debug_pf2beta\soundparametersinternal.obj
d:\development\pf2c-src\src\game\server\debug_pf2beta\soundscape.obj
d:\development\pf2c-src\src\game\server\debug_pf2beta\soundscape_system.obj
d:\development\pf2c-src\src\game\server\debug_pf2beta\spotlightend.obj
d:\development\pf2c-src\src\game\server\debug_pf2beta\sprite.obj
d:\development\pf2c-src\src\game\server\debug_pf2beta\spritetrail.obj
d:\development\pf2c-src\src\game\server\debug_pf2beta\sprite_perfmonitor.obj
d:\development\pf2c-src\src\game\server\debug_pf2beta\stdafx.obj
d:\development\pf2c-src\src\game\server\debug_pf2beta\steamjet.obj
d:\development\pf2c-src\src\game\server\debug_pf2beta\stringregistry.obj
d:\development\pf2c-src\src\game\server\debug_pf2beta\studio.obj
d:\development\pf2c-src\src\game\server\debug_pf2beta\studio_shared.obj
d:\development\pf2c-src\src\game\server\debug_pf2beta\subs.obj
d:\development\pf2c-src\src\game\server\debug_pf2beta\sun.obj
d:\development\pf2c-src\src\game\server\debug_pf2beta\survival_gamerules.obj
d:\development\pf2c-src\src\game\server\debug_pf2beta\tactical_mission.obj
d:\development\pf2c-src\src\game\server\debug_pf2beta\takedamageinfo.obj
d:\development\pf2c-src\src\game\server\debug_pf2beta\tanktrain.obj
d:\development\pf2c-src\src\game\server\debug_pf2beta\te.obj
d:\development\pf2c-src\src\game\server\debug_pf2beta\team.obj
d:\development\pf2c-src\src\game\server\debug_pf2beta\teamplayroundbased_gamerules.obj
d:\development\pf2c-src\src\game\server\debug_pf2beta\teamplay_gamerules.obj
d:\development\pf2c-src\src\game\server\debug_pf2beta\teamplay_round_timer.obj
d:\development\pf2c-src\src\game\server\debug_pf2beta\team_control_point.obj
d:\development\pf2c-src\src\game\server\debug_pf2beta\team_control_point_master.obj
d:\development\pf2c-src\src\game\server\debug_pf2beta\team_control_point_round.obj
d:\development\pf2c-src\src\game\server\debug_pf2beta\team_objectiveresource.obj
d:\development\pf2c-src\src\game\server\debug_pf2beta\team_train_watcher.obj
d:\development\pf2c-src\src\game\server\debug_pf2beta\templateentities.obj
d:\development\pf2c-src\src\game\server\debug_pf2beta\tempmonster.obj
d:\development\pf2c-src\src\game\server\debug_pf2beta\tesla.obj
d:\development\pf2c-src\src\game\server\debug_pf2beta\testfunctions.obj
d:\development\pf2c-src\src\game\server\debug_pf2beta\testtraceline.obj
d:\development\pf2c-src\src\game\server\debug_pf2beta\test_ehandle.obj
d:\development\pf2c-src\src\game\server\debug_pf2beta\test_proxytoggle.obj
d:\development\pf2c-src\src\game\server\debug_pf2beta\test_stressentities.obj
d:\development\pf2c-src\src\game\server\debug_pf2beta\textstatsmgr.obj
d:\development\pf2c-src\src\game\server\debug_pf2beta\te_armorricochet.obj
d:\development\pf2c-src\src\game\server\debug_pf2beta\te_basebeam.obj
d:\development\pf2c-src\src\game\server\debug_pf2beta\te_beamentpoint.obj
d:\development\pf2c-src\src\game\server\debug_pf2beta\te_beaments.obj
d:\development\pf2c-src\src\game\server\debug_pf2beta\te_beamfollow.obj
d:\development\pf2c-src\src\game\server\debug_pf2beta\te_beamlaser.obj
d:\development\pf2c-src\src\game\server\debug_pf2beta\te_beampoints.obj
d:\development\pf2c-src\src\game\server\debug_pf2beta\te_beamring.obj
d:\development\pf2c-src\src\game\server\debug_pf2beta\te_beamringpoint.obj
d:\development\pf2c-src\src\game\server\debug_pf2beta\te_beamspline.obj
d:\development\pf2c-src\src\game\server\debug_pf2beta\te_bloodsprite.obj
d:\development\pf2c-src\src\game\server\debug_pf2beta\te_bloodstream.obj
d:\development\pf2c-src\src\game\server\debug_pf2beta\te_breakmodel.obj
d:\development\pf2c-src\src\game\server\debug_pf2beta\te_bspdecal.obj
d:\development\pf2c-src\src\game\server\debug_pf2beta\te_bubbles.obj
d:\development\pf2c-src\src\game\server\debug_pf2beta\te_bubbletrail.obj
d:\development\pf2c-src\src\game\server\debug_pf2beta\te_clientprojectile.obj
d:\development\pf2c-src\src\game\server\debug_pf2beta\te_decal.obj
d:\development\pf2c-src\src\game\server\debug_pf2beta\te_dynamiclight.obj
d:\development\pf2c-src\src\game\server\debug_pf2beta\te_effect_dispatch.obj
d:\development\pf2c-src\src\game\server\debug_pf2beta\te_energysplash.obj
d:\development\pf2c-src\src\game\server\debug_pf2beta\te_explosion.obj
d:\development\pf2c-src\src\game\server\debug_pf2beta\te_fizz.obj
d:\development\pf2c-src\src\game\server\debug_pf2beta\te_footprintdecal.obj
d:\development\pf2c-src\src\game\server\debug_pf2beta\te_gaussexplosion.obj
d:\development\pf2c-src\src\game\server\debug_pf2beta\te_glassshatter.obj
d:\development\pf2c-src\src\game\server\debug_pf2beta\te_glowsprite.obj
d:\development\pf2c-src\src\game\server\debug_pf2beta\te_impact.obj
d:\development\pf2c-src\src\game\server\debug_pf2beta\te_killplayerattachments.obj
d:\development\pf2c-src\src\game\server\debug_pf2beta\te_largefunnel.obj
d:\development\pf2c-src\src\game\server\debug_pf2beta\te_muzzleflash.obj
d:\development\pf2c-src\src\game\server\debug_pf2beta\te_particlesystem.obj
d:\development\pf2c-src\src\game\server\debug_pf2beta\te_physicsprop.obj
d:\development\pf2c-src\src\game\server\debug_pf2beta\te_playerdecal.obj
d:\development\pf2c-src\src\game\server\debug_pf2beta\te_projecteddecal.obj
d:\development\pf2c-src\src\game\server\debug_pf2beta\te_showline.obj
d:\development\pf2c-src\src\game\server\debug_pf2beta\te_smoke.obj
d:\development\pf2c-src\src\game\server\debug_pf2beta\te_sparks.obj
d:\development\pf2c-src\src\game\server\debug_pf2beta\te_sprite.obj
d:\development\pf2c-src\src\game\server\debug_pf2beta\te_spritespray.obj
d:\development\pf2c-src\src\game\server\debug_pf2beta\te_worlddecal.obj
d:\development\pf2c-src\src\game\server\debug_pf2beta\tf_ammo_pack.obj
d:\development\pf2c-src\src\game\server\debug_pf2beta\tf_bot_temp.obj
d:\development\pf2c-src\src\game\server\debug_pf2beta\tf_client.obj
d:\development\pf2c-src\src\game\server\debug_pf2beta\tf_eventlog.obj
d:\development\pf2c-src\src\game\server\debug_pf2beta\tf_filters.obj
d:\development\pf2c-src\src\game\server\debug_pf2beta\tf_fx.obj
d:\development\pf2c-src\src\game\server\debug_pf2beta\tf_fx_shared.obj
d:\development\pf2c-src\src\game\server\debug_pf2beta\tf_gameinterface.obj
d:\development\pf2c-src\src\game\server\debug_pf2beta\tf_gamemovement.obj
d:\development\pf2c-src\src\game\server\debug_pf2beta\tf_gamerules.obj
d:\development\pf2c-src\src\game\server\debug_pf2beta\tf_gamestats.obj
d:\development\pf2c-src\src\game\server\debug_pf2beta\tf_gamestats_shared.obj
d:\development\pf2c-src\src\game\server\debug_pf2beta\tf_hltvdirector.obj
d:\development\pf2c-src\src\game\server\debug_pf2beta\tf_item.obj
d:\development\pf2c-src\src\game\server\debug_pf2beta\tf_logic_hybrid_ctf_cp.obj
d:\development\pf2c-src\src\game\server\debug_pf2beta\tf_obj.obj
d:\development\pf2c-src\src\game\server\debug_pf2beta\tf_objective_resource.obj
d:\development\pf2c-src\src\game\server\debug_pf2beta\tf_obj_baseupgrade_shared.obj
d:\development\pf2c-src\src\game\server\debug_pf2beta\tf_obj_detpack.obj
d:\development\pf2c-src\src\game\server\debug_pf2beta\tf_obj_dispenser.obj
d:\development\pf2c-src\src\game\server\debug_pf2beta\tf_obj_sapper.obj
d:\development\pf2c-src\src\game\server\debug_pf2beta\tf_obj_sentrygun.obj
d:\development\pf2c-src\src\game\server\debug_pf2beta\tf_obj_spawnroomturret.obj
d:\development\pf2c-src\src\game\server\debug_pf2beta\tf_obj_teleporter.obj
d:\development\pf2c-src\src\game\server\debug_pf2beta\tf_player.obj
d:\development\pf2c-src\src\game\server\debug_pf2beta\tf_playeranimstate.obj
d:\development\pf2c-src\src\game\server\debug_pf2beta\tf_playerclass.obj
d:\development\pf2c-src\src\game\server\debug_pf2beta\tf_playerclass_info_parse.obj
d:\development\pf2c-src\src\game\server\debug_pf2beta\tf_playerclass_shared.obj
d:\development\pf2c-src\src\game\server\debug_pf2beta\tf_playermove.obj
d:\development\pf2c-src\src\game\server\debug_pf2beta\tf_player_resource.obj
d:\development\pf2c-src\src\game\server\debug_pf2beta\tf_player_shared.obj
d:\development\pf2c-src\src\game\server\debug_pf2beta\tf_powerup.obj
d:\development\pf2c-src\src\game\server\debug_pf2beta\tf_projectile_base.obj
d:\development\pf2c-src\src\game\server\debug_pf2beta\tf_projectile_nail.obj
d:\development\pf2c-src\src\game\server\debug_pf2beta\tf_projectile_rocket.obj
d:\development\pf2c-src\src\game\server\debug_pf2beta\tf_shareddefs.obj
d:\development\pf2c-src\src\game\server\debug_pf2beta\tf_team.obj
d:\development\pf2c-src\src\game\server\debug_pf2beta\tf_turret.obj
d:\development\pf2c-src\src\game\server\debug_pf2beta\tf_usermessages.obj
d:\development\pf2c-src\src\game\server\debug_pf2beta\tf_viewmodel.obj
d:\development\pf2c-src\src\game\server\debug_pf2beta\tf_voteissues.obj
d:\development\pf2c-src\src\game\server\debug_pf2beta\tf_weaponbase.obj
d:\development\pf2c-src\src\game\server\debug_pf2beta\tf_weaponbase_grenade.obj
d:\development\pf2c-src\src\game\server\debug_pf2beta\tf_weaponbase_grenadeproj.obj
d:\development\pf2c-src\src\game\server\debug_pf2beta\tf_weaponbase_gun.obj
d:\development\pf2c-src\src\game\server\debug_pf2beta\tf_weaponbase_melee.obj
d:\development\pf2c-src\src\game\server\debug_pf2beta\tf_weaponbase_rocket.obj
d:\development\pf2c-src\src\game\server\debug_pf2beta\tf_weapon_bat.obj
d:\development\pf2c-src\src\game\server\debug_pf2beta\tf_weapon_blowtorch.obj
d:\development\pf2c-src\src\game\server\debug_pf2beta\tf_weapon_bonesaw.obj
d:\development\pf2c-src\src\game\server\debug_pf2beta\tf_weapon_bottle.obj
d:\development\pf2c-src\src\game\server\debug_pf2beta\tf_weapon_brandingiron.obj
d:\development\pf2c-src\src\game\server\debug_pf2beta\tf_weapon_builder.obj
d:\development\pf2c-src\src\game\server\debug_pf2beta\tf_weapon_club.obj
d:\development\pf2c-src\src\game\server\debug_pf2beta\tf_weapon_fireaxe.obj
d:\development\pf2c-src\src\game\server\debug_pf2beta\tf_weapon_fists.obj
d:\development\pf2c-src\src\game\server\debug_pf2beta\tf_weapon_flamethrower.obj
d:\development\pf2c-src\src\game\server\debug_pf2beta\tf_weapon_grenadelauncher.obj
d:\development\pf2c-src\src\game\server\debug_pf2beta\tf_weapon_grenade_caltrop.obj
d:\development\pf2c-src\src\game\server\debug_pf2beta\tf_weapon_grenade_concussion.obj
d:\development\pf2c-src\src\game\server\debug_pf2beta\tf_weapon_grenade_emp.obj
d:\development\pf2c-src\src\game\server\debug_pf2beta\tf_weapon_grenade_gas.obj
d:\development\pf2c-src\src\game\server\debug_pf2beta\tf_weapon_grenade_heal.obj
d:\development\pf2c-src\src\game\server\debug_pf2beta\tf_weapon_grenade_mirv.obj
d:\development\pf2c-src\src\game\server\debug_pf2beta\tf_weapon_grenade_nail.obj
d:\development\pf2c-src\src\game\server\debug_pf2beta\tf_weapon_grenade_napalm.obj
d:\development\pf2c-src\src\game\server\debug_pf2beta\tf_weapon_grenade_normal.obj
d:\development\pf2c-src\src\game\server\debug_pf2beta\tf_weapon_grenade_pipebomb.obj
d:\development\pf2c-src\src\game\server\debug_pf2beta\tf_weapon_invis.obj
d:\development\pf2c-src\src\game\server\debug_pf2beta\tf_weapon_knife.obj
d:\development\pf2c-src\src\game\server\debug_pf2beta\tf_weapon_machete.obj
d:\development\pf2c-src\src\game\server\debug_pf2beta\tf_weapon_medigun.obj
d:\development\pf2c-src\src\game\server\debug_pf2beta\tf_weapon_minigun.obj
d:\development\pf2c-src\src\game\server\debug_pf2beta\tf_weapon_nailgun.obj
d:\development\pf2c-src\src\game\server\debug_pf2beta\tf_weapon_parse.obj
d:\development\pf2c-src\src\game\server\debug_pf2beta\tf_weapon_pda.obj
d:\development\pf2c-src\src\game\server\debug_pf2beta\tf_weapon_pipe.obj
d:\development\pf2c-src\src\game\server\debug_pf2beta\tf_weapon_pipebomblauncher.obj
d:\development\pf2c-src\src\game\server\debug_pf2beta\tf_weapon_pistol.obj
d:\development\pf2c-src\src\game\server\debug_pf2beta\tf_weapon_revolver.obj
d:\development\pf2c-src\src\game\server\debug_pf2beta\tf_weapon_rocketlauncher.obj
d:\development\pf2c-src\src\game\server\debug_pf2beta\tf_weapon_shotgun.obj
d:\development\pf2c-src\src\game\server\debug_pf2beta\tf_weapon_shovel.obj
d:\development\pf2c-src\src\game\server\debug_pf2beta\tf_weapon_smg.obj
d:\development\pf2c-src\src\game\server\debug_pf2beta\tf_weapon_sniperrifle.obj
d:\development\pf2c-src\src\game\server\debug_pf2beta\tf_weapon_syringe.obj
d:\development\pf2c-src\src\game\server\debug_pf2beta\tf_weapon_syringegun.obj
d:\development\pf2c-src\src\game\server\debug_pf2beta\tf_weapon_tranq.obj
d:\development\pf2c-src\src\game\server\debug_pf2beta\tf_weapon_wrench.obj
d:\development\pf2c-src\src\game\server\debug_pf2beta\timedeventmgr.obj
d:\development\pf2c-src\src\game\server\debug_pf2beta\toolframework_server.obj
d:\development\pf2c-src\src\game\server\debug_pf2beta\trains.obj
d:\development\pf2c-src\src\game\server\debug_pf2beta\triggers.obj
d:\development\pf2c-src\src\game\server\debug_pf2beta\trigger_area_capture.obj
d:\development\pf2c-src\src\game\server\debug_pf2beta\usercmd.obj
d:\development\pf2c-src\src\game\server\debug_pf2beta\usermessages.obj
d:\development\pf2c-src\src\game\server\debug_pf2beta\util.obj
d:\development\pf2c-src\src\game\server\debug_pf2beta\util_shared.obj
d:\development\pf2c-src\src\game\server\debug_pf2beta\variant_t.obj
d:\development\pf2c-src\src\game\server\debug_pf2beta\vehicle_base.obj
d:\development\pf2c-src\src\game\server\debug_pf2beta\vehicle_baseserver.obj
d:\development\pf2c-src\src\game\server\debug_pf2beta\vehicle_viewblend_shared.obj
d:\development\pf2c-src\src\game\server\debug_pf2beta\vguiscreen.obj
d:\development\pf2c-src\src\game\server\debug_pf2beta\voice_gamemgr.obj
d:\development\pf2c-src\src\game\server\debug_pf2beta\vote_controller.obj
d:\development\pf2c-src\src\game\server\debug_pf2beta\waterbullet.obj
d:\development\pf2c-src\src\game\server\debug_pf2beta\waterlodcontrol.obj
d:\development\pf2c-src\src\game\server\debug_pf2beta\wcedit.obj
d:\development\pf2c-src\src\game\server\debug_pf2beta\weapon_ifmbase.obj
d:\development\pf2c-src\src\game\server\debug_pf2beta\weapon_ifmbasecamera.obj
d:\development\pf2c-src\src\game\server\debug_pf2beta\weapon_ifmsteadycam.obj
d:\development\pf2c-src\src\game\server\debug_pf2beta\weapon_parse.obj
d:\development\pf2c-src\src\game\server\debug_pf2beta\weapon_proficiency.obj
d:\development\pf2c-src\src\game\server\debug_pf2beta\weight_button.obj
d:\development\pf2c-src\src\game\server\debug_pf2beta\world.obj
d:\development\pf2c-src\src\game\server\debug_pf2beta\server.ilk
d:\development\pf2c-src\src\game\server\debug_pf2beta\server.pch
d:\development\pf2c-src\src\game\server\debug_pf2beta\server.exp
d:\development\pf2c-src\src\game\server\debug_pf2beta\vc120.idb
d:\development\pf2c-src\src\game\server\debug_pf2beta\server.pdb
d:\development\pf2c-src\src\game\server\debug_pf2beta\vc120.pdb
d:\development\pf2c-src\src\game\server\.\debug_pf2beta\server.dll
d:\development\pf2c-src\src\game\server\debug_pf2beta\server (tf).tlog\cl.command.1.tlog
d:\development\pf2c-src\src\game\server\debug_pf2beta\server (tf).tlog\cl.read.1.tlog
d:\development\pf2c-src\src\game\server\debug_pf2beta\server (tf).tlog\cl.write.1.tlog
d:\development\pf2c-src\src\game\server\debug_pf2beta\server (tf).tlog\custombuild.command.1.tlog
d:\development\pf2c-src\src\game\server\debug_pf2beta\server (tf).tlog\custombuild.read.1.tlog
d:\development\pf2c-src\src\game\server\debug_pf2beta\server (tf).tlog\custombuild.write.1.tlog
d:\development\pf2c-src\src\game\server\debug_pf2beta\server (tf).tlog\link.command.1.tlog
d:\development\pf2c-src\src\game\server\debug_pf2beta\server (tf).tlog\link.read.1.tlog
d:\development\pf2c-src\src\game\server\debug_pf2beta\server (tf).tlog\link.write.1.tlog
d:\development\pf2c-src\src\game\server\debug_pf2beta\server (tf).tlog\server (tf).write.1u.tlog
