Build started 10/7/2023 4:47:08 PM.
     1>Project "D:\Development\pf2-src\src\game\client\client_pf2beta.vcxproj" on node 2 (Build target(s)).
     1>PreBuildEvent:
         if EXIST ..\..\..\game\pf2beta\bin\.\client.dll for /f "delims=" %%A in ('attrib "..\..\..\game\pf2beta\bin\.\client.dll"') do set valveTmpIsReadOnly="%%A"
         set valveTmpIsReadOnlyLetter=%valveTmpIsReadOnly:~6,1%
         if "%valveTmpIsReadOnlyLetter%"=="R" del /q "D:\Development\pf2-src\src\game\client\Debug_pf2beta\"client.dll
         if exist "..\..\devtools\bin\vpc.exe" "..\..\devtools\bin\vpc.exe" -crc2 "client_pf2beta.vcxproj"
         if ERRORLEVEL 1 exit /b 1
         
         :VCEnd
       ClCompile:
         C:\Program Files (x86)\Microsoft Visual Studio 12.0\VC\bin\CL.exe /c /I.\hl2 /I.\tf /I.\tf\vgui /I.\pf /I.\pf\vgui /I..\..\game\client\pf\gameui /I..\..\game\shared\Multiplayer /I..\..\game\shared\tf /I..\..\game\shared\pf /I.\ /I..\..\common /I..\..\public /I..\..\public\tier0 /I..\..\public\tier1 /I..\..\game\client\generated_proto_pf2beta /I"..\..\thirdparty\protobuf-2.3.0\src" /I..\..\vgui2\include /I..\..\vgui2\controls /I..\..\game\shared /I.\game_controls /I..\..\thirdparty\sixensesdk\include /ZI /nologo /W4 /WX /MP /Od /Oy- /D VPC /D RAD_TELEMETRY_DISABLED /D _HAS_ITERATOR_DEBUGGING=0 /D WIN32 /D _WIN32 /D _DEBUG /D DEBUG /D _WINDOWS /D _USRDLL /D _CRT_SECURE_NO_DEPRECATE /D _CRT_NONSTDC_NO_DEPRECATE /D _ALLOW_RUNTIME_LIBRARY_MISMATCH /D _ALLOW_ITERATOR_DEBUG_LEVEL_MISMATCH /D _ALLOW_MSC_VER_MISMATCH /D _USING_V110_SDK71_ /D _WINDLL /D _MBCS /D COMPILER_MSVC32 /D COMPILER_MSVC32 /D COMPILER_MSVC /D _DLL_EXT=.dll /D DLLNAME=client /D BINK_VIDEO /D AVI_VIDEO /D WMV_VIDEO /D DEV_BUILD /D FRAME_POINTER_OMISSION_DISABLED /D NO_STRING_T /D CLIENT_DLL /D VECTOR /D VERSION_SAFE_STEAM_API_INTERFACES /D PROTECTED_THINGS_ENABLE /D strncpy=use_Q_strncpy_instead /D _snprintf=use_Q_snprintf_instead /D fopen=dont_use_fopen /D PF2 /D PF2_CLIENT /D GLOWS_ENABLE /D _EXTERNAL_DLL_EXT=.dll /D VPCGAMECAPS=PF2BETA /D "PROJECTDIR=D:\Development\pf2-src\src\game\client" /D _DLL_EXT=.dll /D SOURCE1=1 /D VPCGAME=pf2beta /GF /Gm- /MTd /GS /arch:SSE /fp:fast /Zc:wchar_t /Zc:forScope /GR /Yu"cbase.h" /Fp".\Debug_pf2beta\/client.pch" /Fo".\Debug_pf2beta\/" /Fd".\Debug_pf2beta\/vc120.pdb" /Gd /TP /wd4316 /analyze- /FC /errorReport:prompt /Zm200 /Gw /Zc:inline cdll_client_int.cpp
         cdll_client_int.cpp
       Link:
         C:\Program Files (x86)\Microsoft Visual Studio 12.0\VC\bin\link.exe /ERRORREPORT:PROMPT /OUT:".\Debug_pf2beta\\client.dll" /INCREMENTAL /NOLOGO /LIBPATH:..\..\lib\common\. /LIBPATH:..\..\lib\public\. shell32.lib user32.lib advapi32.lib gdi32.lib comdlg32.lib ole32.lib winmm.lib /NODEFAULTLIB:libc /NODEFAULTLIB:libcd /NODEFAULTLIB:libcmt /NODEFAULTLIB:libcpmt /NODEFAULTLIB:libcpmt1 /MANIFEST:NO /DEBUG /PDB:".\Debug_pf2beta\/client.pdb" /SUBSYSTEM:WINDOWS,"5.01" /TLBID:1 /DYNAMICBASE:NO /NXCOMPAT /MACHINE:X86 /SAFESEH:NO  /ignore:4221 /DLL .\Debug_pf2beta\\pointeroverride.obj
         .\Debug_pf2beta\/mp3player.obj
         .\Debug_pf2beta\/cdll_replay.obj
         .\Debug_pf2beta\/replaycamera.obj
         .\Debug_pf2beta\/achievement_notification_panel.obj
         .\Debug_pf2beta\/achievement_saverestore.obj
         .\Debug_pf2beta\/achievementmgr.obj
         .\Debug_pf2beta\/achievements_hlx.obj
         .\Debug_pf2beta\/activitylist.obj
         .\Debug_pf2beta\/alphamaterialproxy.obj
         .\Debug_pf2beta\/ammodef.obj
         .\Debug_pf2beta\/animatedentitytextureproxy.obj
         .\Debug_pf2beta\/animatedoffsettextureproxy.obj
         .\Debug_pf2beta\/animatedtextureproxy.obj
         .\Debug_pf2beta\/AnimateSpecificTextureProxy.obj
         .\Debug_pf2beta\/animation.obj
         .\Debug_pf2beta\/base_playeranimstate.obj
         .\Debug_pf2beta\/baseachievement.obj
         .\Debug_pf2beta\/baseanimatedtextureproxy.obj
         .\Debug_pf2beta\/baseclientrendertargets.obj
         .\Debug_pf2beta\/basecombatcharacter_shared.obj
         .\Debug_pf2beta\/basecombatweapon_shared.obj
         .\Debug_pf2beta\/baseentity_shared.obj
         .\Debug_pf2beta\/basegrenade_shared.obj
         .\Debug_pf2beta\/baseparticleentity.obj
         .\Debug_pf2beta\/baseplayer_shared.obj
         .\Debug_pf2beta\/basepresence.obj
         .\Debug_pf2beta\/baseprojectile.obj
         .\Debug_pf2beta\/baseviewmodel_shared.obj
         .\Debug_pf2beta\/beam_shared.obj
         .\Debug_pf2beta\/beamdraw.obj
         .\Debug_pf2beta\/bone_accessor.obj
         .\Debug_pf2beta\/bone_merge_cache.obj
         .\Debug_pf2beta\/bone_setup.obj
         .\Debug_pf2beta\/c_ai_basehumanoid.obj
         .\Debug_pf2beta\/c_ai_basenpc.obj
         .\Debug_pf2beta\/c_baseanimating.obj
         .\Debug_pf2beta\/c_baseanimatingoverlay.obj
         .\Debug_pf2beta\/c_basecombatcharacter.obj
         .\Debug_pf2beta\/c_basecombatweapon.obj
         .\Debug_pf2beta\/c_basedoor.obj
         .\Debug_pf2beta\/c_baseentity.obj
         .\Debug_pf2beta\/c_baseflex.obj
         .\Debug_pf2beta\/c_baseplayer.obj
         .\Debug_pf2beta\/c_baseviewmodel.obj
         .\Debug_pf2beta\/c_breakableprop.obj
         .\Debug_pf2beta\/c_colorcorrection.obj
         .\Debug_pf2beta\/c_colorcorrectionvolume.obj
         .\Debug_pf2beta\/c_dynamiclight.obj
         .\Debug_pf2beta\/c_entitydissolve.obj
         .\Debug_pf2beta\/c_entityparticletrail.obj
         .\Debug_pf2beta\/c_env_fog_controller.obj
         .\Debug_pf2beta\/c_env_particlescript.obj
         .\Debug_pf2beta\/c_env_projectedtexture.obj
         .\Debug_pf2beta\/c_env_screenoverlay.obj
         .\Debug_pf2beta\/c_env_tonemap_controller.obj
         .\Debug_pf2beta\/c_fire_smoke.obj
         .\Debug_pf2beta\/c_fish.obj
         .\Debug_pf2beta\/c_func_areaportalwindow.obj
         .\Debug_pf2beta\/c_func_breakablesurf.obj
         .\Debug_pf2beta\/c_func_conveyor.obj
         .\Debug_pf2beta\/c_func_dust.obj
         .\Debug_pf2beta\/c_func_lod.obj
         .\Debug_pf2beta\/C_Func_Monitor.obj
         .\Debug_pf2beta\/c_func_occluder.obj
         .\Debug_pf2beta\/c_func_reflective_glass.obj
         .\Debug_pf2beta\/c_func_rotating.obj
         .\Debug_pf2beta\/c_func_smokevolume.obj
         .\Debug_pf2beta\/c_func_tracktrain.obj
         .\Debug_pf2beta\/c_gib.obj
         .\Debug_pf2beta\/c_hairball.obj
         .\Debug_pf2beta\/c_info_overlay_accessor.obj
         .\Debug_pf2beta\/c_lightglow.obj
         .\Debug_pf2beta\/C_MaterialModifyControl.obj
         .\Debug_pf2beta\/c_particle_system.obj
         .\Debug_pf2beta\/c_physbox.obj
         .\Debug_pf2beta\/c_physicsprop.obj
         .\Debug_pf2beta\/c_physmagnet.obj
         .\Debug_pf2beta\/c_pixel_visibility.obj
         .\Debug_pf2beta\/c_plasma.obj
         .\Debug_pf2beta\/c_playerresource.obj
         .\Debug_pf2beta\/c_point_camera.obj
         .\Debug_pf2beta\/c_point_commentary_node.obj
         .\Debug_pf2beta\/c_props.obj
         .\Debug_pf2beta\/c_ragdoll_manager.obj
         .\Debug_pf2beta\/c_rope.obj
         .\Debug_pf2beta\/c_rumble.obj
         .\Debug_pf2beta\/c_sceneentity.obj
         .\Debug_pf2beta\/c_shadowcontrol.obj
         .\Debug_pf2beta\/c_slideshow_display.obj
         .\Debug_pf2beta\/c_soundscape.obj
         .\Debug_pf2beta\/c_spotlight_end.obj
         .\Debug_pf2beta\/c_sprite.obj
         .\Debug_pf2beta\/c_sprite_perfmonitor.obj
         .\Debug_pf2beta\/c_sun.obj
         .\Debug_pf2beta\/c_team.obj
         .\Debug_pf2beta\/c_team_objectiveresource.obj
         .\Debug_pf2beta\/c_team_train_watcher.obj
         .\Debug_pf2beta\/c_tesla.obj
         .\Debug_pf2beta\/c_test_proxytoggle.obj
         .\Debug_pf2beta\/c_user_message_register.obj
         .\Debug_pf2beta\/c_vehicle_choreo_generic.obj
         .\Debug_pf2beta\/c_vehicle_jeep.obj
         .\Debug_pf2beta\/c_vguiscreen.obj
         .\Debug_pf2beta\/c_vote_controller.obj
         .\Debug_pf2beta\/c_waterbullet.obj
         .\Debug_pf2beta\/C_WaterLODControl.obj
         .\Debug_pf2beta\/c_world.obj
         .\Debug_pf2beta\/cam_thirdperson.obj
         .\Debug_pf2beta\/camomaterialproxy.obj
         .\Debug_pf2beta\/cdll_bounded_cvars.obj
         .\Debug_pf2beta\/cdll_client_int.obj
         .\Debug_pf2beta\/cdll_util.obj
         .\Debug_pf2beta\/cl_mat_stub.obj
         .\Debug_pf2beta\/classmap.obj
         .\Debug_pf2beta\/client_class.obj
         .\Debug_pf2beta\/client_factorylist.obj
         .\Debug_pf2beta\/client_thinklist.obj
         .\Debug_pf2beta\/client_virtualreality.obj
         .\Debug_pf2beta\/clienteffectprecachesystem.obj
         .\Debug_pf2beta\/cliententitylist.obj
         .\Debug_pf2beta\/clientleafsystem.obj
         .\Debug_pf2beta\/clientmode_shared.obj
         .\Debug_pf2beta\/clientshadowmgr.obj
         .\Debug_pf2beta\/clientsideeffects.obj
         .\Debug_pf2beta\/clientsideeffects_test.obj
         .\Debug_pf2beta\/clientsteamcontext.obj
         .\Debug_pf2beta\/collisionproperty.obj
         .\Debug_pf2beta\/collisionutils.obj
         .\Debug_pf2beta\/colorcorrectionmgr.obj
         .\Debug_pf2beta\/commentary_modelviewer.obj
         .\Debug_pf2beta\/compiledcaptionswap.obj
         .\Debug_pf2beta\/crtmemdebug.obj
         .\Debug_pf2beta\/death_pose.obj
         .\Debug_pf2beta\/debugoverlay_shared.obj
         .\Debug_pf2beta\/decals.obj
         .\Debug_pf2beta\/detailobjectsystem.obj
         .\Debug_pf2beta\/dt_recv.obj
         .\Debug_pf2beta\/dt_utlvector_common.obj
         .\Debug_pf2beta\/dt_utlvector_recv.obj
         .\Debug_pf2beta\/dummyproxy.obj
         .\Debug_pf2beta\/effect_dispatch_data.obj
         .\Debug_pf2beta\/EffectsClient.obj
         .\Debug_pf2beta\/ehandle.obj
         .\Debug_pf2beta\/entitylist_base.obj
         .\Debug_pf2beta\/entityoriginmaterialproxy.obj
         .\Debug_pf2beta\/EntityParticleTrail_Shared.obj
         .\Debug_pf2beta\/env_detail_controller.obj
         .\Debug_pf2beta\/env_wind_shared.obj
         .\Debug_pf2beta\/eventlist.obj
         .\Debug_pf2beta\/filesystem_helpers.obj
         .\Debug_pf2beta\/flashlighteffect.obj
         .\Debug_pf2beta\/func_ladder.obj
         .\Debug_pf2beta\/functionproxy.obj
         .\Debug_pf2beta\/fx_blood.obj
         .\Debug_pf2beta\/fx_cube.obj
         .\Debug_pf2beta\/fx_explosion.obj
         .\Debug_pf2beta\/fx_fleck.obj
         .\Debug_pf2beta\/fx_impact.obj
         .\Debug_pf2beta\/fx_interpvalue.obj
         .\Debug_pf2beta\/fx_quad.obj
         .\Debug_pf2beta\/fx_shelleject.obj
         .\Debug_pf2beta\/fx_staticline.obj
         .\Debug_pf2beta\/fx_tracer.obj
         .\Debug_pf2beta\/fx_trail.obj
         .\Debug_pf2beta\/fx_water.obj
         .\Debug_pf2beta\/gamemovement.obj
         .\Debug_pf2beta\/gamerules.obj
         .\Debug_pf2beta\/gamerules_register.obj
         .\Debug_pf2beta\/GameStats.obj
         .\Debug_pf2beta\/gamestringpool.obj
         .\Debug_pf2beta\/gametrace_client.obj
         .\Debug_pf2beta\/gamevars_shared.obj
         .\Debug_pf2beta\/geiger.obj
         .\Debug_pf2beta\/glow_outline_effect.obj
         .\Debug_pf2beta\/glow_overlay.obj
         .\Debug_pf2beta\/haptic_msgs.obj
         .\Debug_pf2beta\/haptic_utils.obj
         .\Debug_pf2beta\/hintmessage.obj
         .\Debug_pf2beta\/hintsystem.obj
         .\Debug_pf2beta\/history_resource.obj
         .\Debug_pf2beta\/hltvcamera.obj
         .\Debug_pf2beta\/hud.obj
         .\Debug_pf2beta\/hud_animationinfo.obj
         .\Debug_pf2beta\/hud_autoaim.obj
         .\Debug_pf2beta\/hud_base_account.obj
         .\Debug_pf2beta\/hud_basechat.obj
         .\Debug_pf2beta\/hud_basetimer.obj
         .\Debug_pf2beta\/hud_bitmapnumericdisplay.obj
         .\Debug_pf2beta\/hud_closecaption.obj
         .\Debug_pf2beta\/hud_controlpointicons.obj
         .\Debug_pf2beta\/hud_crosshair.obj
         .\Debug_pf2beta\/hud_damageaccount_panel.obj
         .\Debug_pf2beta\/hud_element_helper.obj
         .\Debug_pf2beta\/hud_filmdemo.obj
         .\Debug_pf2beta\/hud_hdrdemo.obj
         .\Debug_pf2beta\/hud_hintdisplay.obj
         .\Debug_pf2beta\/hud_lcd.obj
         .\Debug_pf2beta\/hud_msg.obj
         .\Debug_pf2beta\/hud_numericdisplay.obj
         .\Debug_pf2beta\/hud_pdump.obj
         .\Debug_pf2beta\/hud_redraw.obj
         .\Debug_pf2beta\/hud_vehicle.obj
         .\Debug_pf2beta\/hud_vguiscreencursor.obj
         .\Debug_pf2beta\/hud_voicestatus.obj
         .\Debug_pf2beta\/hud_vote.obj
         .\Debug_pf2beta\/hud_weapon.obj
         .\Debug_pf2beta\/igamesystem.obj
         .\Debug_pf2beta\/in_camera.obj
         .\Debug_pf2beta\/in_joystick.obj
         .\Debug_pf2beta\/in_main.obj
         .\Debug_pf2beta\/in_mouse.obj
         .\Debug_pf2beta\/initializer.obj
         .\Debug_pf2beta\/interpolatedvar.obj
         .\Debug_pf2beta\/interpolatortypes.obj
         .\Debug_pf2beta\/interval.obj
         .\Debug_pf2beta\/IsNPCProxy.obj
         .\Debug_pf2beta\/jigglebones.obj
         .\Debug_pf2beta\/lampbeamproxy.obj
         .\Debug_pf2beta\/lamphaloproxy.obj
         .\Debug_pf2beta\/language.obj
         .\Debug_pf2beta\/mapentities_shared.obj
         .\Debug_pf2beta\/mathproxy.obj
         .\Debug_pf2beta\/matrixproxy.obj
         .\Debug_pf2beta\/memoverride.obj
         .\Debug_pf2beta\/menu.obj
         .\Debug_pf2beta\/message.obj
         .\Debug_pf2beta\/movehelper_client.obj
         .\Debug_pf2beta\/movevars_shared.obj
         .\Debug_pf2beta\/mp_shareddefs.obj
         .\Debug_pf2beta\/multiplay_gamerules.obj
         .\Debug_pf2beta\/mumble.obj
         .\Debug_pf2beta\/networkvar.obj
         .\Debug_pf2beta\/obstacle_pushaway.obj
         .\Debug_pf2beta\/panelmetaclassmgr.obj
         .\Debug_pf2beta\/particle_collision.obj
         .\Debug_pf2beta\/particle_litsmokeemitter.obj
         .\Debug_pf2beta\/particle_parse.obj
         .\Debug_pf2beta\/particle_property.obj
         .\Debug_pf2beta\/particle_proxies.obj
         .\Debug_pf2beta\/particle_simple3d.obj
         .\Debug_pf2beta\/particlemgr.obj
         .\Debug_pf2beta\/particles_attractor.obj
         .\Debug_pf2beta\/particles_ez.obj
         .\Debug_pf2beta\/particles_localspace.obj
         .\Debug_pf2beta\/particles_new.obj
         .\Debug_pf2beta\/particles_simple.obj
         .\Debug_pf2beta\/particlesystemquery.obj
         .\Debug_pf2beta\/perfvisualbenchmark.obj
         .\Debug_pf2beta\/physics.obj
         .\Debug_pf2beta\/physics_main_client.obj
         .\Debug_pf2beta\/physics_main_shared.obj
         .\Debug_pf2beta\/physics_saverestore.obj
         .\Debug_pf2beta\/physics_shared.obj
         .\Debug_pf2beta\/physpropclientside.obj
         .\Debug_pf2beta\/playerandobjectenumerator.obj
         .\Debug_pf2beta\/playerclass_info_parse.obj
         .\Debug_pf2beta\/playerspawncache.obj
         .\Debug_pf2beta\/point_bonusmaps_accessor.obj
         .\Debug_pf2beta\/point_posecontroller.obj
         .\Debug_pf2beta\/posedebugger.obj
         .\Debug_pf2beta\/precache_register.obj
         .\Debug_pf2beta\/predictableid.obj
         .\Debug_pf2beta\/prediction.obj
         .\Debug_pf2beta\/predictioncopy.obj
         .\Debug_pf2beta\/props_shared.obj
         .\Debug_pf2beta\/proxyentity.obj
         .\Debug_pf2beta\/ProxyHealth.obj
         .\Debug_pf2beta\/proxyplayer.obj
         .\Debug_pf2beta\/proxypupil.obj
         .\Debug_pf2beta\/ragdoll.obj
         .\Debug_pf2beta\/ragdoll_shared.obj
         .\Debug_pf2beta\/randoverride.obj
         .\Debug_pf2beta\/recvproxy.obj
         .\Debug_pf2beta\/renamed_recvtable_compat.obj
         .\Debug_pf2beta\/rendertexture.obj
         .\Debug_pf2beta\/rope_helpers.obj
         .\Debug_pf2beta\/rope_physics.obj
         .\Debug_pf2beta\/saverestore.obj
         .\Debug_pf2beta\/sceneentity_shared.obj
         .\Debug_pf2beta\/scratchpad3d.obj
         .\Debug_pf2beta\/ScratchPadUtils.obj
         .\Debug_pf2beta\/ScreenSpaceEffects.obj
         .\Debug_pf2beta\/sentence.obj
         .\Debug_pf2beta\/sequence_Transitioner.obj
         .\Debug_pf2beta\/sheetsimulator.obj
         .\Debug_pf2beta\/simple_keys.obj
         .\Debug_pf2beta\/simple_physics.obj
         .\Debug_pf2beta\/simtimer.obj
         .\Debug_pf2beta\/singleplay_gamerules.obj
         .\Debug_pf2beta\/SoundEmitterSystem.obj
         .\Debug_pf2beta\/soundenvelope.obj
         .\Debug_pf2beta\/SoundParametersInternal.obj
         .\Debug_pf2beta\/splinepatch.obj
         .\Debug_pf2beta\/Sprite.obj
         .\Debug_pf2beta\/spritemodel.obj
         .\Debug_pf2beta\/SpriteTrail.obj
         .\Debug_pf2beta\/stringregistry.obj
         .\Debug_pf2beta\/studio.obj
         .\Debug_pf2beta\/studio_shared.obj
         .\Debug_pf2beta\/studio_stats.obj
         .\Debug_pf2beta\/takedamageinfo.obj
         .\Debug_pf2beta\/TeamBitmapImage.obj
         .\Debug_pf2beta\/teamplay_gamerules.obj
         .\Debug_pf2beta\/teamplay_round_timer.obj
         .\Debug_pf2beta\/teamplayroundbased_gamerules.obj
         .\Debug_pf2beta\/test_ehandle.obj
         .\Debug_pf2beta\/text_message.obj
         .\Debug_pf2beta\/texturescrollmaterialproxy.obj
         .\Debug_pf2beta\/timematerialproxy.obj
         .\Debug_pf2beta\/toggletextureproxy.obj
         .\Debug_pf2beta\/train.obj
         .\Debug_pf2beta\/usercmd.obj
         .\Debug_pf2beta\/usermessages.obj
         .\Debug_pf2beta\/util_shared.obj
         .\Debug_pf2beta\/vallocator.obj
         .\Debug_pf2beta\/vehicle_viewblend_shared.obj
         .\Debug_pf2beta\/vgui_avatarimage.obj
         .\Debug_pf2beta\/vgui_basepanel.obj
         .\Debug_pf2beta\/vgui_bitmapbutton.obj
         .\Debug_pf2beta\/vgui_bitmapimage.obj
         .\Debug_pf2beta\/vgui_bitmappanel.obj
         .\Debug_pf2beta\/vgui_centerstringpanel.obj
         .\Debug_pf2beta\/vgui_consolepanel.obj
         .\Debug_pf2beta\/vgui_controls.obj
         .\Debug_pf2beta\/vgui_debugoverlaypanel.obj
         .\Debug_pf2beta\/vgui_fpspanel.obj
         .\Debug_pf2beta\/vgui_game_viewport.obj
         .\Debug_pf2beta\/vgui_grid.obj
         .\Debug_pf2beta\/vgui_int.obj
         .\Debug_pf2beta\/vgui_loadingdiscpanel.obj
         .\Debug_pf2beta\/vgui_messagechars.obj
         .\Debug_pf2beta\/vgui_netgraphpanel.obj
         .\Debug_pf2beta\/vgui_schemevisualizer.obj
         .\Debug_pf2beta\/vgui_slideshow_display_screen.obj
         .\Debug_pf2beta\/vgui_video.obj
         .\Debug_pf2beta\/vgui_video_player.obj
         .\Debug_pf2beta\/view.obj
         .\Debug_pf2beta\/view_beams.obj
         .\Debug_pf2beta\/view_effects.obj
         .\Debug_pf2beta\/view_scene.obj
         .\Debug_pf2beta\/viewangleanim.obj
         .\Debug_pf2beta\/ViewConeImage.obj
         .\Debug_pf2beta\/viewdebug.obj
         .\Debug_pf2beta\/viewpostprocess.obj
         .\Debug_pf2beta\/viewrender.obj
         .\Debug_pf2beta\/voice_banmgr.obj
         .\Debug_pf2beta\/voice_menu.obj
         .\Debug_pf2beta\/voice_status.obj
         .\Debug_pf2beta\/warp_overlay.obj
         .\Debug_pf2beta\/WaterLODMaterialProxy.obj
         .\Debug_pf2beta\/weapon_parse.obj
         .\Debug_pf2beta\/weapon_selection.obj
         .\Debug_pf2beta\/weapons_resource.obj
         .\Debug_pf2beta\/WorldDimsProxy.obj
         .\Debug_pf2beta\/basemodel_panel.obj
         .\Debug_pf2beta\/basemodelpanel.obj
         .\Debug_pf2beta\/baseviewport.obj
         .\Debug_pf2beta\/buymenu.obj
         .\Debug_pf2beta\/buysubmenu.obj
         .\Debug_pf2beta\/classmenu.obj
         .\Debug_pf2beta\/ClientScoreBoardDialog.obj
         .\Debug_pf2beta\/commandmenu.obj
         .\Debug_pf2beta\/IconPanel.obj
         .\Debug_pf2beta\/intromenu.obj
         .\Debug_pf2beta\/MapOverview.obj
         .\Debug_pf2beta\/NavProgress.obj
         .\Debug_pf2beta\/SpectatorGUI.obj
         .\Debug_pf2beta\/teammenu.obj
         .\Debug_pf2beta\/vguitextwindow.obj
         .\Debug_pf2beta\/weapon_ifmbase.obj
         .\Debug_pf2beta\/weapon_ifmbasecamera.obj
         .\Debug_pf2beta\/weapon_ifmsteadycam.obj
         .\Debug_pf2beta\/betatest_check.obj
         .\Debug_pf2beta\/engine_patch.obj
         .\Debug_pf2beta\/os_utils.obj
         .\Debug_pf2beta\/pf_convar_setup.obj
         .\Debug_pf2beta\/pf_cvars.obj
         .\Debug_pf2beta\/cvarslider.obj
         .\Debug_pf2beta\/cvartextentry.obj
         .\Debug_pf2beta\/cvartogglecheckbutton.obj
         .\Debug_pf2beta\/panellistpanel.obj
         .\Debug_pf2beta\/scriptobject.obj
         .\Debug_pf2beta\/pf_advcreditspanel.obj
         .\Debug_pf2beta\/pf_advoptionspanel.obj
         .\Debug_pf2beta\/stdafx.obj
         .\Debug_pf2beta\/in_sixense.obj
         .\Debug_pf2beta\/in_sixense_gesture_bindings.obj
         .\Debug_pf2beta\/sixense_convars.obj
         .\Debug_pf2beta\/c_basetempentity.obj
         .\Debug_pf2beta\/c_effects.obj
         .\Debug_pf2beta\/c_impact_effects.obj
         .\Debug_pf2beta\/c_movie_explosion.obj
         .\Debug_pf2beta\/c_particle_fire.obj
         .\Debug_pf2beta\/c_particle_smokegrenade.obj
         .\Debug_pf2beta\/c_prop_vehicle.obj
         .\Debug_pf2beta\/c_recipientfilter.obj
         .\Debug_pf2beta\/c_smoke_trail.obj
         .\Debug_pf2beta\/c_smokestack.obj
         .\Debug_pf2beta\/c_steamjet.obj
         .\Debug_pf2beta\/c_stickybolt.obj
         .\Debug_pf2beta\/c_te.obj
         .\Debug_pf2beta\/c_te_armorricochet.obj
         .\Debug_pf2beta\/c_te_basebeam.obj
         .\Debug_pf2beta\/c_te_beamentpoint.obj
         .\Debug_pf2beta\/c_te_beaments.obj
         .\Debug_pf2beta\/c_te_beamfollow.obj
         .\Debug_pf2beta\/c_te_beamlaser.obj
         .\Debug_pf2beta\/c_te_beampoints.obj
         .\Debug_pf2beta\/c_te_beamring.obj
         .\Debug_pf2beta\/c_te_beamringpoint.obj
         .\Debug_pf2beta\/c_te_beamspline.obj
         .\Debug_pf2beta\/c_te_bloodsprite.obj
         .\Debug_pf2beta\/c_te_bloodstream.obj
         .\Debug_pf2beta\/c_te_breakmodel.obj
         .\Debug_pf2beta\/c_te_bspdecal.obj
         .\Debug_pf2beta\/c_te_bubbles.obj
         .\Debug_pf2beta\/c_te_bubbletrail.obj
         .\Debug_pf2beta\/c_te_clientprojectile.obj
         .\Debug_pf2beta\/c_te_decal.obj
         .\Debug_pf2beta\/c_te_dynamiclight.obj
         .\Debug_pf2beta\/c_te_effect_dispatch.obj
         .\Debug_pf2beta\/c_te_energysplash.obj
         .\Debug_pf2beta\/c_te_explosion.obj
         .\Debug_pf2beta\/c_te_fizz.obj
         .\Debug_pf2beta\/c_te_footprint.obj
         .\Debug_pf2beta\/c_te_glassshatter.obj
         .\Debug_pf2beta\/c_te_glowsprite.obj
         .\Debug_pf2beta\/c_te_impact.obj
         .\Debug_pf2beta\/c_te_killplayerattachments.obj
         .\Debug_pf2beta\/c_te_largefunnel.obj
         .\Debug_pf2beta\/c_te_legacytempents.obj
         .\Debug_pf2beta\/c_te_muzzleflash.obj
         .\Debug_pf2beta\/c_te_particlesystem.obj
         .\Debug_pf2beta\/c_te_physicsprop.obj
         .\Debug_pf2beta\/c_te_playerdecal.obj
         .\Debug_pf2beta\/c_te_projecteddecal.obj
         .\Debug_pf2beta\/c_te_showline.obj
         .\Debug_pf2beta\/c_te_smoke.obj
         .\Debug_pf2beta\/c_te_sparks.obj
         .\Debug_pf2beta\/c_te_sprite.obj
         .\Debug_pf2beta\/c_te_spritespray.obj
         .\Debug_pf2beta\/c_te_worlddecal.obj
         .\Debug_pf2beta\/c_testtraceline.obj
         .\Debug_pf2beta\/c_tracer.obj
         .\Debug_pf2beta\/fx.obj
         .\Debug_pf2beta\/fx_discreetline.obj
         .\Debug_pf2beta\/fx_envelope.obj
         .\Debug_pf2beta\/fx_line.obj
         .\Debug_pf2beta\/fx_sparks.obj
         .\Debug_pf2beta\/particlesphererenderer.obj
         .\Debug_pf2beta\/smoke_fog_overlay.obj
         .\Debug_pf2beta\/achievements_pf.obj
         .\Debug_pf2beta\/baseobject_shared.obj
         .\Debug_pf2beta\/c_baseobject.obj
         .\Debug_pf2beta\/c_func_capture_zone.obj
         .\Debug_pf2beta\/c_func_respawnroom.obj
         .\Debug_pf2beta\/c_obj_detpack.obj
         .\Debug_pf2beta\/c_obj_dispenser.obj
         .\Debug_pf2beta\/c_obj_sapper.obj
         .\Debug_pf2beta\/c_obj_sentrygun.obj
         .\Debug_pf2beta\/c_obj_teleporter.obj
         .\Debug_pf2beta\/c_playerattachedmodel.obj
         .\Debug_pf2beta\/c_script_parser.obj
         .\Debug_pf2beta\/c_tf_ammo_pack.obj
         .\Debug_pf2beta\/c_tf_fx.obj
         .\Debug_pf2beta\/c_tf_objective_resource.obj
         .\Debug_pf2beta\/c_tf_player.obj
         .\Debug_pf2beta\/c_tf_playerresource.obj
         .\Debug_pf2beta\/c_tf_team.obj
         .\Debug_pf2beta\/clientmode_tf.obj
         .\Debug_pf2beta\/entity_capture_flag.obj
         .\Debug_pf2beta\/multiplayer_animstate.obj
         .\Debug_pf2beta\/pf_discord_rpc.obj
         .\Debug_pf2beta\/teammaterialproxy.obj
         .\Debug_pf2beta\/tf_fx_blood.obj
         .\Debug_pf2beta\/tf_fx_ejectbrass.obj
         .\Debug_pf2beta\/tf_fx_explosions.obj
         .\Debug_pf2beta\/tf_fx_impacts.obj
         .\Debug_pf2beta\/tf_fx_muzzleflash.obj
         .\Debug_pf2beta\/tf_fx_particleeffect.obj
         .\Debug_pf2beta\/tf_fx_shared.obj
         .\Debug_pf2beta\/tf_fx_taunteffects.obj
         .\Debug_pf2beta\/tf_fx_tracers.obj
         .\Debug_pf2beta\/tf_gamemovement.obj
         .\Debug_pf2beta\/tf_gamerules.obj
         .\Debug_pf2beta\/tf_gamestats_shared.obj
         .\Debug_pf2beta\/tf_hud_account.obj
         .\Debug_pf2beta\/tf_hud_ammostatus.obj
         .\Debug_pf2beta\/tf_hud_building_status.obj
         .\Debug_pf2beta\/tf_hud_chat.obj
         .\Debug_pf2beta\/tf_hud_cloakmeter.obj
         .\Debug_pf2beta\/tf_hud_crosshair.obj
         .\Debug_pf2beta\/tf_hud_damageindicator.obj
         .\Debug_pf2beta\/tf_hud_deathnotice.obj
         .\Debug_pf2beta\/tf_hud_demomancharge.obj
         .\Debug_pf2beta\/tf_hud_demomanpipes.obj
         .\Debug_pf2beta\/tf_hud_detpack_construction.obj
         .\Debug_pf2beta\/tf_hud_disguise_status.obj
         .\Debug_pf2beta\/tf_hud_flagstatus.obj
         .\Debug_pf2beta\/tf_hud_freezepanel.obj
         .\Debug_pf2beta\/tf_hud_mediccallers.obj
         .\Debug_pf2beta\/tf_hud_mediccharge.obj
         .\Debug_pf2beta\/tf_hud_menu_demo_detpack.obj
         .\Debug_pf2beta\/tf_hud_menu_engy_build.obj
         .\Debug_pf2beta\/tf_hud_menu_engy_destroy.obj
         .\Debug_pf2beta\/tf_hud_menu_spy_disguise.obj
         .\Debug_pf2beta\/tf_hud_notification_panel.obj
         .\Debug_pf2beta\/tf_hud_objectivestatus.obj
         .\Debug_pf2beta\/tf_hud_player_conditions.obj
         .\Debug_pf2beta\/tf_hud_playerstatus.obj
         .\Debug_pf2beta\/tf_hud_scope.obj
         .\Debug_pf2beta\/tf_hud_stalemate.obj
         .\Debug_pf2beta\/tf_hud_statpanel.obj
         .\Debug_pf2beta\/tf_hud_target_id.obj
         .\Debug_pf2beta\/tf_hud_teamgoal.obj
         .\Debug_pf2beta\/tf_hud_teamswitch.obj
         .\Debug_pf2beta\/tf_hud_waitingforplayers_panel.obj
         .\Debug_pf2beta\/tf_hud_weaponselection.obj
         .\Debug_pf2beta\/tf_hud_winpanel.obj
         .\Debug_pf2beta\/tf_imagepanel.obj
         .\Debug_pf2beta\/tf_input_main.obj
         .\Debug_pf2beta\/tf_item.obj
         .\Debug_pf2beta\/tf_obj_baseupgrade_shared.obj
         .\Debug_pf2beta\/tf_player_shared.obj
         .\Debug_pf2beta\/tf_playeranimstate.obj
         .\Debug_pf2beta\/tf_playerclass_info_parse.obj
         .\Debug_pf2beta\/tf_playerclass_shared.obj
         .\Debug_pf2beta\/tf_prediction.obj
         .\Debug_pf2beta\/tf_presence.obj
         .\Debug_pf2beta\/tf_shareddefs.obj
         .\Debug_pf2beta\/tf_steamstats.obj
         .\Debug_pf2beta\/tf_tips.obj
         .\Debug_pf2beta\/tf_usermessages.obj
         .\Debug_pf2beta\/tf_viewmodel.obj
         .\Debug_pf2beta\/tf_viewrender.obj
         .\Debug_pf2beta\/backgroundpanel.obj
         .\Debug_pf2beta\/ObjectControlPanel.obj
         .\Debug_pf2beta\/tf_classmenu.obj
         .\Debug_pf2beta\/tf_clientscoreboard.obj
         .\Debug_pf2beta\/tf_controls.obj
         .\Debug_pf2beta\/tf_intromenu.obj
         .\Debug_pf2beta\/tf_mapinfomenu.obj
         .\Debug_pf2beta\/tf_roundinfo.obj
         .\Debug_pf2beta\/tf_spectatorgui.obj
         .\Debug_pf2beta\/tf_statsummary.obj
         .\Debug_pf2beta\/tf_teammenu.obj
         .\Debug_pf2beta\/tf_textwindow.obj
         .\Debug_pf2beta\/tf_vgui_video.obj
         .\Debug_pf2beta\/tf_viewport.obj
         .\Debug_pf2beta\/vgui_pda_panel.obj
         .\Debug_pf2beta\/vgui_rootpanel_tf.obj
         .\Debug_pf2beta\/vgui_rotation_slider.obj
         .\Debug_pf2beta\/c_tf_projectile_rocket.obj
         .\Debug_pf2beta\/tf_projectile_base.obj
         .\Debug_pf2beta\/tf_projectile_nail.obj
         .\Debug_pf2beta\/tf_weaponbase.obj
         .\Debug_pf2beta\/tf_weaponbase_grenade.obj
         .\Debug_pf2beta\/tf_weaponbase_grenadeproj.obj
         .\Debug_pf2beta\/tf_weaponbase_gun.obj
         .\Debug_pf2beta\/tf_weaponbase_melee.obj
         .\Debug_pf2beta\/tf_weaponbase_rocket.obj
         .\Debug_pf2beta\/tf_weapon_grenade_caltrop.obj
         .\Debug_pf2beta\/tf_weapon_grenade_concussion.obj
         .\Debug_pf2beta\/tf_weapon_grenade_emp.obj
         .\Debug_pf2beta\/tf_weapon_grenade_gas.obj
         .\Debug_pf2beta\/tf_weapon_grenade_heal.obj
         .\Debug_pf2beta\/tf_weapon_grenade_mirv.obj
         .\Debug_pf2beta\/tf_weapon_grenade_nail.obj
         .\Debug_pf2beta\/tf_weapon_grenade_napalm.obj
         .\Debug_pf2beta\/tf_weapon_grenade_normal.obj
         .\Debug_pf2beta\/tf_weapon_grenade_pipebomb.obj
         .\Debug_pf2beta\/c_stickynail.obj
         .\Debug_pf2beta\/c_tf_weapon_builder.obj
         .\Debug_pf2beta\/tf_weapon_bat.obj
         .\Debug_pf2beta\/tf_weapon_blowtorch.obj
         .\Debug_pf2beta\/tf_weapon_bonesaw.obj
         .\Debug_pf2beta\/tf_weapon_bottle.obj
         .\Debug_pf2beta\/tf_weapon_brandingiron.obj
         .\Debug_pf2beta\/tf_weapon_club.obj
         .\Debug_pf2beta\/tf_weapon_fireaxe.obj
         .\Debug_pf2beta\/tf_weapon_fists.obj
         .\Debug_pf2beta\/tf_weapon_flamethrower.obj
         .\Debug_pf2beta\/tf_weapon_grenadelauncher.obj
         .\Debug_pf2beta\/tf_weapon_invis.obj
         .\Debug_pf2beta\/tf_weapon_knife.obj
         .\Debug_pf2beta\/tf_weapon_machete.obj
         .\Debug_pf2beta\/tf_weapon_medigun.obj
         .\Debug_pf2beta\/tf_weapon_minigun.obj
         .\Debug_pf2beta\/tf_weapon_nailgun.obj
         .\Debug_pf2beta\/tf_weapon_parse.obj
         .\Debug_pf2beta\/tf_weapon_pda.obj
         .\Debug_pf2beta\/tf_weapon_pipe.obj
         .\Debug_pf2beta\/tf_weapon_pipebomblauncher.obj
         .\Debug_pf2beta\/tf_weapon_pistol.obj
         .\Debug_pf2beta\/tf_weapon_revolver.obj
         .\Debug_pf2beta\/tf_weapon_rocketlauncher.obj
         .\Debug_pf2beta\/tf_weapon_shotgun.obj
         .\Debug_pf2beta\/tf_weapon_shovel.obj
         .\Debug_pf2beta\/tf_weapon_smg.obj
         .\Debug_pf2beta\/tf_weapon_sniperrifle.obj
         .\Debug_pf2beta\/tf_weapon_syringe.obj
         .\Debug_pf2beta\/tf_weapon_syringegun.obj
         .\Debug_pf2beta\/tf_weapon_tranq.obj
         .\Debug_pf2beta\/tf_weapon_wrench.obj
         .\Debug_pf2beta\/bonelist.obj
         .\Debug_pf2beta\/entity_client_tools.obj
         .\Debug_pf2beta\/toolframework_client.obj
         ..\..\lib\public\bitmap.lib
         ..\..\lib\public\choreoobjects.lib
         "..\..\lib\public\discord-rpc.lib"
         ..\..\lib\public\dmxloader.lib
         ..\..\lib\common\libcurl.lib
         ..\..\lib\public\libprotobuf.lib
         ..\..\lib\public\libz.lib
         ..\..\lib\public\mathlib.lib
         ..\..\lib\public\matsys_controls.lib
         ..\..\lib\public\particles.lib
         ..\..\lib\public\steam_api.lib
         ..\..\lib\public\tier0.lib
         ..\..\lib\public\tier1.lib
         ..\..\lib\public\tier2.lib
         ..\..\lib\public\tier3.lib
         ..\..\lib\public\vgui_controls.lib
         ..\..\lib\public\vstdlib.lib
         ..\..\lib\public\vtf.lib
         client_pf2beta.vcxproj -> D:\Development\pf2-src\src\game\client\.\Debug_pf2beta\client.dll
       PostBuildEvent:
         if not exist "..\..\..\game\pf2beta\bin\." mkdir "..\..\..\game\pf2beta\bin\."
         copy "D:\Development\pf2-src\src\game\client\Debug_pf2beta\client.dll" "..\..\..\game\pf2beta\bin\.\client.dll"
         if ERRORLEVEL 1 goto BuildEventFailed
         if exist "D:\Development\pf2-src\src\game\client\Debug_pf2beta\client.map" copy "D:\Development\pf2-src\src\game\client\Debug_pf2beta\client.map" ..\..\..\game\pf2beta\bin\.\client.map
         copy "D:\Development\pf2-src\src\game\client\Debug_pf2beta\client.pdb" ..\..\..\game\pf2beta\bin\.\client.pdb
         if ERRORLEVEL 1 goto BuildEventFailed
         goto BuildEventOK
         :BuildEventFailed
         echo *** ERROR! PostBuildStep FAILED for Client (TF)! EXE or DLL is probably running. ***
         del /q "D:\Development\pf2-src\src\game\client\Debug_pf2beta\client.dll"
         exit 1
         :BuildEventOK
         
         :VCEnd
                 1 file(s) copied.
                 1 file(s) copied.
     1>Done Building Project "D:\Development\pf2-src\src\game\client\client_pf2beta.vcxproj" (Build target(s)).

Build succeeded.

Time Elapsed 00:00:01.83
