Build started 10/7/2023 4:49:37 PM.
     1>Project "D:\Development\pf2-src\src\game\client\client_pf2beta.vcxproj" on node 3 (Build target(s)).
     1>PreBuildEvent:
         if EXIST ..\..\..\game\pf2beta\bin\.\client.dll for /f "delims=" %%A in ('attrib "..\..\..\game\pf2beta\bin\.\client.dll"') do set valveTmpIsReadOnly="%%A"
         set valveTmpIsReadOnlyLetter=%valveTmpIsReadOnly:~6,1%
         if "%valveTmpIsReadOnlyLetter%"=="R" del /q "D:\Development\pf2-src\src\game\client\Release_pf2beta\"client.dll
         if exist "..\..\devtools\bin\vpc.exe" "..\..\devtools\bin\vpc.exe" -crc2 "client_pf2beta.vcxproj"
         if ERRORLEVEL 1 exit /b 1
         
         :VCEnd
       CustomBuild:
         Compiling pointeroverride.asm
          Assembling: D:\Development\pf2-src\src\public\tier0\pointeroverride.asm
         Microsoft (R) Macro Assembler Version 12.00.40629.0
         Copyright (C) Microsoft Corporation.  All rights reserved.
         
         Running VPC CRC Check - client_pf2beta.vpc
       ClCompile:
         C:\Program Files (x86)\Microsoft Visual Studio 12.0\VC\bin\CL.exe /c /I.\hl2 /I.\tf /I.\tf\vgui /I.\pf /I.\pf\vgui /I..\..\game\client\pf\gameui /I..\..\game\shared\Multiplayer /I..\..\game\shared\tf /I..\..\game\shared\pf /I.\ /I..\..\common /I..\..\public /I..\..\public\tier0 /I..\..\public\tier1 /I..\..\game\client\generated_proto_pf2beta /I"..\..\thirdparty\protobuf-2.3.0\src" /I..\..\vgui2\include /I..\..\vgui2\controls /I..\..\game\shared /I.\game_controls /I..\..\thirdparty\sixensesdk\include /Zi /nologo /W4 /WX /MP /O2 /Ob2 /Oi /Ot /Oy- /D VPC /D RAD_TELEMETRY_DISABLED /D WIN32 /D _WIN32 /D NDEBUG /D _WINDOWS /D _USRDLL /D _CRT_SECURE_NO_DEPRECATE /D _CRT_NONSTDC_NO_DEPRECATE /D _ALLOW_RUNTIME_LIBRARY_MISMATCH /D _ALLOW_ITERATOR_DEBUG_LEVEL_MISMATCH /D _ALLOW_MSC_VER_MISMATCH /D _USING_V110_SDK71_ /D _WINDLL /D _MBCS /D COMPILER_MSVC32 /D COMPILER_MSVC32 /D COMPILER_MSVC /D _DLL_EXT=.dll /D DLLNAME=client /D BINK_VIDEO /D AVI_VIDEO /D WMV_VIDEO /D DEV_BUILD /D FRAME_POINTER_OMISSION_DISABLED /D NO_STRING_T /D CLIENT_DLL /D VECTOR /D VERSION_SAFE_STEAM_API_INTERFACES /D PROTECTED_THINGS_ENABLE /D strncpy=use_Q_strncpy_instead /D _snprintf=use_Q_snprintf_instead /D fopen=dont_use_fopen /D PF2 /D PF2_CLIENT /D GLOWS_ENABLE /D _EXTERNAL_DLL_EXT=.dll /D VPCGAMECAPS=PF2BETA /D "PROJECTDIR=D:\Development\pf2-src\src\game\client" /D _DLL_EXT=.dll /D SOURCE1=1 /D VPCGAME=pf2beta /GF /Gm- /MT /GS /Gy /arch:SSE /fp:fast /Zc:wchar_t /Zc:forScope /GR /Yc"cbase.h" /Fp".\Release_pf2beta\/client.pch" /Fo".\Release_pf2beta\/" /Fd".\Release_pf2beta\/vc120.pdb" /Gd /TP /wd4316 /analyze- /FC /errorReport:prompt /Zm200 /Zo /Gw /Zc:inline stdafx.cpp
         stdafx.cpp
         C:\Program Files (x86)\Microsoft Visual Studio 12.0\VC\bin\CL.exe /c /I.\hl2 /I.\tf /I.\tf\vgui /I.\pf /I.\pf\vgui /I..\..\game\client\pf\gameui /I..\..\game\shared\Multiplayer /I..\..\game\shared\tf /I..\..\game\shared\pf /I.\ /I..\..\common /I..\..\public /I..\..\public\tier0 /I..\..\public\tier1 /I..\..\game\client\generated_proto_pf2beta /I"..\..\thirdparty\protobuf-2.3.0\src" /I..\..\vgui2\include /I..\..\vgui2\controls /I..\..\game\shared /I.\game_controls /I..\..\thirdparty\sixensesdk\include /Zi /nologo /W4 /WX /MP /O2 /Ob2 /Oi /Ot /Oy- /D VPC /D RAD_TELEMETRY_DISABLED /D WIN32 /D _WIN32 /D NDEBUG /D _WINDOWS /D _USRDLL /D _CRT_SECURE_NO_DEPRECATE /D _CRT_NONSTDC_NO_DEPRECATE /D _ALLOW_RUNTIME_LIBRARY_MISMATCH /D _ALLOW_ITERATOR_DEBUG_LEVEL_MISMATCH /D _ALLOW_MSC_VER_MISMATCH /D _USING_V110_SDK71_ /D _WINDLL /D _MBCS /D COMPILER_MSVC32 /D COMPILER_MSVC32 /D COMPILER_MSVC /D _DLL_EXT=.dll /D DLLNAME=client /D BINK_VIDEO /D AVI_VIDEO /D WMV_VIDEO /D DEV_BUILD /D FRAME_POINTER_OMISSION_DISABLED /D NO_STRING_T /D CLIENT_DLL /D VECTOR /D VERSION_SAFE_STEAM_API_INTERFACES /D PROTECTED_THINGS_ENABLE /D strncpy=use_Q_strncpy_instead /D _snprintf=use_Q_snprintf_instead /D fopen=dont_use_fopen /D PF2 /D PF2_CLIENT /D GLOWS_ENABLE /D _EXTERNAL_DLL_EXT=.dll /D VPCGAMECAPS=PF2BETA /D "PROJECTDIR=D:\Development\pf2-src\src\game\client" /D _DLL_EXT=.dll /D SOURCE1=1 /D VPCGAME=pf2beta /GF /Gm- /MT /GS /Gy /arch:SSE /fp:fast /Zc:wchar_t /Zc:forScope /GR /Yu"cbase.h" /Fp".\Release_pf2beta\/client.pch" /Fo".\Release_pf2beta\/" /Fd".\Release_pf2beta\/vc120.pdb" /Gd /TP /wd4316 /analyze- /FC /errorReport:prompt /Zm200 /Zo /Gw /Zc:inline mp3player.cpp replay\cdll_replay.cpp replay\replaycamera.cpp achievement_notification_panel.cpp ..\..\game\shared\achievement_saverestore.cpp ..\..\game\shared\achievementmgr.cpp ..\..\game\shared\achievements_hlx.cpp ..\..\game\shared\activitylist.cpp alphamaterialproxy.cpp ..\..\game\shared\ammodef.cpp animatedentitytextureproxy.cpp animatedoffsettextureproxy.cpp animatedtextureproxy.cpp AnimateSpecificTextureProxy.cpp ..\..\game\shared\animation.cpp ..\..\game\shared\base_playeranimstate.cpp ..\..\game\shared\baseachievement.cpp baseanimatedtextureproxy.cpp baseclientrendertargets.cpp ..\..\game\shared\basecombatcharacter_shared.cpp ..\..\game\shared\basecombatweapon_shared.cpp ..\..\game\shared\baseentity_shared.cpp ..\..\game\shared\basegrenade_shared.cpp ..\..\game\shared\baseparticleentity.cpp ..\..\game\shared\baseplayer_shared.cpp basepresence.cpp ..\..\game\shared\baseprojectile.cpp ..\..\game\shared\baseviewmodel_shared.cpp ..\..\game\shared\beam_shared.cpp beamdraw.cpp ..\..\public\bone_accessor.cpp bone_merge_cache.cpp c_ai_basehumanoid.cpp c_ai_basenpc.cpp c_baseanimating.cpp c_baseanimatingoverlay.cpp c_basecombatcharacter.cpp c_basecombatweapon.cpp c_basedoor.cpp c_baseentity.cpp c_baseflex.cpp c_baseplayer.cpp c_baseviewmodel.cpp c_breakableprop.cpp c_colorcorrection.cpp c_colorcorrectionvolume.cpp c_dynamiclight.cpp c_entitydissolve.cpp c_entityparticletrail.cpp c_env_fog_controller.cpp c_env_particlescript.cpp c_env_projectedtexture.cpp c_env_screenoverlay.cpp c_env_tonemap_controller.cpp c_fire_smoke.cpp c_fish.cpp c_func_areaportalwindow.cpp c_func_breakablesurf.cpp c_func_conveyor.cpp c_func_dust.cpp c_func_lod.cpp hl2\C_Func_Monitor.cpp c_func_occluder.cpp c_func_reflective_glass.cpp c_func_rotating.cpp c_func_smokevolume.cpp c_func_tracktrain.cpp c_gib.cpp c_hairball.cpp c_info_overlay_accessor.cpp c_lightglow.cpp C_MaterialModifyControl.cpp c_particle_system.cpp c_physbox.cpp c_physicsprop.cpp c_physmagnet.cpp c_pixel_visibility.cpp c_plasma.cpp c_playerresource.cpp c_point_camera.cpp c_point_commentary_node.cpp c_props.cpp c_ragdoll_manager.cpp c_rope.cpp c_rumble.cpp c_sceneentity.cpp c_shadowcontrol.cpp c_slideshow_display.cpp c_soundscape.cpp c_spotlight_end.cpp c_sprite.cpp c_sprite_perfmonitor.cpp c_sun.cpp c_team.cpp c_team_objectiveresource.cpp c_team_train_watcher.cpp c_tesla.cpp c_test_proxytoggle.cpp c_user_message_register.cpp c_vehicle_choreo_generic.cpp c_vehicle_jeep.cpp c_vguiscreen.cpp ..\..\game\client\c_vote_controller.cpp hl2\c_waterbullet.cpp C_WaterLODControl.cpp c_world.cpp ..\..\game\shared\cam_thirdperson.cpp camomaterialproxy.cpp cdll_bounded_cvars.cpp cdll_client_int.cpp cdll_util.cpp cl_mat_stub.cpp classmap.cpp client_factorylist.cpp client_thinklist.cpp client_virtualreality.cpp clienteffectprecachesystem.cpp cliententitylist.cpp clientleafsystem.cpp clientmode_shared.cpp clientshadowmgr.cpp clientsideeffects.cpp clientsideeffects_test.cpp clientsteamcontext.cpp ..\..\game\shared\collisionproperty.cpp colorcorrectionmgr.cpp commentary_modelviewer.cpp ..\..\game\shared\death_pose.cpp ..\..\game\shared\debugoverlay_shared.cpp ..\..\game\shared\decals.cpp detailobjectsystem.cpp dummyproxy.cpp ..\..\game\shared\effect_dispatch_data.cpp EffectsClient.cpp ..\..\game\shared\ehandle.cpp ..\..\game\shared\entitylist_base.cpp entityoriginmaterialproxy.cpp ..\..\game\shared\EntityParticleTrail_Shared.cpp ..\..\game\shared\env_detail_controller.cpp ..\..\game\shared\env_wind_shared.cpp ..\..\game\shared\eventlist.cpp flashlighteffect.cpp ..\..\game\shared\func_ladder.cpp functionproxy.cpp fx_blood.cpp fx_cube.cpp fx_explosion.cpp fx_fleck.cpp fx_impact.cpp fx_interpvalue.cpp fx_quad.cpp fx_shelleject.cpp fx_staticline.cpp fx_tracer.cpp fx_trail.cpp fx_water.cpp ..\..\game\shared\gamemovement.cpp ..\..\game\shared\gamerules.cpp ..\..\game\shared\gamerules_register.cpp ..\..\game\shared\GameStats.cpp ..\..\game\shared\gamestringpool.cpp gametrace_client.cpp ..\..\game\shared\gamevars_shared.cpp geiger.cpp glow_outline_effect.cpp glow_overlay.cpp ..\..\public\haptics\haptic_msgs.cpp ..\..\public\haptics\haptic_utils.cpp ..\..\game\shared\hintmessage.cpp ..\..\game\shared\hintsystem.cpp history_resource.cpp hltvcamera.cpp hud.cpp hud_animationinfo.cpp hl2\hud_autoaim.cpp hud_base_account.cpp hud_basechat.cpp hud_basetimer.cpp hud_bitmapnumericdisplay.cpp hud_closecaption.cpp hud_controlpointicons.cpp hud_crosshair.cpp hud_damageaccount_panel.cpp hud_element_helper.cpp hl2\hud_filmdemo.cpp hl2\hud_hdrdemo.cpp hud_hintdisplay.cpp hud_msg.cpp hud_numericdisplay.cpp hud_pdump.cpp hud_redraw.cpp hud_vehicle.cpp hud_vguiscreencursor.cpp hud_voicestatus.cpp hud_vote.cpp hud_weapon.cpp ..\..\game\shared\igamesystem.cpp in_camera.cpp in_joystick.cpp in_main.cpp initializer.cpp interpolatedvar.cpp IsNPCProxy.cpp lampbeamproxy.cpp lamphaloproxy.cpp ..\..\game\shared\mapentities_shared.cpp mathproxy.cpp matrixproxy.cpp menu.cpp message.cpp movehelper_client.cpp ..\..\game\shared\movevars_shared.cpp ..\..\game\shared\mp_shareddefs.cpp ..\..\game\shared\multiplay_gamerules.cpp ..\..\game\shared\obstacle_pushaway.cpp panelmetaclassmgr.cpp particle_collision.cpp particle_litsmokeemitter.cpp ..\..\game\shared\particle_parse.cpp ..\..\game\shared\particle_property.cpp particle_proxies.cpp particle_simple3d.cpp particlemgr.cpp particles_attractor.cpp particles_ez.cpp particles_localspace.cpp particles_new.cpp particles_simple.cpp ..\..\game\shared\particlesystemquery.cpp perfvisualbenchmark.cpp physics.cpp physics_main_client.cpp ..\..\game\shared\physics_main_shared.cpp ..\..\game\shared\physics_saverestore.cpp ..\..\game\shared\physics_shared.cpp physpropclientside.cpp playerandobjectenumerator.cpp ..\..\game\shared\playerclass_info_parse.cpp playerspawncache.cpp ..\..\game\shared\point_bonusmaps_accessor.cpp ..\..\game\shared\point_posecontroller.cpp ..\..\game\shared\precache_register.cpp ..\..\game\shared\predictableid.cpp prediction.cpp ..\..\game\shared\predictioncopy.cpp ..\..\game\shared\props_shared.cpp proxyentity.cpp ProxyHealth.cpp proxyplayer.cpp proxypupil.cpp ragdoll.cpp ..\..\game\shared\ragdoll_shared.cpp recvproxy.cpp ..\..\game\shared\rope_helpers.cpp ..\..\game\shared\saverestore.cpp ..\..\game\shared\sceneentity_shared.cpp ScreenSpaceEffects.cpp ..\..\game\shared\sequence_Transitioner.cpp simple_keys.cpp ..\..\game\shared\simtimer.cpp ..\..\game\shared\singleplay_gamerules.cpp ..\..\game\shared\SoundEmitterSystem.cpp ..\..\game\shared\soundenvelope.cpp ..\..\public\SoundParametersInternal.cpp splinepatch.cpp ..\..\game\shared\Sprite.cpp spritemodel.cpp ..\..\game\shared\SpriteTrail.cpp ..\..\game\shared\studio_shared.cpp studio_stats.cpp ..\..\game\shared\takedamageinfo.cpp TeamBitmapImage.cpp ..\..\game\shared\teamplay_gamerules.cpp ..\..\game\shared\teamplay_round_timer.cpp ..\..\game\shared\teamplayroundbased_gamerules.cpp ..\..\game\shared\test_ehandle.cpp text_message.cpp texturescrollmaterialproxy.cpp timematerialproxy.cpp toggletextureproxy.cpp train.cpp ..\..\game\shared\usercmd.cpp ..\..\game\shared\usermessages.cpp ..\..\game\shared\util_shared.cpp ..\..\game\shared\vehicle_viewblend_shared.cpp vgui_avatarimage.cpp vgui_basepanel.cpp vgui_bitmapbutton.cpp vgui_bitmapimage.cpp vgui_bitmappanel.cpp vgui_centerstringpanel.cpp vgui_consolepanel.cpp vgui_debugoverlaypanel.cpp vgui_fpspanel.cpp vgui_game_viewport.cpp vgui_grid.cpp vgui_int.cpp vgui_loadingdiscpanel.cpp vgui_messagechars.cpp vgui_netgraphpanel.cpp vgui_schemevisualizer.cpp vgui_slideshow_display_screen.cpp vgui_video.cpp vgui_video_player.cpp view.cpp view_beams.cpp view_effects.cpp view_scene.cpp viewangleanim.cpp ViewConeImage.cpp viewdebug.cpp viewpostprocess.cpp viewrender.cpp ..\..\game\shared\voice_banmgr.cpp voice_menu.cpp ..\..\game\shared\voice_status.cpp warp_overlay.cpp WaterLODMaterialProxy.cpp ..\..\game\shared\weapon_parse.cpp weapon_selection.cpp weapons_resource.cpp WorldDimsProxy.cpp game_controls\basemodel_panel.cpp game_controls\basemodelpanel.cpp game_controls\baseviewport.cpp game_controls\buymenu.cpp game_controls\buysubmenu.cpp game_controls\classmenu.cpp game_controls\ClientScoreBoardDialog.cpp game_controls\commandmenu.cpp game_controls\IconPanel.cpp game_controls\intromenu.cpp game_controls\MapOverview.cpp game_controls\NavProgress.cpp game_controls\SpectatorGUI.cpp game_controls\teammenu.cpp game_controls\vguitextwindow.cpp ..\..\game\shared\weapon_ifmbase.cpp ..\..\game\shared\weapon_ifmbasecamera.cpp ..\..\game\shared\weapon_ifmsteadycam.cpp betatest_check.cpp ..\..\game\shared\pf\pf_convar_setup.cpp ..\..\game\shared\pf\pf_cvars.cpp pf\gameui\cvarslider.cpp pf\gameui\cvartextentry.cpp pf\gameui\cvartogglecheckbutton.cpp pf\gameui\panellistpanel.cpp pf\gameui\scriptobject.cpp pf\vgui\pf_advcreditspanel.cpp pf\vgui\pf_advoptionspanel.cpp sixense\in_sixense.cpp sixense\in_sixense_gesture_bindings.cpp ..\..\game\shared\sixense\sixense_convars.cpp c_basetempentity.cpp c_effects.cpp c_impact_effects.cpp c_movie_explosion.cpp c_particle_fire.cpp c_particle_smokegrenade.cpp c_prop_vehicle.cpp c_recipientfilter.cpp c_smoke_trail.cpp c_smokestack.cpp c_steamjet.cpp c_stickybolt.cpp c_te.cpp c_te_armorricochet.cpp c_te_basebeam.cpp c_te_beamentpoint.cpp c_te_beaments.cpp c_te_beamfollow.cpp c_te_beamlaser.cpp c_te_beampoints.cpp c_te_beamring.cpp c_te_beamringpoint.cpp c_te_beamspline.cpp c_te_bloodsprite.cpp c_te_bloodstream.cpp c_te_breakmodel.cpp c_te_bspdecal.cpp c_te_bubbles.cpp c_te_bubbletrail.cpp c_te_clientprojectile.cpp c_te_decal.cpp c_te_dynamiclight.cpp c_te_effect_dispatch.cpp c_te_energysplash.cpp c_te_explosion.cpp c_te_fizz.cpp c_te_footprint.cpp c_te_glassshatter.cpp c_te_glowsprite.cpp c_te_impact.cpp c_te_killplayerattachments.cpp c_te_largefunnel.cpp c_te_legacytempents.cpp c_te_muzzleflash.cpp c_te_particlesystem.cpp c_te_physicsprop.cpp c_te_playerdecal.cpp c_te_projecteddecal.cpp c_te_showline.cpp c_te_smoke.cpp c_te_sparks.cpp c_te_sprite.cpp c_te_spritespray.cpp c_te_worlddecal.cpp c_testtraceline.cpp c_tracer.cpp fx.cpp fx_discreetline.cpp fx_envelope.cpp fx_line.cpp fx_sparks.cpp particlesphererenderer.cpp smoke_fog_overlay.cpp ..\..\game\shared\pf\achievements_pf.cpp ..\..\game\shared\tf\baseobject_shared.cpp tf\c_baseobject.cpp tf\c_func_capture_zone.cpp tf\c_func_respawnroom.cpp tf\c_obj_detpack.cpp tf\c_obj_dispenser.cpp tf\c_obj_sapper.cpp tf\c_obj_sentrygun.cpp tf\c_obj_teleporter.cpp tf\c_playerattachedmodel.cpp tf\c_script_parser.cpp tf\c_tf_ammo_pack.cpp tf\c_tf_fx.cpp tf\c_tf_objective_resource.cpp tf\c_tf_player.cpp tf\c_tf_playerresource.cpp tf\c_tf_team.cpp tf\clientmode_tf.cpp ..\..\game\shared\tf\entity_capture_flag.cpp ..\..\game\shared\Multiplayer\multiplayer_animstate.cpp tf\pf_discord_rpc.cpp tf\teammaterialproxy.cpp tf\tf_fx_blood.cpp tf\tf_fx_ejectbrass.cpp tf\tf_fx_explosions.cpp tf\tf_fx_impacts.cpp tf\tf_fx_muzzleflash.cpp tf\tf_fx_particleeffect.cpp ..\..\game\shared\tf\tf_fx_shared.cpp tf\tf_fx_taunteffects.cpp tf\tf_fx_tracers.cpp ..\..\game\shared\tf\tf_gamemovement.cpp ..\..\game\shared\tf\tf_gamerules.cpp tf\tf_hud_account.cpp tf\tf_hud_ammostatus.cpp tf\tf_hud_building_status.cpp tf\tf_hud_chat.cpp tf\tf_hud_cloakmeter.cpp tf\tf_hud_crosshair.cpp tf\tf_hud_damageindicator.cpp tf\tf_hud_deathnotice.cpp tf\tf_hud_demomancharge.cpp tf\tf_hud_demomanpipes.cpp tf\tf_hud_detpack_construction.cpp tf\tf_hud_disguise_status.cpp tf\tf_hud_flagstatus.cpp tf\tf_hud_freezepanel.cpp tf\tf_hud_mediccallers.cpp tf\tf_hud_mediccharge.cpp tf\tf_hud_menu_demo_detpack.cpp tf\tf_hud_menu_engy_build.cpp tf\tf_hud_menu_engy_destroy.cpp tf\tf_hud_menu_spy_disguise.cpp tf\tf_hud_notification_panel.cpp tf\tf_hud_objectivestatus.cpp tf\tf_hud_player_conditions.cpp tf\tf_hud_playerstatus.cpp tf\tf_hud_scope.cpp tf\tf_hud_stalemate.cpp tf\tf_hud_statpanel.cpp tf\tf_hud_target_id.cpp tf\tf_hud_teamgoal.cpp tf\tf_hud_teamswitch.cpp tf\tf_hud_waitingforplayers_panel.cpp tf\tf_hud_weaponselection.cpp tf\tf_hud_winpanel.cpp tf\vgui\tf_imagepanel.cpp tf\tf_input_main.cpp ..\..\game\shared\tf\tf_item.cpp ..\..\game\shared\tf\tf_obj_baseupgrade_shared.cpp ..\..\game\shared\tf\tf_player_shared.cpp ..\..\game\shared\tf\tf_playeranimstate.cpp ..\..\game\shared\tf\tf_playerclass_info_parse.cpp ..\..\game\shared\tf\tf_playerclass_shared.cpp tf\tf_prediction.cpp tf\tf_presence.cpp ..\..\game\shared\tf\tf_shareddefs.cpp tf\tf_steamstats.cpp tf\tf_tips.cpp ..\..\game\shared\tf\tf_usermessages.cpp ..\..\game\shared\tf\tf_viewmodel.cpp tf\tf_viewrender.cpp tf\vgui\backgroundpanel.cpp tf\vgui\ObjectControlPanel.cpp tf\vgui\tf_classmenu.cpp tf\vgui\tf_clientscoreboard.cpp tf\vgui\tf_controls.cpp tf\vgui\tf_intromenu.cpp tf\vgui\tf_mapinfomenu.cpp tf\vgui\tf_roundinfo.cpp tf\vgui\tf_spectatorgui.cpp tf\vgui\tf_statsummary.cpp tf\vgui\tf_teammenu.cpp tf\vgui\tf_textwindow.cpp tf\vgui\tf_vgui_video.cpp tf\vgui\tf_viewport.cpp tf\vgui\vgui_pda_panel.cpp tf\vgui\vgui_rootpanel_tf.cpp tf\vgui\vgui_rotation_slider.cpp tf\c_tf_projectile_rocket.cpp ..\..\game\shared\tf\tf_projectile_base.cpp ..\..\game\shared\tf\tf_projectile_nail.cpp ..\..\game\shared\tf\tf_weaponbase.cpp ..\..\game\shared\tf\tf_weaponbase_grenade.cpp ..\..\game\shared\tf\tf_weaponbase_grenadeproj.cpp ..\..\game\shared\tf\tf_weaponbase_gun.cpp ..\..\game\shared\tf\tf_weaponbase_melee.cpp ..\..\game\shared\tf\tf_weaponbase_rocket.cpp ..\..\game\shared\tf\tf_weapon_grenade_caltrop.cpp ..\..\game\shared\tf\tf_weapon_grenade_concussion.cpp ..\..\game\shared\tf\tf_weapon_grenade_emp.cpp ..\..\game\shared\tf\tf_weapon_grenade_gas.cpp ..\..\game\shared\tf\tf_weapon_grenade_heal.cpp ..\..\game\shared\tf\tf_weapon_grenade_mirv.cpp ..\..\game\shared\tf\tf_weapon_grenade_nail.cpp ..\..\game\shared\tf\tf_weapon_grenade_napalm.cpp ..\..\game\shared\tf\tf_weapon_grenade_normal.cpp ..\..\game\shared\tf\tf_weapon_grenade_pipebomb.cpp ..\..\game\client\tf\c_stickynail.cpp tf\c_tf_weapon_builder.cpp ..\..\game\shared\tf\tf_weapon_bat.cpp ..\..\game\shared\tf\tf_weapon_blowtorch.cpp ..\..\game\shared\tf\tf_weapon_bonesaw.cpp ..\..\game\shared\tf\tf_weapon_bottle.cpp ..\..\game\shared\tf\tf_weapon_brandingiron.cpp ..\..\game\shared\tf\tf_weapon_club.cpp ..\..\game\shared\tf\tf_weapon_fireaxe.cpp ..\..\game\shared\tf\tf_weapon_fists.cpp ..\..\game\shared\tf\tf_weapon_flamethrower.cpp ..\..\game\shared\tf\tf_weapon_grenadelauncher.cpp ..\..\game\shared\tf\tf_weapon_invis.cpp ..\..\game\shared\tf\tf_weapon_knife.cpp ..\..\game\shared\tf\tf_weapon_machete.cpp ..\..\game\shared\tf\tf_weapon_medigun.cpp ..\..\game\shared\tf\tf_weapon_minigun.cpp ..\..\game\shared\tf\tf_weapon_nailgun.cpp ..\..\game\shared\tf\tf_weapon_parse.cpp ..\..\game\shared\tf\tf_weapon_pda.cpp ..\..\game\shared\tf\tf_weapon_pipe.cpp ..\..\game\shared\tf\tf_weapon_pipebomblauncher.cpp ..\..\game\shared\tf\tf_weapon_pistol.cpp ..\..\game\shared\tf\tf_weapon_revolver.cpp ..\..\game\shared\tf\tf_weapon_rocketlauncher.cpp ..\..\game\shared\tf\tf_weapon_shotgun.cpp ..\..\game\shared\tf\tf_weapon_shovel.cpp ..\..\game\shared\tf\tf_weapon_smg.cpp ..\..\game\shared\tf\tf_weapon_sniperrifle.cpp ..\..\game\shared\tf\tf_weapon_syringe.cpp ..\..\game\shared\tf\tf_weapon_syringegun.cpp ..\..\game\shared\tf\tf_weapon_tranq.cpp ..\..\game\shared\tf\tf_weapon_wrench.cpp ..\..\public\tools\bonelist.cpp entity_client_tools.cpp toolframework_client.cpp
         mp3player.cpp
         cdll_replay.cpp
         replaycamera.cpp
         achievement_notification_panel.cpp
         achievement_saverestore.cpp
         achievementmgr.cpp
         achievements_hlx.cpp
         activitylist.cpp
         alphamaterialproxy.cpp
         ammodef.cpp
         animatedentitytextureproxy.cpp
         animatedoffsettextureproxy.cpp
         animatedtextureproxy.cpp
         AnimateSpecificTextureProxy.cpp
         animation.cpp
         base_playeranimstate.cpp
         baseachievement.cpp
         baseanimatedtextureproxy.cpp
         baseclientrendertargets.cpp
         basecombatcharacter_shared.cpp
         basecombatweapon_shared.cpp
         baseentity_shared.cpp
         basegrenade_shared.cpp
         baseparticleentity.cpp
         baseplayer_shared.cpp
         basepresence.cpp
         baseprojectile.cpp
         baseviewmodel_shared.cpp
         beam_shared.cpp
         beamdraw.cpp
         bone_accessor.cpp
         bone_merge_cache.cpp
         c_ai_basehumanoid.cpp
         c_ai_basenpc.cpp
         c_baseanimating.cpp
         c_baseanimatingoverlay.cpp
         c_basecombatcharacter.cpp
         c_basecombatweapon.cpp
         c_basedoor.cpp
         c_baseentity.cpp
         c_baseflex.cpp
         c_baseplayer.cpp
         c_baseviewmodel.cpp
         c_breakableprop.cpp
         c_colorcorrection.cpp
         c_colorcorrectionvolume.cpp
         c_dynamiclight.cpp
         c_entitydissolve.cpp
         c_entityparticletrail.cpp
         c_env_fog_controller.cpp
         c_env_particlescript.cpp
         c_env_projectedtexture.cpp
         c_env_screenoverlay.cpp
         c_env_tonemap_controller.cpp
         c_fire_smoke.cpp
         c_fish.cpp
         c_func_areaportalwindow.cpp
         c_func_breakablesurf.cpp
         c_func_conveyor.cpp
         c_func_dust.cpp
         c_func_lod.cpp
         C_Func_Monitor.cpp
         c_func_occluder.cpp
         c_func_reflective_glass.cpp
         c_func_rotating.cpp
         c_func_smokevolume.cpp
         c_func_tracktrain.cpp
         c_gib.cpp
         c_hairball.cpp
         c_info_overlay_accessor.cpp
         c_lightglow.cpp
         C_MaterialModifyControl.cpp
         c_particle_system.cpp
         c_physbox.cpp
         c_physicsprop.cpp
         c_physmagnet.cpp
         c_pixel_visibility.cpp
         c_plasma.cpp
         c_playerresource.cpp
         c_point_camera.cpp
         c_point_commentary_node.cpp
         c_props.cpp
         c_ragdoll_manager.cpp
         c_rope.cpp
         c_rumble.cpp
         c_sceneentity.cpp
         c_shadowcontrol.cpp
         c_slideshow_display.cpp
         c_soundscape.cpp
         c_spotlight_end.cpp
         c_sprite.cpp
         c_sprite_perfmonitor.cpp
         c_sun.cpp
         c_team.cpp
         c_team_objectiveresource.cpp
         c_team_train_watcher.cpp
         c_tesla.cpp
         c_test_proxytoggle.cpp
         c_user_message_register.cpp
         c_vehicle_choreo_generic.cpp
         c_vehicle_jeep.cpp
         c_vguiscreen.cpp
         c_vote_controller.cpp
         c_waterbullet.cpp
         C_WaterLODControl.cpp
         c_world.cpp
         cam_thirdperson.cpp
         camomaterialproxy.cpp
         cdll_bounded_cvars.cpp
         cdll_client_int.cpp
         cdll_util.cpp
         cl_mat_stub.cpp
         classmap.cpp
         client_factorylist.cpp
         client_thinklist.cpp
         client_virtualreality.cpp
         clienteffectprecachesystem.cpp
         cliententitylist.cpp
         clientleafsystem.cpp
         clientmode_shared.cpp
         clientshadowmgr.cpp
         clientsideeffects.cpp
         clientsideeffects_test.cpp
         clientsteamcontext.cpp
         collisionproperty.cpp
         colorcorrectionmgr.cpp
         commentary_modelviewer.cpp
         death_pose.cpp
         debugoverlay_shared.cpp
         decals.cpp
         detailobjectsystem.cpp
         dummyproxy.cpp
         effect_dispatch_data.cpp
         EffectsClient.cpp
         ehandle.cpp
         entitylist_base.cpp
         entityoriginmaterialproxy.cpp
         EntityParticleTrail_Shared.cpp
         env_detail_controller.cpp
         env_wind_shared.cpp
         eventlist.cpp
         flashlighteffect.cpp
         func_ladder.cpp
         functionproxy.cpp
         fx_blood.cpp
         fx_cube.cpp
         fx_explosion.cpp
         fx_fleck.cpp
         fx_impact.cpp
         fx_interpvalue.cpp
         fx_quad.cpp
         fx_shelleject.cpp
         fx_staticline.cpp
         fx_tracer.cpp
         fx_trail.cpp
         fx_water.cpp
         gamemovement.cpp
         gamerules.cpp
         gamerules_register.cpp
         GameStats.cpp
         gamestringpool.cpp
         gametrace_client.cpp
         gamevars_shared.cpp
         geiger.cpp
         glow_outline_effect.cpp
         glow_overlay.cpp
         haptic_msgs.cpp
         haptic_utils.cpp
         hintmessage.cpp
         hintsystem.cpp
         history_resource.cpp
         hltvcamera.cpp
         hud.cpp
         hud_animationinfo.cpp
         hud_autoaim.cpp
         hud_base_account.cpp
         hud_basechat.cpp
         hud_basetimer.cpp
         hud_bitmapnumericdisplay.cpp
         hud_closecaption.cpp
         hud_controlpointicons.cpp
         hud_crosshair.cpp
         hud_damageaccount_panel.cpp
         hud_element_helper.cpp
         hud_filmdemo.cpp
         hud_hdrdemo.cpp
         hud_hintdisplay.cpp
         hud_msg.cpp
         hud_numericdisplay.cpp
         hud_pdump.cpp
         hud_redraw.cpp
         hud_vehicle.cpp
         hud_vguiscreencursor.cpp
         hud_voicestatus.cpp
         hud_vote.cpp
         hud_weapon.cpp
         igamesystem.cpp
         in_camera.cpp
         in_joystick.cpp
         in_main.cpp
         initializer.cpp
         interpolatedvar.cpp
         IsNPCProxy.cpp
         lampbeamproxy.cpp
         lamphaloproxy.cpp
         mapentities_shared.cpp
         mathproxy.cpp
         matrixproxy.cpp
         menu.cpp
         message.cpp
         movehelper_client.cpp
         movevars_shared.cpp
         mp_shareddefs.cpp
         multiplay_gamerules.cpp
         obstacle_pushaway.cpp
         panelmetaclassmgr.cpp
         particle_collision.cpp
         particle_litsmokeemitter.cpp
         particle_parse.cpp
         particle_property.cpp
         particle_proxies.cpp
         particle_simple3d.cpp
         particlemgr.cpp
         particles_attractor.cpp
         particles_ez.cpp
         particles_localspace.cpp
         particles_new.cpp
         particles_simple.cpp
         particlesystemquery.cpp
         perfvisualbenchmark.cpp
         physics.cpp
         physics_main_client.cpp
         physics_main_shared.cpp
         physics_saverestore.cpp
         physics_shared.cpp
         physpropclientside.cpp
         playerandobjectenumerator.cpp
         playerclass_info_parse.cpp
         playerspawncache.cpp
         point_bonusmaps_accessor.cpp
         point_posecontroller.cpp
         precache_register.cpp
         predictableid.cpp
         prediction.cpp
         predictioncopy.cpp
         props_shared.cpp
         proxyentity.cpp
         ProxyHealth.cpp
         proxyplayer.cpp
         proxypupil.cpp
         ragdoll.cpp
         ragdoll_shared.cpp
         recvproxy.cpp
         rope_helpers.cpp
         saverestore.cpp
         sceneentity_shared.cpp
         ScreenSpaceEffects.cpp
         sequence_Transitioner.cpp
         simple_keys.cpp
         simtimer.cpp
         singleplay_gamerules.cpp
         SoundEmitterSystem.cpp
         soundenvelope.cpp
         SoundParametersInternal.cpp
         splinepatch.cpp
         Sprite.cpp
         spritemodel.cpp
         SpriteTrail.cpp
         studio_shared.cpp
         studio_stats.cpp
         takedamageinfo.cpp
         TeamBitmapImage.cpp
         teamplay_gamerules.cpp
         teamplay_round_timer.cpp
         teamplayroundbased_gamerules.cpp
         test_ehandle.cpp
         text_message.cpp
         texturescrollmaterialproxy.cpp
         timematerialproxy.cpp
         toggletextureproxy.cpp
         train.cpp
         usercmd.cpp
         usermessages.cpp
         util_shared.cpp
         vehicle_viewblend_shared.cpp
         vgui_avatarimage.cpp
         vgui_basepanel.cpp
         vgui_bitmapbutton.cpp
         vgui_bitmapimage.cpp
         vgui_bitmappanel.cpp
         vgui_centerstringpanel.cpp
         vgui_consolepanel.cpp
         vgui_debugoverlaypanel.cpp
         vgui_fpspanel.cpp
         vgui_game_viewport.cpp
         vgui_grid.cpp
         vgui_int.cpp
         vgui_loadingdiscpanel.cpp
         vgui_messagechars.cpp
         vgui_netgraphpanel.cpp
         vgui_schemevisualizer.cpp
         vgui_slideshow_display_screen.cpp
         vgui_video.cpp
         vgui_video_player.cpp
         view.cpp
         view_beams.cpp
         view_effects.cpp
         view_scene.cpp
         viewangleanim.cpp
         ViewConeImage.cpp
         viewdebug.cpp
         viewpostprocess.cpp
         viewrender.cpp
         voice_banmgr.cpp
         voice_menu.cpp
         voice_status.cpp
         warp_overlay.cpp
         WaterLODMaterialProxy.cpp
         weapon_parse.cpp
         weapon_selection.cpp
         weapons_resource.cpp
         WorldDimsProxy.cpp
         basemodel_panel.cpp
         basemodelpanel.cpp
         baseviewport.cpp
         buymenu.cpp
         buysubmenu.cpp
         classmenu.cpp
         ClientScoreBoardDialog.cpp
         commandmenu.cpp
         IconPanel.cpp
         intromenu.cpp
         MapOverview.cpp
         NavProgress.cpp
         SpectatorGUI.cpp
         teammenu.cpp
         vguitextwindow.cpp
         weapon_ifmbase.cpp
         weapon_ifmbasecamera.cpp
         weapon_ifmsteadycam.cpp
         betatest_check.cpp
         pf_convar_setup.cpp
         pf_cvars.cpp
         cvarslider.cpp
         cvartextentry.cpp
         cvartogglecheckbutton.cpp
         panellistpanel.cpp
         scriptobject.cpp
         pf_advcreditspanel.cpp
         pf_advoptionspanel.cpp
         in_sixense.cpp
         in_sixense_gesture_bindings.cpp
         sixense_convars.cpp
         c_basetempentity.cpp
         c_effects.cpp
         c_impact_effects.cpp
         c_movie_explosion.cpp
         c_particle_fire.cpp
         c_particle_smokegrenade.cpp
         c_prop_vehicle.cpp
         c_recipientfilter.cpp
         c_smoke_trail.cpp
         c_smokestack.cpp
         c_steamjet.cpp
         c_stickybolt.cpp
         c_te.cpp
         c_te_armorricochet.cpp
         c_te_basebeam.cpp
         c_te_beamentpoint.cpp
         c_te_beaments.cpp
         c_te_beamfollow.cpp
         c_te_beamlaser.cpp
         c_te_beampoints.cpp
         c_te_beamring.cpp
         c_te_beamringpoint.cpp
         c_te_beamspline.cpp
         c_te_bloodsprite.cpp
         c_te_bloodstream.cpp
         c_te_breakmodel.cpp
         c_te_bspdecal.cpp
         c_te_bubbles.cpp
         c_te_bubbletrail.cpp
         c_te_clientprojectile.cpp
         c_te_decal.cpp
         c_te_dynamiclight.cpp
         c_te_effect_dispatch.cpp
         c_te_energysplash.cpp
         c_te_explosion.cpp
         c_te_fizz.cpp
         c_te_footprint.cpp
         c_te_glassshatter.cpp
         c_te_glowsprite.cpp
         c_te_impact.cpp
         c_te_killplayerattachments.cpp
         c_te_largefunnel.cpp
         c_te_legacytempents.cpp
         c_te_muzzleflash.cpp
         c_te_particlesystem.cpp
         c_te_physicsprop.cpp
         c_te_playerdecal.cpp
         c_te_projecteddecal.cpp
         c_te_showline.cpp
         c_te_smoke.cpp
         c_te_sparks.cpp
         c_te_sprite.cpp
         c_te_spritespray.cpp
         c_te_worlddecal.cpp
         c_testtraceline.cpp
         c_tracer.cpp
         fx.cpp
         fx_discreetline.cpp
         fx_envelope.cpp
         fx_line.cpp
         fx_sparks.cpp
         particlesphererenderer.cpp
         smoke_fog_overlay.cpp
         achievements_pf.cpp
         baseobject_shared.cpp
         c_baseobject.cpp
         c_func_capture_zone.cpp
         c_func_respawnroom.cpp
         c_obj_detpack.cpp
         c_obj_dispenser.cpp
         c_obj_sapper.cpp
         c_obj_sentrygun.cpp
         c_obj_teleporter.cpp
         c_playerattachedmodel.cpp
         c_script_parser.cpp
         c_tf_ammo_pack.cpp
         c_tf_fx.cpp
         c_tf_objective_resource.cpp
         c_tf_player.cpp
         c_tf_playerresource.cpp
         c_tf_team.cpp
         clientmode_tf.cpp
         entity_capture_flag.cpp
         multiplayer_animstate.cpp
         pf_discord_rpc.cpp
         teammaterialproxy.cpp
         tf_fx_blood.cpp
         tf_fx_ejectbrass.cpp
         tf_fx_explosions.cpp
         tf_fx_impacts.cpp
         tf_fx_muzzleflash.cpp
         tf_fx_particleeffect.cpp
         tf_fx_shared.cpp
         tf_fx_taunteffects.cpp
         tf_fx_tracers.cpp
         tf_gamemovement.cpp
         tf_gamerules.cpp
         tf_hud_account.cpp
         tf_hud_ammostatus.cpp
         tf_hud_building_status.cpp
         tf_hud_chat.cpp
         tf_hud_cloakmeter.cpp
         tf_hud_crosshair.cpp
         tf_hud_damageindicator.cpp
         tf_hud_deathnotice.cpp
         tf_hud_demomancharge.cpp
         tf_hud_demomanpipes.cpp
         tf_hud_detpack_construction.cpp
         tf_hud_disguise_status.cpp
         tf_hud_flagstatus.cpp
         tf_hud_freezepanel.cpp
         tf_hud_mediccallers.cpp
         tf_hud_mediccharge.cpp
         tf_hud_menu_demo_detpack.cpp
         tf_hud_menu_engy_build.cpp
         tf_hud_menu_engy_destroy.cpp
         tf_hud_menu_spy_disguise.cpp
         tf_hud_notification_panel.cpp
         tf_hud_objectivestatus.cpp
         tf_hud_player_conditions.cpp
         tf_hud_playerstatus.cpp
         tf_hud_scope.cpp
         tf_hud_stalemate.cpp
         tf_hud_statpanel.cpp
         tf_hud_target_id.cpp
         tf_hud_teamgoal.cpp
         tf_hud_teamswitch.cpp
         tf_hud_waitingforplayers_panel.cpp
         tf_hud_weaponselection.cpp
         tf_hud_winpanel.cpp
         tf_imagepanel.cpp
         tf_input_main.cpp
         tf_item.cpp
         tf_obj_baseupgrade_shared.cpp
         tf_player_shared.cpp
         tf_playeranimstate.cpp
         tf_playerclass_info_parse.cpp
         tf_playerclass_shared.cpp
         tf_prediction.cpp
         tf_presence.cpp
         tf_shareddefs.cpp
         tf_steamstats.cpp
         tf_tips.cpp
         tf_usermessages.cpp
         tf_viewmodel.cpp
         tf_viewrender.cpp
         backgroundpanel.cpp
         ObjectControlPanel.cpp
         tf_classmenu.cpp
         tf_clientscoreboard.cpp
         tf_controls.cpp
         tf_intromenu.cpp
         tf_mapinfomenu.cpp
         tf_roundinfo.cpp
         tf_spectatorgui.cpp
         tf_statsummary.cpp
         tf_teammenu.cpp
         tf_textwindow.cpp
         tf_vgui_video.cpp
         tf_viewport.cpp
         vgui_pda_panel.cpp
         vgui_rootpanel_tf.cpp
         vgui_rotation_slider.cpp
         c_tf_projectile_rocket.cpp
         tf_projectile_base.cpp
         tf_projectile_nail.cpp
         tf_weaponbase.cpp
         tf_weaponbase_grenade.cpp
         tf_weaponbase_grenadeproj.cpp
         tf_weaponbase_gun.cpp
         tf_weaponbase_melee.cpp
         tf_weaponbase_rocket.cpp
         tf_weapon_grenade_caltrop.cpp
         tf_weapon_grenade_concussion.cpp
         tf_weapon_grenade_emp.cpp
         tf_weapon_grenade_gas.cpp
         tf_weapon_grenade_heal.cpp
         tf_weapon_grenade_mirv.cpp
         tf_weapon_grenade_nail.cpp
         tf_weapon_grenade_napalm.cpp
         tf_weapon_grenade_normal.cpp
         tf_weapon_grenade_pipebomb.cpp
         c_stickynail.cpp
         c_tf_weapon_builder.cpp
         tf_weapon_bat.cpp
         tf_weapon_blowtorch.cpp
         tf_weapon_bonesaw.cpp
         tf_weapon_bottle.cpp
         tf_weapon_brandingiron.cpp
         tf_weapon_club.cpp
         tf_weapon_fireaxe.cpp
         tf_weapon_fists.cpp
         tf_weapon_flamethrower.cpp
         tf_weapon_grenadelauncher.cpp
         tf_weapon_invis.cpp
         tf_weapon_knife.cpp
         tf_weapon_machete.cpp
         tf_weapon_medigun.cpp
         tf_weapon_minigun.cpp
         tf_weapon_nailgun.cpp
         tf_weapon_parse.cpp
         tf_weapon_pda.cpp
         tf_weapon_pipe.cpp
         tf_weapon_pipebomblauncher.cpp
         tf_weapon_pistol.cpp
         tf_weapon_revolver.cpp
         tf_weapon_rocketlauncher.cpp
         tf_weapon_shotgun.cpp
         tf_weapon_shovel.cpp
         tf_weapon_smg.cpp
         tf_weapon_sniperrifle.cpp
         tf_weapon_syringe.cpp
         tf_weapon_syringegun.cpp
         tf_weapon_tranq.cpp
         tf_weapon_wrench.cpp
         bonelist.cpp
         entity_client_tools.cpp
         toolframework_client.cpp
         C:\Program Files (x86)\Microsoft Visual Studio 12.0\VC\bin\CL.exe /c /I.\hl2 /I.\tf /I.\tf\vgui /I.\pf /I.\pf\vgui /I..\..\game\client\pf\gameui /I..\..\game\shared\Multiplayer /I..\..\game\shared\tf /I..\..\game\shared\pf /I.\ /I..\..\common /I..\..\public /I..\..\public\tier0 /I..\..\public\tier1 /I..\..\game\client\generated_proto_pf2beta /I"..\..\thirdparty\protobuf-2.3.0\src" /I..\..\vgui2\include /I..\..\vgui2\controls /I..\..\game\shared /I.\game_controls /I..\..\thirdparty\sixensesdk\include /Zi /nologo /W4 /WX /MP /O2 /Ob2 /Oi /Ot /Oy- /D VPC /D RAD_TELEMETRY_DISABLED /D WIN32 /D _WIN32 /D NDEBUG /D _WINDOWS /D _USRDLL /D _CRT_SECURE_NO_DEPRECATE /D _CRT_NONSTDC_NO_DEPRECATE /D _ALLOW_RUNTIME_LIBRARY_MISMATCH /D _ALLOW_ITERATOR_DEBUG_LEVEL_MISMATCH /D _ALLOW_MSC_VER_MISMATCH /D _USING_V110_SDK71_ /D _WINDLL /D _MBCS /D COMPILER_MSVC32 /D COMPILER_MSVC32 /D COMPILER_MSVC /D _DLL_EXT=.dll /D DLLNAME=client /D BINK_VIDEO /D AVI_VIDEO /D WMV_VIDEO /D DEV_BUILD /D FRAME_POINTER_OMISSION_DISABLED /D NO_STRING_T /D CLIENT_DLL /D VECTOR /D VERSION_SAFE_STEAM_API_INTERFACES /D PROTECTED_THINGS_ENABLE /D strncpy=use_Q_strncpy_instead /D _snprintf=use_Q_snprintf_instead /D fopen=dont_use_fopen /D PF2 /D PF2_CLIENT /D GLOWS_ENABLE /D _EXTERNAL_DLL_EXT=.dll /D VPCGAMECAPS=PF2BETA /D "PROJECTDIR=D:\Development\pf2-src\src\game\client" /D _DLL_EXT=.dll /D SOURCE1=1 /D VPCGAME=pf2beta /GF /Gm- /MT /GS /Gy /arch:SSE /fp:fast /Zc:wchar_t /Zc:forScope /GR /Fo".\Release_pf2beta\/" /Fd".\Release_pf2beta\/vc120.pdb" /Gd /TP /wd4316 /analyze- /FC /errorReport:prompt /Zm200 /Zo /Gw /Zc:inline ..\..\public\bone_setup.cpp ..\..\public\client_class.cpp ..\..\public\collisionutils.cpp ..\..\common\compiledcaptionswap.cpp ..\..\public\crtmemdebug.cpp ..\..\public\dt_recv.cpp ..\..\public\dt_utlvector_common.cpp ..\..\public\dt_utlvector_recv.cpp ..\..\public\filesystem_helpers.cpp hud_lcd.cpp in_mouse.cpp ..\..\public\interpolatortypes.cpp ..\..\game\shared\interval.cpp ..\..\public\jigglebones.cpp ..\..\common\language.cpp ..\..\public\tier0\memoverride.cpp mumble.cpp ..\..\public\networkvar.cpp ..\..\public\posedebugger.cpp ..\..\common\randoverride.cpp ..\..\public\renamed_recvtable_compat.cpp rendertexture.cpp ..\..\public\rope_physics.cpp ..\..\public\scratchpad3d.cpp ..\..\public\ScratchPadUtils.cpp ..\..\public\sentence.cpp ..\..\game\shared\sheetsimulator.cpp ..\..\public\simple_physics.cpp ..\..\public\stringregistry.cpp ..\..\public\studio.cpp ..\..\public\vallocator.cpp ..\..\public\vgui_controls\vgui_controls.cpp ..\..\game\shared\pf\engine_patch.cpp ..\..\game\shared\pf\util\os_utils.cpp ..\..\game\shared\tf\tf_gamestats_shared.cpp
         bone_setup.cpp
         client_class.cpp
         collisionutils.cpp
         compiledcaptionswap.cpp
         crtmemdebug.cpp
         dt_recv.cpp
         dt_utlvector_common.cpp
         dt_utlvector_recv.cpp
         filesystem_helpers.cpp
         hud_lcd.cpp
         in_mouse.cpp
         interpolatortypes.cpp
         interval.cpp
         jigglebones.cpp
         language.cpp
         memoverride.cpp
         mumble.cpp
         networkvar.cpp
         posedebugger.cpp
         randoverride.cpp
         renamed_recvtable_compat.cpp
         rendertexture.cpp
         rope_physics.cpp
         scratchpad3d.cpp
         ScratchPadUtils.cpp
         sentence.cpp
         sheetsimulator.cpp
         simple_physics.cpp
         stringregistry.cpp
         studio.cpp
         vallocator.cpp
         vgui_controls.cpp
         engine_patch.cpp
         os_utils.cpp
         tf_gamestats_shared.cpp
       Link:
         C:\Program Files (x86)\Microsoft Visual Studio 12.0\VC\bin\link.exe /ERRORREPORT:PROMPT /OUT:".\Release_pf2beta\\client.dll" /INCREMENTAL:NO /NOLOGO /LIBPATH:..\..\lib\common\. /LIBPATH:..\..\lib\public\. shell32.lib user32.lib advapi32.lib gdi32.lib comdlg32.lib ole32.lib winmm.lib /NODEFAULTLIB:libc /NODEFAULTLIB:libcd /NODEFAULTLIB:libcmtd /NODEFAULTLIB:libcpmtd /NODEFAULTLIB:libcpmtd0 /NODEFAULTLIB:libcpmtd1 /MANIFEST:NO /DEBUG /PDB:".\Release_pf2beta\/client.pdb" /SUBSYSTEM:WINDOWS,"5.01" /OPT:REF /OPT:NOICF /TLBID:1 /DYNAMICBASE:NO /NXCOMPAT /MACHINE:X86 /SAFESEH:NO  /ignore:4221 /DLL .\Release_pf2beta\\pointeroverride.obj
         .\Release_pf2beta\/mp3player.obj
         .\Release_pf2beta\/cdll_replay.obj
         .\Release_pf2beta\/replaycamera.obj
         .\Release_pf2beta\/achievement_notification_panel.obj
         .\Release_pf2beta\/achievement_saverestore.obj
         .\Release_pf2beta\/achievementmgr.obj
         .\Release_pf2beta\/achievements_hlx.obj
         .\Release_pf2beta\/activitylist.obj
         .\Release_pf2beta\/alphamaterialproxy.obj
         .\Release_pf2beta\/ammodef.obj
         .\Release_pf2beta\/animatedentitytextureproxy.obj
         .\Release_pf2beta\/animatedoffsettextureproxy.obj
         .\Release_pf2beta\/animatedtextureproxy.obj
         .\Release_pf2beta\/AnimateSpecificTextureProxy.obj
         .\Release_pf2beta\/animation.obj
         .\Release_pf2beta\/base_playeranimstate.obj
         .\Release_pf2beta\/baseachievement.obj
         .\Release_pf2beta\/baseanimatedtextureproxy.obj
         .\Release_pf2beta\/baseclientrendertargets.obj
         .\Release_pf2beta\/basecombatcharacter_shared.obj
         .\Release_pf2beta\/basecombatweapon_shared.obj
         .\Release_pf2beta\/baseentity_shared.obj
         .\Release_pf2beta\/basegrenade_shared.obj
         .\Release_pf2beta\/baseparticleentity.obj
         .\Release_pf2beta\/baseplayer_shared.obj
         .\Release_pf2beta\/basepresence.obj
         .\Release_pf2beta\/baseprojectile.obj
         .\Release_pf2beta\/baseviewmodel_shared.obj
         .\Release_pf2beta\/beam_shared.obj
         .\Release_pf2beta\/beamdraw.obj
         .\Release_pf2beta\/bone_accessor.obj
         .\Release_pf2beta\/bone_merge_cache.obj
         .\Release_pf2beta\/bone_setup.obj
         .\Release_pf2beta\/c_ai_basehumanoid.obj
         .\Release_pf2beta\/c_ai_basenpc.obj
         .\Release_pf2beta\/c_baseanimating.obj
         .\Release_pf2beta\/c_baseanimatingoverlay.obj
         .\Release_pf2beta\/c_basecombatcharacter.obj
         .\Release_pf2beta\/c_basecombatweapon.obj
         .\Release_pf2beta\/c_basedoor.obj
         .\Release_pf2beta\/c_baseentity.obj
         .\Release_pf2beta\/c_baseflex.obj
         .\Release_pf2beta\/c_baseplayer.obj
         .\Release_pf2beta\/c_baseviewmodel.obj
         .\Release_pf2beta\/c_breakableprop.obj
         .\Release_pf2beta\/c_colorcorrection.obj
         .\Release_pf2beta\/c_colorcorrectionvolume.obj
         .\Release_pf2beta\/c_dynamiclight.obj
         .\Release_pf2beta\/c_entitydissolve.obj
         .\Release_pf2beta\/c_entityparticletrail.obj
         .\Release_pf2beta\/c_env_fog_controller.obj
         .\Release_pf2beta\/c_env_particlescript.obj
         .\Release_pf2beta\/c_env_projectedtexture.obj
         .\Release_pf2beta\/c_env_screenoverlay.obj
         .\Release_pf2beta\/c_env_tonemap_controller.obj
         .\Release_pf2beta\/c_fire_smoke.obj
         .\Release_pf2beta\/c_fish.obj
         .\Release_pf2beta\/c_func_areaportalwindow.obj
         .\Release_pf2beta\/c_func_breakablesurf.obj
         .\Release_pf2beta\/c_func_conveyor.obj
         .\Release_pf2beta\/c_func_dust.obj
         .\Release_pf2beta\/c_func_lod.obj
         .\Release_pf2beta\/C_Func_Monitor.obj
         .\Release_pf2beta\/c_func_occluder.obj
         .\Release_pf2beta\/c_func_reflective_glass.obj
         .\Release_pf2beta\/c_func_rotating.obj
         .\Release_pf2beta\/c_func_smokevolume.obj
         .\Release_pf2beta\/c_func_tracktrain.obj
         .\Release_pf2beta\/c_gib.obj
         .\Release_pf2beta\/c_hairball.obj
         .\Release_pf2beta\/c_info_overlay_accessor.obj
         .\Release_pf2beta\/c_lightglow.obj
         .\Release_pf2beta\/C_MaterialModifyControl.obj
         .\Release_pf2beta\/c_particle_system.obj
         .\Release_pf2beta\/c_physbox.obj
         .\Release_pf2beta\/c_physicsprop.obj
         .\Release_pf2beta\/c_physmagnet.obj
         .\Release_pf2beta\/c_pixel_visibility.obj
         .\Release_pf2beta\/c_plasma.obj
         .\Release_pf2beta\/c_playerresource.obj
         .\Release_pf2beta\/c_point_camera.obj
         .\Release_pf2beta\/c_point_commentary_node.obj
         .\Release_pf2beta\/c_props.obj
         .\Release_pf2beta\/c_ragdoll_manager.obj
         .\Release_pf2beta\/c_rope.obj
         .\Release_pf2beta\/c_rumble.obj
         .\Release_pf2beta\/c_sceneentity.obj
         .\Release_pf2beta\/c_shadowcontrol.obj
         .\Release_pf2beta\/c_slideshow_display.obj
         .\Release_pf2beta\/c_soundscape.obj
         .\Release_pf2beta\/c_spotlight_end.obj
         .\Release_pf2beta\/c_sprite.obj
         .\Release_pf2beta\/c_sprite_perfmonitor.obj
         .\Release_pf2beta\/c_sun.obj
         .\Release_pf2beta\/c_team.obj
         .\Release_pf2beta\/c_team_objectiveresource.obj
         .\Release_pf2beta\/c_team_train_watcher.obj
         .\Release_pf2beta\/c_tesla.obj
         .\Release_pf2beta\/c_test_proxytoggle.obj
         .\Release_pf2beta\/c_user_message_register.obj
         .\Release_pf2beta\/c_vehicle_choreo_generic.obj
         .\Release_pf2beta\/c_vehicle_jeep.obj
         .\Release_pf2beta\/c_vguiscreen.obj
         .\Release_pf2beta\/c_vote_controller.obj
         .\Release_pf2beta\/c_waterbullet.obj
         .\Release_pf2beta\/C_WaterLODControl.obj
         .\Release_pf2beta\/c_world.obj
         .\Release_pf2beta\/cam_thirdperson.obj
         .\Release_pf2beta\/camomaterialproxy.obj
         .\Release_pf2beta\/cdll_bounded_cvars.obj
         .\Release_pf2beta\/cdll_client_int.obj
         .\Release_pf2beta\/cdll_util.obj
         .\Release_pf2beta\/cl_mat_stub.obj
         .\Release_pf2beta\/classmap.obj
         .\Release_pf2beta\/client_class.obj
         .\Release_pf2beta\/client_factorylist.obj
         .\Release_pf2beta\/client_thinklist.obj
         .\Release_pf2beta\/client_virtualreality.obj
         .\Release_pf2beta\/clienteffectprecachesystem.obj
         .\Release_pf2beta\/cliententitylist.obj
         .\Release_pf2beta\/clientleafsystem.obj
         .\Release_pf2beta\/clientmode_shared.obj
         .\Release_pf2beta\/clientshadowmgr.obj
         .\Release_pf2beta\/clientsideeffects.obj
         .\Release_pf2beta\/clientsideeffects_test.obj
         .\Release_pf2beta\/clientsteamcontext.obj
         .\Release_pf2beta\/collisionproperty.obj
         .\Release_pf2beta\/collisionutils.obj
         .\Release_pf2beta\/colorcorrectionmgr.obj
         .\Release_pf2beta\/commentary_modelviewer.obj
         .\Release_pf2beta\/compiledcaptionswap.obj
         .\Release_pf2beta\/crtmemdebug.obj
         .\Release_pf2beta\/death_pose.obj
         .\Release_pf2beta\/debugoverlay_shared.obj
         .\Release_pf2beta\/decals.obj
         .\Release_pf2beta\/detailobjectsystem.obj
         .\Release_pf2beta\/dt_recv.obj
         .\Release_pf2beta\/dt_utlvector_common.obj
         .\Release_pf2beta\/dt_utlvector_recv.obj
         .\Release_pf2beta\/dummyproxy.obj
         .\Release_pf2beta\/effect_dispatch_data.obj
         .\Release_pf2beta\/EffectsClient.obj
         .\Release_pf2beta\/ehandle.obj
         .\Release_pf2beta\/entitylist_base.obj
         .\Release_pf2beta\/entityoriginmaterialproxy.obj
         .\Release_pf2beta\/EntityParticleTrail_Shared.obj
         .\Release_pf2beta\/env_detail_controller.obj
         .\Release_pf2beta\/env_wind_shared.obj
         .\Release_pf2beta\/eventlist.obj
         .\Release_pf2beta\/filesystem_helpers.obj
         .\Release_pf2beta\/flashlighteffect.obj
         .\Release_pf2beta\/func_ladder.obj
         .\Release_pf2beta\/functionproxy.obj
         .\Release_pf2beta\/fx_blood.obj
         .\Release_pf2beta\/fx_cube.obj
         .\Release_pf2beta\/fx_explosion.obj
         .\Release_pf2beta\/fx_fleck.obj
         .\Release_pf2beta\/fx_impact.obj
         .\Release_pf2beta\/fx_interpvalue.obj
         .\Release_pf2beta\/fx_quad.obj
         .\Release_pf2beta\/fx_shelleject.obj
         .\Release_pf2beta\/fx_staticline.obj
         .\Release_pf2beta\/fx_tracer.obj
         .\Release_pf2beta\/fx_trail.obj
         .\Release_pf2beta\/fx_water.obj
         .\Release_pf2beta\/gamemovement.obj
         .\Release_pf2beta\/gamerules.obj
         .\Release_pf2beta\/gamerules_register.obj
         .\Release_pf2beta\/GameStats.obj
         .\Release_pf2beta\/gamestringpool.obj
         .\Release_pf2beta\/gametrace_client.obj
         .\Release_pf2beta\/gamevars_shared.obj
         .\Release_pf2beta\/geiger.obj
         .\Release_pf2beta\/glow_outline_effect.obj
         .\Release_pf2beta\/glow_overlay.obj
         .\Release_pf2beta\/haptic_msgs.obj
         .\Release_pf2beta\/haptic_utils.obj
         .\Release_pf2beta\/hintmessage.obj
         .\Release_pf2beta\/hintsystem.obj
         .\Release_pf2beta\/history_resource.obj
         .\Release_pf2beta\/hltvcamera.obj
         .\Release_pf2beta\/hud.obj
         .\Release_pf2beta\/hud_animationinfo.obj
         .\Release_pf2beta\/hud_autoaim.obj
         .\Release_pf2beta\/hud_base_account.obj
         .\Release_pf2beta\/hud_basechat.obj
         .\Release_pf2beta\/hud_basetimer.obj
         .\Release_pf2beta\/hud_bitmapnumericdisplay.obj
         .\Release_pf2beta\/hud_closecaption.obj
         .\Release_pf2beta\/hud_controlpointicons.obj
         .\Release_pf2beta\/hud_crosshair.obj
         .\Release_pf2beta\/hud_damageaccount_panel.obj
         .\Release_pf2beta\/hud_element_helper.obj
         .\Release_pf2beta\/hud_filmdemo.obj
         .\Release_pf2beta\/hud_hdrdemo.obj
         .\Release_pf2beta\/hud_hintdisplay.obj
         .\Release_pf2beta\/hud_lcd.obj
         .\Release_pf2beta\/hud_msg.obj
         .\Release_pf2beta\/hud_numericdisplay.obj
         .\Release_pf2beta\/hud_pdump.obj
         .\Release_pf2beta\/hud_redraw.obj
         .\Release_pf2beta\/hud_vehicle.obj
         .\Release_pf2beta\/hud_vguiscreencursor.obj
         .\Release_pf2beta\/hud_voicestatus.obj
         .\Release_pf2beta\/hud_vote.obj
         .\Release_pf2beta\/hud_weapon.obj
         .\Release_pf2beta\/igamesystem.obj
         .\Release_pf2beta\/in_camera.obj
         .\Release_pf2beta\/in_joystick.obj
         .\Release_pf2beta\/in_main.obj
         .\Release_pf2beta\/in_mouse.obj
         .\Release_pf2beta\/initializer.obj
         .\Release_pf2beta\/interpolatedvar.obj
         .\Release_pf2beta\/interpolatortypes.obj
         .\Release_pf2beta\/interval.obj
         .\Release_pf2beta\/IsNPCProxy.obj
         .\Release_pf2beta\/jigglebones.obj
         .\Release_pf2beta\/lampbeamproxy.obj
         .\Release_pf2beta\/lamphaloproxy.obj
         .\Release_pf2beta\/language.obj
         .\Release_pf2beta\/mapentities_shared.obj
         .\Release_pf2beta\/mathproxy.obj
         .\Release_pf2beta\/matrixproxy.obj
         .\Release_pf2beta\/memoverride.obj
         .\Release_pf2beta\/menu.obj
         .\Release_pf2beta\/message.obj
         .\Release_pf2beta\/movehelper_client.obj
         .\Release_pf2beta\/movevars_shared.obj
         .\Release_pf2beta\/mp_shareddefs.obj
         .\Release_pf2beta\/multiplay_gamerules.obj
         .\Release_pf2beta\/mumble.obj
         .\Release_pf2beta\/networkvar.obj
         .\Release_pf2beta\/obstacle_pushaway.obj
         .\Release_pf2beta\/panelmetaclassmgr.obj
         .\Release_pf2beta\/particle_collision.obj
         .\Release_pf2beta\/particle_litsmokeemitter.obj
         .\Release_pf2beta\/particle_parse.obj
         .\Release_pf2beta\/particle_property.obj
         .\Release_pf2beta\/particle_proxies.obj
         .\Release_pf2beta\/particle_simple3d.obj
         .\Release_pf2beta\/particlemgr.obj
         .\Release_pf2beta\/particles_attractor.obj
         .\Release_pf2beta\/particles_ez.obj
         .\Release_pf2beta\/particles_localspace.obj
         .\Release_pf2beta\/particles_new.obj
         .\Release_pf2beta\/particles_simple.obj
         .\Release_pf2beta\/particlesystemquery.obj
         .\Release_pf2beta\/perfvisualbenchmark.obj
         .\Release_pf2beta\/physics.obj
         .\Release_pf2beta\/physics_main_client.obj
         .\Release_pf2beta\/physics_main_shared.obj
         .\Release_pf2beta\/physics_saverestore.obj
         .\Release_pf2beta\/physics_shared.obj
         .\Release_pf2beta\/physpropclientside.obj
         .\Release_pf2beta\/playerandobjectenumerator.obj
         .\Release_pf2beta\/playerclass_info_parse.obj
         .\Release_pf2beta\/playerspawncache.obj
         .\Release_pf2beta\/point_bonusmaps_accessor.obj
         .\Release_pf2beta\/point_posecontroller.obj
         .\Release_pf2beta\/posedebugger.obj
         .\Release_pf2beta\/precache_register.obj
         .\Release_pf2beta\/predictableid.obj
         .\Release_pf2beta\/prediction.obj
         .\Release_pf2beta\/predictioncopy.obj
         .\Release_pf2beta\/props_shared.obj
         .\Release_pf2beta\/proxyentity.obj
         .\Release_pf2beta\/ProxyHealth.obj
         .\Release_pf2beta\/proxyplayer.obj
         .\Release_pf2beta\/proxypupil.obj
         .\Release_pf2beta\/ragdoll.obj
         .\Release_pf2beta\/ragdoll_shared.obj
         .\Release_pf2beta\/randoverride.obj
         .\Release_pf2beta\/recvproxy.obj
         .\Release_pf2beta\/renamed_recvtable_compat.obj
         .\Release_pf2beta\/rendertexture.obj
         .\Release_pf2beta\/rope_helpers.obj
         .\Release_pf2beta\/rope_physics.obj
         .\Release_pf2beta\/saverestore.obj
         .\Release_pf2beta\/sceneentity_shared.obj
         .\Release_pf2beta\/scratchpad3d.obj
         .\Release_pf2beta\/ScratchPadUtils.obj
         .\Release_pf2beta\/ScreenSpaceEffects.obj
         .\Release_pf2beta\/sentence.obj
         .\Release_pf2beta\/sequence_Transitioner.obj
         .\Release_pf2beta\/sheetsimulator.obj
         .\Release_pf2beta\/simple_keys.obj
         .\Release_pf2beta\/simple_physics.obj
         .\Release_pf2beta\/simtimer.obj
         .\Release_pf2beta\/singleplay_gamerules.obj
         .\Release_pf2beta\/SoundEmitterSystem.obj
         .\Release_pf2beta\/soundenvelope.obj
         .\Release_pf2beta\/SoundParametersInternal.obj
         .\Release_pf2beta\/splinepatch.obj
         .\Release_pf2beta\/Sprite.obj
         .\Release_pf2beta\/spritemodel.obj
         .\Release_pf2beta\/SpriteTrail.obj
         .\Release_pf2beta\/stringregistry.obj
         .\Release_pf2beta\/studio.obj
         .\Release_pf2beta\/studio_shared.obj
         .\Release_pf2beta\/studio_stats.obj
         .\Release_pf2beta\/takedamageinfo.obj
         .\Release_pf2beta\/TeamBitmapImage.obj
         .\Release_pf2beta\/teamplay_gamerules.obj
         .\Release_pf2beta\/teamplay_round_timer.obj
         .\Release_pf2beta\/teamplayroundbased_gamerules.obj
         .\Release_pf2beta\/test_ehandle.obj
         .\Release_pf2beta\/text_message.obj
         .\Release_pf2beta\/texturescrollmaterialproxy.obj
         .\Release_pf2beta\/timematerialproxy.obj
         .\Release_pf2beta\/toggletextureproxy.obj
         .\Release_pf2beta\/train.obj
         .\Release_pf2beta\/usercmd.obj
         .\Release_pf2beta\/usermessages.obj
         .\Release_pf2beta\/util_shared.obj
         .\Release_pf2beta\/vallocator.obj
         .\Release_pf2beta\/vehicle_viewblend_shared.obj
         .\Release_pf2beta\/vgui_avatarimage.obj
         .\Release_pf2beta\/vgui_basepanel.obj
         .\Release_pf2beta\/vgui_bitmapbutton.obj
         .\Release_pf2beta\/vgui_bitmapimage.obj
         .\Release_pf2beta\/vgui_bitmappanel.obj
         .\Release_pf2beta\/vgui_centerstringpanel.obj
         .\Release_pf2beta\/vgui_consolepanel.obj
         .\Release_pf2beta\/vgui_controls.obj
         .\Release_pf2beta\/vgui_debugoverlaypanel.obj
         .\Release_pf2beta\/vgui_fpspanel.obj
         .\Release_pf2beta\/vgui_game_viewport.obj
         .\Release_pf2beta\/vgui_grid.obj
         .\Release_pf2beta\/vgui_int.obj
         .\Release_pf2beta\/vgui_loadingdiscpanel.obj
         .\Release_pf2beta\/vgui_messagechars.obj
         .\Release_pf2beta\/vgui_netgraphpanel.obj
         .\Release_pf2beta\/vgui_schemevisualizer.obj
         .\Release_pf2beta\/vgui_slideshow_display_screen.obj
         .\Release_pf2beta\/vgui_video.obj
         .\Release_pf2beta\/vgui_video_player.obj
         .\Release_pf2beta\/view.obj
         .\Release_pf2beta\/view_beams.obj
         .\Release_pf2beta\/view_effects.obj
         .\Release_pf2beta\/view_scene.obj
         .\Release_pf2beta\/viewangleanim.obj
         .\Release_pf2beta\/ViewConeImage.obj
         .\Release_pf2beta\/viewdebug.obj
         .\Release_pf2beta\/viewpostprocess.obj
         .\Release_pf2beta\/viewrender.obj
         .\Release_pf2beta\/voice_banmgr.obj
         .\Release_pf2beta\/voice_menu.obj
         .\Release_pf2beta\/voice_status.obj
         .\Release_pf2beta\/warp_overlay.obj
         .\Release_pf2beta\/WaterLODMaterialProxy.obj
         .\Release_pf2beta\/weapon_parse.obj
         .\Release_pf2beta\/weapon_selection.obj
         .\Release_pf2beta\/weapons_resource.obj
         .\Release_pf2beta\/WorldDimsProxy.obj
         .\Release_pf2beta\/basemodel_panel.obj
         .\Release_pf2beta\/basemodelpanel.obj
         .\Release_pf2beta\/baseviewport.obj
         .\Release_pf2beta\/buymenu.obj
         .\Release_pf2beta\/buysubmenu.obj
         .\Release_pf2beta\/classmenu.obj
         .\Release_pf2beta\/ClientScoreBoardDialog.obj
         .\Release_pf2beta\/commandmenu.obj
         .\Release_pf2beta\/IconPanel.obj
         .\Release_pf2beta\/intromenu.obj
         .\Release_pf2beta\/MapOverview.obj
         .\Release_pf2beta\/NavProgress.obj
         .\Release_pf2beta\/SpectatorGUI.obj
         .\Release_pf2beta\/teammenu.obj
         .\Release_pf2beta\/vguitextwindow.obj
         .\Release_pf2beta\/weapon_ifmbase.obj
         .\Release_pf2beta\/weapon_ifmbasecamera.obj
         .\Release_pf2beta\/weapon_ifmsteadycam.obj
         .\Release_pf2beta\/betatest_check.obj
         .\Release_pf2beta\/engine_patch.obj
         .\Release_pf2beta\/os_utils.obj
         .\Release_pf2beta\/pf_convar_setup.obj
         .\Release_pf2beta\/pf_cvars.obj
         .\Release_pf2beta\/cvarslider.obj
         .\Release_pf2beta\/cvartextentry.obj
         .\Release_pf2beta\/cvartogglecheckbutton.obj
         .\Release_pf2beta\/panellistpanel.obj
         .\Release_pf2beta\/scriptobject.obj
         .\Release_pf2beta\/pf_advcreditspanel.obj
         .\Release_pf2beta\/pf_advoptionspanel.obj
         .\Release_pf2beta\/stdafx.obj
         .\Release_pf2beta\/in_sixense.obj
         .\Release_pf2beta\/in_sixense_gesture_bindings.obj
         .\Release_pf2beta\/sixense_convars.obj
         .\Release_pf2beta\/c_basetempentity.obj
         .\Release_pf2beta\/c_effects.obj
         .\Release_pf2beta\/c_impact_effects.obj
         .\Release_pf2beta\/c_movie_explosion.obj
         .\Release_pf2beta\/c_particle_fire.obj
         .\Release_pf2beta\/c_particle_smokegrenade.obj
         .\Release_pf2beta\/c_prop_vehicle.obj
         .\Release_pf2beta\/c_recipientfilter.obj
         .\Release_pf2beta\/c_smoke_trail.obj
         .\Release_pf2beta\/c_smokestack.obj
         .\Release_pf2beta\/c_steamjet.obj
         .\Release_pf2beta\/c_stickybolt.obj
         .\Release_pf2beta\/c_te.obj
         .\Release_pf2beta\/c_te_armorricochet.obj
         .\Release_pf2beta\/c_te_basebeam.obj
         .\Release_pf2beta\/c_te_beamentpoint.obj
         .\Release_pf2beta\/c_te_beaments.obj
         .\Release_pf2beta\/c_te_beamfollow.obj
         .\Release_pf2beta\/c_te_beamlaser.obj
         .\Release_pf2beta\/c_te_beampoints.obj
         .\Release_pf2beta\/c_te_beamring.obj
         .\Release_pf2beta\/c_te_beamringpoint.obj
         .\Release_pf2beta\/c_te_beamspline.obj
         .\Release_pf2beta\/c_te_bloodsprite.obj
         .\Release_pf2beta\/c_te_bloodstream.obj
         .\Release_pf2beta\/c_te_breakmodel.obj
         .\Release_pf2beta\/c_te_bspdecal.obj
         .\Release_pf2beta\/c_te_bubbles.obj
         .\Release_pf2beta\/c_te_bubbletrail.obj
         .\Release_pf2beta\/c_te_clientprojectile.obj
         .\Release_pf2beta\/c_te_decal.obj
         .\Release_pf2beta\/c_te_dynamiclight.obj
         .\Release_pf2beta\/c_te_effect_dispatch.obj
         .\Release_pf2beta\/c_te_energysplash.obj
         .\Release_pf2beta\/c_te_explosion.obj
         .\Release_pf2beta\/c_te_fizz.obj
         .\Release_pf2beta\/c_te_footprint.obj
         .\Release_pf2beta\/c_te_glassshatter.obj
         .\Release_pf2beta\/c_te_glowsprite.obj
         .\Release_pf2beta\/c_te_impact.obj
         .\Release_pf2beta\/c_te_killplayerattachments.obj
         .\Release_pf2beta\/c_te_largefunnel.obj
         .\Release_pf2beta\/c_te_legacytempents.obj
         .\Release_pf2beta\/c_te_muzzleflash.obj
         .\Release_pf2beta\/c_te_particlesystem.obj
         .\Release_pf2beta\/c_te_physicsprop.obj
         .\Release_pf2beta\/c_te_playerdecal.obj
         .\Release_pf2beta\/c_te_projecteddecal.obj
         .\Release_pf2beta\/c_te_showline.obj
         .\Release_pf2beta\/c_te_smoke.obj
         .\Release_pf2beta\/c_te_sparks.obj
         .\Release_pf2beta\/c_te_sprite.obj
         .\Release_pf2beta\/c_te_spritespray.obj
         .\Release_pf2beta\/c_te_worlddecal.obj
         .\Release_pf2beta\/c_testtraceline.obj
         .\Release_pf2beta\/c_tracer.obj
         .\Release_pf2beta\/fx.obj
         .\Release_pf2beta\/fx_discreetline.obj
         .\Release_pf2beta\/fx_envelope.obj
         .\Release_pf2beta\/fx_line.obj
         .\Release_pf2beta\/fx_sparks.obj
         .\Release_pf2beta\/particlesphererenderer.obj
         .\Release_pf2beta\/smoke_fog_overlay.obj
         .\Release_pf2beta\/achievements_pf.obj
         .\Release_pf2beta\/baseobject_shared.obj
         .\Release_pf2beta\/c_baseobject.obj
         .\Release_pf2beta\/c_func_capture_zone.obj
         .\Release_pf2beta\/c_func_respawnroom.obj
         .\Release_pf2beta\/c_obj_detpack.obj
         .\Release_pf2beta\/c_obj_dispenser.obj
         .\Release_pf2beta\/c_obj_sapper.obj
         .\Release_pf2beta\/c_obj_sentrygun.obj
         .\Release_pf2beta\/c_obj_teleporter.obj
         .\Release_pf2beta\/c_playerattachedmodel.obj
         .\Release_pf2beta\/c_script_parser.obj
         .\Release_pf2beta\/c_tf_ammo_pack.obj
         .\Release_pf2beta\/c_tf_fx.obj
         .\Release_pf2beta\/c_tf_objective_resource.obj
         .\Release_pf2beta\/c_tf_player.obj
         .\Release_pf2beta\/c_tf_playerresource.obj
         .\Release_pf2beta\/c_tf_team.obj
         .\Release_pf2beta\/clientmode_tf.obj
         .\Release_pf2beta\/entity_capture_flag.obj
         .\Release_pf2beta\/multiplayer_animstate.obj
         .\Release_pf2beta\/pf_discord_rpc.obj
         .\Release_pf2beta\/teammaterialproxy.obj
         .\Release_pf2beta\/tf_fx_blood.obj
         .\Release_pf2beta\/tf_fx_ejectbrass.obj
         .\Release_pf2beta\/tf_fx_explosions.obj
         .\Release_pf2beta\/tf_fx_impacts.obj
         .\Release_pf2beta\/tf_fx_muzzleflash.obj
         .\Release_pf2beta\/tf_fx_particleeffect.obj
         .\Release_pf2beta\/tf_fx_shared.obj
         .\Release_pf2beta\/tf_fx_taunteffects.obj
         .\Release_pf2beta\/tf_fx_tracers.obj
         .\Release_pf2beta\/tf_gamemovement.obj
         .\Release_pf2beta\/tf_gamerules.obj
         .\Release_pf2beta\/tf_gamestats_shared.obj
         .\Release_pf2beta\/tf_hud_account.obj
         .\Release_pf2beta\/tf_hud_ammostatus.obj
         .\Release_pf2beta\/tf_hud_building_status.obj
         .\Release_pf2beta\/tf_hud_chat.obj
         .\Release_pf2beta\/tf_hud_cloakmeter.obj
         .\Release_pf2beta\/tf_hud_crosshair.obj
         .\Release_pf2beta\/tf_hud_damageindicator.obj
         .\Release_pf2beta\/tf_hud_deathnotice.obj
         .\Release_pf2beta\/tf_hud_demomancharge.obj
         .\Release_pf2beta\/tf_hud_demomanpipes.obj
         .\Release_pf2beta\/tf_hud_detpack_construction.obj
         .\Release_pf2beta\/tf_hud_disguise_status.obj
         .\Release_pf2beta\/tf_hud_flagstatus.obj
         .\Release_pf2beta\/tf_hud_freezepanel.obj
         .\Release_pf2beta\/tf_hud_mediccallers.obj
         .\Release_pf2beta\/tf_hud_mediccharge.obj
         .\Release_pf2beta\/tf_hud_menu_demo_detpack.obj
         .\Release_pf2beta\/tf_hud_menu_engy_build.obj
         .\Release_pf2beta\/tf_hud_menu_engy_destroy.obj
         .\Release_pf2beta\/tf_hud_menu_spy_disguise.obj
         .\Release_pf2beta\/tf_hud_notification_panel.obj
         .\Release_pf2beta\/tf_hud_objectivestatus.obj
         .\Release_pf2beta\/tf_hud_player_conditions.obj
         .\Release_pf2beta\/tf_hud_playerstatus.obj
         .\Release_pf2beta\/tf_hud_scope.obj
         .\Release_pf2beta\/tf_hud_stalemate.obj
         .\Release_pf2beta\/tf_hud_statpanel.obj
         .\Release_pf2beta\/tf_hud_target_id.obj
         .\Release_pf2beta\/tf_hud_teamgoal.obj
         .\Release_pf2beta\/tf_hud_teamswitch.obj
         .\Release_pf2beta\/tf_hud_waitingforplayers_panel.obj
         .\Release_pf2beta\/tf_hud_weaponselection.obj
         .\Release_pf2beta\/tf_hud_winpanel.obj
         .\Release_pf2beta\/tf_imagepanel.obj
         .\Release_pf2beta\/tf_input_main.obj
         .\Release_pf2beta\/tf_item.obj
         .\Release_pf2beta\/tf_obj_baseupgrade_shared.obj
         .\Release_pf2beta\/tf_player_shared.obj
         .\Release_pf2beta\/tf_playeranimstate.obj
         .\Release_pf2beta\/tf_playerclass_info_parse.obj
         .\Release_pf2beta\/tf_playerclass_shared.obj
         .\Release_pf2beta\/tf_prediction.obj
         .\Release_pf2beta\/tf_presence.obj
         .\Release_pf2beta\/tf_shareddefs.obj
         .\Release_pf2beta\/tf_steamstats.obj
         .\Release_pf2beta\/tf_tips.obj
         .\Release_pf2beta\/tf_usermessages.obj
         .\Release_pf2beta\/tf_viewmodel.obj
         .\Release_pf2beta\/tf_viewrender.obj
         .\Release_pf2beta\/backgroundpanel.obj
         .\Release_pf2beta\/ObjectControlPanel.obj
         .\Release_pf2beta\/tf_classmenu.obj
         .\Release_pf2beta\/tf_clientscoreboard.obj
         .\Release_pf2beta\/tf_controls.obj
         .\Release_pf2beta\/tf_intromenu.obj
         .\Release_pf2beta\/tf_mapinfomenu.obj
         .\Release_pf2beta\/tf_roundinfo.obj
         .\Release_pf2beta\/tf_spectatorgui.obj
         .\Release_pf2beta\/tf_statsummary.obj
         .\Release_pf2beta\/tf_teammenu.obj
         .\Release_pf2beta\/tf_textwindow.obj
         .\Release_pf2beta\/tf_vgui_video.obj
         .\Release_pf2beta\/tf_viewport.obj
         .\Release_pf2beta\/vgui_pda_panel.obj
         .\Release_pf2beta\/vgui_rootpanel_tf.obj
         .\Release_pf2beta\/vgui_rotation_slider.obj
         .\Release_pf2beta\/c_tf_projectile_rocket.obj
         .\Release_pf2beta\/tf_projectile_base.obj
         .\Release_pf2beta\/tf_projectile_nail.obj
         .\Release_pf2beta\/tf_weaponbase.obj
         .\Release_pf2beta\/tf_weaponbase_grenade.obj
         .\Release_pf2beta\/tf_weaponbase_grenadeproj.obj
         .\Release_pf2beta\/tf_weaponbase_gun.obj
         .\Release_pf2beta\/tf_weaponbase_melee.obj
         .\Release_pf2beta\/tf_weaponbase_rocket.obj
         .\Release_pf2beta\/tf_weapon_grenade_caltrop.obj
         .\Release_pf2beta\/tf_weapon_grenade_concussion.obj
         .\Release_pf2beta\/tf_weapon_grenade_emp.obj
         .\Release_pf2beta\/tf_weapon_grenade_gas.obj
         .\Release_pf2beta\/tf_weapon_grenade_heal.obj
         .\Release_pf2beta\/tf_weapon_grenade_mirv.obj
         .\Release_pf2beta\/tf_weapon_grenade_nail.obj
         .\Release_pf2beta\/tf_weapon_grenade_napalm.obj
         .\Release_pf2beta\/tf_weapon_grenade_normal.obj
         .\Release_pf2beta\/tf_weapon_grenade_pipebomb.obj
         .\Release_pf2beta\/c_stickynail.obj
         .\Release_pf2beta\/c_tf_weapon_builder.obj
         .\Release_pf2beta\/tf_weapon_bat.obj
         .\Release_pf2beta\/tf_weapon_blowtorch.obj
         .\Release_pf2beta\/tf_weapon_bonesaw.obj
         .\Release_pf2beta\/tf_weapon_bottle.obj
         .\Release_pf2beta\/tf_weapon_brandingiron.obj
         .\Release_pf2beta\/tf_weapon_club.obj
         .\Release_pf2beta\/tf_weapon_fireaxe.obj
         .\Release_pf2beta\/tf_weapon_fists.obj
         .\Release_pf2beta\/tf_weapon_flamethrower.obj
         .\Release_pf2beta\/tf_weapon_grenadelauncher.obj
         .\Release_pf2beta\/tf_weapon_invis.obj
         .\Release_pf2beta\/tf_weapon_knife.obj
         .\Release_pf2beta\/tf_weapon_machete.obj
         .\Release_pf2beta\/tf_weapon_medigun.obj
         .\Release_pf2beta\/tf_weapon_minigun.obj
         .\Release_pf2beta\/tf_weapon_nailgun.obj
         .\Release_pf2beta\/tf_weapon_parse.obj
         .\Release_pf2beta\/tf_weapon_pda.obj
         .\Release_pf2beta\/tf_weapon_pipe.obj
         .\Release_pf2beta\/tf_weapon_pipebomblauncher.obj
         .\Release_pf2beta\/tf_weapon_pistol.obj
         .\Release_pf2beta\/tf_weapon_revolver.obj
         .\Release_pf2beta\/tf_weapon_rocketlauncher.obj
         .\Release_pf2beta\/tf_weapon_shotgun.obj
         .\Release_pf2beta\/tf_weapon_shovel.obj
         .\Release_pf2beta\/tf_weapon_smg.obj
         .\Release_pf2beta\/tf_weapon_sniperrifle.obj
         .\Release_pf2beta\/tf_weapon_syringe.obj
         .\Release_pf2beta\/tf_weapon_syringegun.obj
         .\Release_pf2beta\/tf_weapon_tranq.obj
         .\Release_pf2beta\/tf_weapon_wrench.obj
         .\Release_pf2beta\/bonelist.obj
         .\Release_pf2beta\/entity_client_tools.obj
         .\Release_pf2beta\/toolframework_client.obj
         ..\..\lib\public\bitmap.lib
         ..\..\lib\public\choreoobjects.lib
         "..\..\lib\public\discord-rpc.lib"
         ..\..\lib\public\dmxloader.lib
         ..\..\lib\common\libcurl.lib
         ..\..\lib\public\libprotobuf.lib
         ..\..\lib\public\libz.lib
         ..\..\lib\public\mathlib.lib
         ..\..\lib\public\matsys_controls.lib
         ..\..\lib\public\particles.lib
         ..\..\lib\public\steam_api.lib
         ..\..\lib\public\tier0.lib
         ..\..\lib\public\tier1.lib
         ..\..\lib\public\tier2.lib
         ..\..\lib\public\tier3.lib
         ..\..\lib\public\vgui_controls.lib
         ..\..\lib\public\vstdlib.lib
         ..\..\lib\public\vtf.lib
            Creating library .\Release_pf2beta\\client.lib and object .\Release_pf2beta\\client.exp
         client_pf2beta.vcxproj -> D:\Development\pf2-src\src\game\client\.\Release_pf2beta\client.dll
       PostBuildEvent:
         if not exist "..\..\..\game\pf2beta\bin\." mkdir "..\..\..\game\pf2beta\bin\."
         copy "D:\Development\pf2-src\src\game\client\Release_pf2beta\client.dll" "..\..\..\game\pf2beta\bin\.\client.dll"
         if ERRORLEVEL 1 goto BuildEventFailed
         if exist "D:\Development\pf2-src\src\game\client\Release_pf2beta\client.map" copy "D:\Development\pf2-src\src\game\client\Release_pf2beta\client.map" ..\..\..\game\pf2beta\bin\.\client.map
         copy "D:\Development\pf2-src\src\game\client\Release_pf2beta\client.pdb" ..\..\..\game\pf2beta\bin\.\client.pdb
         if ERRORLEVEL 1 goto BuildEventFailed
         goto BuildEventOK
         :BuildEventFailed
         echo *** ERROR! PostBuildStep FAILED for Client (TF)! EXE or DLL is probably running. ***
         del /q "D:\Development\pf2-src\src\game\client\Release_pf2beta\client.dll"
         exit 1
         :BuildEventOK
         
         :VCEnd
                 1 file(s) copied.
                 1 file(s) copied.
     1>Done Building Project "D:\Development\pf2-src\src\game\client\client_pf2beta.vcxproj" (Build target(s)).

Build succeeded.

Time Elapsed 00:00:41.87
