d:\development\pf2-src\src\game\client\release_pf2beta\client.pch
d:\development\pf2-src\src\game\client\release_pf2beta\vc120.pdb
d:\development\pf2-src\src\game\client\release_pf2beta\stdafx.obj
d:\development\pf2-src\src\game\client\release_pf2beta\ammodef.obj
d:\development\pf2-src\src\game\client\release_pf2beta\baseanimatedtextureproxy.obj
d:\development\pf2-src\src\game\client\release_pf2beta\baseplayer_shared.obj
d:\development\pf2-src\src\game\client\release_pf2beta\c_env_screenoverlay.obj
d:\development\pf2-src\src\game\client\release_pf2beta\c_func_monitor.obj
d:\development\pf2-src\src\game\client\release_pf2beta\c_gib.obj
d:\development\pf2-src\src\game\client\release_pf2beta\c_physmagnet.obj
d:\development\pf2-src\src\game\client\release_pf2beta\c_rope.obj
d:\development\pf2-src\src\game\client\release_pf2beta\camomaterialproxy.obj
d:\development\pf2-src\src\game\client\release_pf2beta\cliententitylist.obj
d:\development\pf2-src\src\game\client\release_pf2beta\clientsteamcontext.obj
d:\development\pf2-src\src\game\client\release_pf2beta\env_wind_shared.obj
d:\development\pf2-src\src\game\client\release_pf2beta\fx_explosion.obj
d:\development\pf2-src\src\game\client\release_pf2beta\haptic_msgs.obj
d:\development\pf2-src\src\game\client\release_pf2beta\history_resource.obj
d:\development\pf2-src\src\game\client\release_pf2beta\hud_closecaption.obj
d:\development\pf2-src\src\game\client\release_pf2beta\lamphaloproxy.obj
d:\development\pf2-src\src\game\client\release_pf2beta\multiplay_gamerules.obj
d:\development\pf2-src\src\game\client\release_pf2beta\particle_simple3d.obj
d:\development\pf2-src\src\game\client\release_pf2beta\particles_new.obj
d:\development\pf2-src\src\game\client\release_pf2beta\physics_shared.obj
d:\development\pf2-src\src\game\client\release_pf2beta\predictableid.obj
d:\development\pf2-src\src\game\client\release_pf2beta\predictioncopy.obj
d:\development\pf2-src\src\game\client\release_pf2beta\recvproxy.obj
d:\development\pf2-src\src\game\client\release_pf2beta\saverestore.obj
d:\development\pf2-src\src\game\client\release_pf2beta\toggletextureproxy.obj
d:\development\pf2-src\src\game\client\release_pf2beta\vgui_basepanel.obj
d:\development\pf2-src\src\game\client\release_pf2beta\vgui_messagechars.obj
d:\development\pf2-src\src\game\client\release_pf2beta\view_effects.obj
d:\development\pf2-src\src\game\client\release_pf2beta\weapons_resource.obj
d:\development\pf2-src\src\game\client\release_pf2beta\iconpanel.obj
d:\development\pf2-src\src\game\client\release_pf2beta\spectatorgui.obj
d:\development\pf2-src\src\game\client\release_pf2beta\c_effects.obj
d:\development\pf2-src\src\game\client\release_pf2beta\c_te_clientprojectile.obj
d:\development\pf2-src\src\game\client\release_pf2beta\c_te_impact.obj
d:\development\pf2-src\src\game\client\release_pf2beta\c_te_projecteddecal.obj
d:\development\pf2-src\src\game\client\release_pf2beta\particlesphererenderer.obj
d:\development\pf2-src\src\game\client\release_pf2beta\c_func_capture_zone.obj
d:\development\pf2-src\src\game\client\release_pf2beta\c_obj_teleporter.obj
d:\development\pf2-src\src\game\client\release_pf2beta\tf_fx_blood.obj
d:\development\pf2-src\src\game\client\release_pf2beta\tf_hud_ammostatus.obj
d:\development\pf2-src\src\game\client\release_pf2beta\tf_hud_freezepanel.obj
d:\development\pf2-src\src\game\client\release_pf2beta\tf_hud_waitingforplayers_panel.obj
d:\development\pf2-src\src\game\client\release_pf2beta\tf_imagepanel.obj
d:\development\pf2-src\src\game\client\release_pf2beta\tf_item.obj
d:\development\pf2-src\src\game\client\release_pf2beta\tf_clientscoreboard.obj
d:\development\pf2-src\src\game\client\release_pf2beta\tf_weaponbase_grenade.obj
d:\development\pf2-src\src\game\client\release_pf2beta\tf_weapon_grenade_nail.obj
d:\development\pf2-src\src\game\client\release_pf2beta\tf_weapon_club.obj
d:\development\pf2-src\src\game\client\release_pf2beta\tf_weapon_parse.obj
d:\development\pf2-src\src\game\client\release_pf2beta\tf_weapon_pipebomblauncher.obj
d:\development\pf2-src\src\game\client\release_pf2beta\cdll_replay.obj
d:\development\pf2-src\src\game\client\release_pf2beta\animatedoffsettextureproxy.obj
d:\development\pf2-src\src\game\client\release_pf2beta\basecombatweapon_shared.obj
d:\development\pf2-src\src\game\client\release_pf2beta\c_ai_basenpc.obj
d:\development\pf2-src\src\game\client\release_pf2beta\c_baseflex.obj
d:\development\pf2-src\src\game\client\release_pf2beta\c_sun.obj
d:\development\pf2-src\src\game\client\release_pf2beta\c_user_message_register.obj
d:\development\pf2-src\src\game\client\release_pf2beta\c_waterbullet.obj
d:\development\pf2-src\src\game\client\release_pf2beta\classmap.obj
d:\development\pf2-src\src\game\client\release_pf2beta\clientsideeffects.obj
d:\development\pf2-src\src\game\client\release_pf2beta\collisionproperty.obj
d:\development\pf2-src\src\game\client\release_pf2beta\debugoverlay_shared.obj
d:\development\pf2-src\src\game\client\release_pf2beta\effect_dispatch_data.obj
d:\development\pf2-src\src\game\client\release_pf2beta\ehandle.obj
d:\development\pf2-src\src\game\client\release_pf2beta\entityoriginmaterialproxy.obj
d:\development\pf2-src\src\game\client\release_pf2beta\eventlist.obj
d:\development\pf2-src\src\game\client\release_pf2beta\fx_cube.obj
d:\development\pf2-src\src\game\client\release_pf2beta\fx_impact.obj
d:\development\pf2-src\src\game\client\release_pf2beta\gamerules_register.obj
d:\development\pf2-src\src\game\client\release_pf2beta\gamevars_shared.obj
d:\development\pf2-src\src\game\client\release_pf2beta\glow_overlay.obj
d:\development\pf2-src\src\game\client\release_pf2beta\hud.obj
d:\development\pf2-src\src\game\client\release_pf2beta\hud_numericdisplay.obj
d:\development\pf2-src\src\game\client\release_pf2beta\igamesystem.obj
d:\development\pf2-src\src\game\client\release_pf2beta\in_joystick.obj
d:\development\pf2-src\src\game\client\release_pf2beta\menu.obj
d:\development\pf2-src\src\game\client\release_pf2beta\playerclass_info_parse.obj
d:\development\pf2-src\src\game\client\release_pf2beta\proxypupil.obj
d:\development\pf2-src\src\game\client\release_pf2beta\screenspaceeffects.obj
d:\development\pf2-src\src\game\client\release_pf2beta\sprite.obj
d:\development\pf2-src\src\game\client\release_pf2beta\texturescrollmaterialproxy.obj
d:\development\pf2-src\src\game\client\release_pf2beta\util_shared.obj
d:\development\pf2-src\src\game\client\release_pf2beta\vgui_consolepanel.obj
d:\development\pf2-src\src\game\client\release_pf2beta\vgui_debugoverlaypanel.obj
d:\development\pf2-src\src\game\client\release_pf2beta\vgui_video.obj
d:\development\pf2-src\src\game\client\release_pf2beta\voice_status.obj
d:\development\pf2-src\src\game\client\release_pf2beta\mapoverview.obj
d:\development\pf2-src\src\game\client\release_pf2beta\scriptobject.obj
d:\development\pf2-src\src\game\client\release_pf2beta\c_stickybolt.obj
d:\development\pf2-src\src\game\client\release_pf2beta\c_te_bloodstream.obj
d:\development\pf2-src\src\game\client\release_pf2beta\c_te_explosion.obj
d:\development\pf2-src\src\game\client\release_pf2beta\c_te_sparks.obj
d:\development\pf2-src\src\game\client\release_pf2beta\fx_line.obj
d:\development\pf2-src\src\game\client\release_pf2beta\c_obj_dispenser.obj
d:\development\pf2-src\src\game\client\release_pf2beta\teammaterialproxy.obj
d:\development\pf2-src\src\game\client\release_pf2beta\tf_fx_explosions.obj
d:\development\pf2-src\src\game\client\release_pf2beta\tf_fx_shared.obj
d:\development\pf2-src\src\game\client\release_pf2beta\tf_hud_cloakmeter.obj
d:\development\pf2-src\src\game\client\release_pf2beta\tf_hud_disguise_status.obj
d:\development\pf2-src\src\game\client\release_pf2beta\tf_hud_notification_panel.obj
d:\development\pf2-src\src\game\client\release_pf2beta\tf_hud_weaponselection.obj
d:\development\pf2-src\src\game\client\release_pf2beta\tf_tips.obj
d:\development\pf2-src\src\game\client\release_pf2beta\backgroundpanel.obj
d:\development\pf2-src\src\game\client\release_pf2beta\tf_roundinfo.obj
d:\development\pf2-src\src\game\client\release_pf2beta\vgui_rotation_slider.obj
d:\development\pf2-src\src\game\client\release_pf2beta\tf_weaponbase_grenadeproj.obj
d:\development\pf2-src\src\game\client\release_pf2beta\tf_weapon_grenade_normal.obj
d:\development\pf2-src\src\game\client\release_pf2beta\tf_weapon_grenadelauncher.obj
d:\development\pf2-src\src\game\client\release_pf2beta\tf_weapon_revolver.obj
d:\development\pf2-src\src\game\client\release_pf2beta\tf_weapon_tranq.obj
d:\development\pf2-src\src\game\client\release_pf2beta\achievement_saverestore.obj
d:\development\pf2-src\src\game\client\release_pf2beta\base_playeranimstate.obj
d:\development\pf2-src\src\game\client\release_pf2beta\c_ai_basehumanoid.obj
d:\development\pf2-src\src\game\client\release_pf2beta\c_baseanimating.obj
d:\development\pf2-src\src\game\client\release_pf2beta\c_team.obj
d:\development\pf2-src\src\game\client\release_pf2beta\c_vehicle_choreo_generic.obj
d:\development\pf2-src\src\game\client\release_pf2beta\cl_mat_stub.obj
d:\development\pf2-src\src\game\client\release_pf2beta\clienteffectprecachesystem.obj
d:\development\pf2-src\src\game\client\release_pf2beta\clientmode_shared.obj
d:\development\pf2-src\src\game\client\release_pf2beta\hud_pdump.obj
d:\development\pf2-src\src\game\client\release_pf2beta\interpolatedvar.obj
d:\development\pf2-src\src\game\client\release_pf2beta\movehelper_client.obj
d:\development\pf2-src\src\game\client\release_pf2beta\particlemgr.obj
d:\development\pf2-src\src\game\client\release_pf2beta\proxyhealth.obj
d:\development\pf2-src\src\game\client\release_pf2beta\ragdoll_shared.obj
d:\development\pf2-src\src\game\client\release_pf2beta\studio_shared.obj
d:\development\pf2-src\src\game\client\release_pf2beta\teambitmapimage.obj
d:\development\pf2-src\src\game\client\release_pf2beta\vgui_centerstringpanel.obj
d:\development\pf2-src\src\game\client\release_pf2beta\vgui_video_player.obj
d:\development\pf2-src\src\game\client\release_pf2beta\voice_banmgr.obj
d:\development\pf2-src\src\game\client\release_pf2beta\weapon_selection.obj
d:\development\pf2-src\src\game\client\release_pf2beta\intromenu.obj
d:\development\pf2-src\src\game\client\release_pf2beta\pf_cvars.obj
d:\development\pf2-src\src\game\client\release_pf2beta\cvartogglecheckbutton.obj
d:\development\pf2-src\src\game\client\release_pf2beta\c_prop_vehicle.obj
d:\development\pf2-src\src\game\client\release_pf2beta\c_te_killplayerattachments.obj
d:\development\pf2-src\src\game\client\release_pf2beta\c_te_smoke.obj
d:\development\pf2-src\src\game\client\release_pf2beta\fx_envelope.obj
d:\development\pf2-src\src\game\client\release_pf2beta\baseobject_shared.obj
d:\development\pf2-src\src\game\client\release_pf2beta\multiplayer_animstate.obj
d:\development\pf2-src\src\game\client\release_pf2beta\tf_fx_impacts.obj
d:\development\pf2-src\src\game\client\release_pf2beta\tf_hud_building_status.obj
d:\development\pf2-src\src\game\client\release_pf2beta\tf_hud_menu_demo_detpack.obj
d:\development\pf2-src\src\game\client\release_pf2beta\tf_hud_stalemate.obj
d:\development\pf2-src\src\game\client\release_pf2beta\tf_prediction.obj
d:\development\pf2-src\src\game\client\release_pf2beta\tf_classmenu.obj
d:\development\pf2-src\src\game\client\release_pf2beta\tf_weapon_grenade_caltrop.obj
d:\development\pf2-src\src\game\client\release_pf2beta\c_tf_weapon_builder.obj
d:\development\pf2-src\src\game\client\release_pf2beta\achievement_notification_panel.obj
d:\development\pf2-src\src\game\client\release_pf2beta\c_env_particlescript.obj
d:\development\pf2-src\src\game\client\release_pf2beta\c_env_tonemap_controller.obj
d:\development\pf2-src\src\game\client\release_pf2beta\c_func_dust.obj
d:\development\pf2-src\src\game\client\release_pf2beta\c_playerresource.obj
d:\development\pf2-src\src\game\client\release_pf2beta\c_rumble.obj
d:\development\pf2-src\src\game\client\release_pf2beta\c_spotlight_end.obj
d:\development\pf2-src\src\game\client\release_pf2beta\c_team_objectiveresource.obj
d:\development\pf2-src\src\game\client\release_pf2beta\cam_thirdperson.obj
d:\development\pf2-src\src\game\client\release_pf2beta\cdll_util.obj
d:\development\pf2-src\src\game\client\release_pf2beta\colorcorrectionmgr.obj
d:\development\pf2-src\src\game\client\release_pf2beta\commentary_modelviewer.obj
d:\development\pf2-src\src\game\client\release_pf2beta\hud_element_helper.obj
d:\development\pf2-src\src\game\client\release_pf2beta\hud_hintdisplay.obj
d:\development\pf2-src\src\game\client\release_pf2beta\in_camera.obj
d:\development\pf2-src\src\game\client\release_pf2beta\in_main.obj
d:\development\pf2-src\src\game\client\release_pf2beta\physics.obj
d:\development\pf2-src\src\game\client\release_pf2beta\props_shared.obj
d:\development\pf2-src\src\game\client\release_pf2beta\spritetrail.obj
d:\development\pf2-src\src\game\client\release_pf2beta\train.obj
d:\development\pf2-src\src\game\client\release_pf2beta\vgui_loadingdiscpanel.obj
d:\development\pf2-src\src\game\client\release_pf2beta\viewconeimage.obj
d:\development\pf2-src\src\game\client\release_pf2beta\buysubmenu.obj
d:\development\pf2-src\src\game\client\release_pf2beta\weapon_ifmbase.obj
d:\development\pf2-src\src\game\client\release_pf2beta\panellistpanel.obj
d:\development\pf2-src\src\game\client\release_pf2beta\c_smokestack.obj
d:\development\pf2-src\src\game\client\release_pf2beta\c_te_beamring.obj
d:\development\pf2-src\src\game\client\release_pf2beta\c_te_dynamiclight.obj
d:\development\pf2-src\src\game\client\release_pf2beta\c_te_muzzleflash.obj
d:\development\pf2-src\src\game\client\release_pf2beta\c_te_worlddecal.obj
d:\development\pf2-src\src\game\client\release_pf2beta\achievements_pf.obj
d:\development\pf2-src\src\game\client\release_pf2beta\tf_hud_account.obj
d:\development\pf2-src\src\game\client\release_pf2beta\tf_hud_deathnotice.obj
d:\development\pf2-src\src\game\client\release_pf2beta\tf_hud_teamswitch.obj
d:\development\pf2-src\src\game\client\release_pf2beta\tf_player_shared.obj
d:\development\pf2-src\src\game\client\release_pf2beta\tf_viewport.obj
d:\development\pf2-src\src\game\client\release_pf2beta\tf_weapon_invis.obj
d:\development\pf2-src\src\game\client\release_pf2beta\tf_weapon_rocketlauncher.obj
d:\development\pf2-src\src\game\client\release_pf2beta\achievements_hlx.obj
d:\development\pf2-src\src\game\client\release_pf2beta\baseachievement.obj
d:\development\pf2-src\src\game\client\release_pf2beta\c_entitydissolve.obj
d:\development\pf2-src\src\game\client\release_pf2beta\c_func_lod.obj
d:\development\pf2-src\src\game\client\release_pf2beta\c_func_tracktrain.obj
d:\development\pf2-src\src\game\client\release_pf2beta\c_physbox.obj
d:\development\pf2-src\src\game\client\release_pf2beta\c_point_commentary_node.obj
d:\development\pf2-src\src\game\client\release_pf2beta\clientsideeffects_test.obj
d:\development\pf2-src\src\game\client\release_pf2beta\death_pose.obj
d:\development\pf2-src\src\game\client\release_pf2beta\decals.obj
d:\development\pf2-src\src\game\client\release_pf2beta\fx_blood.obj
d:\development\pf2-src\src\game\client\release_pf2beta\gamemovement.obj
d:\development\pf2-src\src\game\client\release_pf2beta\hltvcamera.obj
d:\development\pf2-src\src\game\client\release_pf2beta\hud_basetimer.obj
d:\development\pf2-src\src\game\client\release_pf2beta\hud_hdrdemo.obj
d:\development\pf2-src\src\game\client\release_pf2beta\hud_vguiscreencursor.obj
d:\development\pf2-src\src\game\client\release_pf2beta\lampbeamproxy.obj
d:\development\pf2-src\src\game\client\release_pf2beta\movevars_shared.obj
d:\development\pf2-src\src\game\client\release_pf2beta\particle_collision.obj
d:\development\pf2-src\src\game\client\release_pf2beta\particle_property.obj
d:\development\pf2-src\src\game\client\release_pf2beta\particles_attractor.obj
d:\development\pf2-src\src\game\client\release_pf2beta\particles_localspace.obj
d:\development\pf2-src\src\game\client\release_pf2beta\perfvisualbenchmark.obj
d:\development\pf2-src\src\game\client\release_pf2beta\physics_main_client.obj
d:\development\pf2-src\src\game\client\release_pf2beta\playerandobjectenumerator.obj
d:\development\pf2-src\src\game\client\release_pf2beta\playerspawncache.obj
d:\development\pf2-src\src\game\client\release_pf2beta\point_posecontroller.obj
d:\development\pf2-src\src\game\client\release_pf2beta\proxyentity.obj
d:\development\pf2-src\src\game\client\release_pf2beta\proxyplayer.obj
d:\development\pf2-src\src\game\client\release_pf2beta\simtimer.obj
d:\development\pf2-src\src\game\client\release_pf2beta\soundparametersinternal.obj
d:\development\pf2-src\src\game\client\release_pf2beta\spritemodel.obj
d:\development\pf2-src\src\game\client\release_pf2beta\timematerialproxy.obj
d:\development\pf2-src\src\game\client\release_pf2beta\usercmd.obj
d:\development\pf2-src\src\game\client\release_pf2beta\vgui_avatarimage.obj
d:\development\pf2-src\src\game\client\release_pf2beta\view_beams.obj
d:\development\pf2-src\src\game\client\release_pf2beta\warp_overlay.obj
d:\development\pf2-src\src\game\client\release_pf2beta\baseviewport.obj
d:\development\pf2-src\src\game\client\release_pf2beta\in_sixense_gesture_bindings.obj
d:\development\pf2-src\src\game\client\release_pf2beta\c_basetempentity.obj
d:\development\pf2-src\src\game\client\release_pf2beta\c_particle_fire.obj
d:\development\pf2-src\src\game\client\release_pf2beta\c_smoke_trail.obj
d:\development\pf2-src\src\game\client\release_pf2beta\c_te_bubbletrail.obj
d:\development\pf2-src\src\game\client\release_pf2beta\c_te_glowsprite.obj
d:\development\pf2-src\src\game\client\release_pf2beta\c_testtraceline.obj
d:\development\pf2-src\src\game\client\release_pf2beta\c_func_respawnroom.obj
d:\development\pf2-src\src\game\client\release_pf2beta\c_tf_playerresource.obj
d:\development\pf2-src\src\game\client\release_pf2beta\clientmode_tf.obj
d:\development\pf2-src\src\game\client\release_pf2beta\tf_hud_menu_engy_build.obj
d:\development\pf2-src\src\game\client\release_pf2beta\tf_hud_teamgoal.obj
d:\development\pf2-src\src\game\client\release_pf2beta\tf_shareddefs.obj
d:\development\pf2-src\src\game\client\release_pf2beta\tf_statsummary.obj
d:\development\pf2-src\src\game\client\release_pf2beta\vgui_rootpanel_tf.obj
d:\development\pf2-src\src\game\client\release_pf2beta\tf_weaponbase.obj
d:\development\pf2-src\src\game\client\release_pf2beta\tf_weapon_pda.obj
d:\development\pf2-src\src\game\client\release_pf2beta\tf_weapon_syringegun.obj
d:\development\pf2-src\src\game\client\release_pf2beta\animatedtextureproxy.obj
d:\development\pf2-src\src\game\client\release_pf2beta\basecombatcharacter_shared.obj
d:\development\pf2-src\src\game\client\release_pf2beta\baseviewmodel_shared.obj
d:\development\pf2-src\src\game\client\release_pf2beta\c_baseentity.obj
d:\development\pf2-src\src\game\client\release_pf2beta\c_func_conveyor.obj
d:\development\pf2-src\src\game\client\release_pf2beta\c_func_smokevolume.obj
d:\development\pf2-src\src\game\client\release_pf2beta\c_pixel_visibility.obj
d:\development\pf2-src\src\game\client\release_pf2beta\c_tesla.obj
d:\development\pf2-src\src\game\client\release_pf2beta\c_vehicle_jeep.obj
d:\development\pf2-src\src\game\client\release_pf2beta\cdll_client_int.obj
d:\development\pf2-src\src\game\client\release_pf2beta\hud_voicestatus.obj
d:\development\pf2-src\src\game\client\release_pf2beta\sceneentity_shared.obj
d:\development\pf2-src\src\game\client\release_pf2beta\simple_keys.obj
d:\development\pf2-src\src\game\client\release_pf2beta\soundenvelope.obj
d:\development\pf2-src\src\game\client\release_pf2beta\teamplayroundbased_gamerules.obj
d:\development\pf2-src\src\game\client\release_pf2beta\view_scene.obj
d:\development\pf2-src\src\game\client\release_pf2beta\viewrender.obj
d:\development\pf2-src\src\game\client\release_pf2beta\c_movie_explosion.obj
d:\development\pf2-src\src\game\client\release_pf2beta\c_recipientfilter.obj
d:\development\pf2-src\src\game\client\release_pf2beta\c_te.obj
d:\development\pf2-src\src\game\client\release_pf2beta\c_te_beaments.obj
d:\development\pf2-src\src\game\client\release_pf2beta\c_te_breakmodel.obj
d:\development\pf2-src\src\game\client\release_pf2beta\c_te_footprint.obj
d:\development\pf2-src\src\game\client\release_pf2beta\c_te_playerdecal.obj
d:\development\pf2-src\src\game\client\release_pf2beta\c_obj_sapper.obj
d:\development\pf2-src\src\game\client\release_pf2beta\c_tf_player.obj
d:\development\pf2-src\src\game\client\release_pf2beta\tf_hud_mediccharge.obj
d:\development\pf2-src\src\game\client\release_pf2beta\tf_hud_playerstatus.obj
d:\development\pf2-src\src\game\client\release_pf2beta\tf_playeranimstate.obj
d:\development\pf2-src\src\game\client\release_pf2beta\tf_controls.obj
d:\development\pf2-src\src\game\client\release_pf2beta\tf_vgui_video.obj
d:\development\pf2-src\src\game\client\release_pf2beta\vgui_pda_panel.obj
d:\development\pf2-src\src\game\client\release_pf2beta\tf_weapon_grenade_mirv.obj
d:\development\pf2-src\src\game\client\release_pf2beta\tf_weapon_bottle.obj
d:\development\pf2-src\src\game\client\release_pf2beta\tf_weapon_minigun.obj
d:\development\pf2-src\src\game\client\release_pf2beta\tf_weapon_smg.obj
d:\development\pf2-src\src\game\client\release_pf2beta\bonelist.obj
d:\development\pf2-src\src\game\client\release_pf2beta\alphamaterialproxy.obj
d:\development\pf2-src\src\game\client\release_pf2beta\baseentity_shared.obj
d:\development\pf2-src\src\game\client\release_pf2beta\beam_shared.obj
d:\development\pf2-src\src\game\client\release_pf2beta\c_breakableprop.obj
d:\development\pf2-src\src\game\client\release_pf2beta\c_dynamiclight.obj
d:\development\pf2-src\src\game\client\release_pf2beta\c_env_projectedtexture.obj
d:\development\pf2-src\src\game\client\release_pf2beta\c_fish.obj
d:\development\pf2-src\src\game\client\release_pf2beta\c_func_reflective_glass.obj
d:\development\pf2-src\src\game\client\release_pf2beta\c_info_overlay_accessor.obj
d:\development\pf2-src\src\game\client\release_pf2beta\c_physicsprop.obj
d:\development\pf2-src\src\game\client\release_pf2beta\c_soundscape.obj
d:\development\pf2-src\src\game\client\release_pf2beta\c_vote_controller.obj
d:\development\pf2-src\src\game\client\release_pf2beta\dummyproxy.obj
d:\development\pf2-src\src\game\client\release_pf2beta\entitylist_base.obj
d:\development\pf2-src\src\game\client\release_pf2beta\entityparticletrail_shared.obj
d:\development\pf2-src\src\game\client\release_pf2beta\flashlighteffect.obj
d:\development\pf2-src\src\game\client\release_pf2beta\fx_quad.obj
d:\development\pf2-src\src\game\client\release_pf2beta\gamestats.obj
d:\development\pf2-src\src\game\client\release_pf2beta\hud_crosshair.obj
d:\development\pf2-src\src\game\client\release_pf2beta\hud_redraw.obj
d:\development\pf2-src\src\game\client\release_pf2beta\initializer.obj
d:\development\pf2-src\src\game\client\release_pf2beta\isnpcproxy.obj
d:\development\pf2-src\src\game\client\release_pf2beta\mathproxy.obj
d:\development\pf2-src\src\game\client\release_pf2beta\particle_litsmokeemitter.obj
d:\development\pf2-src\src\game\client\release_pf2beta\particle_proxies.obj
d:\development\pf2-src\src\game\client\release_pf2beta\particles_ez.obj
d:\development\pf2-src\src\game\client\release_pf2beta\particlesystemquery.obj
d:\development\pf2-src\src\game\client\release_pf2beta\physics_main_shared.obj
d:\development\pf2-src\src\game\client\release_pf2beta\takedamageinfo.obj
d:\development\pf2-src\src\game\client\release_pf2beta\teamplay_round_timer.obj
d:\development\pf2-src\src\game\client\release_pf2beta\vgui_int.obj
d:\development\pf2-src\src\game\client\release_pf2beta\viewangleanim.obj
d:\development\pf2-src\src\game\client\release_pf2beta\waterlodmaterialproxy.obj
d:\development\pf2-src\src\game\client\release_pf2beta\basemodel_panel.obj
d:\development\pf2-src\src\game\client\release_pf2beta\navprogress.obj
d:\development\pf2-src\src\game\client\release_pf2beta\betatest_check.obj
d:\development\pf2-src\src\game\client\release_pf2beta\pf_advcreditspanel.obj
d:\development\pf2-src\src\game\client\release_pf2beta\c_te_bubbles.obj
d:\development\pf2-src\src\game\client\release_pf2beta\c_te_fizz.obj
d:\development\pf2-src\src\game\client\release_pf2beta\c_te_particlesystem.obj
d:\development\pf2-src\src\game\client\release_pf2beta\fx.obj
d:\development\pf2-src\src\game\client\release_pf2beta\c_playerattachedmodel.obj
d:\development\pf2-src\src\game\client\release_pf2beta\c_tf_ammo_pack.obj
d:\development\pf2-src\src\game\client\release_pf2beta\c_tf_team.obj
d:\development\pf2-src\src\game\client\release_pf2beta\tf_fx_particleeffect.obj
d:\development\pf2-src\src\game\client\release_pf2beta\tf_gamemovement.obj
d:\development\pf2-src\src\game\client\release_pf2beta\tf_hud_detpack_construction.obj
d:\development\pf2-src\src\game\client\release_pf2beta\tf_hud_scope.obj
d:\development\pf2-src\src\game\client\release_pf2beta\tf_input_main.obj
d:\development\pf2-src\src\game\client\release_pf2beta\tf_obj_baseupgrade_shared.obj
d:\development\pf2-src\src\game\client\release_pf2beta\tf_intromenu.obj
d:\development\pf2-src\src\game\client\release_pf2beta\tf_weapon_grenade_gas.obj
d:\development\pf2-src\src\game\client\release_pf2beta\tf_weapon_blowtorch.obj
d:\development\pf2-src\src\game\client\release_pf2beta\tf_weapon_machete.obj
d:\development\pf2-src\src\game\client\release_pf2beta\tf_weapon_shovel.obj
d:\development\pf2-src\src\game\client\release_pf2beta\entity_client_tools.obj
d:\development\pf2-src\src\game\client\release_pf2beta\replaycamera.obj
d:\development\pf2-src\src\game\client\release_pf2beta\animation.obj
d:\development\pf2-src\src\game\client\release_pf2beta\basepresence.obj
d:\development\pf2-src\src\game\client\release_pf2beta\bone_accessor.obj
d:\development\pf2-src\src\game\client\release_pf2beta\bone_merge_cache.obj
d:\development\pf2-src\src\game\client\release_pf2beta\c_baseanimatingoverlay.obj
d:\development\pf2-src\src\game\client\release_pf2beta\c_colorcorrection.obj
d:\development\pf2-src\src\game\client\release_pf2beta\c_entityparticletrail.obj
d:\development\pf2-src\src\game\client\release_pf2beta\c_func_breakablesurf.obj
d:\development\pf2-src\src\game\client\release_pf2beta\c_lightglow.obj
d:\development\pf2-src\src\game\client\release_pf2beta\c_plasma.obj
d:\development\pf2-src\src\game\client\release_pf2beta\c_slideshow_display.obj
d:\development\pf2-src\src\game\client\release_pf2beta\c_world.obj
d:\development\pf2-src\src\game\client\release_pf2beta\client_factorylist.obj
d:\development\pf2-src\src\game\client\release_pf2beta\clientleafsystem.obj
d:\development\pf2-src\src\game\client\release_pf2beta\fx_interpvalue.obj
d:\development\pf2-src\src\game\client\release_pf2beta\fx_shelleject.obj
d:\development\pf2-src\src\game\client\release_pf2beta\fx_trail.obj
d:\development\pf2-src\src\game\client\release_pf2beta\geiger.obj
d:\development\pf2-src\src\game\client\release_pf2beta\hud_bitmapnumericdisplay.obj
d:\development\pf2-src\src\game\client\release_pf2beta\hud_msg.obj
d:\development\pf2-src\src\game\client\release_pf2beta\hud_vehicle.obj
d:\development\pf2-src\src\game\client\release_pf2beta\matrixproxy.obj
d:\development\pf2-src\src\game\client\release_pf2beta\panelmetaclassmgr.obj
d:\development\pf2-src\src\game\client\release_pf2beta\point_bonusmaps_accessor.obj
d:\development\pf2-src\src\game\client\release_pf2beta\precache_register.obj
d:\development\pf2-src\src\game\client\release_pf2beta\prediction.obj
d:\development\pf2-src\src\game\client\release_pf2beta\teamplay_gamerules.obj
d:\development\pf2-src\src\game\client\release_pf2beta\test_ehandle.obj
d:\development\pf2-src\src\game\client\release_pf2beta\vehicle_viewblend_shared.obj
d:\development\pf2-src\src\game\client\release_pf2beta\vgui_bitmapbutton.obj
d:\development\pf2-src\src\game\client\release_pf2beta\vgui_slideshow_display_screen.obj
d:\development\pf2-src\src\game\client\release_pf2beta\viewpostprocess.obj
d:\development\pf2-src\src\game\client\release_pf2beta\clientscoreboarddialog.obj
d:\development\pf2-src\src\game\client\release_pf2beta\weapon_ifmsteadycam.obj
d:\development\pf2-src\src\game\client\release_pf2beta\pf_advoptionspanel.obj
d:\development\pf2-src\src\game\client\release_pf2beta\c_te_spritespray.obj
d:\development\pf2-src\src\game\client\release_pf2beta\smoke_fog_overlay.obj
d:\development\pf2-src\src\game\client\release_pf2beta\c_obj_sentrygun.obj
d:\development\pf2-src\src\game\client\release_pf2beta\tf_fx_ejectbrass.obj
d:\development\pf2-src\src\game\client\release_pf2beta\tf_fx_muzzleflash.obj
d:\development\pf2-src\src\game\client\release_pf2beta\tf_gamerules.obj
d:\development\pf2-src\src\game\client\release_pf2beta\tf_hud_damageindicator.obj
d:\development\pf2-src\src\game\client\release_pf2beta\tf_hud_mediccallers.obj
d:\development\pf2-src\src\game\client\release_pf2beta\tf_hud_player_conditions.obj
d:\development\pf2-src\src\game\client\release_pf2beta\tf_playerclass_info_parse.obj
d:\development\pf2-src\src\game\client\release_pf2beta\tf_viewmodel.obj
d:\development\pf2-src\src\game\client\release_pf2beta\tf_spectatorgui.obj
d:\development\pf2-src\src\game\client\release_pf2beta\tf_weapon_grenade_concussion.obj
d:\development\pf2-src\src\game\client\release_pf2beta\c_stickynail.obj
d:\development\pf2-src\src\game\client\release_pf2beta\tf_weapon_brandingiron.obj
d:\development\pf2-src\src\game\client\release_pf2beta\tf_weapon_flamethrower.obj
d:\development\pf2-src\src\game\client\release_pf2beta\tf_weapon_shotgun.obj
d:\development\pf2-src\src\game\client\release_pf2beta\toolframework_client.obj
d:\development\pf2-src\src\game\client\release_pf2beta\achievementmgr.obj
d:\development\pf2-src\src\game\client\release_pf2beta\c_func_rotating.obj
d:\development\pf2-src\src\game\client\release_pf2beta\c_materialmodifycontrol.obj
d:\development\pf2-src\src\game\client\release_pf2beta\c_ragdoll_manager.obj
d:\development\pf2-src\src\game\client\release_pf2beta\c_shadowcontrol.obj
d:\development\pf2-src\src\game\client\release_pf2beta\c_sprite_perfmonitor.obj
d:\development\pf2-src\src\game\client\release_pf2beta\c_team_train_watcher.obj
d:\development\pf2-src\src\game\client\release_pf2beta\client_thinklist.obj
d:\development\pf2-src\src\game\client\release_pf2beta\clientshadowmgr.obj
d:\development\pf2-src\src\game\client\release_pf2beta\fx_tracer.obj
d:\development\pf2-src\src\game\client\release_pf2beta\gamestringpool.obj
d:\development\pf2-src\src\game\client\release_pf2beta\hintmessage.obj
d:\development\pf2-src\src\game\client\release_pf2beta\hud_base_account.obj
d:\development\pf2-src\src\game\client\release_pf2beta\hud_controlpointicons.obj
d:\development\pf2-src\src\game\client\release_pf2beta\singleplay_gamerules.obj
d:\development\pf2-src\src\game\client\release_pf2beta\splinepatch.obj
d:\development\pf2-src\src\game\client\release_pf2beta\studio_stats.obj
d:\development\pf2-src\src\game\client\release_pf2beta\vgui_bitmapimage.obj
d:\development\pf2-src\src\game\client\release_pf2beta\vgui_netgraphpanel.obj
d:\development\pf2-src\src\game\client\release_pf2beta\voice_menu.obj
d:\development\pf2-src\src\game\client\release_pf2beta\commandmenu.obj
d:\development\pf2-src\src\game\client\release_pf2beta\vguitextwindow.obj
d:\development\pf2-src\src\game\client\release_pf2beta\c_te_beamfollow.obj
d:\development\pf2-src\src\game\client\release_pf2beta\c_te_beamringpoint.obj
d:\development\pf2-src\src\game\client\release_pf2beta\c_te_decal.obj
d:\development\pf2-src\src\game\client\release_pf2beta\c_te_legacytempents.obj
d:\development\pf2-src\src\game\client\release_pf2beta\c_tf_fx.obj
d:\development\pf2-src\src\game\client\release_pf2beta\entity_capture_flag.obj
d:\development\pf2-src\src\game\client\release_pf2beta\tf_hud_demomanpipes.obj
d:\development\pf2-src\src\game\client\release_pf2beta\tf_hud_menu_spy_disguise.obj
d:\development\pf2-src\src\game\client\release_pf2beta\tf_hud_statpanel.obj
d:\development\pf2-src\src\game\client\release_pf2beta\tf_usermessages.obj
d:\development\pf2-src\src\game\client\release_pf2beta\tf_viewrender.obj
d:\development\pf2-src\src\game\client\release_pf2beta\objectcontrolpanel.obj
d:\development\pf2-src\src\game\client\release_pf2beta\c_tf_projectile_rocket.obj
d:\development\pf2-src\src\game\client\release_pf2beta\tf_projectile_nail.obj
d:\development\pf2-src\src\game\client\release_pf2beta\tf_weapon_grenade_heal.obj
d:\development\pf2-src\src\game\client\release_pf2beta\tf_weapon_bonesaw.obj
d:\development\pf2-src\src\game\client\release_pf2beta\tf_weapon_fists.obj
d:\development\pf2-src\src\game\client\release_pf2beta\tf_weapon_pipe.obj
d:\development\pf2-src\src\game\client\release_pf2beta\tf_weapon_syringe.obj
d:\development\pf2-src\src\game\client\release_pf2beta\activitylist.obj
d:\development\pf2-src\src\game\client\release_pf2beta\c_basedoor.obj
d:\development\pf2-src\src\game\client\release_pf2beta\c_baseviewmodel.obj
d:\development\pf2-src\src\game\client\release_pf2beta\c_colorcorrectionvolume.obj
d:\development\pf2-src\src\game\client\release_pf2beta\c_func_areaportalwindow.obj
d:\development\pf2-src\src\game\client\release_pf2beta\c_func_occluder.obj
d:\development\pf2-src\src\game\client\release_pf2beta\c_hairball.obj
d:\development\pf2-src\src\game\client\release_pf2beta\c_point_camera.obj
d:\development\pf2-src\src\game\client\release_pf2beta\c_sceneentity.obj
d:\development\pf2-src\src\game\client\release_pf2beta\detailobjectsystem.obj
d:\development\pf2-src\src\game\client\release_pf2beta\gametrace_client.obj
d:\development\pf2-src\src\game\client\release_pf2beta\glow_outline_effect.obj
d:\development\pf2-src\src\game\client\release_pf2beta\hintsystem.obj
d:\development\pf2-src\src\game\client\release_pf2beta\hud_autoaim.obj
d:\development\pf2-src\src\game\client\release_pf2beta\hud_filmdemo.obj
d:\development\pf2-src\src\game\client\release_pf2beta\hud_weapon.obj
d:\development\pf2-src\src\game\client\release_pf2beta\mp_shareddefs.obj
d:\development\pf2-src\src\game\client\release_pf2beta\obstacle_pushaway.obj
d:\development\pf2-src\src\game\client\release_pf2beta\particle_parse.obj
d:\development\pf2-src\src\game\client\release_pf2beta\particles_simple.obj
d:\development\pf2-src\src\game\client\release_pf2beta\physics_saverestore.obj
d:\development\pf2-src\src\game\client\release_pf2beta\rope_helpers.obj
d:\development\pf2-src\src\game\client\release_pf2beta\sequence_transitioner.obj
d:\development\pf2-src\src\game\client\release_pf2beta\soundemittersystem.obj
d:\development\pf2-src\src\game\client\release_pf2beta\vgui_fpspanel.obj
d:\development\pf2-src\src\game\client\release_pf2beta\viewdebug.obj
d:\development\pf2-src\src\game\client\release_pf2beta\weapon_parse.obj
d:\development\pf2-src\src\game\client\release_pf2beta\classmenu.obj
d:\development\pf2-src\src\game\client\release_pf2beta\cvartextentry.obj
d:\development\pf2-src\src\game\client\release_pf2beta\c_particle_smokegrenade.obj
d:\development\pf2-src\src\game\client\release_pf2beta\c_te_armorricochet.obj
d:\development\pf2-src\src\game\client\release_pf2beta\c_te_beamlaser.obj
d:\development\pf2-src\src\game\client\release_pf2beta\c_te_bloodsprite.obj
d:\development\pf2-src\src\game\client\release_pf2beta\c_te_effect_dispatch.obj
d:\development\pf2-src\src\game\client\release_pf2beta\c_te_physicsprop.obj
d:\development\pf2-src\src\game\client\release_pf2beta\c_tracer.obj
d:\development\pf2-src\src\game\client\release_pf2beta\fx_sparks.obj
d:\development\pf2-src\src\game\client\release_pf2beta\c_script_parser.obj
d:\development\pf2-src\src\game\client\release_pf2beta\c_tf_objective_resource.obj
d:\development\pf2-src\src\game\client\release_pf2beta\tf_hud_crosshair.obj
d:\development\pf2-src\src\game\client\release_pf2beta\tf_hud_flagstatus.obj
d:\development\pf2-src\src\game\client\release_pf2beta\tf_hud_winpanel.obj
d:\development\pf2-src\src\game\client\release_pf2beta\tf_steamstats.obj
d:\development\pf2-src\src\game\client\release_pf2beta\tf_textwindow.obj
d:\development\pf2-src\src\game\client\release_pf2beta\tf_weaponbase_gun.obj
d:\development\pf2-src\src\game\client\release_pf2beta\tf_weapon_grenade_napalm.obj
d:\development\pf2-src\src\game\client\release_pf2beta\tf_weapon_fireaxe.obj
d:\development\pf2-src\src\game\client\release_pf2beta\tf_weapon_medigun.obj
d:\development\pf2-src\src\game\client\release_pf2beta\animatedentitytextureproxy.obj
d:\development\pf2-src\src\game\client\release_pf2beta\baseclientrendertargets.obj
d:\development\pf2-src\src\game\client\release_pf2beta\basegrenade_shared.obj
d:\development\pf2-src\src\game\client\release_pf2beta\beamdraw.obj
d:\development\pf2-src\src\game\client\release_pf2beta\c_basecombatweapon.obj
d:\development\pf2-src\src\game\client\release_pf2beta\c_env_fog_controller.obj
d:\development\pf2-src\src\game\client\release_pf2beta\c_fire_smoke.obj
d:\development\pf2-src\src\game\client\release_pf2beta\c_particle_system.obj
d:\development\pf2-src\src\game\client\release_pf2beta\c_props.obj
d:\development\pf2-src\src\game\client\release_pf2beta\c_sprite.obj
d:\development\pf2-src\src\game\client\release_pf2beta\c_vguiscreen.obj
d:\development\pf2-src\src\game\client\release_pf2beta\functionproxy.obj
d:\development\pf2-src\src\game\client\release_pf2beta\fx_fleck.obj
d:\development\pf2-src\src\game\client\release_pf2beta\fx_staticline.obj
d:\development\pf2-src\src\game\client\release_pf2beta\gamerules.obj
d:\development\pf2-src\src\game\client\release_pf2beta\hud_basechat.obj
d:\development\pf2-src\src\game\client\release_pf2beta\hud_vote.obj
d:\development\pf2-src\src\game\client\release_pf2beta\vgui_game_viewport.obj
d:\development\pf2-src\src\game\client\release_pf2beta\vgui_grid.obj
d:\development\pf2-src\src\game\client\release_pf2beta\view.obj
d:\development\pf2-src\src\game\client\release_pf2beta\basemodelpanel.obj
d:\development\pf2-src\src\game\client\release_pf2beta\weapon_ifmbasecamera.obj
d:\development\pf2-src\src\game\client\release_pf2beta\pf_convar_setup.obj
d:\development\pf2-src\src\game\client\release_pf2beta\cvarslider.obj
d:\development\pf2-src\src\game\client\release_pf2beta\in_sixense.obj
d:\development\pf2-src\src\game\client\release_pf2beta\sixense_convars.obj
d:\development\pf2-src\src\game\client\release_pf2beta\c_impact_effects.obj
d:\development\pf2-src\src\game\client\release_pf2beta\c_steamjet.obj
d:\development\pf2-src\src\game\client\release_pf2beta\c_te_beampoints.obj
d:\development\pf2-src\src\game\client\release_pf2beta\c_te_bspdecal.obj
d:\development\pf2-src\src\game\client\release_pf2beta\c_te_glassshatter.obj
d:\development\pf2-src\src\game\client\release_pf2beta\c_te_sprite.obj
d:\development\pf2-src\src\game\client\release_pf2beta\c_obj_detpack.obj
d:\development\pf2-src\src\game\client\release_pf2beta\pf_discord_rpc.obj
d:\development\pf2-src\src\game\client\release_pf2beta\tf_hud_demomancharge.obj
d:\development\pf2-src\src\game\client\release_pf2beta\tf_hud_menu_engy_destroy.obj
d:\development\pf2-src\src\game\client\release_pf2beta\tf_hud_target_id.obj
d:\development\pf2-src\src\game\client\release_pf2beta\tf_presence.obj
d:\development\pf2-src\src\game\client\release_pf2beta\tf_teammenu.obj
d:\development\pf2-src\src\game\client\release_pf2beta\tf_weaponbase_melee.obj
d:\development\pf2-src\src\game\client\release_pf2beta\tf_weapon_grenade_pipebomb.obj
d:\development\pf2-src\src\game\client\release_pf2beta\tf_weapon_nailgun.obj
d:\development\pf2-src\src\game\client\release_pf2beta\tf_weapon_pistol.obj
d:\development\pf2-src\src\game\client\release_pf2beta\tf_weapon_wrench.obj
d:\development\pf2-src\src\game\client\release_pf2beta\mp3player.obj
d:\development\pf2-src\src\game\client\release_pf2beta\animatespecifictextureproxy.obj
d:\development\pf2-src\src\game\client\release_pf2beta\baseparticleentity.obj
d:\development\pf2-src\src\game\client\release_pf2beta\baseprojectile.obj
d:\development\pf2-src\src\game\client\release_pf2beta\c_basecombatcharacter.obj
d:\development\pf2-src\src\game\client\release_pf2beta\c_baseplayer.obj
d:\development\pf2-src\src\game\client\release_pf2beta\c_test_proxytoggle.obj
d:\development\pf2-src\src\game\client\release_pf2beta\c_waterlodcontrol.obj
d:\development\pf2-src\src\game\client\release_pf2beta\cdll_bounded_cvars.obj
d:\development\pf2-src\src\game\client\release_pf2beta\client_virtualreality.obj
d:\development\pf2-src\src\game\client\release_pf2beta\effectsclient.obj
d:\development\pf2-src\src\game\client\release_pf2beta\env_detail_controller.obj
d:\development\pf2-src\src\game\client\release_pf2beta\func_ladder.obj
d:\development\pf2-src\src\game\client\release_pf2beta\fx_water.obj
d:\development\pf2-src\src\game\client\release_pf2beta\haptic_utils.obj
d:\development\pf2-src\src\game\client\release_pf2beta\hud_animationinfo.obj
d:\development\pf2-src\src\game\client\release_pf2beta\hud_damageaccount_panel.obj
d:\development\pf2-src\src\game\client\release_pf2beta\mapentities_shared.obj
d:\development\pf2-src\src\game\client\release_pf2beta\message.obj
d:\development\pf2-src\src\game\client\release_pf2beta\physpropclientside.obj
d:\development\pf2-src\src\game\client\release_pf2beta\ragdoll.obj
d:\development\pf2-src\src\game\client\release_pf2beta\text_message.obj
d:\development\pf2-src\src\game\client\release_pf2beta\usermessages.obj
d:\development\pf2-src\src\game\client\release_pf2beta\vgui_bitmappanel.obj
d:\development\pf2-src\src\game\client\release_pf2beta\vgui_schemevisualizer.obj
d:\development\pf2-src\src\game\client\release_pf2beta\worlddimsproxy.obj
d:\development\pf2-src\src\game\client\release_pf2beta\buymenu.obj
d:\development\pf2-src\src\game\client\release_pf2beta\teammenu.obj
d:\development\pf2-src\src\game\client\release_pf2beta\c_te_basebeam.obj
d:\development\pf2-src\src\game\client\release_pf2beta\c_te_beamentpoint.obj
d:\development\pf2-src\src\game\client\release_pf2beta\c_te_beamspline.obj
d:\development\pf2-src\src\game\client\release_pf2beta\c_te_energysplash.obj
d:\development\pf2-src\src\game\client\release_pf2beta\c_te_largefunnel.obj
d:\development\pf2-src\src\game\client\release_pf2beta\c_te_showline.obj
d:\development\pf2-src\src\game\client\release_pf2beta\fx_discreetline.obj
d:\development\pf2-src\src\game\client\release_pf2beta\c_baseobject.obj
d:\development\pf2-src\src\game\client\release_pf2beta\tf_fx_taunteffects.obj
d:\development\pf2-src\src\game\client\release_pf2beta\tf_fx_tracers.obj
d:\development\pf2-src\src\game\client\release_pf2beta\tf_hud_chat.obj
d:\development\pf2-src\src\game\client\release_pf2beta\tf_hud_objectivestatus.obj
d:\development\pf2-src\src\game\client\release_pf2beta\tf_playerclass_shared.obj
d:\development\pf2-src\src\game\client\release_pf2beta\tf_mapinfomenu.obj
d:\development\pf2-src\src\game\client\release_pf2beta\tf_projectile_base.obj
d:\development\pf2-src\src\game\client\release_pf2beta\tf_weaponbase_rocket.obj
d:\development\pf2-src\src\game\client\release_pf2beta\tf_weapon_grenade_emp.obj
d:\development\pf2-src\src\game\client\release_pf2beta\tf_weapon_bat.obj
d:\development\pf2-src\src\game\client\release_pf2beta\tf_weapon_knife.obj
d:\development\pf2-src\src\game\client\release_pf2beta\tf_weapon_sniperrifle.obj
d:\development\pf2-src\src\game\client\release_pf2beta\compiledcaptionswap.obj
d:\development\pf2-src\src\game\client\release_pf2beta\rendertexture.obj
d:\development\pf2-src\src\game\client\release_pf2beta\studio.obj
d:\development\pf2-src\src\game\client\release_pf2beta\client_class.obj
d:\development\pf2-src\src\game\client\release_pf2beta\sentence.obj
d:\development\pf2-src\src\game\client\release_pf2beta\tf_gamestats_shared.obj
d:\development\pf2-src\src\game\client\release_pf2beta\interpolatortypes.obj
d:\development\pf2-src\src\game\client\release_pf2beta\jigglebones.obj
d:\development\pf2-src\src\game\client\release_pf2beta\engine_patch.obj
d:\development\pf2-src\src\game\client\release_pf2beta\collisionutils.obj
d:\development\pf2-src\src\game\client\release_pf2beta\renamed_recvtable_compat.obj
d:\development\pf2-src\src\game\client\release_pf2beta\scratchpad3d.obj
d:\development\pf2-src\src\game\client\release_pf2beta\os_utils.obj
d:\development\pf2-src\src\game\client\release_pf2beta\bone_setup.obj
d:\development\pf2-src\src\game\client\release_pf2beta\stringregistry.obj
d:\development\pf2-src\src\game\client\release_pf2beta\dt_utlvector_common.obj
d:\development\pf2-src\src\game\client\release_pf2beta\mumble.obj
d:\development\pf2-src\src\game\client\release_pf2beta\dt_utlvector_recv.obj
d:\development\pf2-src\src\game\client\release_pf2beta\memoverride.obj
d:\development\pf2-src\src\game\client\release_pf2beta\sheetsimulator.obj
d:\development\pf2-src\src\game\client\release_pf2beta\filesystem_helpers.obj
d:\development\pf2-src\src\game\client\release_pf2beta\networkvar.obj
d:\development\pf2-src\src\game\client\release_pf2beta\posedebugger.obj
d:\development\pf2-src\src\game\client\release_pf2beta\crtmemdebug.obj
d:\development\pf2-src\src\game\client\release_pf2beta\interval.obj
d:\development\pf2-src\src\game\client\release_pf2beta\randoverride.obj
d:\development\pf2-src\src\game\client\release_pf2beta\scratchpadutils.obj
d:\development\pf2-src\src\game\client\release_pf2beta\vallocator.obj
d:\development\pf2-src\src\game\client\release_pf2beta\hud_lcd.obj
d:\development\pf2-src\src\game\client\release_pf2beta\dt_recv.obj
d:\development\pf2-src\src\game\client\release_pf2beta\language.obj
d:\development\pf2-src\src\game\client\release_pf2beta\rope_physics.obj
d:\development\pf2-src\src\game\client\release_pf2beta\simple_physics.obj
d:\development\pf2-src\src\game\client\release_pf2beta\vgui_controls.obj
d:\development\pf2-src\src\game\client\release_pf2beta\in_mouse.obj
d:\development\pf2c-src\src\game\client\release_pf2beta\client.pch
d:\development\pf2c-src\src\game\client\release_pf2beta\vc120.pdb
d:\development\pf2c-src\src\game\client\release_pf2beta\stdafx.obj
d:\development\pf2c-src\src\game\client\release_pf2beta\mp3player.obj
d:\development\pf2c-src\src\game\client\release_pf2beta\animatedtextureproxy.obj
d:\development\pf2c-src\src\game\client\release_pf2beta\baseanimatedtextureproxy.obj
d:\development\pf2c-src\src\game\client\release_pf2beta\baseplayer_shared.obj
d:\development\pf2c-src\src\game\client\release_pf2beta\c_env_tonemap_controller.obj
d:\development\pf2c-src\src\game\client\release_pf2beta\c_func_lod.obj
d:\development\pf2c-src\src\game\client\release_pf2beta\c_func_smokevolume.obj
d:\development\pf2c-src\src\game\client\release_pf2beta\c_pixel_visibility.obj
d:\development\pf2c-src\src\game\client\release_pf2beta\c_team_objectiveresource.obj
d:\development\pf2c-src\src\game\client\release_pf2beta\camomaterialproxy.obj
d:\development\pf2c-src\src\game\client\release_pf2beta\clientleafsystem.obj
d:\development\pf2c-src\src\game\client\release_pf2beta\fx_fleck.obj
d:\development\pf2c-src\src\game\client\release_pf2beta\fx_tracer.obj
d:\development\pf2c-src\src\game\client\release_pf2beta\gamestringpool.obj
d:\development\pf2c-src\src\game\client\release_pf2beta\hintsystem.obj
d:\development\pf2c-src\src\game\client\release_pf2beta\hud_autoaim.obj
d:\development\pf2c-src\src\game\client\release_pf2beta\hud_hintdisplay.obj
d:\development\pf2c-src\src\game\client\release_pf2beta\in_camera.obj
d:\development\pf2c-src\src\game\client\release_pf2beta\initializer.obj
d:\development\pf2c-src\src\game\client\release_pf2beta\lampbeamproxy.obj
d:\development\pf2c-src\src\game\client\release_pf2beta\message.obj
d:\development\pf2c-src\src\game\client\release_pf2beta\physics_main_shared.obj
d:\development\pf2c-src\src\game\client\release_pf2beta\studio_stats.obj
d:\development\pf2c-src\src\game\client\release_pf2beta\vgui_bitmapbutton.obj
d:\development\pf2c-src\src\game\client\release_pf2beta\vgui_loadingdiscpanel.obj
d:\development\pf2c-src\src\game\client\release_pf2beta\viewangleanim.obj
d:\development\pf2c-src\src\game\client\release_pf2beta\waterlodmaterialproxy.obj
d:\development\pf2c-src\src\game\client\release_pf2beta\worlddimsproxy.obj
d:\development\pf2c-src\src\game\client\release_pf2beta\buymenu.obj
d:\development\pf2c-src\src\game\client\release_pf2beta\teammenu.obj
d:\development\pf2c-src\src\game\client\release_pf2beta\c_recipientfilter.obj
d:\development\pf2c-src\src\game\client\release_pf2beta\c_stickybolt.obj
d:\development\pf2c-src\src\game\client\release_pf2beta\c_te_bloodsprite.obj
d:\development\pf2c-src\src\game\client\release_pf2beta\c_te_effect_dispatch.obj
d:\development\pf2c-src\src\game\client\release_pf2beta\c_te_particlesystem.obj
d:\development\pf2c-src\src\game\client\release_pf2beta\c_te_spritespray.obj
d:\development\pf2c-src\src\game\client\release_pf2beta\smoke_fog_overlay.obj
d:\development\pf2c-src\src\game\client\release_pf2beta\c_obj_sentrygun.obj
d:\development\pf2c-src\src\game\client\release_pf2beta\tf_fx_ejectbrass.obj
d:\development\pf2c-src\src\game\client\release_pf2beta\tf_fx_impacts.obj
d:\development\pf2c-src\src\game\client\release_pf2beta\tf_hud_building_status.obj
d:\development\pf2c-src\src\game\client\release_pf2beta\tf_hud_mediccharge.obj
d:\development\pf2c-src\src\game\client\release_pf2beta\tf_hud_playerstatus.obj
d:\development\pf2c-src\src\game\client\release_pf2beta\tf_playeranimstate.obj
d:\development\pf2c-src\src\game\client\release_pf2beta\tf_usermessages.obj
d:\development\pf2c-src\src\game\client\release_pf2beta\tf_viewrender.obj
d:\development\pf2c-src\src\game\client\release_pf2beta\tf_classmenu.obj
d:\development\pf2c-src\src\game\client\release_pf2beta\tf_weaponbase_rocket.obj
d:\development\pf2c-src\src\game\client\release_pf2beta\tf_weapon_grenade_concussion.obj
d:\development\pf2c-src\src\game\client\release_pf2beta\c_tf_weapon_builder.obj
d:\development\pf2c-src\src\game\client\release_pf2beta\animatedoffsettextureproxy.obj
d:\development\pf2c-src\src\game\client\release_pf2beta\basecombatweapon_shared.obj
d:\development\pf2c-src\src\game\client\release_pf2beta\c_baseanimatingoverlay.obj
d:\development\pf2c-src\src\game\client\release_pf2beta\c_colorcorrection.obj
d:\development\pf2c-src\src\game\client\release_pf2beta\c_env_fog_controller.obj
d:\development\pf2c-src\src\game\client\release_pf2beta\c_fire_smoke.obj
d:\development\pf2c-src\src\game\client\release_pf2beta\c_lightglow.obj
d:\development\pf2c-src\src\game\client\release_pf2beta\c_plasma.obj
d:\development\pf2c-src\src\game\client\release_pf2beta\c_soundscape.obj
d:\development\pf2c-src\src\game\client\release_pf2beta\c_vehicle_choreo_generic.obj
d:\development\pf2c-src\src\game\client\release_pf2beta\classmap.obj
d:\development\pf2c-src\src\game\client\release_pf2beta\clientshadowmgr.obj
d:\development\pf2c-src\src\game\client\release_pf2beta\fx_staticline.obj
d:\development\pf2c-src\src\game\client\release_pf2beta\gamerules.obj
d:\development\pf2c-src\src\game\client\release_pf2beta\hud_basechat.obj
d:\development\pf2c-src\src\game\client\release_pf2beta\hud_voicestatus.obj
d:\development\pf2c-src\src\game\client\release_pf2beta\singleplay_gamerules.obj
d:\development\pf2c-src\src\game\client\release_pf2beta\soundparametersinternal.obj
d:\development\pf2c-src\src\game\client\release_pf2beta\spritemodel.obj
d:\development\pf2c-src\src\game\client\release_pf2beta\train.obj
d:\development\pf2c-src\src\game\client\release_pf2beta\vgui_schemevisualizer.obj
d:\development\pf2c-src\src\game\client\release_pf2beta\weapons_resource.obj
d:\development\pf2c-src\src\game\client\release_pf2beta\iconpanel.obj
d:\development\pf2c-src\src\game\client\release_pf2beta\vguitextwindow.obj
d:\development\pf2c-src\src\game\client\release_pf2beta\c_te_beamentpoint.obj
d:\development\pf2c-src\src\game\client\release_pf2beta\c_te_beamring.obj
d:\development\pf2c-src\src\game\client\release_pf2beta\c_te_clientprojectile.obj
d:\development\pf2c-src\src\game\client\release_pf2beta\c_te_impact.obj
d:\development\pf2c-src\src\game\client\release_pf2beta\c_te_playerdecal.obj
d:\development\pf2c-src\src\game\client\release_pf2beta\c_obj_sapper.obj
d:\development\pf2c-src\src\game\client\release_pf2beta\c_tf_player.obj
d:\development\pf2c-src\src\game\client\release_pf2beta\tf_hud_menu_demo_detpack.obj
d:\development\pf2c-src\src\game\client\release_pf2beta\tf_hud_scope.obj
d:\development\pf2c-src\src\game\client\release_pf2beta\tf_input_main.obj
d:\development\pf2c-src\src\game\client\release_pf2beta\tf_item.obj
d:\development\pf2c-src\src\game\client\release_pf2beta\tf_presence.obj
d:\development\pf2c-src\src\game\client\release_pf2beta\tf_textwindow.obj
d:\development\pf2c-src\src\game\client\release_pf2beta\tf_weaponbase.obj
d:\development\pf2c-src\src\game\client\release_pf2beta\tf_weapon_shotgun.obj
d:\development\pf2c-src\src\game\client\release_pf2beta\entity_client_tools.obj
d:\development\pf2c-src\src\game\client\release_pf2beta\alphamaterialproxy.obj
d:\development\pf2c-src\src\game\client\release_pf2beta\baseentity_shared.obj
d:\development\pf2c-src\src\game\client\release_pf2beta\bone_accessor.obj
d:\development\pf2c-src\src\game\client\release_pf2beta\c_ai_basenpc.obj
d:\development\pf2c-src\src\game\client\release_pf2beta\c_baseflex.obj
d:\development\pf2c-src\src\game\client\release_pf2beta\c_sun.obj
d:\development\pf2c-src\src\game\client\release_pf2beta\c_test_proxytoggle.obj
d:\development\pf2c-src\src\game\client\release_pf2beta\c_waterbullet.obj
d:\development\pf2c-src\src\game\client\release_pf2beta\cdll_util.obj
d:\development\pf2c-src\src\game\client\release_pf2beta\colorcorrectionmgr.obj
d:\development\pf2c-src\src\game\client\release_pf2beta\death_pose.obj
d:\development\pf2c-src\src\game\client\release_pf2beta\decals.obj
d:\development\pf2c-src\src\game\client\release_pf2beta\fx_blood.obj
d:\development\pf2c-src\src\game\client\release_pf2beta\gamerules_register.obj
d:\development\pf2c-src\src\game\client\release_pf2beta\gametrace_client.obj
d:\development\pf2c-src\src\game\client\release_pf2beta\glow_overlay.obj
d:\development\pf2c-src\src\game\client\release_pf2beta\hud.obj
d:\development\pf2c-src\src\game\client\release_pf2beta\hud_pdump.obj
d:\development\pf2c-src\src\game\client\release_pf2beta\in_main.obj
d:\development\pf2c-src\src\game\client\release_pf2beta\physics_main_client.obj
d:\development\pf2c-src\src\game\client\release_pf2beta\playerandobjectenumerator.obj
d:\development\pf2c-src\src\game\client\release_pf2beta\playerclass_info_parse.obj
d:\development\pf2c-src\src\game\client\release_pf2beta\ragdoll_shared.obj
d:\development\pf2c-src\src\game\client\release_pf2beta\takedamageinfo.obj
d:\development\pf2c-src\src\game\client\release_pf2beta\teamplay_gamerules.obj
d:\development\pf2c-src\src\game\client\release_pf2beta\teamplayroundbased_gamerules.obj
d:\development\pf2c-src\src\game\client\release_pf2beta\view_effects.obj
d:\development\pf2c-src\src\game\client\release_pf2beta\weapon_selection.obj
d:\development\pf2c-src\src\game\client\release_pf2beta\mapoverview.obj
d:\development\pf2c-src\src\game\client\release_pf2beta\scriptobject.obj
d:\development\pf2c-src\src\game\client\release_pf2beta\c_te_basebeam.obj
d:\development\pf2c-src\src\game\client\release_pf2beta\c_te_beamfollow.obj
d:\development\pf2c-src\src\game\client\release_pf2beta\c_te_bspdecal.obj
d:\development\pf2c-src\src\game\client\release_pf2beta\c_te_glassshatter.obj
d:\development\pf2c-src\src\game\client\release_pf2beta\c_testtraceline.obj
d:\development\pf2c-src\src\game\client\release_pf2beta\c_baseobject.obj
d:\development\pf2c-src\src\game\client\release_pf2beta\tf_fx_shared.obj
d:\development\pf2c-src\src\game\client\release_pf2beta\tf_hud_cloakmeter.obj
d:\development\pf2c-src\src\game\client\release_pf2beta\tf_hud_demomancharge.obj
d:\development\pf2c-src\src\game\client\release_pf2beta\tf_hud_menu_engy_destroy.obj
d:\development\pf2c-src\src\game\client\release_pf2beta\tf_hud_statpanel.obj
d:\development\pf2c-src\src\game\client\release_pf2beta\tf_intromenu.obj
d:\development\pf2c-src\src\game\client\release_pf2beta\tf_weapon_grenade_gas.obj
d:\development\pf2c-src\src\game\client\release_pf2beta\tf_weapon_bottle.obj
d:\development\pf2c-src\src\game\client\release_pf2beta\tf_weapon_minigun.obj
d:\development\pf2c-src\src\game\client\release_pf2beta\tf_weapon_smg.obj
d:\development\pf2c-src\src\game\client\release_pf2beta\bonelist.obj
d:\development\pf2c-src\src\game\client\release_pf2beta\achievementmgr.obj
d:\development\pf2c-src\src\game\client\release_pf2beta\c_func_reflective_glass.obj
d:\development\pf2c-src\src\game\client\release_pf2beta\c_info_overlay_accessor.obj
d:\development\pf2c-src\src\game\client\release_pf2beta\c_physmagnet.obj
d:\development\pf2c-src\src\game\client\release_pf2beta\c_ragdoll_manager.obj
d:\development\pf2c-src\src\game\client\release_pf2beta\c_shadowcontrol.obj
d:\development\pf2c-src\src\game\client\release_pf2beta\c_sprite_perfmonitor.obj
d:\development\pf2c-src\src\game\client\release_pf2beta\c_team_train_watcher.obj
d:\development\pf2c-src\src\game\client\release_pf2beta\client_virtualreality.obj
d:\development\pf2c-src\src\game\client\release_pf2beta\entityparticletrail_shared.obj
d:\development\pf2c-src\src\game\client\release_pf2beta\eventlist.obj
d:\development\pf2c-src\src\game\client\release_pf2beta\fx_cube.obj
d:\development\pf2c-src\src\game\client\release_pf2beta\fx_quad.obj
d:\development\pf2c-src\src\game\client\release_pf2beta\fx_water.obj
d:\development\pf2c-src\src\game\client\release_pf2beta\haptic_utils.obj
d:\development\pf2c-src\src\game\client\release_pf2beta\hud_base_account.obj
d:\development\pf2c-src\src\game\client\release_pf2beta\hud_controlpointicons.obj
d:\development\pf2c-src\src\game\client\release_pf2beta\splinepatch.obj
d:\development\pf2c-src\src\game\client\release_pf2beta\sprite.obj
d:\development\pf2c-src\src\game\client\release_pf2beta\timematerialproxy.obj
d:\development\pf2c-src\src\game\client\release_pf2beta\vehicle_viewblend_shared.obj
d:\development\pf2c-src\src\game\client\release_pf2beta\vgui_bitmapimage.obj
d:\development\pf2c-src\src\game\client\release_pf2beta\vgui_slideshow_display_screen.obj
d:\development\pf2c-src\src\game\client\release_pf2beta\viewdebug.obj
d:\development\pf2c-src\src\game\client\release_pf2beta\weapon_parse.obj
d:\development\pf2c-src\src\game\client\release_pf2beta\classmenu.obj
d:\development\pf2c-src\src\game\client\release_pf2beta\pf_cvars.obj
d:\development\pf2c-src\src\game\client\release_pf2beta\cvartogglecheckbutton.obj
d:\development\pf2c-src\src\game\client\release_pf2beta\c_smoke_trail.obj
d:\development\pf2c-src\src\game\client\release_pf2beta\c_te_decal.obj
d:\development\pf2c-src\src\game\client\release_pf2beta\c_te_killplayerattachments.obj
d:\development\pf2c-src\src\game\client\release_pf2beta\c_te_showline.obj
d:\development\pf2c-src\src\game\client\release_pf2beta\fx_line.obj
d:\development\pf2c-src\src\game\client\release_pf2beta\c_func_capture_zone.obj
d:\development\pf2c-src\src\game\client\release_pf2beta\c_obj_teleporter.obj
d:\development\pf2c-src\src\game\client\release_pf2beta\tf_fx_blood.obj
d:\development\pf2c-src\src\game\client\release_pf2beta\tf_hud_account.obj
d:\development\pf2c-src\src\game\client\release_pf2beta\tf_hud_deathnotice.obj
d:\development\pf2c-src\src\game\client\release_pf2beta\tf_hud_teamswitch.obj
d:\development\pf2c-src\src\game\client\release_pf2beta\tf_controls.obj
d:\development\pf2c-src\src\game\client\release_pf2beta\tf_viewport.obj
d:\development\pf2c-src\src\game\client\release_pf2beta\tf_weapon_invis.obj
d:\development\pf2c-src\src\game\client\release_pf2beta\tf_weapon_pipe.obj
d:\development\pf2c-src\src\game\client\release_pf2beta\tf_weapon_syringe.obj
d:\development\pf2c-src\src\game\client\release_pf2beta\ammodef.obj
d:\development\pf2c-src\src\game\client\release_pf2beta\baseclientrendertargets.obj
d:\development\pf2c-src\src\game\client\release_pf2beta\basegrenade_shared.obj
d:\development\pf2c-src\src\game\client\release_pf2beta\beamdraw.obj
d:\development\pf2c-src\src\game\client\release_pf2beta\c_basedoor.obj
d:\development\pf2c-src\src\game\client\release_pf2beta\c_baseviewmodel.obj
d:\development\pf2c-src\src\game\client\release_pf2beta\c_colorcorrectionvolume.obj
d:\development\pf2c-src\src\game\client\release_pf2beta\c_env_screenoverlay.obj
d:\development\pf2c-src\src\game\client\release_pf2beta\c_func_dust.obj
d:\development\pf2c-src\src\game\client\release_pf2beta\c_playerresource.obj
d:\development\pf2c-src\src\game\client\release_pf2beta\c_sceneentity.obj
d:\development\pf2c-src\src\game\client\release_pf2beta\effect_dispatch_data.obj
d:\development\pf2c-src\src\game\client\release_pf2beta\ehandle.obj
d:\development\pf2c-src\src\game\client\release_pf2beta\entitylist_base.obj
d:\development\pf2c-src\src\game\client\release_pf2beta\env_detail_controller.obj
d:\development\pf2c-src\src\game\client\release_pf2beta\func_ladder.obj
d:\development\pf2c-src\src\game\client\release_pf2beta\gamemovement.obj
d:\development\pf2c-src\src\game\client\release_pf2beta\history_resource.obj
d:\development\pf2c-src\src\game\client\release_pf2beta\hud_damageaccount_panel.obj
d:\development\pf2c-src\src\game\client\release_pf2beta\lamphaloproxy.obj
d:\development\pf2c-src\src\game\client\release_pf2beta\menu.obj
d:\development\pf2c-src\src\game\client\release_pf2beta\playerspawncache.obj
d:\development\pf2c-src\src\game\client\release_pf2beta\point_bonusmaps_accessor.obj
d:\development\pf2c-src\src\game\client\release_pf2beta\precache_register.obj
d:\development\pf2c-src\src\game\client\release_pf2beta\predictioncopy.obj
d:\development\pf2c-src\src\game\client\release_pf2beta\rope_helpers.obj
d:\development\pf2c-src\src\game\client\release_pf2beta\screenspaceeffects.obj
d:\development\pf2c-src\src\game\client\release_pf2beta\spritetrail.obj
d:\development\pf2c-src\src\game\client\release_pf2beta\toggletextureproxy.obj
d:\development\pf2c-src\src\game\client\release_pf2beta\vgui_basepanel.obj
d:\development\pf2c-src\src\game\client\release_pf2beta\vgui_int.obj
d:\development\pf2c-src\src\game\client\release_pf2beta\viewpostprocess.obj
d:\development\pf2c-src\src\game\client\release_pf2beta\clientscoreboarddialog.obj
d:\development\pf2c-src\src\game\client\release_pf2beta\pf_convar_setup.obj
d:\development\pf2c-src\src\game\client\release_pf2beta\cvarslider.obj
d:\development\pf2c-src\src\game\client\release_pf2beta\c_movie_explosion.obj
d:\development\pf2c-src\src\game\client\release_pf2beta\c_prop_vehicle.obj
d:\development\pf2c-src\src\game\client\release_pf2beta\c_te_muzzleflash.obj
d:\development\pf2c-src\src\game\client\release_pf2beta\c_te_worlddecal.obj
d:\development\pf2c-src\src\game\client\release_pf2beta\particlesphererenderer.obj
d:\development\pf2c-src\src\game\client\release_pf2beta\baseobject_shared.obj
d:\development\pf2c-src\src\game\client\release_pf2beta\multiplayer_animstate.obj
d:\development\pf2c-src\src\game\client\release_pf2beta\tf_fx_muzzleflash.obj
d:\development\pf2c-src\src\game\client\release_pf2beta\tf_gamerules.obj
d:\development\pf2c-src\src\game\client\release_pf2beta\tf_hud_damageindicator.obj
d:\development\pf2c-src\src\game\client\release_pf2beta\tf_hud_mediccallers.obj
d:\development\pf2c-src\src\game\client\release_pf2beta\tf_hud_player_conditions.obj
d:\development\pf2c-src\src\game\client\release_pf2beta\tf_prediction.obj
d:\development\pf2c-src\src\game\client\release_pf2beta\tf_tips.obj
d:\development\pf2c-src\src\game\client\release_pf2beta\backgroundpanel.obj
d:\development\pf2c-src\src\game\client\release_pf2beta\tf_roundinfo.obj
d:\development\pf2c-src\src\game\client\release_pf2beta\vgui_rotation_slider.obj
d:\development\pf2c-src\src\game\client\release_pf2beta\tf_weaponbase_melee.obj
d:\development\pf2c-src\src\game\client\release_pf2beta\tf_weapon_grenade_pipebomb.obj
d:\development\pf2c-src\src\game\client\release_pf2beta\tf_weapon_nailgun.obj
d:\development\pf2c-src\src\game\client\release_pf2beta\tf_weapon_rocketlauncher.obj
d:\development\pf2c-src\src\game\client\release_pf2beta\replaycamera.obj
d:\development\pf2c-src\src\game\client\release_pf2beta\base_playeranimstate.obj
d:\development\pf2c-src\src\game\client\release_pf2beta\bone_merge_cache.obj
d:\development\pf2c-src\src\game\client\release_pf2beta\c_basecombatcharacter.obj
d:\development\pf2c-src\src\game\client\release_pf2beta\c_baseplayer.obj
d:\development\pf2c-src\src\game\client\release_pf2beta\c_waterlodcontrol.obj
d:\development\pf2c-src\src\game\client\release_pf2beta\cdll_client_int.obj
d:\development\pf2c-src\src\game\client\release_pf2beta\hud_vehicle.obj
d:\development\pf2c-src\src\game\client\release_pf2beta\mathproxy.obj
d:\development\pf2c-src\src\game\client\release_pf2beta\particle_litsmokeemitter.obj
d:\development\pf2c-src\src\game\client\release_pf2beta\particle_simple3d.obj
d:\development\pf2c-src\src\game\client\release_pf2beta\particles_ez.obj
d:\development\pf2c-src\src\game\client\release_pf2beta\perfvisualbenchmark.obj
d:\development\pf2c-src\src\game\client\release_pf2beta\physics.obj
d:\development\pf2c-src\src\game\client\release_pf2beta\prediction.obj
d:\development\pf2c-src\src\game\client\release_pf2beta\teamplay_round_timer.obj
d:\development\pf2c-src\src\game\client\release_pf2beta\vgui_game_viewport.obj
d:\development\pf2c-src\src\game\client\release_pf2beta\vgui_messagechars.obj
d:\development\pf2c-src\src\game\client\release_pf2beta\view_scene.obj
d:\development\pf2c-src\src\game\client\release_pf2beta\voice_banmgr.obj
d:\development\pf2c-src\src\game\client\release_pf2beta\basemodelpanel.obj
d:\development\pf2c-src\src\game\client\release_pf2beta\weapon_ifmbasecamera.obj
d:\development\pf2c-src\src\game\client\release_pf2beta\cvartextentry.obj
d:\development\pf2c-src\src\game\client\release_pf2beta\c_particle_smokegrenade.obj
d:\development\pf2c-src\src\game\client\release_pf2beta\c_te_armorricochet.obj
d:\development\pf2c-src\src\game\client\release_pf2beta\c_te_beampoints.obj
d:\development\pf2c-src\src\game\client\release_pf2beta\c_te_breakmodel.obj
d:\development\pf2c-src\src\game\client\release_pf2beta\c_te_footprint.obj
d:\development\pf2c-src\src\game\client\release_pf2beta\c_te_projecteddecal.obj
d:\development\pf2c-src\src\game\client\release_pf2beta\fx_discreetline.obj
d:\development\pf2c-src\src\game\client\release_pf2beta\achievements_pf.obj
d:\development\pf2c-src\src\game\client\release_pf2beta\tf_hud_chat.obj
d:\development\pf2c-src\src\game\client\release_pf2beta\tf_hud_objectivestatus.obj
d:\development\pf2c-src\src\game\client\release_pf2beta\tf_playerclass_info_parse.obj
d:\development\pf2c-src\src\game\client\release_pf2beta\tf_playerclass_shared.obj
d:\development\pf2c-src\src\game\client\release_pf2beta\tf_clientscoreboard.obj
d:\development\pf2c-src\src\game\client\release_pf2beta\tf_projectile_nail.obj
d:\development\pf2c-src\src\game\client\release_pf2beta\tf_weapon_grenade_heal.obj
d:\development\pf2c-src\src\game\client\release_pf2beta\tf_weapon_blowtorch.obj
d:\development\pf2c-src\src\game\client\release_pf2beta\tf_weapon_medigun.obj
d:\development\pf2c-src\src\game\client\release_pf2beta\cdll_replay.obj
d:\development\pf2c-src\src\game\client\release_pf2beta\animatespecifictextureproxy.obj
d:\development\pf2c-src\src\game\client\release_pf2beta\baseparticleentity.obj
d:\development\pf2c-src\src\game\client\release_pf2beta\baseprojectile.obj
d:\development\pf2c-src\src\game\client\release_pf2beta\c_ai_basehumanoid.obj
d:\development\pf2c-src\src\game\client\release_pf2beta\c_baseanimating.obj
d:\development\pf2c-src\src\game\client\release_pf2beta\c_tesla.obj
d:\development\pf2c-src\src\game\client\release_pf2beta\c_vote_controller.obj
d:\development\pf2c-src\src\game\client\release_pf2beta\detailobjectsystem.obj
d:\development\pf2c-src\src\game\client\release_pf2beta\gamevars_shared.obj
d:\development\pf2c-src\src\game\client\release_pf2beta\haptic_msgs.obj
d:\development\pf2c-src\src\game\client\release_pf2beta\hltvcamera.obj
d:\development\pf2c-src\src\game\client\release_pf2beta\hud_basetimer.obj
d:\development\pf2c-src\src\game\client\release_pf2beta\hud_filmdemo.obj
d:\development\pf2c-src\src\game\client\release_pf2beta\hud_vote.obj
d:\development\pf2c-src\src\game\client\release_pf2beta\vgui_grid.obj
d:\development\pf2c-src\src\game\client\release_pf2beta\view_beams.obj
d:\development\pf2c-src\src\game\client\release_pf2beta\warp_overlay.obj
d:\development\pf2c-src\src\game\client\release_pf2beta\basemodel_panel.obj
d:\development\pf2c-src\src\game\client\release_pf2beta\navprogress.obj
d:\development\pf2c-src\src\game\client\release_pf2beta\weapon_ifmsteadycam.obj
d:\development\pf2c-src\src\game\client\release_pf2beta\pf_advoptionspanel.obj
d:\development\pf2c-src\src\game\client\release_pf2beta\c_func_respawnroom.obj
d:\development\pf2c-src\src\game\client\release_pf2beta\c_tf_playerresource.obj
d:\development\pf2c-src\src\game\client\release_pf2beta\clientmode_tf.obj
d:\development\pf2c-src\src\game\client\release_pf2beta\tf_hud_menu_engy_build.obj
d:\development\pf2c-src\src\game\client\release_pf2beta\tf_hud_teamgoal.obj
d:\development\pf2c-src\src\game\client\release_pf2beta\tf_player_shared.obj
d:\development\pf2c-src\src\game\client\release_pf2beta\tf_teammenu.obj
d:\development\pf2c-src\src\game\client\release_pf2beta\tf_weaponbase_gun.obj
d:\development\pf2c-src\src\game\client\release_pf2beta\tf_weapon_grenade_nail.obj
d:\development\pf2c-src\src\game\client\release_pf2beta\tf_weapon_club.obj
d:\development\pf2c-src\src\game\client\release_pf2beta\tf_weapon_parse.obj
d:\development\pf2c-src\src\game\client\release_pf2beta\tf_weapon_pipebomblauncher.obj
d:\development\pf2c-src\src\game\client\release_pf2beta\achievement_notification_panel.obj
d:\development\pf2c-src\src\game\client\release_pf2beta\c_entityparticletrail.obj
d:\development\pf2c-src\src\game\client\release_pf2beta\c_func_areaportalwindow.obj
d:\development\pf2c-src\src\game\client\release_pf2beta\c_func_rotating.obj
d:\development\pf2c-src\src\game\client\release_pf2beta\c_materialmodifycontrol.obj
d:\development\pf2c-src\src\game\client\release_pf2beta\c_props.obj
d:\development\pf2c-src\src\game\client\release_pf2beta\c_sprite.obj
d:\development\pf2c-src\src\game\client\release_pf2beta\c_vguiscreen.obj
d:\development\pf2c-src\src\game\client\release_pf2beta\functionproxy.obj
d:\development\pf2c-src\src\game\client\release_pf2beta\fx_impact.obj
d:\development\pf2c-src\src\game\client\release_pf2beta\gamestats.obj
d:\development\pf2c-src\src\game\client\release_pf2beta\hud_closecaption.obj
d:\development\pf2c-src\src\game\client\release_pf2beta\isnpcproxy.obj
d:\development\pf2c-src\src\game\client\release_pf2beta\matrixproxy.obj
d:\development\pf2c-src\src\game\client\release_pf2beta\multiplay_gamerules.obj
d:\development\pf2c-src\src\game\client\release_pf2beta\particles_localspace.obj
d:\development\pf2c-src\src\game\client\release_pf2beta\particles_simple.obj
d:\development\pf2c-src\src\game\client\release_pf2beta\physics_shared.obj
d:\development\pf2c-src\src\game\client\release_pf2beta\predictableid.obj
d:\development\pf2c-src\src\game\client\release_pf2beta\proxyplayer.obj
d:\development\pf2c-src\src\game\client\release_pf2beta\simple_keys.obj
d:\development\pf2c-src\src\game\client\release_pf2beta\soundemittersystem.obj
d:\development\pf2c-src\src\game\client\release_pf2beta\vgui_fpspanel.obj
d:\development\pf2c-src\src\game\client\release_pf2beta\viewconeimage.obj
d:\development\pf2c-src\src\game\client\release_pf2beta\buysubmenu.obj
d:\development\pf2c-src\src\game\client\release_pf2beta\spectatorgui.obj
d:\development\pf2c-src\src\game\client\release_pf2beta\in_sixense.obj
d:\development\pf2c-src\src\game\client\release_pf2beta\in_sixense_gesture_bindings.obj
d:\development\pf2c-src\src\game\client\release_pf2beta\c_basetempentity.obj
d:\development\pf2c-src\src\game\client\release_pf2beta\c_impact_effects.obj
d:\development\pf2c-src\src\game\client\release_pf2beta\c_te.obj
d:\development\pf2c-src\src\game\client\release_pf2beta\c_te_beaments.obj
d:\development\pf2c-src\src\game\client\release_pf2beta\c_te_beamringpoint.obj
d:\development\pf2c-src\src\game\client\release_pf2beta\c_te_bubbles.obj
d:\development\pf2c-src\src\game\client\release_pf2beta\c_te_fizz.obj
d:\development\pf2c-src\src\game\client\release_pf2beta\c_te_physicsprop.obj
d:\development\pf2c-src\src\game\client\release_pf2beta\c_tracer.obj
d:\development\pf2c-src\src\game\client\release_pf2beta\fx_sparks.obj
d:\development\pf2c-src\src\game\client\release_pf2beta\c_script_parser.obj
d:\development\pf2c-src\src\game\client\release_pf2beta\c_tf_fx.obj
d:\development\pf2c-src\src\game\client\release_pf2beta\entity_capture_flag.obj
d:\development\pf2c-src\src\game\client\release_pf2beta\tf_hud_disguise_status.obj
d:\development\pf2c-src\src\game\client\release_pf2beta\tf_hud_notification_panel.obj
d:\development\pf2c-src\src\game\client\release_pf2beta\tf_hud_weaponselection.obj
d:\development\pf2c-src\src\game\client\release_pf2beta\objectcontrolpanel.obj
d:\development\pf2c-src\src\game\client\release_pf2beta\c_tf_projectile_rocket.obj
d:\development\pf2c-src\src\game\client\release_pf2beta\tf_weaponbase_grenade.obj
d:\development\pf2c-src\src\game\client\release_pf2beta\tf_weapon_grenade_napalm.obj
d:\development\pf2c-src\src\game\client\release_pf2beta\tf_weapon_fireaxe.obj
d:\development\pf2c-src\src\game\client\release_pf2beta\tf_weapon_machete.obj
d:\development\pf2c-src\src\game\client\release_pf2beta\tf_weapon_shovel.obj
d:\development\pf2c-src\src\game\client\release_pf2beta\toolframework_client.obj
d:\development\pf2c-src\src\game\client\release_pf2beta\activitylist.obj
d:\development\pf2c-src\src\game\client\release_pf2beta\c_basecombatweapon.obj
d:\development\pf2c-src\src\game\client\release_pf2beta\c_env_particlescript.obj
d:\development\pf2c-src\src\game\client\release_pf2beta\c_func_breakablesurf.obj
d:\development\pf2c-src\src\game\client\release_pf2beta\c_particle_system.obj
d:\development\pf2c-src\src\game\client\release_pf2beta\c_rope.obj
d:\development\pf2c-src\src\game\client\release_pf2beta\cam_thirdperson.obj
d:\development\pf2c-src\src\game\client\release_pf2beta\client_thinklist.obj
d:\development\pf2c-src\src\game\client\release_pf2beta\clientmode_shared.obj
d:\development\pf2c-src\src\game\client\release_pf2beta\hud_numericdisplay.obj
d:\development\pf2c-src\src\game\client\release_pf2beta\igamesystem.obj
d:\development\pf2c-src\src\game\client\release_pf2beta\in_joystick.obj
d:\development\pf2c-src\src\game\client\release_pf2beta\mp_shareddefs.obj
d:\development\pf2c-src\src\game\client\release_pf2beta\panelmetaclassmgr.obj
d:\development\pf2c-src\src\game\client\release_pf2beta\point_posecontroller.obj
d:\development\pf2c-src\src\game\client\release_pf2beta\props_shared.obj
d:\development\pf2c-src\src\game\client\release_pf2beta\studio_shared.obj
d:\development\pf2c-src\src\game\client\release_pf2beta\teambitmapimage.obj
d:\development\pf2c-src\src\game\client\release_pf2beta\vgui_centerstringpanel.obj
d:\development\pf2c-src\src\game\client\release_pf2beta\vgui_video_player.obj
d:\development\pf2c-src\src\game\client\release_pf2beta\voice_menu.obj
d:\development\pf2c-src\src\game\client\release_pf2beta\commandmenu.obj
d:\development\pf2c-src\src\game\client\release_pf2beta\weapon_ifmbase.obj
d:\development\pf2c-src\src\game\client\release_pf2beta\panellistpanel.obj
d:\development\pf2c-src\src\game\client\release_pf2beta\c_steamjet.obj
d:\development\pf2c-src\src\game\client\release_pf2beta\c_te_beamlaser.obj
d:\development\pf2c-src\src\game\client\release_pf2beta\c_te_bloodstream.obj
d:\development\pf2c-src\src\game\client\release_pf2beta\c_te_explosion.obj
d:\development\pf2c-src\src\game\client\release_pf2beta\c_te_sparks.obj
d:\development\pf2c-src\src\game\client\release_pf2beta\fx_envelope.obj
d:\development\pf2c-src\src\game\client\release_pf2beta\c_obj_detpack.obj
d:\development\pf2c-src\src\game\client\release_pf2beta\pf_discord_rpc.obj
d:\development\pf2c-src\src\game\client\release_pf2beta\tf_hud_detpack_construction.obj
d:\development\pf2c-src\src\game\client\release_pf2beta\tf_hud_stalemate.obj
d:\development\pf2c-src\src\game\client\release_pf2beta\tf_obj_baseupgrade_shared.obj
d:\development\pf2c-src\src\game\client\release_pf2beta\tf_shareddefs.obj
d:\development\pf2c-src\src\game\client\release_pf2beta\tf_mapinfomenu.obj
d:\development\pf2c-src\src\game\client\release_pf2beta\tf_projectile_base.obj
d:\development\pf2c-src\src\game\client\release_pf2beta\tf_weapon_grenade_caltrop.obj
d:\development\pf2c-src\src\game\client\release_pf2beta\c_stickynail.obj
d:\development\pf2c-src\src\game\client\release_pf2beta\tf_weapon_brandingiron.obj
d:\development\pf2c-src\src\game\client\release_pf2beta\tf_weapon_grenadelauncher.obj
d:\development\pf2c-src\src\game\client\release_pf2beta\tf_weapon_pistol.obj
d:\development\pf2c-src\src\game\client\release_pf2beta\tf_weapon_tranq.obj
d:\development\pf2c-src\src\game\client\release_pf2beta\achievements_hlx.obj
d:\development\pf2c-src\src\game\client\release_pf2beta\animation.obj
d:\development\pf2c-src\src\game\client\release_pf2beta\basepresence.obj
d:\development\pf2c-src\src\game\client\release_pf2beta\beam_shared.obj
d:\development\pf2c-src\src\game\client\release_pf2beta\c_breakableprop.obj
d:\development\pf2c-src\src\game\client\release_pf2beta\c_dynamiclight.obj
d:\development\pf2c-src\src\game\client\release_pf2beta\c_env_projectedtexture.obj
d:\development\pf2c-src\src\game\client\release_pf2beta\c_func_conveyor.obj
d:\development\pf2c-src\src\game\client\release_pf2beta\c_func_tracktrain.obj
d:\development\pf2c-src\src\game\client\release_pf2beta\c_physbox.obj
d:\development\pf2c-src\src\game\client\release_pf2beta\c_point_commentary_node.obj
d:\development\pf2c-src\src\game\client\release_pf2beta\collisionproperty.obj
d:\development\pf2c-src\src\game\client\release_pf2beta\debugoverlay_shared.obj
d:\development\pf2c-src\src\game\client\release_pf2beta\dummyproxy.obj
d:\development\pf2c-src\src\game\client\release_pf2beta\effectsclient.obj
d:\development\pf2c-src\src\game\client\release_pf2beta\env_wind_shared.obj
d:\development\pf2c-src\src\game\client\release_pf2beta\fx_explosion.obj
d:\development\pf2c-src\src\game\client\release_pf2beta\geiger.obj
d:\development\pf2c-src\src\game\client\release_pf2beta\hud_bitmapnumericdisplay.obj
d:\development\pf2c-src\src\game\client\release_pf2beta\hud_msg.obj
d:\development\pf2c-src\src\game\client\release_pf2beta\hud_vguiscreencursor.obj
d:\development\pf2c-src\src\game\client\release_pf2beta\mapentities_shared.obj
d:\development\pf2c-src\src\game\client\release_pf2beta\movehelper_client.obj
d:\development\pf2c-src\src\game\client\release_pf2beta\particle_proxies.obj
d:\development\pf2c-src\src\game\client\release_pf2beta\particlemgr.obj
d:\development\pf2c-src\src\game\client\release_pf2beta\proxyhealth.obj
d:\development\pf2c-src\src\game\client\release_pf2beta\recvproxy.obj
d:\development\pf2c-src\src\game\client\release_pf2beta\saverestore.obj
d:\development\pf2c-src\src\game\client\release_pf2beta\texturescrollmaterialproxy.obj
d:\development\pf2c-src\src\game\client\release_pf2beta\util_shared.obj
d:\development\pf2c-src\src\game\client\release_pf2beta\vgui_consolepanel.obj
d:\development\pf2c-src\src\game\client\release_pf2beta\vgui_debugoverlaypanel.obj
d:\development\pf2c-src\src\game\client\release_pf2beta\vgui_video.obj
d:\development\pf2c-src\src\game\client\release_pf2beta\voice_status.obj
d:\development\pf2c-src\src\game\client\release_pf2beta\intromenu.obj
d:\development\pf2c-src\src\game\client\release_pf2beta\betatest_check.obj
d:\development\pf2c-src\src\game\client\release_pf2beta\pf_advcreditspanel.obj
d:\development\pf2c-src\src\game\client\release_pf2beta\c_te_energysplash.obj
d:\development\pf2c-src\src\game\client\release_pf2beta\c_te_legacytempents.obj
d:\development\pf2c-src\src\game\client\release_pf2beta\c_tf_objective_resource.obj
d:\development\pf2c-src\src\game\client\release_pf2beta\tf_hud_crosshair.obj
d:\development\pf2c-src\src\game\client\release_pf2beta\tf_hud_flagstatus.obj
d:\development\pf2c-src\src\game\client\release_pf2beta\tf_hud_winpanel.obj
d:\development\pf2c-src\src\game\client\release_pf2beta\tf_spectatorgui.obj
d:\development\pf2c-src\src\game\client\release_pf2beta\tf_weapon_grenade_mirv.obj
d:\development\pf2c-src\src\game\client\release_pf2beta\tf_weapon_bonesaw.obj
d:\development\pf2c-src\src\game\client\release_pf2beta\tf_weapon_flamethrower.obj
d:\development\pf2c-src\src\game\client\release_pf2beta\tf_weapon_revolver.obj
d:\development\pf2c-src\src\game\client\release_pf2beta\tf_weapon_wrench.obj
d:\development\pf2c-src\src\game\client\release_pf2beta\animatedentitytextureproxy.obj
d:\development\pf2c-src\src\game\client\release_pf2beta\basecombatcharacter_shared.obj
d:\development\pf2c-src\src\game\client\release_pf2beta\baseviewmodel_shared.obj
d:\development\pf2c-src\src\game\client\release_pf2beta\c_baseentity.obj
d:\development\pf2c-src\src\game\client\release_pf2beta\c_fish.obj
d:\development\pf2c-src\src\game\client\release_pf2beta\c_func_monitor.obj
d:\development\pf2c-src\src\game\client\release_pf2beta\c_gib.obj
d:\development\pf2c-src\src\game\client\release_pf2beta\c_physicsprop.obj
d:\development\pf2c-src\src\game\client\release_pf2beta\c_slideshow_display.obj
d:\development\pf2c-src\src\game\client\release_pf2beta\c_vehicle_jeep.obj
d:\development\pf2c-src\src\game\client\release_pf2beta\cdll_bounded_cvars.obj
d:\development\pf2c-src\src\game\client\release_pf2beta\client_factorylist.obj
d:\development\pf2c-src\src\game\client\release_pf2beta\clienteffectprecachesystem.obj
d:\development\pf2c-src\src\game\client\release_pf2beta\clientsideeffects.obj
d:\development\pf2c-src\src\game\client\release_pf2beta\clientsideeffects_test.obj
d:\development\pf2c-src\src\game\client\release_pf2beta\commentary_modelviewer.obj
d:\development\pf2c-src\src\game\client\release_pf2beta\hud_element_helper.obj
d:\development\pf2c-src\src\game\client\release_pf2beta\hud_hdrdemo.obj
d:\development\pf2c-src\src\game\client\release_pf2beta\hud_weapon.obj
d:\development\pf2c-src\src\game\client\release_pf2beta\obstacle_pushaway.obj
d:\development\pf2c-src\src\game\client\release_pf2beta\particle_parse.obj
d:\development\pf2c-src\src\game\client\release_pf2beta\particlesystemquery.obj
d:\development\pf2c-src\src\game\client\release_pf2beta\physics_saverestore.obj
d:\development\pf2c-src\src\game\client\release_pf2beta\ragdoll.obj
d:\development\pf2c-src\src\game\client\release_pf2beta\text_message.obj
d:\development\pf2c-src\src\game\client\release_pf2beta\usermessages.obj
d:\development\pf2c-src\src\game\client\release_pf2beta\vgui_bitmappanel.obj
d:\development\pf2c-src\src\game\client\release_pf2beta\vgui_netgraphpanel.obj
d:\development\pf2c-src\src\game\client\release_pf2beta\viewrender.obj
d:\development\pf2c-src\src\game\client\release_pf2beta\c_particle_fire.obj
d:\development\pf2c-src\src\game\client\release_pf2beta\c_smokestack.obj
d:\development\pf2c-src\src\game\client\release_pf2beta\c_te_beamspline.obj
d:\development\pf2c-src\src\game\client\release_pf2beta\c_te_dynamiclight.obj
d:\development\pf2c-src\src\game\client\release_pf2beta\c_te_largefunnel.obj
d:\development\pf2c-src\src\game\client\release_pf2beta\c_te_smoke.obj
d:\development\pf2c-src\src\game\client\release_pf2beta\fx.obj
d:\development\pf2c-src\src\game\client\release_pf2beta\c_playerattachedmodel.obj
d:\development\pf2c-src\src\game\client\release_pf2beta\c_tf_ammo_pack.obj
d:\development\pf2c-src\src\game\client\release_pf2beta\c_tf_team.obj
d:\development\pf2c-src\src\game\client\release_pf2beta\tf_fx_particleeffect.obj
d:\development\pf2c-src\src\game\client\release_pf2beta\tf_fx_tracers.obj
d:\development\pf2c-src\src\game\client\release_pf2beta\tf_hud_ammostatus.obj
d:\development\pf2c-src\src\game\client\release_pf2beta\tf_hud_freezepanel.obj
d:\development\pf2c-src\src\game\client\release_pf2beta\tf_hud_waitingforplayers_panel.obj
d:\development\pf2c-src\src\game\client\release_pf2beta\tf_imagepanel.obj
d:\development\pf2c-src\src\game\client\release_pf2beta\tf_viewmodel.obj
d:\development\pf2c-src\src\game\client\release_pf2beta\tf_statsummary.obj
d:\development\pf2c-src\src\game\client\release_pf2beta\vgui_rootpanel_tf.obj
d:\development\pf2c-src\src\game\client\release_pf2beta\tf_weaponbase_grenadeproj.obj
d:\development\pf2c-src\src\game\client\release_pf2beta\tf_weapon_grenade_normal.obj
d:\development\pf2c-src\src\game\client\release_pf2beta\tf_weapon_fists.obj
d:\development\pf2c-src\src\game\client\release_pf2beta\tf_weapon_pda.obj
d:\development\pf2c-src\src\game\client\release_pf2beta\tf_weapon_syringegun.obj
d:\development\pf2c-src\src\game\client\release_pf2beta\achievement_saverestore.obj
d:\development\pf2c-src\src\game\client\release_pf2beta\baseachievement.obj
d:\development\pf2c-src\src\game\client\release_pf2beta\c_entitydissolve.obj
d:\development\pf2c-src\src\game\client\release_pf2beta\c_func_occluder.obj
d:\development\pf2c-src\src\game\client\release_pf2beta\c_hairball.obj
d:\development\pf2c-src\src\game\client\release_pf2beta\c_point_camera.obj
d:\development\pf2c-src\src\game\client\release_pf2beta\c_rumble.obj
d:\development\pf2c-src\src\game\client\release_pf2beta\c_spotlight_end.obj
d:\development\pf2c-src\src\game\client\release_pf2beta\c_team.obj
d:\development\pf2c-src\src\game\client\release_pf2beta\c_user_message_register.obj
d:\development\pf2c-src\src\game\client\release_pf2beta\c_world.obj
d:\development\pf2c-src\src\game\client\release_pf2beta\cl_mat_stub.obj
d:\development\pf2c-src\src\game\client\release_pf2beta\cliententitylist.obj
d:\development\pf2c-src\src\game\client\release_pf2beta\clientsteamcontext.obj
d:\development\pf2c-src\src\game\client\release_pf2beta\entityoriginmaterialproxy.obj
d:\development\pf2c-src\src\game\client\release_pf2beta\flashlighteffect.obj
d:\development\pf2c-src\src\game\client\release_pf2beta\fx_interpvalue.obj
d:\development\pf2c-src\src\game\client\release_pf2beta\fx_shelleject.obj
d:\development\pf2c-src\src\game\client\release_pf2beta\fx_trail.obj
d:\development\pf2c-src\src\game\client\release_pf2beta\glow_outline_effect.obj
d:\development\pf2c-src\src\game\client\release_pf2beta\hintmessage.obj
d:\development\pf2c-src\src\game\client\release_pf2beta\hud_animationinfo.obj
d:\development\pf2c-src\src\game\client\release_pf2beta\hud_crosshair.obj
d:\development\pf2c-src\src\game\client\release_pf2beta\hud_redraw.obj
d:\development\pf2c-src\src\game\client\release_pf2beta\interpolatedvar.obj
d:\development\pf2c-src\src\game\client\release_pf2beta\movevars_shared.obj
d:\development\pf2c-src\src\game\client\release_pf2beta\particle_collision.obj
d:\development\pf2c-src\src\game\client\release_pf2beta\particle_property.obj
d:\development\pf2c-src\src\game\client\release_pf2beta\particles_attractor.obj
d:\development\pf2c-src\src\game\client\release_pf2beta\particles_new.obj
d:\development\pf2c-src\src\game\client\release_pf2beta\physpropclientside.obj
d:\development\pf2c-src\src\game\client\release_pf2beta\proxyentity.obj
d:\development\pf2c-src\src\game\client\release_pf2beta\proxypupil.obj
d:\development\pf2c-src\src\game\client\release_pf2beta\sceneentity_shared.obj
d:\development\pf2c-src\src\game\client\release_pf2beta\sequence_transitioner.obj
d:\development\pf2c-src\src\game\client\release_pf2beta\simtimer.obj
d:\development\pf2c-src\src\game\client\release_pf2beta\soundenvelope.obj
d:\development\pf2c-src\src\game\client\release_pf2beta\test_ehandle.obj
d:\development\pf2c-src\src\game\client\release_pf2beta\usercmd.obj
d:\development\pf2c-src\src\game\client\release_pf2beta\vgui_avatarimage.obj
d:\development\pf2c-src\src\game\client\release_pf2beta\view.obj
d:\development\pf2c-src\src\game\client\release_pf2beta\baseviewport.obj
d:\development\pf2c-src\src\game\client\release_pf2beta\sixense_convars.obj
d:\development\pf2c-src\src\game\client\release_pf2beta\c_effects.obj
d:\development\pf2c-src\src\game\client\release_pf2beta\c_te_bubbletrail.obj
d:\development\pf2c-src\src\game\client\release_pf2beta\c_te_glowsprite.obj
d:\development\pf2c-src\src\game\client\release_pf2beta\c_te_sprite.obj
d:\development\pf2c-src\src\game\client\release_pf2beta\c_obj_dispenser.obj
d:\development\pf2c-src\src\game\client\release_pf2beta\teammaterialproxy.obj
d:\development\pf2c-src\src\game\client\release_pf2beta\tf_fx_explosions.obj
d:\development\pf2c-src\src\game\client\release_pf2beta\tf_fx_taunteffects.obj
d:\development\pf2c-src\src\game\client\release_pf2beta\tf_gamemovement.obj
d:\development\pf2c-src\src\game\client\release_pf2beta\tf_hud_demomanpipes.obj
d:\development\pf2c-src\src\game\client\release_pf2beta\tf_hud_menu_spy_disguise.obj
d:\development\pf2c-src\src\game\client\release_pf2beta\tf_hud_target_id.obj
d:\development\pf2c-src\src\game\client\release_pf2beta\tf_steamstats.obj
d:\development\pf2c-src\src\game\client\release_pf2beta\tf_vgui_video.obj
d:\development\pf2c-src\src\game\client\release_pf2beta\vgui_pda_panel.obj
d:\development\pf2c-src\src\game\client\release_pf2beta\tf_weapon_grenade_emp.obj
d:\development\pf2c-src\src\game\client\release_pf2beta\tf_weapon_bat.obj
d:\development\pf2c-src\src\game\client\release_pf2beta\tf_weapon_knife.obj
d:\development\pf2c-src\src\game\client\release_pf2beta\tf_weapon_sniperrifle.obj
d:\development\pf2c-src\src\game\client\release_pf2beta\in_mouse.obj
d:\development\pf2c-src\src\game\client\release_pf2beta\interpolatortypes.obj
d:\development\pf2c-src\src\game\client\release_pf2beta\jigglebones.obj
d:\development\pf2c-src\src\game\client\release_pf2beta\os_utils.obj
d:\development\pf2c-src\src\game\client\release_pf2beta\bone_setup.obj
d:\development\pf2c-src\src\game\client\release_pf2beta\studio.obj
d:\development\pf2c-src\src\game\client\release_pf2beta\crtmemdebug.obj
d:\development\pf2c-src\src\game\client\release_pf2beta\interval.obj
d:\development\pf2c-src\src\game\client\release_pf2beta\networkvar.obj
d:\development\pf2c-src\src\game\client\release_pf2beta\posedebugger.obj
d:\development\pf2c-src\src\game\client\release_pf2beta\tf_gamestats_shared.obj
d:\development\pf2c-src\src\game\client\release_pf2beta\filesystem_helpers.obj
d:\development\pf2c-src\src\game\client\release_pf2beta\randoverride.obj
d:\development\pf2c-src\src\game\client\release_pf2beta\scratchpadutils.obj
d:\development\pf2c-src\src\game\client\release_pf2beta\vallocator.obj
d:\development\pf2c-src\src\game\client\release_pf2beta\dt_utlvector_recv.obj
d:\development\pf2c-src\src\game\client\release_pf2beta\memoverride.obj
d:\development\pf2c-src\src\game\client\release_pf2beta\sentence.obj
d:\development\pf2c-src\src\game\client\release_pf2beta\client_class.obj
d:\development\pf2c-src\src\game\client\release_pf2beta\sheetsimulator.obj
d:\development\pf2c-src\src\game\client\release_pf2beta\hud_lcd.obj
d:\development\pf2c-src\src\game\client\release_pf2beta\collisionutils.obj
d:\development\pf2c-src\src\game\client\release_pf2beta\renamed_recvtable_compat.obj
d:\development\pf2c-src\src\game\client\release_pf2beta\scratchpad3d.obj
d:\development\pf2c-src\src\game\client\release_pf2beta\engine_patch.obj
d:\development\pf2c-src\src\game\client\release_pf2beta\dt_recv.obj
d:\development\pf2c-src\src\game\client\release_pf2beta\language.obj
d:\development\pf2c-src\src\game\client\release_pf2beta\rendertexture.obj
d:\development\pf2c-src\src\game\client\release_pf2beta\stringregistry.obj
d:\development\pf2c-src\src\game\client\release_pf2beta\compiledcaptionswap.obj
d:\development\pf2c-src\src\game\client\release_pf2beta\rope_physics.obj
d:\development\pf2c-src\src\game\client\release_pf2beta\simple_physics.obj
d:\development\pf2c-src\src\game\client\release_pf2beta\vgui_controls.obj
d:\development\pf2c-src\src\game\client\release_pf2beta\dt_utlvector_common.obj
d:\development\pf2c-src\src\game\client\release_pf2beta\mumble.obj
d:\development\pf2-src\src\game\client\release_pf2beta\client.lib
d:\development\pf2-src\src\game\client\release_pf2beta\client.exp
d:\development\pf2c-src\src\game\client\release_pf2beta\client.lib
d:\development\pf2c-src\src\game\client\release_pf2beta\client.exp
d:\development\pf2-src\src\game\client\release_pf2beta\pointeroverride.obj
d:\development\pf2-src\src\game\client\client_pf2beta.vpc.sentinel
d:\development\pf2c-src\src\game\client\release_pf2beta\pointeroverride.obj
d:\development\pf2c-src\src\game\client\client_pf2beta.vpc.sentinel
d:\development\pf2-src\src\game\client\release_pf2beta\client.dll
d:\development\pf2-src\src\game\client\release_pf2beta\client.pdb
d:\development\pf2c-src\src\game\client\release_pf2beta\client.dll
d:\development\pf2c-src\src\game\client\release_pf2beta\client.pdb
d:\development\pf2c-src\src\game\client\release_pf2beta\c_nextbot.obj
d:\development\pf2c-src\src\game\client\.\release_pf2beta\client.dll
d:\development\pf2c-src\src\game\client\release_pf2beta\client (tf).tlog\cl.command.1.tlog
d:\development\pf2c-src\src\game\client\release_pf2beta\client (tf).tlog\cl.read.1.tlog
d:\development\pf2c-src\src\game\client\release_pf2beta\client (tf).tlog\cl.write.1.tlog
d:\development\pf2c-src\src\game\client\release_pf2beta\client (tf).tlog\client (tf).write.1u.tlog
d:\development\pf2c-src\src\game\client\release_pf2beta\client (tf).tlog\custombuild.command.1.tlog
d:\development\pf2c-src\src\game\client\release_pf2beta\client (tf).tlog\custombuild.read.1.tlog
d:\development\pf2c-src\src\game\client\release_pf2beta\client (tf).tlog\custombuild.write.1.tlog
d:\development\pf2c-src\src\game\client\release_pf2beta\client (tf).tlog\link.command.1.tlog
d:\development\pf2c-src\src\game\client\release_pf2beta\client (tf).tlog\link.read.1.tlog
d:\development\pf2c-src\src\game\client\release_pf2beta\client (tf).tlog\link.write.1.tlog
